#
# There is insufficient memory for the Java Runtime Environment to continue.
# Native memory allocation (malloc) failed to allocate 32744 bytes for ChunkPool::allocate
# Possible reasons:
#   The system is out of physical RAM or swap space
#   In 32 bit mode, the process size limit was hit
# Possible solutions:
#   Reduce memory load on the system
#   Increase physical memory or swap space
#   Check if swap backing store is full
#   Use 64 bit Java on a 64 bit OS
#   Decrease Java heap size (-Xmx/-Xms)
#   Decrease number of Java threads
#   Decrease Java thread stack sizes (-Xss)
#   Set larger code cache with -XX:ReservedCodeCacheSize=
# This output file may be truncated or incomplete.
#
#  Out of Memory Error (allocation.cpp:273), pid=3036, tid=0x00000000000017dc
#
# JRE version: Java(TM) SE Runtime Environment (8.0_101-b13) (build 1.8.0_101-b13)
# Java VM: Java HotSpot(TM) 64-Bit Server VM (25.101-b13 mixed mode windows-amd64 compressed oops)
# Failed to write core dump. Minidumps are not enabled by default on client versions of Windows
#

---------------  T H R E A D  ---------------

Current thread (0x00000000151fd000):  JavaThread "C2 CompilerThread0" daemon [_thread_in_native, id=6108, stack(0x0000000016a40000,0x0000000016b40000)]

Stack: [0x0000000016a40000,0x0000000016b40000]
[error occurred during error reporting (printing stack bounds), id 0xc0000005]

Native frames: (J=compiled Java code, j=interpreted, Vv=VM code, C=native code)


Current CompileTask:
C2:    964  666       4       com.android.dx.ssa.NormalSsaInsn::accept (25 bytes)


---------------  P R O C E S S  ---------------

Java Threads: ( => current thread )
  0x0000000016fb0000 JavaThread "pool-1-thread-4" [_thread_blocked, id=7504, stack(0x0000000017740000,0x0000000017840000)]
  0x0000000016faf000 JavaThread "pool-1-thread-3" [_thread_in_Java, id=412, stack(0x0000000017640000,0x0000000017740000)]
  0x0000000016fae000 JavaThread "pool-1-thread-2" [_thread_blocked, id=3032, stack(0x0000000017540000,0x0000000017640000)]
  0x0000000016fa9000 JavaThread "pool-2-thread-1" [_thread_blocked, id=2812, stack(0x0000000017440000,0x0000000017540000)]
  0x0000000016fa8800 JavaThread "pool-1-thread-1" [_thread_blocked, id=5272, stack(0x0000000017340000,0x0000000017440000)]
  0x0000000016d46000 JavaThread "Service Thread" daemon [_thread_blocked, id=7984, stack(0x0000000017140000,0x0000000017240000)]
  0x000000001525b000 JavaThread "C1 CompilerThread2" daemon [_thread_in_native, id=2516, stack(0x0000000016c40000,0x0000000016d40000)]
  0x0000000015200000 JavaThread "C2 CompilerThread1" daemon [_thread_in_native, id=704, stack(0x0000000016b40000,0x0000000016c40000)]
=>0x00000000151fd000 JavaThread "C2 CompilerThread0" daemon [_thread_in_native, id=6108, stack(0x0000000016a40000,0x0000000016b40000)]
  0x00000000151fb000 JavaThread "Attach Listener" daemon [_thread_blocked, id=4640, stack(0x0000000016940000,0x0000000016a40000)]
  0x00000000151fa000 JavaThread "Signal Dispatcher" daemon [_thread_blocked, id=3956, stack(0x0000000016840000,0x0000000016940000)]
  0x00000000151ea000 JavaThread "Finalizer" daemon [_thread_blocked, id=5664, stack(0x0000000016450000,0x0000000016550000)]
  0x00000000151c9000 JavaThread "Reference Handler" daemon [_thread_blocked, id=5200, stack(0x0000000016350000,0x0000000016450000)]
  0x0000000002b2d800 JavaThread "main" [_thread_in_Java, id=7816, stack(0x00000000028f0000,0x00000000029f0000)]

Other Threads:
  0x00000000151c7000 VMThread [stack: 0x0000000016250000,0x0000000016350000] [id=7064]
  0x0000000016d64000 WatcherThread [stack: 0x0000000017240000,0x0000000017340000] [id=5000]

VM state:not at safepoint (normal execution)

VM Mutex/Monitor currently owned by a thread: None

Heap:
 PSYoungGen      total 37888K, used 26504K [0x00000000eab00000, 0x00000000ed500000, 0x0000000100000000)
  eden space 32768K, 80% used [0x00000000eab00000,0x00000000ec4e2170,0x00000000ecb00000)
  from space 5120K, 0% used [0x00000000ed000000,0x00000000ed000000,0x00000000ed500000)
  to   space 5120K, 0% used [0x00000000ecb00000,0x00000000ecb00000,0x00000000ed000000)
 ParOldGen       total 86016K, used 0K [0x00000000c0000000, 0x00000000c5400000, 0x00000000eab00000)
  object space 86016K, 0% used [0x00000000c0000000,0x00000000c0000000,0x00000000c5400000)
 Metaspace       used 5577K, capacity 6512K, committed 6784K, reserved 1056768K
  class space    used 599K, capacity 616K, committed 640K, reserved 1048576K

Card table byte_map: [0x0000000011ef0000,0x0000000012100000] byte_map_base: 0x00000000118f0000

Marking Bits: (ParMarkBitMap*) 0x0000000070b5a6d0
 Begin Bits: [0x0000000012660000, 0x0000000013660000)
 End Bits:   [0x0000000013660000, 0x0000000014660000)

Polling page: 0x0000000001100000

CodeCache: size=245760Kb used=2390Kb max_used=2410Kb free=243369Kb
 bounds [0x0000000002b30000, 0x0000000002da0000, 0x0000000011b30000]
 total_blobs=918 nmethods=649 adapters=182
 compilation: enabled

Compilation events (10 events):
Event: 0.957 Thread 0x000000001525b000  650   !   3       com.android.dx.cf.code.BytecodeArray::parseInstruction (2764 bytes)
Event: 0.959 Thread 0x00000000151fd000 nmethod 624 0x0000000002d88b10 code [0x0000000002d88ca0, 0x0000000002d895b8]
Event: 0.959 Thread 0x0000000015200000  658       4       java.util.ArrayList$Itr::<init> (6 bytes)
Event: 0.959 Thread 0x00000000151fd000  659       4       java.util.ArrayList$Itr::<init> (26 bytes)
Event: 0.959 Thread 0x00000000151fd000 nmethod 659 0x0000000002d76310 code [0x0000000002d76440, 0x0000000002d764d8]
Event: 0.959 Thread 0x0000000015200000 nmethod 658 0x0000000002d7b810 code [0x0000000002d7b940, 0x0000000002d7b9d8]
Event: 0.961 Thread 0x00000000151fd000  663       4       com.android.dx.rop.code.BasicBlockList::get (9 bytes)
Event: 0.962 Thread 0x0000000015200000  665       4       java.util.BitSet::set (58 bytes)
Event: 0.962 Thread 0x00000000151fd000 nmethod 663 0x0000000002d88790 code [0x0000000002d888e0, 0x0000000002d889b8]
Event: 0.963 Thread 0x00000000151fd000  666       4       com.android.dx.ssa.NormalSsaInsn::accept (25 bytes)

GC Heap History (0 events):
No events

Deoptimization events (2 events):
Event: 0.472 Thread 0x0000000002b2d800 Uncommon trap: reason=unstable_if action=reinterpret pc=0x0000000002c92c14 method=java.lang.String.compareTo(Ljava/lang/String;)I @ 38
Event: 0.940 Thread 0x0000000016faf000 Uncommon trap: reason=unstable_if action=reinterpret pc=0x0000000002d4ed3c method=java.util.HashMap.getNode(ILjava/lang/Object;)Ljava/util/HashMap$Node; @ 62

Internal exceptions (2 events):
Event: 0.036 Thread 0x0000000002b2d800 Exception <a 'java/lang/NoSuchMethodError': Method sun.misc.Unsafe.defineClass(Ljava/lang/String;[BII)Ljava/lang/Class; name or signature does not match> (0x00000000eab07cc0) thrown at [C:\re\workspace\8-2-build-windows-amd64-cygwin\jdk8u101\7261\hotspot\sUD¯H¨X¢?
Event: 0.036 Thread 0x0000000002b2d800 Exception <a 'java/lang/NoSuchMethodError': Method sun.misc.Unsafe.prefetchRead(Ljava/lang/Object;J)V name or signature does not match> (0x00000000eab07fa8) thrown at [C:\re\workspace\8-2-build-windows-amd64-cygwin\jdk8u101\7261\hotspot\src\share\vm\prims\

Events (10 events):
Event: 0.932 loading class com/android/dx/dex/file/ParameterAnnotationStruct done
Event: 0.933 loading class com/android/dx/dex/file/UniformListItem
Event: 0.933 loading class com/android/dx/dex/file/UniformListItem done
Event: 0.933 loading class com/android/dx/dex/file/AnnotationSetRefItem
Event: 0.933 loading class com/android/dx/dex/file/AnnotationSetRefItem done
Event: 0.940 Thread 0x0000000016faf000 Uncommon trap: trap_request=0xffffff65 fr.pc=0x0000000002d4ed3c
Event: 0.940 Thread 0x0000000016faf000 DEOPT PACKING pc=0x0000000002d4ed3c sp=0x000000001773e420
Event: 0.940 Thread 0x0000000016faf000 DEOPT UNPACKING pc=0x0000000002b7582a sp=0x000000001773e398 mode 2
Event: 0.958 loading class java/util/ArrayList$1
Event: 0.958 loading class java/util/ArrayList$1 done


Dynamic libraries:
0x00007ff618850000 - 0x00007ff618887000 	C:\Program Files\Java\jdk1.8.0_101\bin\java.exe
0x00007ffe15cb0000 - 0x00007ffe15e5a000 	C:\Windows\SYSTEM32\ntdll.dll
0x00007ffe14b60000 - 0x00007ffe14c9a000 	C:\Windows\system32\KERNEL32.DLL
0x00007ffe130f0000 - 0x00007ffe131ff000 	C:\Windows\system32\KERNELBASE.dll
0x00007ffe117b0000 - 0x00007ffe11838000 	C:\Windows\system32\apphelp.dll
0x00007ffe01990000 - 0x00007ffe019df000 	C:\Windows\AppPatch\AppPatch64\AcGenral.DLL
0x00007ffe15680000 - 0x00007ffe15727000 	C:\Windows\system32\msvcrt.dll
0x00007ffe12ed0000 - 0x00007ffe12efb000 	C:\Windows\SYSTEM32\SspiCli.dll
0x00007ffe15730000 - 0x00007ffe15781000 	C:\Windows\system32\SHLWAPI.dll
0x00007ffe15830000 - 0x00007ffe159a1000 	C:\Windows\system32\USER32.dll
0x00007ffe159b0000 - 0x00007ffe15b28000 	C:\Windows\system32\ole32.dll
0x00007ffe135a0000 - 0x00007ffe149c0000 	C:\Windows\system32\SHELL32.dll
0x00007ffe12690000 - 0x00007ffe126ae000 	C:\Windows\SYSTEM32\USERENV.dll
0x00007ffe151a0000 - 0x00007ffe15245000 	C:\Windows\system32\ADVAPI32.dll
0x00007ffe0b9b0000 - 0x00007ffe0b9cb000 	C:\Windows\SYSTEM32\MPR.dll
0x00007ffe15b70000 - 0x00007ffe15ca7000 	C:\Windows\system32\RPCRT4.dll
0x00007ffe149c0000 - 0x00007ffe14a17000 	C:\Windows\SYSTEM32\sechost.dll
0x00007ffe14ca0000 - 0x00007ffe14e76000 	C:\Windows\SYSTEM32\combase.dll
0x00007ffe153f0000 - 0x00007ffe15534000 	C:\Windows\system32\GDI32.dll
0x00007ffe13020000 - 0x00007ffe13034000 	C:\Windows\SYSTEM32\profapi.dll
0x00007ffe10e70000 - 0x00007ffe10f0f000 	C:\Windows\SYSTEM32\SHCORE.dll
0x00007ffe15b30000 - 0x00007ffe15b64000 	C:\Windows\system32\IMM32.DLL
0x00007ffe14e80000 - 0x00007ffe14fb9000 	C:\Windows\system32\MSCTF.dll
0x00007ffe10670000 - 0x00007ffe108ca000 	C:\Windows\WinSxS\amd64_microsoft.windows.common-controls_6595b64144ccf1df_6.0.9600.17031_none_6242a4b3ecbb55a1\COMCTL32.dll
0x0000000070be0000 - 0x0000000070cb2000 	C:\Program Files\Java\jdk1.8.0_101\jre\bin\msvcr100.dll
0x0000000070340000 - 0x0000000070bda000 	C:\Program Files\Java\jdk1.8.0_101\jre\bin\server\jvm.dll
0x00007ffe0b5b0000 - 0x00007ffe0b5b9000 	C:\Windows\SYSTEM32\WSOCK32.dll
0x00007ffe05000000 - 0x00007ffe0501f000 	C:\Windows\SYSTEM32\WINMM.dll
0x00007ffe0b9f0000 - 0x00007ffe0b9fa000 	C:\Windows\SYSTEM32\VERSION.dll
0x00007ffe15670000 - 0x00007ffe15677000 	C:\Windows\system32\PSAPI.DLL
0x00007ffe14a20000 - 0x00007ffe14a78000 	C:\Windows\system32\WS2_32.dll
0x00007ffe04fd0000 - 0x00007ffe04ffa000 	C:\Windows\SYSTEM32\WINMMBASE.dll
0x00007ffe13590000 - 0x00007ffe13599000 	C:\Windows\system32\NSI.dll
0x00007ffe13430000 - 0x00007ffe1347a000 	C:\Windows\SYSTEM32\cfgmgr32.dll
0x00007ffe11ed0000 - 0x00007ffe11ef6000 	C:\Windows\SYSTEM32\DEVOBJ.dll
0x00000000717b0000 - 0x00000000717bf000 	C:\Program Files\Java\jdk1.8.0_101\jre\bin\verify.dll
0x0000000070310000 - 0x0000000070339000 	C:\Program Files\Java\jdk1.8.0_101\jre\bin\java.dll
0x00000000702f0000 - 0x0000000070306000 	C:\Program Files\Java\jdk1.8.0_101\jre\bin\zip.dll

VM Arguments:
jvm_args: -Djava.awt.headless=true -Xmx1024M -Dfile.encoding=windows-1252 -Duser.country=ES -Duser.language=es -Duser.variant 
java_command: com.android.dx.command.Main --dex --force-jumbo --num-threads=4 --output D:\Android\ControlOrden\app\build\intermediates\pre-dexed\debug\com.android.support-support-v4-23.4.0_a06072dd36f645242c120fe906444270fdf2bb13.jar D:\Android\ControlOrden\app\build\intermediates\exploded-aar\com.android.support\support-v4\23.4.0\jars\classes.jar
java_class_path (initial): C:\Android\sdk\build-tools\23.0.3\lib\dx.jar
Launcher Type: SUN_STANDARD

Environment Variables:
JAVA_HOME=C:\Program Files\Java\jdk1.8.0_51
PATH=C:\ProgramData\Oracle\Java\javapath;C:\Windows\System32\Wbem;C:\App\isielcsoft\product\11.2.0\dbhome_1\bin;D:\app\client\ellave\product\12.1.0\client_1;D:\app\client\ellave\product\12.1.0\client_1\bin;C:\windows\system32;c:\windows;C:\Program Files (x86)\Microsoft SQL Server\100\Tools\Binn\;C:\Program Files (x86)\Microsoft SQL Server\100\DTS\Binn\;C:\Program Files (x86)\Microsoft SQL Server\100\Tools\Binn\VSShell\Common7\IDE\;C:\Program Files\Microsoft SQL Server\100\Tools\Binn\;C:\Program Files (x86)\Skype\Phone\;C:\Oracle\instantclient_12_1;C:\Program Files (x86)\Windows Kits\8.1\Windows Performance Toolkit\;C:\Program Files\Microsoft SQL Server\110\Tools\Binn\
USERNAME=Jimena Vidal
OS=Windows_NT
PROCESSOR_IDENTIFIER=Intel64 Family 6 Model 58 Stepping 9, GenuineIntel



---------------  S Y S T E M  ---------------

OS: Windows 8.1 , 64 bit Build 9600 (6.3.9600.17056)

CPU:total 4 (4 cores per cpu, 1 threads per core) family 6 model 58 stepping 9, cmov, cx8, fxsr, mmx, sse, sse2, sse3, ssse3, sse4.1, sse4.2, popcnt, avx, aes, clmul, erms, tsc, tscinvbit, tscinv

Memory: 4k page, physical 8254900k(906212k free), swap 11400628k(5132k free)

vm_info: Java HotSpot(TM) 64-Bit Server VM (25.101-b13) for windows-amd64 JRE (1.8.0_101-b13), built on Jun 22 2016 01:21:29 by "java_re" with MS VC++ 10.0 (VS2010)

time: Thu Sep 22 10:31:48 2016
elapsed time: 0 seconds (0d 0h 0m 0s)

