#
# There is insufficient memory for the Java Runtime Environment to continue.
# Native memory allocation (malloc) failed to allocate 312656 bytes for Chunk::new
# Possible reasons:
#   The system is out of physical RAM or swap space
#   In 32 bit mode, the process size limit was hit
# Possible solutions:
#   Reduce memory load on the system
#   Increase physical memory or swap space
#   Check if swap backing store is full
#   Use 64 bit Java on a 64 bit OS
#   Decrease Java heap size (-Xmx/-Xms)
#   Decrease number of Java threads
#   Decrease Java thread stack sizes (-Xss)
#   Set larger code cache with -XX:ReservedCodeCacheSize=
# This output file may be truncated or incomplete.
#
#  Out of Memory Error (allocation.cpp:390), pid=5876, tid=0x00000000000012b0
#
# JRE version: Java(TM) SE Runtime Environment (8.0_101-b13) (build 1.8.0_101-b13)
# Java VM: Java HotSpot(TM) 64-Bit Server VM (25.101-b13 mixed mode windows-amd64 compressed oops)
# Failed to write core dump. Minidumps are not enabled by default on client versions of Windows
#

---------------  T H R E A D  ---------------

Current thread (0x0000000014a00000):  JavaThread "C2 CompilerThread1" daemon [_thread_in_native, id=4784, stack(0x0000000016370000,0x0000000016470000)]

Stack: [0x0000000016370000,0x0000000016470000]
[error occurred during error reporting (printing stack bounds), id 0xc0000005]

Native frames: (J=compiled Java code, j=interpreted, Vv=VM code, C=native code)


Current CompileTask:
C2:   2205 1258       4       com.android.dx.ssa.SCCP::simulateBranch (666 bytes)


---------------  P R O C E S S  ---------------

Java Threads: ( => current thread )
  0x00000000166e0800 JavaThread "pool-1-thread-4" [_thread_in_vm, id=7368, stack(0x0000000016f70000,0x0000000017070000)]
  0x00000000166df000 JavaThread "pool-1-thread-3" [_thread_in_Java, id=7032, stack(0x0000000016e70000,0x0000000016f70000)]
  0x00000000166de000 JavaThread "pool-1-thread-2" [_thread_in_Java, id=5620, stack(0x0000000016d70000,0x0000000016e70000)]
  0x00000000166d8000 JavaThread "pool-2-thread-1" [_thread_blocked, id=7464, stack(0x0000000016c70000,0x0000000016d70000)]
  0x00000000166d7000 JavaThread "pool-1-thread-1" [_thread_in_Java, id=376, stack(0x0000000016b70000,0x0000000016c70000)]
  0x000000001647e000 JavaThread "Service Thread" daemon [_thread_blocked, id=3712, stack(0x0000000016970000,0x0000000016a70000)]
  0x0000000016478800 JavaThread "C1 CompilerThread2" daemon [_thread_blocked, id=4832, stack(0x0000000016870000,0x0000000016970000)]
=>0x0000000014a00000 JavaThread "C2 CompilerThread1" daemon [_thread_in_native, id=4784, stack(0x0000000016370000,0x0000000016470000)]
  0x00000000149fd000 JavaThread "C2 CompilerThread0" daemon [_thread_in_native, id=3524, stack(0x0000000016270000,0x0000000016370000)]
  0x00000000149fb000 JavaThread "Attach Listener" daemon [_thread_blocked, id=2160, stack(0x0000000016170000,0x0000000016270000)]
  0x00000000149fa000 JavaThread "Signal Dispatcher" daemon [_thread_blocked, id=5468, stack(0x0000000016070000,0x0000000016170000)]
  0x00000000149ea000 JavaThread "Finalizer" daemon [_thread_blocked, id=4764, stack(0x0000000015c80000,0x0000000015d80000)]
  0x00000000149c9000 JavaThread "Reference Handler" daemon [_thread_blocked, id=5588, stack(0x0000000015b80000,0x0000000015c80000)]
  0x000000000248d800 JavaThread "main" [_thread_blocked, id=6920, stack(0x0000000000880000,0x0000000000980000)]

Other Threads:
  0x00000000149c7000 VMThread [stack: 0x0000000015a80000,0x0000000015b80000] [id=656]
  0x000000001648c000 WatcherThread [stack: 0x0000000016a70000,0x0000000016b70000] [id=1100]

VM state:not at safepoint (normal execution)

VM Mutex/Monitor currently owned by a thread: None

Heap:
 PSYoungGen      total 37888K, used 29700K [0x00000000eab00000, 0x00000000ed500000, 0x0000000100000000)
  eden space 32768K, 75% used [0x00000000eab00000,0x00000000ec305930,0x00000000ecb00000)
  from space 5120K, 99% used [0x00000000ecb00000,0x00000000ecffb8a8,0x00000000ed000000)
  to   space 5120K, 0% used [0x00000000ed000000,0x00000000ed000000,0x00000000ed500000)
 ParOldGen       total 86016K, used 1202K [0x00000000c0000000, 0x00000000c5400000, 0x00000000eab00000)
  object space 86016K, 1% used [0x00000000c0000000,0x00000000c012ca58,0x00000000c5400000)
 Metaspace       used 6093K, capacity 6962K, committed 7040K, reserved 1056768K
  class space    used 597K, capacity 618K, committed 640K, reserved 1048576K

Card table byte_map: [0x0000000011850000,0x0000000011a60000] byte_map_base: 0x0000000011250000

Marking Bits: (ParMarkBitMap*) 0x0000000070b5a6d0
 Begin Bits: [0x0000000011e60000, 0x0000000012e60000)
 End Bits:   [0x0000000012e60000, 0x0000000013e60000)

Polling page: 0x0000000000740000

CodeCache: size=245760Kb used=5887Kb max_used=5903Kb free=239872Kb
 bounds [0x0000000002490000, 0x0000000002a60000, 0x0000000011490000]
 total_blobs=1701 nmethods=1432 adapters=182
 compilation: enabled

Compilation events (10 events):
Event: 2.128 Thread 0x0000000016478800 1320       1       sun.util.calendar.CalendarDate::getSeconds (5 bytes)
Event: 2.128 Thread 0x0000000016478800 nmethod 1320 0x00000000029c7d90 code [0x00000000029c7ee0, 0x00000000029c7ff0]
Event: 2.128 Thread 0x0000000016478800 1322       3       com.android.dx.rop.type.Type::isReference (15 bytes)
Event: 2.128 Thread 0x0000000016478800 nmethod 1322 0x00000000029c8050 code [0x00000000029c81a0, 0x00000000029c8350]
Event: 2.128 Thread 0x0000000016478800 1321       1       sun.util.calendar.CalendarDate::getMillis (5 bytes)
Event: 2.129 Thread 0x0000000016478800 nmethod 1321 0x00000000029c83d0 code [0x00000000029c8520, 0x00000000029c8630]
Event: 2.129 Thread 0x0000000016478800 1323  s    3       com.android.dx.dex.file.MethodIdsSection::intern (55 bytes)
Event: 2.130 Thread 0x0000000016478800 nmethod 1323 0x00000000029c8690 code [0x00000000029c88c0, 0x00000000029c95e8]
Event: 2.131 Thread 0x0000000016478800 1324       3       com.android.dx.rop.code.AccessFlags::isStatic (13 bytes)
Event: 2.131 Thread 0x0000000016478800 nmethod 1324 0x00000000029c9d10 code [0x00000000029c9e60, 0x00000000029c9ff0]

GC Heap History (2 events):
Event: 1.925 GC heap before
{Heap before GC invocations=1 (full 0):
 PSYoungGen      total 37888K, used 32768K [0x00000000eab00000, 0x00000000ed500000, 0x0000000100000000)
  eden space 32768K, 100% used [0x00000000eab00000,0x00000000ecb00000,0x00000000ecb00000)
  from space 5120K, 0% used [0x00000000ed000000,0x00000000ed000000,0x00000000ed500000)
  to   space 5120K, 0% used [0x00000000ecb00000,0x00000000ecb00000,0x00000000ed000000)
 ParOldGen       total 86016K, used 0K [0x00000000c0000000, 0x00000000c5400000, 0x00000000eab00000)
  object space 86016K, 0% used [0x00000000c0000000,0x00000000c0000000,0x00000000c5400000)
 Metaspace       used 5959K, capacity 6898K, committed 7040K, reserved 1056768K
  class space    used 594K, capacity 618K, committed 640K, reserved 1048576K
Event: 2.098 GC heap after
Heap after GC invocations=1 (full 0):
 PSYoungGen      total 37888K, used 5102K [0x00000000eab00000, 0x00000000ed500000, 0x0000000100000000)
  eden space 32768K, 0% used [0x00000000eab00000,0x00000000eab00000,0x00000000ecb00000)
  from space 5120K, 99% used [0x00000000ecb00000,0x00000000ecffb8a8,0x00000000ed000000)
  to   space 5120K, 0% used [0x00000000ed000000,0x00000000ed000000,0x00000000ed500000)
 ParOldGen       total 86016K, used 1202K [0x00000000c0000000, 0x00000000c5400000, 0x00000000eab00000)
  object space 86016K, 1% used [0x00000000c0000000,0x00000000c012ca58,0x00000000c5400000)
 Metaspace       used 5959K, capacity 6898K, committed 7040K, reserved 1056768K
  class space    used 594K, capacity 618K, committed 640K, reserved 1048576K
}

Deoptimization events (6 events):
Event: 0.820 Thread 0x00000000166d7000 Uncommon trap: reason=unstable_if action=reinterpret pc=0x00000000026bb084 method=java.util.HashMap.getNode(ILjava/lang/Object;)Ljava/util/HashMap$Node; @ 129
Event: 1.139 Thread 0x00000000166df000 Uncommon trap: reason=unstable_if action=reinterpret pc=0x00000000026c11f4 method=java.util.BitSet.ensureCapacity(I)V @ 6
Event: 1.441 Thread 0x00000000166de000 Uncommon trap: reason=bimorphic action=maybe_recompile pc=0x00000000028dd418 method=com.android.dx.cf.code.BytecodeArray.parseInstruction(ILcom/android/dx/cf/code/BytecodeArray$Visitor;)I @ 907
Event: 1.441 Thread 0x00000000166de000 Uncommon trap: reason=bimorphic action=maybe_recompile pc=0x00000000028dd418 method=com.android.dx.cf.code.BytecodeArray.parseInstruction(ILcom/android/dx/cf/code/BytecodeArray$Visitor;)I @ 907
Event: 1.441 Thread 0x00000000166de000 Uncommon trap: reason=bimorphic action=maybe_recompile pc=0x00000000028dd498 method=com.android.dx.cf.code.BytecodeArray.parseInstruction(ILcom/android/dx/cf/code/BytecodeArray$Visitor;)I @ 923
Event: 1.441 Thread 0x00000000166de000 Uncommon trap: reason=bimorphic action=maybe_recompile pc=0x00000000028dd418 method=com.android.dx.cf.code.BytecodeArray.parseInstruction(ILcom/android/dx/cf/code/BytecodeArray$Visitor;)I @ 907

Internal exceptions (2 events):
Event: 0.034 Thread 0x000000000248d800 Exception <a 'java/lang/NoSuchMethodError': Method sun.misc.Unsafe.defineClass(Ljava/lang/String;[BII)Ljava/lang/Class; name or signature does not match> (0x00000000eab07cc0) thrown at [C:\re\workspace\8-2-build-windows-amd64-cygwin\jdk8u101\7261\hotspot\sœh®yd°?
Event: 0.034 Thread 0x000000000248d800 Exception <a 'java/lang/NoSuchMethodError': Method sun.misc.Unsafe.prefetchRead(Ljava/lang/Object;J)V name or signature does not match> (0x00000000eab07fa8) thrown at [C:\re\workspace\8-2-build-windows-amd64-cygwin\jdk8u101\7261\hotspot\src\share\vm\prims\

Events (10 events):
Event: 1.531 Thread 0x00000000166d7000 DEOPT PACKING pc=0x0000000002887110 sp=0x0000000016c6ed70
Event: 1.531 Thread 0x00000000166d7000 DEOPT UNPACKING pc=0x00000000024d787f sp=0x0000000016c6eb08 mode 0
Event: 1.922 Executing VM operation: ParallelGCFailedAllocation
Event: 2.098 Executing VM operation: ParallelGCFailedAllocation done
Event: 2.103 Thread 0x00000000166e0800 DEOPT PACKING pc=0x00000000028097cf sp=0x000000001706eb00
Event: 2.103 Thread 0x00000000166e0800 DEOPT UNPACKING pc=0x00000000024d787f sp=0x000000001706e8e0 mode 0
Event: 2.109 Thread 0x000000000248d800 DEOPT PACKING pc=0x000000000280d5d4 sp=0x000000000097e290
Event: 2.109 Thread 0x000000000248d800 DEOPT UNPACKING pc=0x00000000024d787f sp=0x000000000097e058 mode 0
Event: 2.115 Thread 0x000000000248d800 DEOPT PACKING pc=0x00000000028097cf sp=0x000000000097e350
Event: 2.115 Thread 0x000000000248d800 DEOPT UNPACKING pc=0x00000000024d787f sp=0x000000000097e130 mode 0


Dynamic libraries:
0x00007ff618850000 - 0x00007ff618887000 	C:\Program Files\Java\jdk1.8.0_101\bin\java.exe
0x00007ffe15cb0000 - 0x00007ffe15e5a000 	C:\Windows\SYSTEM32\ntdll.dll
0x00007ffe14b60000 - 0x00007ffe14c9a000 	C:\Windows\system32\KERNEL32.DLL
0x00007ffe130f0000 - 0x00007ffe131ff000 	C:\Windows\system32\KERNELBASE.dll
0x00007ffe117b0000 - 0x00007ffe11838000 	C:\Windows\system32\apphelp.dll
0x00007ffe01990000 - 0x00007ffe019df000 	C:\Windows\AppPatch\AppPatch64\AcGenral.DLL
0x00007ffe15680000 - 0x00007ffe15727000 	C:\Windows\system32\msvcrt.dll
0x00007ffe12ed0000 - 0x00007ffe12efb000 	C:\Windows\SYSTEM32\SspiCli.dll
0x00007ffe15730000 - 0x00007ffe15781000 	C:\Windows\system32\SHLWAPI.dll
0x00007ffe15830000 - 0x00007ffe159a1000 	C:\Windows\system32\USER32.dll
0x00007ffe159b0000 - 0x00007ffe15b28000 	C:\Windows\system32\ole32.dll
0x00007ffe135a0000 - 0x00007ffe149c0000 	C:\Windows\system32\SHELL32.dll
0x00007ffe12690000 - 0x00007ffe126ae000 	C:\Windows\SYSTEM32\USERENV.dll
0x00007ffe151a0000 - 0x00007ffe15245000 	C:\Windows\system32\ADVAPI32.dll
0x00007ffe0b9b0000 - 0x00007ffe0b9cb000 	C:\Windows\SYSTEM32\MPR.dll
0x00007ffe15b70000 - 0x00007ffe15ca7000 	C:\Windows\system32\RPCRT4.dll
0x00007ffe149c0000 - 0x00007ffe14a17000 	C:\Windows\SYSTEM32\sechost.dll
0x00007ffe14ca0000 - 0x00007ffe14e76000 	C:\Windows\SYSTEM32\combase.dll
0x00007ffe153f0000 - 0x00007ffe15534000 	C:\Windows\system32\GDI32.dll
0x00007ffe13020000 - 0x00007ffe13034000 	C:\Windows\SYSTEM32\profapi.dll
0x00007ffe10e70000 - 0x00007ffe10f0f000 	C:\Windows\SYSTEM32\SHCORE.dll
0x00007ffe15b30000 - 0x00007ffe15b64000 	C:\Windows\system32\IMM32.DLL
0x00007ffe14e80000 - 0x00007ffe14fb9000 	C:\Windows\system32\MSCTF.dll
0x00007ffe10670000 - 0x00007ffe108ca000 	C:\Windows\WinSxS\amd64_microsoft.windows.common-controls_6595b64144ccf1df_6.0.9600.17031_none_6242a4b3ecbb55a1\COMCTL32.dll
0x0000000070be0000 - 0x0000000070cb2000 	C:\Program Files\Java\jdk1.8.0_101\jre\bin\msvcr100.dll
0x0000000070340000 - 0x0000000070bda000 	C:\Program Files\Java\jdk1.8.0_101\jre\bin\server\jvm.dll
0x00007ffe0b5b0000 - 0x00007ffe0b5b9000 	C:\Windows\SYSTEM32\WSOCK32.dll
0x00007ffe05000000 - 0x00007ffe0501f000 	C:\Windows\SYSTEM32\WINMM.dll
0x00007ffe0b9f0000 - 0x00007ffe0b9fa000 	C:\Windows\SYSTEM32\VERSION.dll
0x00007ffe15670000 - 0x00007ffe15677000 	C:\Windows\system32\PSAPI.DLL
0x00007ffe14a20000 - 0x00007ffe14a78000 	C:\Windows\system32\WS2_32.dll
0x00007ffe04fd0000 - 0x00007ffe04ffa000 	C:\Windows\SYSTEM32\WINMMBASE.dll
0x00007ffe13590000 - 0x00007ffe13599000 	C:\Windows\system32\NSI.dll
0x00007ffe13430000 - 0x00007ffe1347a000 	C:\Windows\SYSTEM32\cfgmgr32.dll
0x00007ffe11ed0000 - 0x00007ffe11ef6000 	C:\Windows\SYSTEM32\DEVOBJ.dll
0x00000000717b0000 - 0x00000000717bf000 	C:\Program Files\Java\jdk1.8.0_101\jre\bin\verify.dll
0x0000000070310000 - 0x0000000070339000 	C:\Program Files\Java\jdk1.8.0_101\jre\bin\java.dll
0x00000000702f0000 - 0x0000000070306000 	C:\Program Files\Java\jdk1.8.0_101\jre\bin\zip.dll

VM Arguments:
jvm_args: -Djava.awt.headless=true -Xmx1024M -Dfile.encoding=windows-1252 -Duser.country=ES -Duser.language=es -Duser.variant 
java_command: com.android.dx.command.Main --dex --force-jumbo --num-threads=4 --output D:\Android\ControlOrden\app\build\intermediates\pre-dexed\debug\ksoap2-android-assembly-3.1.1-jar-with-dependencies_966c0adba1fe8dba9b1fc004eb605ed06fcc62e1.jar D:\Android\ControlOrden\app\libs\ksoap2-android-assembly-3.1.1-jar-with-dependencies.jar
java_class_path (initial): C:\Android\sdk\build-tools\23.0.3\lib\dx.jar
Launcher Type: SUN_STANDARD

Environment Variables:
JAVA_HOME=C:\Program Files\Java\jdk1.8.0_51
PATH=C:\ProgramData\Oracle\Java\javapath;C:\Windows\System32\Wbem;C:\App\isielcsoft\product\11.2.0\dbhome_1\bin;D:\app\client\ellave\product\12.1.0\client_1;D:\app\client\ellave\product\12.1.0\client_1\bin;C:\windows\system32;c:\windows;C:\Program Files (x86)\Microsoft SQL Server\100\Tools\Binn\;C:\Program Files (x86)\Microsoft SQL Server\100\DTS\Binn\;C:\Program Files (x86)\Microsoft SQL Server\100\Tools\Binn\VSShell\Common7\IDE\;C:\Program Files\Microsoft SQL Server\100\Tools\Binn\;C:\Program Files (x86)\Skype\Phone\;C:\Oracle\instantclient_12_1;C:\Program Files (x86)\Windows Kits\8.1\Windows Performance Toolkit\;C:\Program Files\Microsoft SQL Server\110\Tools\Binn\
USERNAME=Jimena Vidal
OS=Windows_NT
PROCESSOR_IDENTIFIER=Intel64 Family 6 Model 58 Stepping 9, GenuineIntel



---------------  S Y S T E M  ---------------

OS: Windows 8.1 , 64 bit Build 9600 (6.3.9600.17056)

CPU:total 4 (4 cores per cpu, 1 threads per core) family 6 model 58 stepping 9, cmov, cx8, fxsr, mmx, sse, sse2, sse3, ssse3, sse4.1, sse4.2, popcnt, avx, aes, clmul, erms, tsc, tscinvbit, tscinv

Memory: 4k page, physical 8254900k(812368k free), swap 11400628k(5540k free)

vm_info: Java HotSpot(TM) 64-Bit Server VM (25.101-b13) for windows-amd64 JRE (1.8.0_101-b13), built on Jun 22 2016 01:21:29 by "java_re" with MS VC++ 10.0 (VS2010)

time: Thu Sep 22 10:29:57 2016
elapsed time: 2 seconds (0d 0h 0m 2s)

