#
# There is insufficient memory for the Java Runtime Environment to continue.
# Native memory allocation (malloc) failed to allocate 256256 bytes for Chunk::new
# Possible reasons:
#   The system is out of physical RAM or swap space
#   In 32 bit mode, the process size limit was hit
# Possible solutions:
#   Reduce memory load on the system
#   Increase physical memory or swap space
#   Check if swap backing store is full
#   Use 64 bit Java on a 64 bit OS
#   Decrease Java heap size (-Xmx/-Xms)
#   Decrease number of Java threads
#   Decrease Java thread stack sizes (-Xss)
#   Set larger code cache with -XX:ReservedCodeCacheSize=
# This output file may be truncated or incomplete.
#
#  Out of Memory Error (allocation.cpp:390), pid=2948, tid=0x0000000000001280
#
# JRE version: Java(TM) SE Runtime Environment (8.0_101-b13) (build 1.8.0_101-b13)
# Java VM: Java HotSpot(TM) 64-Bit Server VM (25.101-b13 mixed mode windows-amd64 compressed oops)
# Failed to write core dump. Minidumps are not enabled by default on client versions of Windows
#

---------------  T H R E A D  ---------------

Current thread (0x0000000014fbd800):  JavaThread "C2 CompilerThread0" daemon [_thread_in_native, id=4736, stack(0x0000000016810000,0x0000000016910000)]

Stack: [0x0000000016810000,0x0000000016910000]
[error occurred during error reporting (printing stack bounds), id 0xc0000005]

Native frames: (J=compiled Java code, j=interpreted, Vv=VM code, C=native code)


Current CompileTask:
C2:    980  774   !   4       com.android.dx.rop.code.RegisterSpec::intern (70 bytes)


---------------  P R O C E S S  ---------------

Java Threads: ( => current thread )
  0x0000000016dcd000 JavaThread "pool-1-thread-4" [_thread_in_Java, id=880, stack(0x0000000017d10000,0x0000000017e10000)]
  0x0000000016dcc000 JavaThread "pool-1-thread-3" [_thread_in_Java, id=7488, stack(0x0000000017c10000,0x0000000017d10000)]
  0x0000000016dcb800 JavaThread "pool-1-thread-2" [_thread_in_Java, id=6848, stack(0x0000000017b10000,0x0000000017c10000)]
  0x0000000016de8000 JavaThread "pool-2-thread-1" [_thread_blocked, id=8056, stack(0x0000000017a10000,0x0000000017b10000)]
  0x0000000016de7800 JavaThread "pool-1-thread-1" [_thread_in_Java, id=1008, stack(0x0000000017910000,0x0000000017a10000)]
  0x0000000016b39800 JavaThread "Service Thread" daemon [_thread_blocked, id=3024, stack(0x0000000016f10000,0x0000000017010000)]
  0x0000000015016800 JavaThread "C1 CompilerThread2" daemon [_thread_blocked, id=5148, stack(0x0000000016a10000,0x0000000016b10000)]
  0x0000000014fc4000 JavaThread "C2 CompilerThread1" daemon [_thread_blocked, id=7748, stack(0x0000000016910000,0x0000000016a10000)]
=>0x0000000014fbd800 JavaThread "C2 CompilerThread0" daemon [_thread_in_native, id=4736, stack(0x0000000016810000,0x0000000016910000)]
  0x0000000014fbc000 JavaThread "Attach Listener" daemon [_thread_blocked, id=7020, stack(0x0000000016710000,0x0000000016810000)]
  0x0000000014fbb000 JavaThread "Signal Dispatcher" daemon [_thread_blocked, id=4020, stack(0x0000000016610000,0x0000000016710000)]
  0x0000000014faa800 JavaThread "Finalizer" daemon [_thread_blocked, id=7400, stack(0x0000000016220000,0x0000000016320000)]
  0x00000000028e1000 JavaThread "Reference Handler" daemon [_thread_blocked, id=6912, stack(0x0000000016120000,0x0000000016220000)]
  0x0000000000e4d800 JavaThread "main" [_thread_in_Java, id=2792, stack(0x0000000002670000,0x0000000002770000)]

Other Threads:
  0x0000000014f88000 VMThread [stack: 0x0000000016020000,0x0000000016120000] [id=5652]
  0x000000001501e800 WatcherThread [stack: 0x0000000017010000,0x0000000017110000] [id=7096]

VM state:not at safepoint (normal execution)

VM Mutex/Monitor currently owned by a thread:  ([mutex/lock_event])
[0x00000000027f0bd0] MethodData_lock - owner thread: 0x0000000000e4d800

Heap:
 PSYoungGen      total 37888K, used 21006K [0x00000000eab00000, 0x00000000ed500000, 0x0000000100000000)
  eden space 32768K, 64% used [0x00000000eab00000,0x00000000ebf83908,0x00000000ecb00000)
  from space 5120K, 0% used [0x00000000ed000000,0x00000000ed000000,0x00000000ed500000)
  to   space 5120K, 0% used [0x00000000ecb00000,0x00000000ecb00000,0x00000000ed000000)
 ParOldGen       total 86016K, used 0K [0x00000000c0000000, 0x00000000c5400000, 0x00000000eab00000)
  object space 86016K, 0% used [0x00000000c0000000,0x00000000c0000000,0x00000000c5400000)
 Metaspace       used 5754K, capacity 6704K, committed 6784K, reserved 1056768K
  class space    used 600K, capacity 616K, committed 640K, reserved 1048576K

Card table byte_map: [0x0000000011cb0000,0x0000000011ec0000] byte_map_base: 0x00000000116b0000

Marking Bits: (ParMarkBitMap*) 0x0000000070b5a6d0
 Begin Bits: [0x0000000012420000, 0x0000000013420000)
 End Bits:   [0x0000000013420000, 0x0000000014420000)

Polling page: 0x0000000000cc0000

CodeCache: size=245760Kb used=2935Kb max_used=2935Kb free=242824Kb
 bounds [0x00000000028f0000, 0x0000000002bd0000, 0x00000000118f0000]
 total_blobs=1040 nmethods=770 adapters=182
 compilation: disabled (not enough contiguous free space left)

Compilation events (10 events):
Event: 0.977 Thread 0x0000000015016800  782       3       com.android.dx.ssa.NormalSsaInsn::toRopInsn (19 bytes)
Event: 0.977 Thread 0x0000000015016800 nmethod 782 0x0000000002bc9550 code [0x0000000002bc96c0, 0x0000000002bc9a08]
Event: 0.977 Thread 0x0000000015016800  784       3       com.android.dx.rop.code.ThrowingCstInsn::accept (8 bytes)
Event: 0.978 Thread 0x0000000015016800 nmethod 784 0x0000000002bc90d0 code [0x0000000002bc9240, 0x0000000002bc9468]
Event: 0.978 Thread 0x0000000015016800  785       3       com.android.dx.rop.code.PlainInsn::getCatches (4 bytes)
Event: 0.978 Thread 0x0000000015016800 nmethod 785 0x0000000002bcddd0 code [0x0000000002bcdf20, 0x0000000002bce070]
Event: 0.978 Thread 0x0000000015016800  783       3       com.android.dx.cf.code.BaseMachine::getLocalTarget (151 bytes)
Event: 0.978 Thread 0x0000000015016800 nmethod 783 0x0000000002bce110 code [0x0000000002bce3c0, 0x0000000002bcf588]
Event: 0.978 Thread 0x0000000015016800  757       3       com.android.dx.rop.code.SourcePosition::<init> (50 bytes)
Event: 0.979 Thread 0x0000000015016800 


GC Heap History (0 events):
No events

Deoptimization events (1 events):
Event: 0.311 Thread 0x0000000000e4d800 Uncommon trap: reason=unstable_if action=reinterpret pc=0x0000000002a47e14 method=java.lang.String.compareTo(Ljava/lang/String;)I @ 38

Internal exceptions (2 events):
Event: 0.072 Thread 0x0000000000e4d800 Exception <a 'java/lang/NoSuchMethodError': Method sun.misc.Unsafe.defineClass(Ljava/lang/String;[BII)Ljava/lang/Class; name or signature does not match> (0x00000000eab07cc0) thrown at [C:\re\workspace\8-2-build-windows-amd64-cygwin\jdk8u101\7261\hotspot\sóÛ‰¼ˆ²?
Event: 0.072 Thread 0x0000000000e4d800 Exception <a 'java/lang/NoSuchMethodError': Method sun.misc.Unsafe.prefetchRead(Ljava/lang/Object;J)V name or signature does not match> (0x00000000eab07fa8) thrown at [C:\re\workspace\8-2-build-windows-amd64-cygwin\jdk8u101\7261\hotspot\src\share\vm\prims\

Events (10 events):
Event: 0.703 loading class java/util/TreeMap$EntryIterator
Event: 0.703 loading class java/util/TreeMap$EntryIterator done
Event: 0.738 loading class com/android/dx/ssa/back/FirstFitLocalCombiningAllocator$Multiset
Event: 0.738 loading class com/android/dx/ssa/back/FirstFitLocalCombiningAllocator$Multiset done
Event: 0.750 loading class com/android/dx/cf/code/BytecodeArray$ConstantParserVisitor
Event: 0.750 loading class com/android/dx/cf/code/BytecodeArray$ConstantParserVisitor done
Event: 0.755 loading class java/util/ArrayList$1
Event: 0.755 loading class java/util/ArrayList$1 done
Event: 0.771 loading class com/android/dx/cf/code/Ropper$ExceptionHandlerSetup
Event: 0.771 loading class com/android/dx/cf/code/Ropper$ExceptionHandlerSetup done


Dynamic libraries:
0x00007ff618850000 - 0x00007ff618887000 	C:\Program Files\Java\jdk1.8.0_101\bin\java.exe
0x00007ffe15cb0000 - 0x00007ffe15e5a000 	C:\Windows\SYSTEM32\ntdll.dll
0x00007ffe14b60000 - 0x00007ffe14c9a000 	C:\Windows\system32\KERNEL32.DLL
0x00007ffe130f0000 - 0x00007ffe131ff000 	C:\Windows\system32\KERNELBASE.dll
0x00007ffe117b0000 - 0x00007ffe11838000 	C:\Windows\system32\apphelp.dll
0x00007ffe01990000 - 0x00007ffe019df000 	C:\Windows\AppPatch\AppPatch64\AcGenral.DLL
0x00007ffe15680000 - 0x00007ffe15727000 	C:\Windows\system32\msvcrt.dll
0x00007ffe12ed0000 - 0x00007ffe12efb000 	C:\Windows\SYSTEM32\SspiCli.dll
0x00007ffe15730000 - 0x00007ffe15781000 	C:\Windows\system32\SHLWAPI.dll
0x00007ffe15830000 - 0x00007ffe159a1000 	C:\Windows\system32\USER32.dll
0x00007ffe159b0000 - 0x00007ffe15b28000 	C:\Windows\system32\ole32.dll
0x00007ffe135a0000 - 0x00007ffe149c0000 	C:\Windows\system32\SHELL32.dll
0x00007ffe12690000 - 0x00007ffe126ae000 	C:\Windows\SYSTEM32\USERENV.dll
0x00007ffe151a0000 - 0x00007ffe15245000 	C:\Windows\system32\ADVAPI32.dll
0x00007ffe0b9b0000 - 0x00007ffe0b9cb000 	C:\Windows\SYSTEM32\MPR.dll
0x00007ffe15b70000 - 0x00007ffe15ca7000 	C:\Windows\system32\RPCRT4.dll
0x00007ffe149c0000 - 0x00007ffe14a17000 	C:\Windows\SYSTEM32\sechost.dll
0x00007ffe14ca0000 - 0x00007ffe14e76000 	C:\Windows\SYSTEM32\combase.dll
0x00007ffe153f0000 - 0x00007ffe15534000 	C:\Windows\system32\GDI32.dll
0x00007ffe13020000 - 0x00007ffe13034000 	C:\Windows\SYSTEM32\profapi.dll
0x00007ffe10e70000 - 0x00007ffe10f0f000 	C:\Windows\SYSTEM32\SHCORE.dll
0x00007ffe15b30000 - 0x00007ffe15b64000 	C:\Windows\system32\IMM32.DLL
0x00007ffe14e80000 - 0x00007ffe14fb9000 	C:\Windows\system32\MSCTF.dll
0x00007ffe10670000 - 0x00007ffe108ca000 	C:\Windows\WinSxS\amd64_microsoft.windows.common-controls_6595b64144ccf1df_6.0.9600.17031_none_6242a4b3ecbb55a1\COMCTL32.dll
0x0000000070be0000 - 0x0000000070cb2000 	C:\Program Files\Java\jdk1.8.0_101\jre\bin\msvcr100.dll
0x0000000070340000 - 0x0000000070bda000 	C:\Program Files\Java\jdk1.8.0_101\jre\bin\server\jvm.dll
0x00007ffe0b5b0000 - 0x00007ffe0b5b9000 	C:\Windows\SYSTEM32\WSOCK32.dll
0x00007ffe05000000 - 0x00007ffe0501f000 	C:\Windows\SYSTEM32\WINMM.dll
0x00007ffe0b9f0000 - 0x00007ffe0b9fa000 	C:\Windows\SYSTEM32\VERSION.dll
0x00007ffe15670000 - 0x00007ffe15677000 	C:\Windows\system32\PSAPI.DLL
0x00007ffe14a20000 - 0x00007ffe14a78000 	C:\Windows\system32\WS2_32.dll
0x00007ffe04fd0000 - 0x00007ffe04ffa000 	C:\Windows\SYSTEM32\WINMMBASE.dll
0x00007ffe13590000 - 0x00007ffe13599000 	C:\Windows\system32\NSI.dll
0x00007ffe13430000 - 0x00007ffe1347a000 	C:\Windows\SYSTEM32\cfgmgr32.dll
0x00007ffe11ed0000 - 0x00007ffe11ef6000 	C:\Windows\SYSTEM32\DEVOBJ.dll
0x00000000717b0000 - 0x00000000717bf000 	C:\Program Files\Java\jdk1.8.0_101\jre\bin\verify.dll
0x0000000070310000 - 0x0000000070339000 	C:\Program Files\Java\jdk1.8.0_101\jre\bin\java.dll
0x00000000702f0000 - 0x0000000070306000 	C:\Program Files\Java\jdk1.8.0_101\jre\bin\zip.dll

VM Arguments:
jvm_args: -Djava.awt.headless=true -Xmx1024M -Dfile.encoding=windows-1252 -Duser.country=ES -Duser.language=es -Duser.variant 
java_command: com.android.dx.command.Main --dex --force-jumbo --num-threads=4 --output D:\Android\ControlOrden\app\build\intermediates\pre-dexed\debug\com.android.support-appcompat-v7-23.4.0_d85e6f86b934f508247b1a740aede57ee79a8e27.jar D:\Android\ControlOrden\app\build\intermediates\exploded-aar\com.android.support\appcompat-v7\23.4.0\jars\classes.jar
java_class_path (initial): C:\Android\sdk\build-tools\23.0.3\lib\dx.jar
Launcher Type: SUN_STANDARD

Environment Variables:
JAVA_HOME=C:\Program Files\Java\jdk1.8.0_51
PATH=C:\ProgramData\Oracle\Java\javapath;C:\Windows\System32\Wbem;C:\App\isielcsoft\product\11.2.0\dbhome_1\bin;D:\app\client\ellave\product\12.1.0\client_1;D:\app\client\ellave\product\12.1.0\client_1\bin;C:\windows\system32;c:\windows;C:\Program Files (x86)\Microsoft SQL Server\100\Tools\Binn\;C:\Program Files (x86)\Microsoft SQL Server\100\DTS\Binn\;C:\Program Files (x86)\Microsoft SQL Server\100\Tools\Binn\VSShell\Common7\IDE\;C:\Program Files\Microsoft SQL Server\100\Tools\Binn\;C:\Program Files (x86)\Skype\Phone\;C:\Oracle\instantclient_12_1;C:\Program Files (x86)\Windows Kits\8.1\Windows Performance Toolkit\;C:\Program Files\Microsoft SQL Server\110\Tools\Binn\
USERNAME=Jimena Vidal
OS=Windows_NT
PROCESSOR_IDENTIFIER=Intel64 Family 6 Model 58 Stepping 9, GenuineIntel



---------------  S Y S T E M  ---------------

OS: Windows 8.1 , 64 bit Build 9600 (6.3.9600.17056)

CPU:total 4 (4 cores per cpu, 1 threads per core) family 6 model 58 stepping 9, cmov, cx8, fxsr, mmx, sse, sse2, sse3, ssse3, sse4.1, sse4.2, popcnt, avx, aes, clmul, erms, tsc, tscinvbit, tscinv

Memory: 4k page, physical 8254900k(906168k free), swap 11400628k(5112k free)

vm_info: Java HotSpot(TM) 64-Bit Server VM (25.101-b13) for windows-amd64 JRE (1.8.0_101-b13), built on Jun 22 2016 01:21:29 by "java_re" with MS VC++ 10.0 (VS2010)

time: Thu Sep 22 10:31:48 2016
elapsed time: 0 seconds (0d 0h 0m 0s)

