#
# There is insufficient memory for the Java Runtime Environment to continue.
# Native memory allocation (malloc) failed to allocate 1864 bytes for AllocateHeap
# Possible reasons:
#   The system is out of physical RAM or swap space
#   In 32 bit mode, the process size limit was hit
# Possible solutions:
#   Reduce memory load on the system
#   Increase physical memory or swap space
#   Check if swap backing store is full
#   Use 64 bit Java on a 64 bit OS
#   Decrease Java heap size (-Xmx/-Xms)
#   Decrease number of Java threads
#   Decrease Java thread stack sizes (-Xss)
#   Set larger code cache with -XX:ReservedCodeCacheSize=
# This output file may be truncated or incomplete.
#
#  Out of Memory Error (memory/allocation.inline.hpp:61), pid=1408, tid=0x00000000000012d4
#
# JRE version: Java(TM) SE Runtime Environment (8.0_101-b13) (build 1.8.0_101-b13)
# Java VM: Java HotSpot(TM) 64-Bit Server VM (25.101-b13 mixed mode windows-amd64 compressed oops)
# Failed to write core dump. Minidumps are not enabled by default on client versions of Windows
#

---------------  T H R E A D  ---------------

Current thread (0x0000000017053000):  JavaThread "pool-2-thread-3" [_thread_in_Java, id=4820, stack(0x0000000017ff0000,0x00000000180f0000)]

Stack: [0x0000000017ff0000,0x00000000180f0000]
[error occurred during error reporting (printing stack bounds), id 0xe0000000]

Native frames: (J=compiled Java code, j=interpreted, Vv=VM code, C=native code)

Java frames: (J=compiled Java code, j=interpreted, Vv=VM code)
v  blob 0x0000000002d257ba
J 743 C2 com.android.dx.rop.cst.Constant.compareTo(Lcom/android/dx/rop/cst/Constant;)I (33 bytes) @ 0x0000000002fc555c [0x0000000002fc54e0+0x7c]
j  com.android.dx.ssa.ConstCollector$1.compare(Lcom/android/dx/rop/cst/Constant;Lcom/android/dx/rop/cst/Constant;)I+36
j  com.android.dx.ssa.ConstCollector$1.compare(Ljava/lang/Object;Ljava/lang/Object;)I+9
j  java.util.TimSort.binarySort([Ljava/lang/Object;IIILjava/util/Comparator;)V+93
j  java.util.TimSort.sort([Ljava/lang/Object;IILjava/util/Comparator;[Ljava/lang/Object;II)V+73
j  java.util.Arrays.sort([Ljava/lang/Object;IILjava/util/Comparator;)V+43
j  java.util.ArrayList.sort(Ljava/util/Comparator;)V+18
j  java.util.Collections.sort(Ljava/util/List;Ljava/util/Comparator;)V+2
j  com.android.dx.ssa.ConstCollector.getConstsSortedByCountUse()Ljava/util/ArrayList;+380
j  com.android.dx.ssa.ConstCollector.run()V+9
j  com.android.dx.ssa.ConstCollector.process(Lcom/android/dx/ssa/SsaMethod;)V+10
j  com.android.dx.ssa.Optimizer.runSsaFormSteps(Lcom/android/dx/ssa/SsaMethod;Ljava/util/EnumSet;)V+95
j  com.android.dx.ssa.Optimizer.optimize(Lcom/android/dx/rop/code/RopMethod;IZZLcom/android/dx/rop/code/TranslationAdvice;Ljava/util/EnumSet;)Lcom/android/dx/rop/code/RopMethod;+24
j  com.android.dx.ssa.Optimizer.optimize(Lcom/android/dx/rop/code/RopMethod;IZZLcom/android/dx/rop/code/TranslationAdvice;)Lcom/android/dx/rop/code/RopMethod;+12
j  com.android.dx.dex.cf.CfTranslator.processMethods(Lcom/android/dx/cf/direct/DirectClassFile;Lcom/android/dx/dex/cf/CfOptions;Lcom/android/dx/dex/DexOptions;Lcom/android/dx/dex/file/ClassDefItem;Lcom/android/dx/dex/file/DexFile;)V+265
j  com.android.dx.dex.cf.CfTranslator.translate0(Lcom/android/dx/cf/direct/DirectClassFile;[BLcom/android/dx/dex/cf/CfOptions;Lcom/android/dx/dex/DexOptions;Lcom/android/dx/dex/file/DexFile;)Lcom/android/dx/dex/file/ClassDefItem;+120
j  com.android.dx.dex.cf.CfTranslator.translate(Lcom/android/dx/cf/direct/DirectClassFile;[BLcom/android/dx/dex/cf/CfOptions;Lcom/android/dx/dex/DexOptions;Lcom/android/dx/dex/file/DexFile;)Lcom/android/dx/dex/file/ClassDefItem;+6
j  com.android.dx.command.dexer.Main.translateClass([BLcom/android/dx/cf/direct/DirectClassFile;)Lcom/android/dx/dex/file/ClassDefItem;+17
j  com.android.dx.command.dexer.Main.access$2700([BLcom/android/dx/cf/direct/DirectClassFile;)Lcom/android/dx/dex/file/ClassDefItem;+2
j  com.android.dx.command.dexer.Main$ClassTranslatorTask.call()Lcom/android/dx/dex/file/ClassDefItem;+8
j  com.android.dx.command.dexer.Main$ClassTranslatorTask.call()Ljava/lang/Object;+1
j  java.util.concurrent.FutureTask.run()V+42
j  java.util.concurrent.ThreadPoolExecutor.runWorker(Ljava/util/concurrent/ThreadPoolExecutor$Worker;)V+95
j  java.util.concurrent.ThreadPoolExecutor$Worker.run()V+5
j  java.lang.Thread.run()V+11
v  ~StubRoutines::call_stub

---------------  P R O C E S S  ---------------

Java Threads: ( => current thread )
  0x0000000017064800 JavaThread "pool-2-thread-4" [_thread_in_Java, id=4552, stack(0x00000000180f0000,0x00000000181f0000)]
=>0x0000000017053000 JavaThread "pool-2-thread-3" [_thread_in_Java, id=4820, stack(0x0000000017ff0000,0x00000000180f0000)]
  0x0000000017048800 JavaThread "pool-2-thread-2" [_thread_blocked, id=3432, stack(0x0000000017ef0000,0x0000000017ff0000)]
  0x00000000170ba000 JavaThread "pool-3-thread-1" [_thread_blocked, id=7652, stack(0x0000000017df0000,0x0000000017ef0000)]
  0x000000001711d800 JavaThread "pool-2-thread-1" [_thread_blocked, id=3796, stack(0x0000000017cf0000,0x0000000017df0000)]
  0x0000000016dfd000 JavaThread "Service Thread" daemon [_thread_blocked, id=4792, stack(0x00000000172f0000,0x00000000173f0000)]
  0x0000000016df8800 JavaThread "C1 CompilerThread2" daemon [_thread_blocked, id=1372, stack(0x00000000171f0000,0x00000000172f0000)]
  0x00000000153b0000 JavaThread "C2 CompilerThread1" daemon [_thread_blocked, id=2316, stack(0x0000000016cf0000,0x0000000016df0000)]
  0x00000000153ad000 JavaThread "C2 CompilerThread0" daemon [_thread_blocked, id=2160, stack(0x0000000016bf0000,0x0000000016cf0000)]
  0x00000000153ab000 JavaThread "Attach Listener" daemon [_thread_blocked, id=3632, stack(0x0000000016af0000,0x0000000016bf0000)]
  0x00000000153aa000 JavaThread "Signal Dispatcher" daemon [_thread_blocked, id=8056, stack(0x00000000169f0000,0x0000000016af0000)]
  0x000000001539a800 JavaThread "Finalizer" daemon [_thread_blocked, id=7632, stack(0x0000000016600000,0x0000000016700000)]
  0x0000000002ccf800 JavaThread "Reference Handler" daemon [_thread_blocked, id=820, stack(0x0000000016500000,0x0000000016600000)]
  0x00000000012ae000 JavaThread "main" [_thread_in_Java, id=368, stack(0x0000000002ae0000,0x0000000002be0000)]

Other Threads:
  0x0000000015378000 VMThread [stack: 0x0000000016400000,0x0000000016500000] [id=2472]
  0x0000000016e0b000 WatcherThread [stack: 0x00000000173f0000,0x00000000174f0000] [id=5348]

VM state:not at safepoint (normal execution)

VM Mutex/Monitor currently owned by a thread:  ([mutex/lock_event])
[0x00000000012ad550] Heap_lock - owner thread: 0x0000000017048800

Heap:
 PSYoungGen      total 37888K, used 7203K [0x00000000eab00000, 0x00000000ed500000, 0x0000000100000000)
  eden space 32768K, 6% used [0x00000000eab00000,0x00000000ead0e0d8,0x00000000ecb00000)
  from space 5120K, 99% used [0x00000000ed000000,0x00000000ed4fabf0,0x00000000ed500000)
  to   space 5120K, 0% used [0x00000000ecb00000,0x00000000ecb00000,0x00000000ed000000)
 ParOldGen       total 86016K, used 3681K [0x00000000c0000000, 0x00000000c5400000, 0x00000000eab00000)
  object space 86016K, 4% used [0x00000000c0000000,0x00000000c0398538,0x00000000c5400000)
 Metaspace       used 6125K, capacity 7026K, committed 7296K, reserved 1056768K
  class space    used 605K, capacity 618K, committed 640K, reserved 1048576K

Card table byte_map: [0x00000000120a0000,0x00000000122b0000] byte_map_base: 0x0000000011aa0000

Marking Bits: (ParMarkBitMap*) 0x0000000070b5a6d0
 Begin Bits: [0x0000000012810000, 0x0000000013810000)
 End Bits:   [0x0000000013810000, 0x0000000014810000)

Polling page: 0x0000000001290000

CodeCache: size=245760Kb used=5652Kb max_used=5652Kb free=240107Kb
 bounds [0x0000000002ce0000, 0x0000000003270000, 0x0000000011ce0000]
 total_blobs=1652 nmethods=1383 adapters=182
 compilation: enabled

Compilation events (10 events):
Event: 1.460 Thread 0x0000000016df8800 nmethod 1390 0x0000000003265850 code [0x0000000003265a20, 0x0000000003265fb8]
Event: 1.460 Thread 0x0000000016df8800 1392       3       com.android.dx.ssa.ConstCollector$2::map (28 bytes)
Event: 1.460 Thread 0x0000000016df8800 nmethod 1392 0x0000000003266250 code [0x00000000032663c0, 0x00000000032667e8]
Event: 1.460 Thread 0x0000000016df8800 1393       3       com.android.dx.cf.code.Simulator$SimVisitor::checkReturnType (64 bytes)
Event: 1.461 Thread 0x0000000016df8800 nmethod 1393 0x0000000003266910 code [0x0000000003266b60, 0x00000000032678e8]
Event: 1.461 Thread 0x0000000016df8800 1394       3       com.android.dx.ssa.PhiInsn::predBlocksForReg (73 bytes)
Event: 1.462 Thread 0x0000000016df8800 nmethod 1394 0x0000000003267f10 code [0x0000000003268180, 0x00000000032691d8]
Event: 1.462 Thread 0x0000000016df8800 1395       3       com.android.dx.cf.code.ByteCatchList$Item::getExceptionClass (18 bytes)
Event: 1.462 Thread 0x0000000016df8800 nmethod 1395 0x00000000032500d0 code [0x0000000003250220, 0x00000000032503d0]
Event: 1.463 Thread 0x0000000016df8800 1396       3       com.android.dx.ssa.ConstCollector::getConstsSortedByCountUse (386 bytes)

GC Heap History (4 events):
Event: 1.001 GC heap before
{Heap before GC invocations=1 (full 0):
 PSYoungGen      total 37888K, used 32768K [0x00000000eab00000, 0x00000000ed500000, 0x0000000100000000)
  eden space 32768K, 100% used [0x00000000eab00000,0x00000000ecb00000,0x00000000ecb00000)
  from space 5120K, 0% used [0x00000000ed000000,0x00000000ed000000,0x00000000ed500000)
  to   space 5120K, 0% used [0x00000000ecb00000,0x00000000ecb00000,0x00000000ed000000)
 ParOldGen       total 86016K, used 0K [0x00000000c0000000, 0x00000000c5400000, 0x00000000eab00000)
  object space 86016K, 0% used [0x00000000c0000000,0x00000000c0000000,0x00000000c5400000)
 Metaspace       used 5925K, capacity 6832K, committed 7040K, reserved 1056768K
  class space    used 603K, capacity 616K, committed 640K, reserved 1048576K
Event: 1.007 GC heap after
Heap after GC invocations=1 (full 0):
 PSYoungGen      total 37888K, used 5096K [0x00000000eab00000, 0x00000000ed500000, 0x0000000100000000)
  eden space 32768K, 0% used [0x00000000eab00000,0x00000000eab00000,0x00000000ecb00000)
  from space 5120K, 99% used [0x00000000ecb00000,0x00000000ecffa388,0x00000000ed000000)
  to   space 5120K, 0% used [0x00000000ed000000,0x00000000ed000000,0x00000000ed500000)
 ParOldGen       total 86016K, used 157K [0x00000000c0000000, 0x00000000c5400000, 0x00000000eab00000)
  object space 86016K, 0% used [0x00000000c0000000,0x00000000c00277b0,0x00000000c5400000)
 Metaspace       used 5925K, capacity 6832K, committed 7040K, reserved 1056768K
  class space    used 603K, capacity 616K, committed 640K, reserved 1048576K
}
Event: 1.511 GC heap before
{Heap before GC invocations=2 (full 0):
 PSYoungGen      total 37888K, used 37864K [0x00000000eab00000, 0x00000000ed500000, 0x0000000100000000)
  eden space 32768K, 100% used [0x00000000eab00000,0x00000000ecb00000,0x00000000ecb00000)
  from space 5120K, 99% used [0x00000000ecb00000,0x00000000ecffa388,0x00000000ed000000)
  to   space 5120K, 0% used [0x00000000ed000000,0x00000000ed000000,0x00000000ed500000)
 ParOldGen       total 86016K, used 157K [0x00000000c0000000, 0x00000000c5400000, 0x00000000eab00000)
  object space 86016K, 0% used [0x00000000c0000000,0x00000000c00277b0,0x00000000c5400000)
 Metaspace       used 6125K, capacity 7026K, committed 7296K, reserved 1056768K
  class space    used 605K, capacity 618K, committed 640K, reserved 1048576K
Event: 1.581 GC heap after
Heap after GC invocations=2 (full 0):
 PSYoungGen      total 37888K, used 5098K [0x00000000eab00000, 0x00000000ed500000, 0x0000000100000000)
  eden space 32768K, 0% used [0x00000000eab00000,0x00000000eab00000,0x00000000ecb00000)
  from space 5120K, 99% used [0x00000000ed000000,0x00000000ed4fabf0,0x00000000ed500000)
  to   space 5120K, 0% used [0x00000000ecb00000,0x00000000ecb00000,0x00000000ed000000)
 ParOldGen       total 86016K, used 3681K [0x00000000c0000000, 0x00000000c5400000, 0x00000000eab00000)
  object space 86016K, 4% used [0x00000000c0000000,0x00000000c0398538,0x00000000c5400000)
 Metaspace       used 6125K, capacity 7026K, committed 7296K, reserved 1056768K
  class space    used 605K, capacity 618K, committed 640K, reserved 1048576K
}

Deoptimization events (10 events):
Event: 0.586 Thread 0x00000000012ae000 Uncommon trap: reason=unstable_if action=reinterpret pc=0x0000000002f1e078 method=java.util.HashMap.getNode(ILjava/lang/Object;)Ljava/util/HashMap$Node; @ 62
Event: 0.761 Thread 0x000000001711d800 Uncommon trap: reason=unstable_if action=reinterpret pc=0x0000000002fcfb68 method=java.util.HashMap.getNode(ILjava/lang/Object;)Ljava/util/HashMap$Node; @ 129
Event: 0.993 Thread 0x0000000017053000 Uncommon trap: reason=unstable_if action=reinterpret pc=0x0000000002f2c730 method=java.util.BitSet.nextSetBit(I)I @ 87
Event: 1.033 Thread 0x0000000017064800 Uncommon trap: reason=class_check action=maybe_recompile pc=0x00000000030b2460 method=com.android.dx.rop.type.Type.equals(Ljava/lang/Object;)Z @ 8
Event: 1.033 Thread 0x0000000017064800 Uncommon trap: reason=null_check action=make_not_entrant pc=0x00000000030b2470 method=com.android.dx.rop.type.Type.equals(Ljava/lang/Object;)Z @ 8
Event: 1.237 Thread 0x0000000017048800 Uncommon trap: reason=unstable_if action=reinterpret pc=0x000000000318b0b8 method=com.android.dx.cf.code.Ropper.labelToResultIndex(I)I @ 34
Event: 1.333 Thread 0x00000000012ae000 Uncommon trap: reason=unloaded action=reinterpret pc=0x00000000031f8e94 method=com.android.dx.cf.cst.ConstantPoolParser.parse0(ILjava/util/BitSet;)Lcom/android/dx/rop/cst/Constant; @ 198
Event: 1.448 Thread 0x000000001711d800 Uncommon trap: reason=unstable_if action=reinterpret pc=0x00000000031a22bc method=com.android.dx.util.IntList.binarysearch(I)I @ 105
Event: 1.451 Thread 0x000000001711d800 Uncommon trap: reason=unstable_if action=reinterpret pc=0x0000000003211c14 method=com.android.dx.ssa.SCCP.simulateStmt(Lcom/android/dx/ssa/SsaInsn;)V @ 59
Event: 1.585 Thread 0x0000000017053000 Uncommon trap: reason=unstable_if action=reinterpret pc=0x0000000002fc555c method=com.android.dx.rop.cst.Constant.compareTo(Lcom/android/dx/rop/cst/Constant;)I @ 12

Internal exceptions (3 events):
Event: 0.040 Thread 0x00000000012ae000 Exception <a 'java/lang/NoSuchMethodError': Method sun.misc.Unsafe.defineClass(Ljava/lang/String;[BII)Ljava/lang/Class; name or signature does not match> (0x00000000eab07cc0) thrown at [C:\re\workspace\8-2-build-windows-amd64-cygwin\jdk8u101\7261\hotspot\srlyoñJ§?
Event: 0.040 Thread 0x00000000012ae000 Exception <a 'java/lang/NoSuchMethodError': Method sun.misc.Unsafe.prefetchRead(Ljava/lang/Object;J)V name or signature does not match> (0x00000000eab07fa8) thrown at [C:\re\workspace\8-2-build-windows-amd64-cygwin\jdk8u101\7261\hotspot\src\share\vm\prims\∆ÅbXØá?
Event: 1.033 Thread 0x0000000017064800 Implicit null exception at 0x00000000030b2362 to 0x00000000030b2461

Events (10 events):
Event: 1.448 Thread 0x000000001711d800 Uncommon trap: trap_request=0xffffff65 fr.pc=0x00000000031a22bc
Event: 1.448 Thread 0x000000001711d800 DEOPT PACKING pc=0x00000000031a22bc sp=0x0000000017deea30
Event: 1.448 Thread 0x000000001711d800 DEOPT UNPACKING pc=0x0000000002d2582a sp=0x0000000017dee9a8 mode 2
Event: 1.451 Thread 0x000000001711d800 Uncommon trap: trap_request=0xffffff65 fr.pc=0x0000000003211c14
Event: 1.451 Thread 0x000000001711d800 DEOPT PACKING pc=0x0000000003211c14 sp=0x0000000017deeaa0
Event: 1.451 Thread 0x000000001711d800 DEOPT UNPACKING pc=0x0000000002d2582a sp=0x0000000017deea88 mode 2
Event: 1.464 Executing VM operation: ParallelGCFailedAllocation
Event: 1.581 Executing VM operation: ParallelGCFailedAllocation done
Event: 1.585 Thread 0x0000000017053000 Uncommon trap: trap_request=0xffffff65 fr.pc=0x0000000002fc555c
Event: 1.585 Thread 0x0000000017053000 DEOPT PACKING pc=0x0000000002fc555c sp=0x00000000180ee9a0


Dynamic libraries:
0x00007ff618850000 - 0x00007ff618887000 	C:\Program Files\Java\jdk1.8.0_101\bin\java.exe
0x00007ffe15cb0000 - 0x00007ffe15e5a000 	C:\Windows\SYSTEM32\ntdll.dll
0x00007ffe14b60000 - 0x00007ffe14c9a000 	C:\Windows\system32\KERNEL32.DLL
0x00007ffe130f0000 - 0x00007ffe131ff000 	C:\Windows\system32\KERNELBASE.dll
0x00007ffe117b0000 - 0x00007ffe11838000 	C:\Windows\system32\apphelp.dll
0x00007ffe01990000 - 0x00007ffe019df000 	C:\Windows\AppPatch\AppPatch64\AcGenral.DLL
0x00007ffe15680000 - 0x00007ffe15727000 	C:\Windows\system32\msvcrt.dll
0x00007ffe12ed0000 - 0x00007ffe12efb000 	C:\Windows\SYSTEM32\SspiCli.dll
0x00007ffe15730000 - 0x00007ffe15781000 	C:\Windows\system32\SHLWAPI.dll
0x00007ffe15830000 - 0x00007ffe159a1000 	C:\Windows\system32\USER32.dll
0x00007ffe159b0000 - 0x00007ffe15b28000 	C:\Windows\system32\ole32.dll
0x00007ffe135a0000 - 0x00007ffe149c0000 	C:\Windows\system32\SHELL32.dll
0x00007ffe12690000 - 0x00007ffe126ae000 	C:\Windows\SYSTEM32\USERENV.dll
0x00007ffe151a0000 - 0x00007ffe15245000 	C:\Windows\system32\ADVAPI32.dll
0x00007ffe0b9b0000 - 0x00007ffe0b9cb000 	C:\Windows\SYSTEM32\MPR.dll
0x00007ffe15b70000 - 0x00007ffe15ca7000 	C:\Windows\system32\RPCRT4.dll
0x00007ffe149c0000 - 0x00007ffe14a17000 	C:\Windows\SYSTEM32\sechost.dll
0x00007ffe14ca0000 - 0x00007ffe14e76000 	C:\Windows\SYSTEM32\combase.dll
0x00007ffe153f0000 - 0x00007ffe15534000 	C:\Windows\system32\GDI32.dll
0x00007ffe13020000 - 0x00007ffe13034000 	C:\Windows\SYSTEM32\profapi.dll
0x00007ffe10e70000 - 0x00007ffe10f0f000 	C:\Windows\SYSTEM32\SHCORE.dll
0x00007ffe15b30000 - 0x00007ffe15b64000 	C:\Windows\system32\IMM32.DLL
0x00007ffe14e80000 - 0x00007ffe14fb9000 	C:\Windows\system32\MSCTF.dll
0x00007ffe10670000 - 0x00007ffe108ca000 	C:\Windows\WinSxS\amd64_microsoft.windows.common-controls_6595b64144ccf1df_6.0.9600.17031_none_6242a4b3ecbb55a1\COMCTL32.dll
0x0000000070be0000 - 0x0000000070cb2000 	C:\Program Files\Java\jdk1.8.0_101\jre\bin\msvcr100.dll
0x0000000070340000 - 0x0000000070bda000 	C:\Program Files\Java\jdk1.8.0_101\jre\bin\server\jvm.dll
0x00007ffe0b5b0000 - 0x00007ffe0b5b9000 	C:\Windows\SYSTEM32\WSOCK32.dll
0x00007ffe05000000 - 0x00007ffe0501f000 	C:\Windows\SYSTEM32\WINMM.dll
0x00007ffe0b9f0000 - 0x00007ffe0b9fa000 	C:\Windows\SYSTEM32\VERSION.dll
0x00007ffe15670000 - 0x00007ffe15677000 	C:\Windows\system32\PSAPI.DLL
0x00007ffe14a20000 - 0x00007ffe14a78000 	C:\Windows\system32\WS2_32.dll
0x00007ffe04fd0000 - 0x00007ffe04ffa000 	C:\Windows\SYSTEM32\WINMMBASE.dll
0x00007ffe13590000 - 0x00007ffe13599000 	C:\Windows\system32\NSI.dll
0x00007ffe13430000 - 0x00007ffe1347a000 	C:\Windows\SYSTEM32\cfgmgr32.dll
0x00007ffe11ed0000 - 0x00007ffe11ef6000 	C:\Windows\SYSTEM32\DEVOBJ.dll
0x00000000717b0000 - 0x00000000717bf000 	C:\Program Files\Java\jdk1.8.0_101\jre\bin\verify.dll
0x0000000070310000 - 0x0000000070339000 	C:\Program Files\Java\jdk1.8.0_101\jre\bin\java.dll
0x00000000702f0000 - 0x0000000070306000 	C:\Program Files\Java\jdk1.8.0_101\jre\bin\zip.dll

VM Arguments:
jvm_args: -Djava.awt.headless=true -Xmx1024M -Dfile.encoding=windows-1252 -Duser.country=ES -Duser.language=es -Duser.variant 
java_command: com.android.dx.command.Main --dex --force-jumbo --num-threads=4 --multi-dex --output D:\Android\ControlOrden\app\build\intermediates\transforms\dex\debug\folders\1000\10\com.android.support-support-v4-23.4.0_a06072dd36f645242c120fe906444270fdf2bb13 D:\Android\ControlOrden\app\build\intermediates\exploded-aar\com.android.support\support-v4\23.4.0\jars\classes.jar
java_class_path (initial): C:\Android\sdk\build-tools\23.0.3\lib\dx.jar
Launcher Type: SUN_STANDARD

Environment Variables:



---------------  S Y S T E M  ---------------

OS: Windows 8.1 , 64 bit Build 9600 (6.3.9600.17056)

CPU:total 4 (4 cores per cpu, 1 threads per core) family 6 model 58 stepping 9, cmov, cx8, fxsr, mmx, sse, sse2, sse3, ssse3, sse4.1, sse4.2, popcnt, avx, aes, clmul, erms, tsc, tscinvbit, tscinv

Memory: 4k page, physical 8254900k(880172k free), swap 11400628k(4760k free)

vm_info: Java HotSpot(TM) 64-Bit Server VM (25.101-b13) for windows-amd64 JRE (1.8.0_101-b13), built on Jun 22 2016 01:21:29 by "java_re" with MS VC++ 10.0 (VS2010)

time: Thu Sep 22 10:25:24 2016
elapsed time: 1 seconds (0d 0h 0m 1s)

