#
# There is insufficient memory for the Java Runtime Environment to continue.
# Native memory allocation (malloc) failed to allocate 1413008 bytes for Chunk::new
# Possible reasons:
#   The system is out of physical RAM or swap space
#   In 32 bit mode, the process size limit was hit
# Possible solutions:
#   Reduce memory load on the system
#   Increase physical memory or swap space
#   Check if swap backing store is full
#   Use 64 bit Java on a 64 bit OS
#   Decrease Java heap size (-Xmx/-Xms)
#   Decrease number of Java threads
#   Decrease Java thread stack sizes (-Xss)
#   Set larger code cache with -XX:ReservedCodeCacheSize=
# This output file may be truncated or incomplete.
#
#  Out of Memory Error (allocation.cpp:390), pid=1020, tid=0x0000000000001b00
#
# JRE version: Java(TM) SE Runtime Environment (8.0_101-b13) (build 1.8.0_101-b13)
# Java VM: Java HotSpot(TM) 64-Bit Server VM (25.101-b13 mixed mode windows-amd64 compressed oops)
# Failed to write core dump. Minidumps are not enabled by default on client versions of Windows
#

---------------  T H R E A D  ---------------

Current thread (0x000000001477d000):  JavaThread "C2 CompilerThread0" daemon [_thread_in_native, id=6912, stack(0x0000000015fc0000,0x00000000160c0000)]

Stack: [0x0000000015fc0000,0x00000000160c0000]
[error occurred during error reporting (printing stack bounds), id 0xc0000005]

Native frames: (J=compiled Java code, j=interpreted, Vv=VM code, C=native code)


Current CompileTask:
C2:   6115 1977   !   4       com.android.dx.cf.cst.ConstantPoolParser::parse0 (731 bytes)


---------------  P R O C E S S  ---------------

Java Threads: ( => current thread )
  0x00000000164cd000 JavaThread "pool-2-thread-4" [_thread_in_Java, id=4792, stack(0x0000000016cc0000,0x0000000016dc0000)]
  0x00000000164cc000 JavaThread "pool-2-thread-3" [_thread_blocked, id=6896, stack(0x0000000016bc0000,0x0000000016cc0000)]
  0x00000000164ca800 JavaThread "pool-2-thread-2" [_thread_blocked, id=5708, stack(0x0000000016ac0000,0x0000000016bc0000)]
  0x00000000164c5000 JavaThread "pool-3-thread-1" [_thread_blocked, id=3700, stack(0x00000000169c0000,0x0000000016ac0000)]
  0x00000000164c4800 JavaThread "pool-2-thread-1" [_thread_blocked, id=7644, stack(0x00000000168c0000,0x00000000169c0000)]
  0x00000000161c5000 JavaThread "Service Thread" daemon [_thread_blocked, id=1288, stack(0x00000000166c0000,0x00000000167c0000)]
  0x00000000147de800 JavaThread "C1 CompilerThread2" daemon [_thread_blocked, id=6924, stack(0x00000000165c0000,0x00000000166c0000)]
  0x00000000147d6000 JavaThread "C2 CompilerThread1" daemon [_thread_in_native, id=2536, stack(0x00000000160c0000,0x00000000161c0000)]
=>0x000000001477d000 JavaThread "C2 CompilerThread0" daemon [_thread_in_native, id=6912, stack(0x0000000015fc0000,0x00000000160c0000)]
  0x000000001477b000 JavaThread "Attach Listener" daemon [_thread_blocked, id=1648, stack(0x0000000015ec0000,0x0000000015fc0000)]
  0x0000000014779800 JavaThread "Signal Dispatcher" daemon [_thread_blocked, id=5652, stack(0x0000000015dc0000,0x0000000015ec0000)]
  0x000000001476a800 JavaThread "Finalizer" daemon [_thread_blocked, id=3120, stack(0x00000000159d0000,0x0000000015ad0000)]
  0x0000000001fcf800 JavaThread "Reference Handler" daemon [_thread_blocked, id=1900, stack(0x00000000158d0000,0x00000000159d0000)]
  0x00000000020ae000 JavaThread "main" [_thread_in_native, id=3400, stack(0x0000000001d20000,0x0000000001e20000)]

Other Threads:
  0x0000000014748000 VMThread [stack: 0x00000000157d0000,0x00000000158d0000] [id=3640]
  0x00000000161dc800 WatcherThread [stack: 0x00000000167c0000,0x00000000168c0000] [id=6108]

VM state:not at safepoint (normal execution)

VM Mutex/Monitor currently owned by a thread: None

Heap:
 PSYoungGen      total 70656K, used 64458K [0x00000000eab00000, 0x00000000ef500000, 0x0000000100000000)
  eden space 65536K, 90% used [0x00000000eab00000,0x00000000ee4f3f18,0x00000000eeb00000)
  from space 5120K, 99% used [0x00000000eeb00000,0x00000000eeffebd8,0x00000000ef000000)
  to   space 5120K, 0% used [0x00000000ef000000,0x00000000ef000000,0x00000000ef500000)
 ParOldGen       total 86016K, used 12560K [0x00000000c0000000, 0x00000000c5400000, 0x00000000eab00000)
  object space 86016K, 14% used [0x00000000c0000000,0x00000000c0c442a8,0x00000000c5400000)
 Metaspace       used 6343K, capacity 7154K, committed 7296K, reserved 1056768K
  class space    used 605K, capacity 618K, committed 640K, reserved 1048576K

Card table byte_map: [0x0000000011470000,0x0000000011680000] byte_map_base: 0x0000000010e70000

Marking Bits: (ParMarkBitMap*) 0x0000000070b5a6d0
 Begin Bits: [0x0000000011be0000, 0x0000000012be0000)
 End Bits:   [0x0000000012be0000, 0x0000000013be0000)

Polling page: 0x0000000000500000

CodeCache: size=245760Kb used=8365Kb max_used=8376Kb free=237394Kb
 bounds [0x00000000020b0000, 0x00000000028f0000, 0x00000000110b0000]
 total_blobs=2199 nmethods=1929 adapters=182
 compilation: enabled

Compilation events (10 events):
Event: 5.808 Thread 0x00000000147de800 nmethod 1983 0x00000000028bbb10 code [0x00000000028bbc80, 0x00000000028bbe98]
Event: 5.864 Thread 0x00000000147d6000 nmethod 1880 0x00000000028cc250 code [0x00000000028cd9e0, 0x00000000028d67a8]
Event: 5.865 Thread 0x00000000147d6000 1944       4       com.android.dx.ssa.SsaMethod::forEachBlockDepthFirst (194 bytes)
Event: 5.908 Thread 0x00000000147d6000 nmethod 1944 0x00000000028c42d0 code [0x00000000028c4500, 0x00000000028c5bc8]
Event: 5.908 Thread 0x00000000147d6000 1981       4       com.android.dx.ssa.SsaMethod::mapRegisters (87 bytes)
Event: 5.934 Thread 0x00000000147d6000 nmethod 1981 0x00000000028e0ad0 code [0x00000000028e0ce0, 0x00000000028e1ac0]
Event: 5.934 Thread 0x00000000147d6000 1922       4       com.android.dx.ssa.SCCP::replaceConstants (209 bytes)
Event: 5.960 Thread 0x00000000147d6000 nmethod 1922 0x00000000028e3a90 code [0x00000000028e3d20, 0x00000000028e4f90]
Event: 5.960 Thread 0x00000000147d6000 1945       4       java.util.AbstractCollection::<init> (5 bytes)
Event: 5.960 Thread 0x00000000147d6000 nmethod 1945 0x0000000002627b50 code [0x0000000002627c80, 0x0000000002627cd8]

GC Heap History (6 events):
Event: 1.051 GC heap before
{Heap before GC invocations=1 (full 0):
 PSYoungGen      total 37888K, used 32768K [0x00000000eab00000, 0x00000000ed500000, 0x0000000100000000)
  eden space 32768K, 100% used [0x00000000eab00000,0x00000000ecb00000,0x00000000ecb00000)
  from space 5120K, 0% used [0x00000000ed000000,0x00000000ed000000,0x00000000ed500000)
  to   space 5120K, 0% used [0x00000000ecb00000,0x00000000ecb00000,0x00000000ed000000)
 ParOldGen       total 86016K, used 0K [0x00000000c0000000, 0x00000000c5400000, 0x00000000eab00000)
  object space 86016K, 0% used [0x00000000c0000000,0x00000000c0000000,0x00000000c5400000)
 Metaspace       used 5943K, capacity 6832K, committed 7040K, reserved 1056768K
  class space    used 602K, capacity 616K, committed 640K, reserved 1048576K
Event: 1.186 GC heap after
Heap after GC invocations=1 (full 0):
 PSYoungGen      total 37888K, used 5107K [0x00000000eab00000, 0x00000000ef500000, 0x0000000100000000)
  eden space 32768K, 0% used [0x00000000eab00000,0x00000000eab00000,0x00000000ecb00000)
  from space 5120K, 99% used [0x00000000ecb00000,0x00000000ecffcf40,0x00000000ed000000)
  to   space 5120K, 0% used [0x00000000ef000000,0x00000000ef000000,0x00000000ef500000)
 ParOldGen       total 86016K, used 218K [0x00000000c0000000, 0x00000000c5400000, 0x00000000eab00000)
  object space 86016K, 0% used [0x00000000c0000000,0x00000000c0036800,0x00000000c5400000)
 Metaspace       used 5943K, capacity 6832K, committed 7040K, reserved 1056768K
  class space    used 602K, capacity 616K, committed 640K, reserved 1048576K
}
Event: 1.818 GC heap before
{Heap before GC invocations=2 (full 0):
 PSYoungGen      total 37888K, used 37875K [0x00000000eab00000, 0x00000000ef500000, 0x0000000100000000)
  eden space 32768K, 100% used [0x00000000eab00000,0x00000000ecb00000,0x00000000ecb00000)
  from space 5120K, 99% used [0x00000000ecb00000,0x00000000ecffcf40,0x00000000ed000000)
  to   space 5120K, 0% used [0x00000000ef000000,0x00000000ef000000,0x00000000ef500000)
 ParOldGen       total 86016K, used 218K [0x00000000c0000000, 0x00000000c5400000, 0x00000000eab00000)
  object space 86016K, 0% used [0x00000000c0000000,0x00000000c0036800,0x00000000c5400000)
 Metaspace       used 6139K, capacity 7026K, committed 7296K, reserved 1056768K
  class space    used 604K, capacity 618K, committed 640K, reserved 1048576K
Event: 1.903 GC heap after
Heap after GC invocations=2 (full 0):
 PSYoungGen      total 70656K, used 5118K [0x00000000eab00000, 0x00000000ef500000, 0x0000000100000000)
  eden space 65536K, 0% used [0x00000000eab00000,0x00000000eab00000,0x00000000eeb00000)
  from space 5120K, 99% used [0x00000000ef000000,0x00000000ef4ff9f8,0x00000000ef500000)
  to   space 5120K, 0% used [0x00000000eeb00000,0x00000000eeb00000,0x00000000ef000000)
 ParOldGen       total 86016K, used 3398K [0x00000000c0000000, 0x00000000c5400000, 0x00000000eab00000)
  object space 86016K, 3% used [0x00000000c0000000,0x00000000c0351b48,0x00000000c5400000)
 Metaspace       used 6139K, capacity 7026K, committed 7296K, reserved 1056768K
  class space    used 604K, capacity 618K, committed 640K, reserved 1048576K
}
Event: 4.427 GC heap before
{Heap before GC invocations=3 (full 0):
 PSYoungGen      total 70656K, used 70654K [0x00000000eab00000, 0x00000000ef500000, 0x0000000100000000)
  eden space 65536K, 100% used [0x00000000eab00000,0x00000000eeb00000,0x00000000eeb00000)
  from space 5120K, 99% used [0x00000000ef000000,0x00000000ef4ff9f8,0x00000000ef500000)
  to   space 5120K, 0% used [0x00000000eeb00000,0x00000000eeb00000,0x00000000ef000000)
 ParOldGen       total 86016K, used 3398K [0x00000000c0000000, 0x00000000c5400000, 0x00000000eab00000)
  object space 86016K, 3% used [0x00000000c0000000,0x00000000c0351b48,0x00000000c5400000)
 Metaspace       used 6276K, capacity 7154K, committed 7296K, reserved 1056768K
  class space    used 605K, capacity 618K, committed 640K, reserved 1048576K
Event: 5.039 GC heap after
Heap after GC invocations=3 (full 0):
 PSYoungGen      total 70656K, used 5114K [0x00000000eab00000, 0x00000000ef500000, 0x0000000100000000)
  eden space 65536K, 0% used [0x00000000eab00000,0x00000000eab00000,0x00000000eeb00000)
  from space 5120K, 99% used [0x00000000eeb00000,0x00000000eeffebd8,0x00000000ef000000)
  to   space 5120K, 0% used [0x00000000ef000000,0x00000000ef000000,0x00000000ef500000)
 ParOldGen       total 86016K, used 12560K [0x00000000c0000000, 0x00000000c5400000, 0x00000000eab00000)
  object space 86016K, 14% used [0x00000000c0000000,0x00000000c0c442a8,0x00000000c5400000)
 Metaspace       used 6276K, capacity 7154K, committed 7296K, reserved 1056768K
  class space    used 605K, capacity 618K, committed 640K, reserved 1048576K
}

Deoptimization events (10 events):
Event: 3.898 Thread 0x00000000164cc000 Uncommon trap: reason=unstable_if action=reinterpret pc=0x00000000026bf018 method=com.android.dx.ssa.SCCP.simulateBranch(Lcom/android/dx/ssa/SsaInsn;)V @ 64
Event: 3.899 Thread 0x00000000164cc000 Uncommon trap: reason=unstable_if action=reinterpret pc=0x00000000027217dc method=com.android.dx.ssa.LiteralOpUpgrader$1.visitNonMoveInsn(Lcom/android/dx/ssa/NormalSsaInsn;)V @ 55
Event: 3.900 Thread 0x00000000164cc000 Uncommon trap: reason=unstable_if action=reinterpret pc=0x00000000024d695c method=com.android.dx.ssa.SsaMethod.updateOneDefinition(Lcom/android/dx/ssa/SsaInsn;Lcom/android/dx/rop/code/RegisterSpec;)V @ 4
Event: 4.028 Thread 0x00000000164cc000 Uncommon trap: reason=null_check action=make_not_entrant pc=0x00000000027fbbfc method=com.android.dx.cf.code.Ropper$CatchInfo.getSetup(Lcom/android/dx/rop/type/Type;)Lcom/android/dx/cf/code/Ropper$ExceptionHandlerSetup; @ 10
Event: 5.164 Thread 0x00000000164c4800 Uncommon trap: reason=bimorphic action=maybe_recompile pc=0x00000000027dc3d4 method=com.android.dx.cf.code.BytecodeArray.parseInstruction(ILcom/android/dx/cf/code/BytecodeArray$Visitor;)I @ 1130
Event: 5.164 Thread 0x00000000164c4800 Uncommon trap: reason=bimorphic action=maybe_recompile pc=0x00000000027dc3d4 method=com.android.dx.cf.code.BytecodeArray.parseInstruction(ILcom/android/dx/cf/code/BytecodeArray$Visitor;)I @ 1130
Event: 5.760 Thread 0x00000000164cd000 Uncommon trap: reason=unstable_if action=reinterpret pc=0x000000000280e208 method=com.android.dx.cf.code.Ropper.addOrReplaceBlock(Lcom/android/dx/rop/code/BasicBlock;Lcom/android/dx/util/IntList;)Z @ 24
Event: 5.778 Thread 0x00000000164c4800 Uncommon trap: reason=unstable_if action=reinterpret pc=0x00000000027373f0 method=com.android.dx.ssa.SCCP.simulateStmt(Lcom/android/dx/ssa/SsaInsn;)V @ 53
Event: 5.781 Thread 0x00000000164c4800 Uncommon trap: reason=unstable_if action=reinterpret pc=0x00000000028ae994 method=com.android.dx.ssa.SCCP.simulateBranch(Lcom/android/dx/ssa/SsaInsn;)V @ 548
Event: 5.782 Thread 0x00000000164c4800 Uncommon trap: reason=class_check action=maybe_recompile pc=0x00000000025fd384 method=java.util.HashMap.putVal(ILjava/lang/Object;Ljava/lang/Object;ZZ)Ljava/lang/Object; @ 203

Internal exceptions (3 events):
Event: 0.032 Thread 0x00000000020ae000 Exception <a 'java/lang/NoSuchMethodError': Method sun.misc.Unsafe.defineClass(Ljava/lang/String;[BII)Ljava/lang/Class; name or signature does not match> (0x00000000eab07cc0) thrown at [C:\re\workspace\8-2-build-windows-amd64-cygwin\jdk8u101\7261\hotspot\s…€L¯ t ?
Event: 0.032 Thread 0x00000000020ae000 Exception <a 'java/lang/NoSuchMethodError': Method sun.misc.Unsafe.prefetchRead(Ljava/lang/Object;J)V name or signature does not match> (0x00000000eab07fa8) thrown at [C:\re\workspace\8-2-build-windows-amd64-cygwin\jdk8u101\7261\hotspot\src\share\vm\prims\½”6
Event: 4.028 Thread 0x00000000164cc000 Implicit null exception at 0x00000000027f72a0 to 0x00000000027fbbbd

Events (10 events):
Event: 5.778 Thread 0x00000000164c4800 DEOPT PACKING pc=0x00000000027373f0 sp=0x00000000169be620
Event: 5.778 Thread 0x00000000164c4800 DEOPT UNPACKING pc=0x00000000020f582a sp=0x00000000169be598 mode 2
Event: 5.781 Thread 0x00000000164c4800 Uncommon trap: trap_request=0xffffff65 fr.pc=0x00000000028ae994
Event: 5.781 Thread 0x00000000164c4800 DEOPT PACKING pc=0x00000000028ae994 sp=0x00000000169be4d0
Event: 5.781 Thread 0x00000000164c4800 DEOPT UNPACKING pc=0x00000000020f582a sp=0x00000000169be4a8 mode 2
Event: 5.782 Thread 0x00000000164c4800 Uncommon trap: trap_request=0xffffffde fr.pc=0x00000000025fd384
Event: 5.782 Thread 0x00000000164c4800 DEOPT PACKING pc=0x00000000025fd384 sp=0x00000000169be390
Event: 5.782 Thread 0x00000000164c4800 DEOPT UNPACKING pc=0x00000000020f582a sp=0x00000000169be318 mode 2
Event: 5.804 Thread 0x00000000164cc000 DEOPT PACKING pc=0x000000000256717d sp=0x0000000016cbea60
Event: 5.804 Thread 0x00000000164cc000 DEOPT UNPACKING pc=0x00000000020f787f sp=0x0000000016cbe798 mode 0


Dynamic libraries:
0x00007ff618850000 - 0x00007ff618887000 	C:\Program Files\Java\jdk1.8.0_101\bin\java.exe
0x00007ffe15cb0000 - 0x00007ffe15e5a000 	C:\Windows\SYSTEM32\ntdll.dll
0x00007ffe14b60000 - 0x00007ffe14c9a000 	C:\Windows\system32\KERNEL32.DLL
0x00007ffe130f0000 - 0x00007ffe131ff000 	C:\Windows\system32\KERNELBASE.dll
0x00007ffe117b0000 - 0x00007ffe11838000 	C:\Windows\system32\apphelp.dll
0x00007ffe01990000 - 0x00007ffe019df000 	C:\Windows\AppPatch\AppPatch64\AcGenral.DLL
0x00007ffe15680000 - 0x00007ffe15727000 	C:\Windows\system32\msvcrt.dll
0x00007ffe12ed0000 - 0x00007ffe12efb000 	C:\Windows\SYSTEM32\SspiCli.dll
0x00007ffe15730000 - 0x00007ffe15781000 	C:\Windows\system32\SHLWAPI.dll
0x00007ffe15830000 - 0x00007ffe159a1000 	C:\Windows\system32\USER32.dll
0x00007ffe159b0000 - 0x00007ffe15b28000 	C:\Windows\system32\ole32.dll
0x00007ffe135a0000 - 0x00007ffe149c0000 	C:\Windows\system32\SHELL32.dll
0x00007ffe12690000 - 0x00007ffe126ae000 	C:\Windows\SYSTEM32\USERENV.dll
0x00007ffe151a0000 - 0x00007ffe15245000 	C:\Windows\system32\ADVAPI32.dll
0x00007ffe0b9b0000 - 0x00007ffe0b9cb000 	C:\Windows\SYSTEM32\MPR.dll
0x00007ffe15b70000 - 0x00007ffe15ca7000 	C:\Windows\system32\RPCRT4.dll
0x00007ffe149c0000 - 0x00007ffe14a17000 	C:\Windows\SYSTEM32\sechost.dll
0x00007ffe14ca0000 - 0x00007ffe14e76000 	C:\Windows\SYSTEM32\combase.dll
0x00007ffe153f0000 - 0x00007ffe15534000 	C:\Windows\system32\GDI32.dll
0x00007ffe13020000 - 0x00007ffe13034000 	C:\Windows\SYSTEM32\profapi.dll
0x00007ffe10e70000 - 0x00007ffe10f0f000 	C:\Windows\SYSTEM32\SHCORE.dll
0x00007ffe15b30000 - 0x00007ffe15b64000 	C:\Windows\system32\IMM32.DLL
0x00007ffe14e80000 - 0x00007ffe14fb9000 	C:\Windows\system32\MSCTF.dll
0x00007ffe10670000 - 0x00007ffe108ca000 	C:\Windows\WinSxS\amd64_microsoft.windows.common-controls_6595b64144ccf1df_6.0.9600.17031_none_6242a4b3ecbb55a1\COMCTL32.dll
0x0000000070be0000 - 0x0000000070cb2000 	C:\Program Files\Java\jdk1.8.0_101\jre\bin\msvcr100.dll
0x0000000070340000 - 0x0000000070bda000 	C:\Program Files\Java\jdk1.8.0_101\jre\bin\server\jvm.dll
0x00007ffe0b5b0000 - 0x00007ffe0b5b9000 	C:\Windows\SYSTEM32\WSOCK32.dll
0x00007ffe05000000 - 0x00007ffe0501f000 	C:\Windows\SYSTEM32\WINMM.dll
0x00007ffe0b9f0000 - 0x00007ffe0b9fa000 	C:\Windows\SYSTEM32\VERSION.dll
0x00007ffe15670000 - 0x00007ffe15677000 	C:\Windows\system32\PSAPI.DLL
0x00007ffe14a20000 - 0x00007ffe14a78000 	C:\Windows\system32\WS2_32.dll
0x00007ffe04fd0000 - 0x00007ffe04ffa000 	C:\Windows\SYSTEM32\WINMMBASE.dll
0x00007ffe13590000 - 0x00007ffe13599000 	C:\Windows\system32\NSI.dll
0x00007ffe13430000 - 0x00007ffe1347a000 	C:\Windows\SYSTEM32\cfgmgr32.dll
0x00007ffe11ed0000 - 0x00007ffe11ef6000 	C:\Windows\SYSTEM32\DEVOBJ.dll
0x00000000717b0000 - 0x00000000717bf000 	C:\Program Files\Java\jdk1.8.0_101\jre\bin\verify.dll
0x0000000070310000 - 0x0000000070339000 	C:\Program Files\Java\jdk1.8.0_101\jre\bin\java.dll
0x00000000702f0000 - 0x0000000070306000 	C:\Program Files\Java\jdk1.8.0_101\jre\bin\zip.dll

VM Arguments:
jvm_args: -Djava.awt.headless=true -Xmx1024M -Dfile.encoding=windows-1252 -Duser.country=ES -Duser.language=es -Duser.variant 
java_command: com.android.dx.command.Main --dex --force-jumbo --num-threads=4 --multi-dex --output D:\Android\ControlOrden\app\build\intermediates\transforms\dex\debug\folders\1000\10\com.android.support-support-v4-23.4.0_a06072dd36f645242c120fe906444270fdf2bb13 D:\Android\ControlOrden\app\build\intermediates\exploded-aar\com.android.support\support-v4\23.4.0\jars\classes.jar
java_class_path (initial): C:\Android\sdk\build-tools\23.0.3\lib\dx.jar
Launcher Type: SUN_STANDARD

Environment Variables:
JAVA_HOME=C:\Program Files\Java\jdk1.8.0_51
PATH=C:\ProgramData\Oracle\Java\javapath;C:\Windows\System32\Wbem;C:\App\isielcsoft\product\11.2.0\dbhome_1\bin;D:\app\client\ellave\product\12.1.0\client_1;D:\app\client\ellave\product\12.1.0\client_1\bin;C:\windows\system32;c:\windows;C:\Program Files (x86)\Microsoft SQL Server\100\Tools\Binn\;C:\Program Files (x86)\Microsoft SQL Server\100\DTS\Binn\;C:\Program Files (x86)\Microsoft SQL Server\100\Tools\Binn\VSShell\Common7\IDE\;C:\Program Files\Microsoft SQL Server\100\Tools\Binn\;C:\Program Files (x86)\Skype\Phone\;C:\Oracle\instantclient_12_1;C:\Program Files (x86)\Windows Kits\8.1\Windows Performance Toolkit\;C:\Program Files\Microsoft SQL Server\110\Tools\Binn\
USERNAME=Jimena Vidal
OS=Windows_NT
PROCESSOR_IDENTIFIER=Intel64 Family 6 Model 58 Stepping 9, GenuineIntel



---------------  S Y S T E M  ---------------

OS: Windows 8.1 , 64 bit Build 9600 (6.3.9600.17056)

CPU:total 4 (4 cores per cpu, 1 threads per core) family 6 model 58 stepping 9, cmov, cx8, fxsr, mmx, sse, sse2, sse3, ssse3, sse4.1, sse4.2, popcnt, avx, aes, clmul, erms, tsc, tscinvbit, tscinv

Memory: 4k page, physical 8254900k(936092k free), swap 11400628k(7352k free)

vm_info: Java HotSpot(TM) 64-Bit Server VM (25.101-b13) for windows-amd64 JRE (1.8.0_101-b13), built on Jun 22 2016 01:21:29 by "java_re" with MS VC++ 10.0 (VS2010)

time: Thu Sep 22 10:39:19 2016
elapsed time: 6 seconds (0d 0h 0m 6s)

