#
# There is insufficient memory for the Java Runtime Environment to continue.
# Native memory allocation (malloc) failed to allocate 97616 bytes for Chunk::new
# Possible reasons:
#   The system is out of physical RAM or swap space
#   In 32 bit mode, the process size limit was hit
# Possible solutions:
#   Reduce memory load on the system
#   Increase physical memory or swap space
#   Check if swap backing store is full
#   Use 64 bit Java on a 64 bit OS
#   Decrease Java heap size (-Xmx/-Xms)
#   Decrease number of Java threads
#   Decrease Java thread stack sizes (-Xss)
#   Set larger code cache with -XX:ReservedCodeCacheSize=
# This output file may be truncated or incomplete.
#
#  Out of Memory Error (allocation.cpp:390), pid=5540, tid=0x0000000000001084
#
# JRE version: Java(TM) SE Runtime Environment (8.0_101-b13) (build 1.8.0_101-b13)
# Java VM: Java HotSpot(TM) 64-Bit Server VM (25.101-b13 mixed mode windows-amd64 compressed oops)
# Failed to write core dump. Minidumps are not enabled by default on client versions of Windows
#

---------------  T H R E A D  ---------------

Current thread (0x000000001533d000):  JavaThread "C2 CompilerThread0" daemon [_thread_in_native, id=4228, stack(0x0000000016ba0000,0x0000000016ca0000)]

Stack: [0x0000000016ba0000,0x0000000016ca0000]
[error occurred during error reporting (printing stack bounds), id 0xc0000005]

Native frames: (J=compiled Java code, j=interpreted, Vv=VM code, C=native code)


Current CompileTask:
C2:   1219  661       4       java.util.HashMap::containsKey (18 bytes)


---------------  P R O C E S S  ---------------

Java Threads: ( => current thread )
  0x00000000171d7800 JavaThread "pool-1-thread-4" [_thread_blocked, id=7684, stack(0x00000000178a0000,0x00000000179a0000)]
  0x00000000171d6800 JavaThread "pool-1-thread-3" [_thread_blocked, id=7520, stack(0x00000000177a0000,0x00000000178a0000)]
  0x00000000171d5800 JavaThread "pool-1-thread-2" [_thread_in_Java, id=1208, stack(0x00000000176a0000,0x00000000177a0000)]
  0x0000000017122800 JavaThread "pool-2-thread-1" [_thread_blocked, id=7732, stack(0x00000000175a0000,0x00000000176a0000)]
  0x000000001711b800 JavaThread "pool-1-thread-1" [_thread_in_Java, id=2820, stack(0x00000000174a0000,0x00000000175a0000)]
  0x000000001539d000 JavaThread "Service Thread" daemon [_thread_blocked, id=5840, stack(0x00000000172a0000,0x00000000173a0000)]
  0x0000000015347000 JavaThread "C1 CompilerThread2" daemon [_thread_blocked, id=2672, stack(0x0000000016da0000,0x0000000016ea0000)]
  0x0000000015342800 JavaThread "C2 CompilerThread1" daemon [_thread_in_vm, id=1012, stack(0x0000000016ca0000,0x0000000016da0000)]
=>0x000000001533d000 JavaThread "C2 CompilerThread0" daemon [_thread_in_native, id=4228, stack(0x0000000016ba0000,0x0000000016ca0000)]
  0x000000001533b800 JavaThread "Attach Listener" daemon [_thread_blocked, id=3148, stack(0x0000000016aa0000,0x0000000016ba0000)]
  0x000000001533a800 JavaThread "Signal Dispatcher" daemon [_thread_blocked, id=1004, stack(0x00000000169a0000,0x0000000016aa0000)]
  0x0000000002c6c000 JavaThread "Finalizer" daemon [_thread_blocked, id=2676, stack(0x00000000165b0000,0x00000000166b0000)]
  0x0000000002c61000 JavaThread "Reference Handler" daemon [_thread_blocked, id=5440, stack(0x00000000164b0000,0x00000000165b0000)]
  0x00000000011ed800 JavaThread "main" [_thread_in_Java, id=1792, stack(0x0000000002a70000,0x0000000002b70000)]

Other Threads:
  0x0000000015307000 VMThread [stack: 0x00000000163b0000,0x00000000164b0000] [id=4032]
  0x0000000016ec6800 WatcherThread [stack: 0x00000000173a0000,0x00000000174a0000] [id=3640]

VM state:not at safepoint (normal execution)

VM Mutex/Monitor currently owned by a thread: None

Heap:
 PSYoungGen      total 37888K, used 26277K [0x00000000eab00000, 0x00000000ed500000, 0x0000000100000000)
  eden space 32768K, 80% used [0x00000000eab00000,0x00000000ec4a96b8,0x00000000ecb00000)
  from space 5120K, 0% used [0x00000000ed000000,0x00000000ed000000,0x00000000ed500000)
  to   space 5120K, 0% used [0x00000000ecb00000,0x00000000ecb00000,0x00000000ed000000)
 ParOldGen       total 86016K, used 0K [0x00000000c0000000, 0x00000000c5400000, 0x00000000eab00000)
  object space 86016K, 0% used [0x00000000c0000000,0x00000000c0000000,0x00000000c5400000)
 Metaspace       used 5644K, capacity 6576K, committed 6784K, reserved 1056768K
  class space    used 600K, capacity 616K, committed 640K, reserved 1048576K

Card table byte_map: [0x0000000012030000,0x0000000012240000] byte_map_base: 0x0000000011a30000

Marking Bits: (ParMarkBitMap*) 0x0000000070b5a6d0
 Begin Bits: [0x00000000127a0000, 0x00000000137a0000)
 End Bits:   [0x00000000137a0000, 0x00000000147a0000)

Polling page: 0x00000000011c0000

CodeCache: size=245760Kb used=2406Kb max_used=2419Kb free=243353Kb
 bounds [0x0000000002c70000, 0x0000000002ee0000, 0x0000000011c70000]
 total_blobs=907 nmethods=638 adapters=182
 compilation: enabled

Compilation events (10 events):
Event: 1.214 Thread 0x0000000015342800  655       4       com.android.dx.ssa.NormalSsaInsn::getOpcode (8 bytes)
Event: 1.214 Thread 0x0000000015342800 nmethod 655 0x0000000002ecc450 code [0x0000000002ecc580, 0x0000000002ecc5f8]
Event: 1.215 Thread 0x0000000015342800  659       4       java.util.ArrayList::isEmpty (13 bytes)
Event: 1.215 Thread 0x0000000015342800 nmethod 659 0x0000000002eb7110 code [0x0000000002eb7240, 0x0000000002eb72b8]
Event: 1.215 Thread 0x000000001533d000 nmethod 650 0x0000000002ecba50 code [0x0000000002ecbba0, 0x0000000002ecbca8]
Event: 1.216 Thread 0x0000000015342800  660       4       java.util.ArrayList$Itr::<init> (6 bytes)
Event: 1.216 Thread 0x0000000015342800 nmethod 660 0x0000000002ec3790 code [0x0000000002ec38c0, 0x0000000002ec3958]
Event: 1.217 Thread 0x000000001533d000  661       4       java.util.HashMap::containsKey (18 bytes)
Event: 1.217 Thread 0x0000000015342800  662       4       java.util.BitSet::set (58 bytes)
Event: 1.218 Thread 0x0000000015342800 nmethod 662 0x0000000002ecb610 code [0x0000000002ecb760, 0x0000000002ecb8e8]

GC Heap History (0 events):
No events

Deoptimization events (2 events):
Event: 0.676 Thread 0x00000000011ed800 Uncommon trap: reason=unstable_if action=reinterpret pc=0x0000000002dd14d4 method=java.lang.String.compareTo(Ljava/lang/String;)I @ 38
Event: 1.210 Thread 0x00000000171d7800 Uncommon trap: reason=unstable_if action=reinterpret pc=0x0000000002eb9044 method=java.util.HashMap.getNode(ILjava/lang/Object;)Ljava/util/HashMap$Node; @ 62

Internal exceptions (2 events):
Event: 0.061 Thread 0x00000000011ed800 Exception <a 'java/lang/NoSuchMethodError': Method sun.misc.Unsafe.defineClass(Ljava/lang/String;[BII)Ljava/lang/Class; name or signature does not match> (0x00000000eab07cc0) thrown at [C:\re\workspace\8-2-build-windows-amd64-cygwin\jdk8u101\7261\hotspot\s$|ë Ä[¯?
Event: 0.061 Thread 0x00000000011ed800 Exception <a 'java/lang/NoSuchMethodError': Method sun.misc.Unsafe.prefetchRead(Ljava/lang/Object;J)V name or signature does not match> (0x00000000eab07fa8) thrown at [C:\re\workspace\8-2-build-windows-amd64-cygwin\jdk8u101\7261\hotspot\src\share\vm\prims\

Events (10 events):
Event: 1.203 loading class java/util/TreeMap$EntryIterator done
Event: 1.204 loading class com/android/dx/dex/file/MethodAnnotationStruct
Event: 1.204 loading class com/android/dx/dex/file/MethodAnnotationStruct done
Event: 1.208 loading class java/util/DualPivotQuicksort
Event: 1.208 loading class java/util/DualPivotQuicksort done
Event: 1.210 Thread 0x00000000171d7800 Uncommon trap: trap_request=0xffffff65 fr.pc=0x0000000002eb9044
Event: 1.210 Thread 0x00000000171d7800 DEOPT PACKING pc=0x0000000002eb9044 sp=0x000000001799ea30
Event: 1.210 Thread 0x00000000171d7800 DEOPT UNPACKING pc=0x0000000002cb582a sp=0x000000001799e9a8 mode 2
Event: 1.216 loading class java/util/ArrayList$1
Event: 1.216 loading class java/util/ArrayList$1 done


Dynamic libraries:
0x00007ff618850000 - 0x00007ff618887000 	C:\Program Files\Java\jdk1.8.0_101\bin\java.exe
0x00007ffe15cb0000 - 0x00007ffe15e5a000 	C:\Windows\SYSTEM32\ntdll.dll
0x00007ffe14b60000 - 0x00007ffe14c9a000 	C:\Windows\system32\KERNEL32.DLL
0x00007ffe130f0000 - 0x00007ffe131ff000 	C:\Windows\system32\KERNELBASE.dll
0x00007ffe117b0000 - 0x00007ffe11838000 	C:\Windows\system32\apphelp.dll
0x00007ffe01990000 - 0x00007ffe019df000 	C:\Windows\AppPatch\AppPatch64\AcGenral.DLL
0x00007ffe15680000 - 0x00007ffe15727000 	C:\Windows\system32\msvcrt.dll
0x00007ffe12ed0000 - 0x00007ffe12efb000 	C:\Windows\SYSTEM32\SspiCli.dll
0x00007ffe15730000 - 0x00007ffe15781000 	C:\Windows\system32\SHLWAPI.dll
0x00007ffe15830000 - 0x00007ffe159a1000 	C:\Windows\system32\USER32.dll
0x00007ffe159b0000 - 0x00007ffe15b28000 	C:\Windows\system32\ole32.dll
0x00007ffe135a0000 - 0x00007ffe149c0000 	C:\Windows\system32\SHELL32.dll
0x00007ffe12690000 - 0x00007ffe126ae000 	C:\Windows\SYSTEM32\USERENV.dll
0x00007ffe151a0000 - 0x00007ffe15245000 	C:\Windows\system32\ADVAPI32.dll
0x00007ffe0b9b0000 - 0x00007ffe0b9cb000 	C:\Windows\SYSTEM32\MPR.dll
0x00007ffe15b70000 - 0x00007ffe15ca7000 	C:\Windows\system32\RPCRT4.dll
0x00007ffe149c0000 - 0x00007ffe14a17000 	C:\Windows\SYSTEM32\sechost.dll
0x00007ffe14ca0000 - 0x00007ffe14e76000 	C:\Windows\SYSTEM32\combase.dll
0x00007ffe153f0000 - 0x00007ffe15534000 	C:\Windows\system32\GDI32.dll
0x00007ffe13020000 - 0x00007ffe13034000 	C:\Windows\SYSTEM32\profapi.dll
0x00007ffe10e70000 - 0x00007ffe10f0f000 	C:\Windows\SYSTEM32\SHCORE.dll
0x00007ffe15b30000 - 0x00007ffe15b64000 	C:\Windows\system32\IMM32.DLL
0x00007ffe14e80000 - 0x00007ffe14fb9000 	C:\Windows\system32\MSCTF.dll
0x00007ffe10670000 - 0x00007ffe108ca000 	C:\Windows\WinSxS\amd64_microsoft.windows.common-controls_6595b64144ccf1df_6.0.9600.17031_none_6242a4b3ecbb55a1\COMCTL32.dll
0x0000000070be0000 - 0x0000000070cb2000 	C:\Program Files\Java\jdk1.8.0_101\jre\bin\msvcr100.dll
0x0000000070340000 - 0x0000000070bda000 	C:\Program Files\Java\jdk1.8.0_101\jre\bin\server\jvm.dll
0x00007ffe0b5b0000 - 0x00007ffe0b5b9000 	C:\Windows\SYSTEM32\WSOCK32.dll
0x00007ffe05000000 - 0x00007ffe0501f000 	C:\Windows\SYSTEM32\WINMM.dll
0x00007ffe0b9f0000 - 0x00007ffe0b9fa000 	C:\Windows\SYSTEM32\VERSION.dll
0x00007ffe15670000 - 0x00007ffe15677000 	C:\Windows\system32\PSAPI.DLL
0x00007ffe14a20000 - 0x00007ffe14a78000 	C:\Windows\system32\WS2_32.dll
0x00007ffe04fd0000 - 0x00007ffe04ffa000 	C:\Windows\SYSTEM32\WINMMBASE.dll
0x00007ffe13590000 - 0x00007ffe13599000 	C:\Windows\system32\NSI.dll
0x00007ffe13430000 - 0x00007ffe1347a000 	C:\Windows\SYSTEM32\cfgmgr32.dll
0x00007ffe11ed0000 - 0x00007ffe11ef6000 	C:\Windows\SYSTEM32\DEVOBJ.dll
0x00000000717b0000 - 0x00000000717bf000 	C:\Program Files\Java\jdk1.8.0_101\jre\bin\verify.dll
0x0000000070310000 - 0x0000000070339000 	C:\Program Files\Java\jdk1.8.0_101\jre\bin\java.dll
0x00000000702f0000 - 0x0000000070306000 	C:\Program Files\Java\jdk1.8.0_101\jre\bin\zip.dll

VM Arguments:
jvm_args: -Djava.awt.headless=true -Xmx1024M -Dfile.encoding=windows-1252 -Duser.country=ES -Duser.language=es -Duser.variant 
java_command: com.android.dx.command.Main --dex --force-jumbo --num-threads=4 --output D:\Android\ControlOrden\app\build\intermediates\pre-dexed\debug\com.android.support-support-v4-23.4.0_a06072dd36f645242c120fe906444270fdf2bb13.jar D:\Android\ControlOrden\app\build\intermediates\exploded-aar\com.android.support\support-v4\23.4.0\jars\classes.jar
java_class_path (initial): C:\Android\sdk\build-tools\23.0.3\lib\dx.jar
Launcher Type: SUN_STANDARD

Environment Variables:
JAVA_HOME=C:\Program Files\Java\jdk1.8.0_51
PATH=C:\ProgramData\Oracle\Java\javapath;C:\Windows\System32\Wbem;C:\App\isielcsoft\product\11.2.0\dbhome_1\bin;D:\app\client\ellave\product\12.1.0\client_1;D:\app\client\ellave\product\12.1.0\client_1\bin;C:\windows\system32;c:\windows;C:\Program Files (x86)\Microsoft SQL Server\100\Tools\Binn\;C:\Program Files (x86)\Microsoft SQL Server\100\DTS\Binn\;C:\Program Files (x86)\Microsoft SQL Server\100\Tools\Binn\VSShell\Common7\IDE\;C:\Program Files\Microsoft SQL Server\100\Tools\Binn\;C:\Program Files (x86)\Skype\Phone\;C:\Oracle\instantclient_12_1;C:\Program Files (x86)\Windows Kits\8.1\Windows Performance Toolkit\;C:\Program Files\Microsoft SQL Server\110\Tools\Binn\
USERNAME=Jimena Vidal
OS=Windows_NT
PROCESSOR_IDENTIFIER=Intel64 Family 6 Model 58 Stepping 9, GenuineIntel



---------------  S Y S T E M  ---------------

OS: Windows 8.1 , 64 bit Build 9600 (6.3.9600.17056)

CPU:total 4 (4 cores per cpu, 1 threads per core) family 6 model 58 stepping 9, cmov, cx8, fxsr, mmx, sse, sse2, sse3, ssse3, sse4.1, sse4.2, popcnt, avx, aes, clmul, erms, tsc, tscinvbit, tscinv

Memory: 4k page, physical 8254900k(953440k free), swap 11400628k(5060k free)

vm_info: Java HotSpot(TM) 64-Bit Server VM (25.101-b13) for windows-amd64 JRE (1.8.0_101-b13), built on Jun 22 2016 01:21:29 by "java_re" with MS VC++ 10.0 (VS2010)

time: Thu Sep 22 10:31:05 2016
elapsed time: 1 seconds (0d 0h 0m 1s)

