#
# There is insufficient memory for the Java Runtime Environment to continue.
# Native memory allocation (malloc) failed to allocate 32744 bytes for ChunkPool::allocate
# Possible reasons:
#   The system is out of physical RAM or swap space
#   In 32 bit mode, the process size limit was hit
# Possible solutions:
#   Reduce memory load on the system
#   Increase physical memory or swap space
#   Check if swap backing store is full
#   Use 64 bit Java on a 64 bit OS
#   Decrease Java heap size (-Xmx/-Xms)
#   Decrease number of Java threads
#   Decrease Java thread stack sizes (-Xss)
#   Set larger code cache with -XX:ReservedCodeCacheSize=
# This output file may be truncated or incomplete.
#
#  Out of Memory Error (allocation.cpp:273), pid=912, tid=0x000000000000044c
#
# JRE version: Java(TM) SE Runtime Environment (8.0_101-b13) (build 1.8.0_101-b13)
# Java VM: Java HotSpot(TM) 64-Bit Server VM (25.101-b13 mixed mode windows-amd64 compressed oops)
# Failed to write core dump. Minidumps are not enabled by default on client versions of Windows
#

---------------  T H R E A D  ---------------

Current thread (0x00000000145f0000):  JavaThread "C2 CompilerThread1" daemon [_thread_in_native, id=1100, stack(0x0000000015f50000,0x0000000016050000)]

Stack: [0x0000000015f50000,0x0000000016050000]
[error occurred during error reporting (printing stack bounds), id 0xc0000005]

Native frames: (J=compiled Java code, j=interpreted, Vv=VM code, C=native code)


Current CompileTask:
C2:   1567 1242       4       com.android.dx.rop.code.RopMethod::calcPredecessors (227 bytes)


---------------  P R O C E S S  ---------------

Java Threads: ( => current thread )
  0x00000000163c5000 JavaThread "pool-2-thread-4" [_thread_blocked, id=7880, stack(0x0000000016b50000,0x0000000016c50000)]
  0x00000000163c3800 JavaThread "pool-2-thread-3" [_thread_blocked, id=7304, stack(0x0000000016a50000,0x0000000016b50000)]
  0x00000000163c2000 JavaThread "pool-2-thread-2" [_thread_blocked, id=1208, stack(0x0000000016950000,0x0000000016a50000)]
  0x00000000163bc000 JavaThread "pool-3-thread-1" [_thread_blocked, id=7928, stack(0x0000000016850000,0x0000000016950000)]
  0x00000000163b2000 JavaThread "pool-2-thread-1" [_thread_blocked, id=7324, stack(0x0000000016750000,0x0000000016850000)]
  0x0000000016151000 JavaThread "Service Thread" daemon [_thread_blocked, id=7664, stack(0x0000000016550000,0x0000000016650000)]
  0x00000000145f5000 JavaThread "C1 CompilerThread2" daemon [_thread_blocked, id=7536, stack(0x0000000016050000,0x0000000016150000)]
=>0x00000000145f0000 JavaThread "C2 CompilerThread1" daemon [_thread_in_native, id=1100, stack(0x0000000015f50000,0x0000000016050000)]
  0x00000000145ed000 JavaThread "C2 CompilerThread0" daemon [_thread_in_native, id=5904, stack(0x0000000015e50000,0x0000000015f50000)]
  0x00000000145eb000 JavaThread "Attach Listener" daemon [_thread_blocked, id=4940, stack(0x0000000015d50000,0x0000000015e50000)]
  0x00000000145ea000 JavaThread "Signal Dispatcher" daemon [_thread_blocked, id=6928, stack(0x0000000015c50000,0x0000000015d50000)]
  0x00000000145da000 JavaThread "Finalizer" daemon [_thread_blocked, id=1888, stack(0x0000000015860000,0x0000000015960000)]
  0x00000000145b9000 JavaThread "Reference Handler" daemon [_thread_blocked, id=5916, stack(0x0000000015760000,0x0000000015860000)]
  0x0000000001f1d800 JavaThread "main" [_thread_in_Java, id=6036, stack(0x0000000001c40000,0x0000000001d40000)]

Other Threads:
  0x00000000145b7000 VMThread [stack: 0x0000000015660000,0x0000000015760000] [id=8120]
  0x000000001615a000 WatcherThread [stack: 0x0000000016650000,0x0000000016750000] [id=5244]

VM state:not at safepoint (normal execution)

VM Mutex/Monitor currently owned by a thread: None

Heap:
 PSYoungGen      total 37888K, used 11703K [0x00000000eab00000, 0x00000000ed500000, 0x0000000100000000)
  eden space 32768K, 20% used [0x00000000eab00000,0x00000000eb1736d0,0x00000000ecb00000)
  from space 5120K, 99% used [0x00000000ecb00000,0x00000000ecffa5f0,0x00000000ed000000)
  to   space 5120K, 0% used [0x00000000ed000000,0x00000000ed000000,0x00000000ed500000)
 ParOldGen       total 86016K, used 1035K [0x00000000c0000000, 0x00000000c5400000, 0x00000000eab00000)
  object space 86016K, 1% used [0x00000000c0000000,0x00000000c0102d78,0x00000000c5400000)
 Metaspace       used 5988K, capacity 6898K, committed 7040K, reserved 1056768K
  class space    used 594K, capacity 618K, committed 640K, reserved 1048576K

Card table byte_map: [0x00000000112e0000,0x00000000114f0000] byte_map_base: 0x0000000010ce0000

Marking Bits: (ParMarkBitMap*) 0x0000000070b5a6d0
 Begin Bits: [0x0000000011a50000, 0x0000000012a50000)
 End Bits:   [0x0000000012a50000, 0x0000000013a50000)

Polling page: 0x0000000001d40000

CodeCache: size=245760Kb used=4955Kb max_used=4955Kb free=240804Kb
 bounds [0x0000000001f20000, 0x0000000002400000, 0x0000000010f20000]
 total_blobs=1510 nmethods=1242 adapters=181
 compilation: enabled

Compilation events (10 events):
Event: 1.559 Thread 0x00000000145f5000 1257       3       com.android.dx.cf.code.BytecodeArray::processWorkSet (50 bytes)
Event: 1.559 Thread 0x00000000145f5000 nmethod 1257 0x00000000023f8350 code [0x00000000023f8500, 0x00000000023f8a78]
Event: 1.559 Thread 0x00000000145f5000 1256       3       com.android.dx.dex.cf.AttributeTranslator::getSignature (26 bytes)
Event: 1.559 Thread 0x00000000145f5000 nmethod 1256 0x00000000023f8d10 code [0x00000000023f8ec0, 0x00000000023f92e8]
Event: 1.560 Thread 0x00000000145f5000 1259       3       com.android.dx.rop.type.Prototype::compareTo (120 bytes)
Event: 1.561 Thread 0x00000000145f5000 nmethod 1259 0x00000000023f9450 code [0x00000000023f9660, 0x00000000023fa4f8]
Event: 1.561 Thread 0x00000000145f5000 1260       3       com.android.dx.rop.type.Type::compareTo (9 bytes)
Event: 1.561 Thread 0x00000000145f5000 nmethod 1260 0x00000000023fac10 code [0x00000000023fad80, 0x00000000023fb168]
Event: 1.561 Thread 0x00000000145f5000 1261       3       java.util.concurrent.locks.AbstractOwnableSynchronizer::setExclusiveOwnerThread (6 bytes)
Event: 1.561 Thread 0x00000000145f5000 nmethod 1261 0x00000000023fb2d0 code [0x00000000023fb420, 0x00000000023fb590]

GC Heap History (2 events):
Event: 1.401 GC heap before
{Heap before GC invocations=1 (full 0):
 PSYoungGen      total 37888K, used 32768K [0x00000000eab00000, 0x00000000ed500000, 0x0000000100000000)
  eden space 32768K, 100% used [0x00000000eab00000,0x00000000ecb00000,0x00000000ecb00000)
  from space 5120K, 0% used [0x00000000ed000000,0x00000000ed000000,0x00000000ed500000)
  to   space 5120K, 0% used [0x00000000ecb00000,0x00000000ecb00000,0x00000000ed000000)
 ParOldGen       total 86016K, used 0K [0x00000000c0000000, 0x00000000c5400000, 0x00000000eab00000)
  object space 86016K, 0% used [0x00000000c0000000,0x00000000c0000000,0x00000000c5400000)
 Metaspace       used 5885K, capacity 6834K, committed 7040K, reserved 1056768K
  class space    used 594K, capacity 618K, committed 640K, reserved 1048576K
Event: 1.467 GC heap after
Heap after GC invocations=1 (full 0):
 PSYoungGen      total 37888K, used 5097K [0x00000000eab00000, 0x00000000ed500000, 0x0000000100000000)
  eden space 32768K, 0% used [0x00000000eab00000,0x00000000eab00000,0x00000000ecb00000)
  from space 5120K, 99% used [0x00000000ecb00000,0x00000000ecffa5f0,0x00000000ed000000)
  to   space 5120K, 0% used [0x00000000ed000000,0x00000000ed000000,0x00000000ed500000)
 ParOldGen       total 86016K, used 1035K [0x00000000c0000000, 0x00000000c5400000, 0x00000000eab00000)
  object space 86016K, 1% used [0x00000000c0000000,0x00000000c0102d78,0x00000000c5400000)
 Metaspace       used 5885K, capacity 6834K, committed 7040K, reserved 1056768K
  class space    used 594K, capacity 618K, committed 640K, reserved 1048576K
}

Deoptimization events (3 events):
Event: 0.698 Thread 0x00000000163b2000 Uncommon trap: reason=unstable_if action=reinterpret pc=0x000000000215a130 method=java.util.BitSet.nextSetBit(I)I @ 87
Event: 1.079 Thread 0x00000000163c3800 Uncommon trap: reason=unstable_if action=reinterpret pc=0x000000000219b0f4 method=java.util.BitSet.ensureCapacity(I)V @ 6
Event: 1.079 Thread 0x00000000163c3800 Uncommon trap: reason=unstable_if action=reinterpret pc=0x000000000225ddb0 method=java.util.BitSet.ensureCapacity(I)V @ 6

Internal exceptions (2 events):
Event: 0.040 Thread 0x0000000001f1d800 Exception <a 'java/lang/NoSuchMethodError': Method sun.misc.Unsafe.defineClass(Ljava/lang/String;[BII)Ljava/lang/Class; name or signature does not match> (0x00000000eab07cc0) thrown at [C:\re\workspace\8-2-build-windows-amd64-cygwin\jdk8u101\7261\hotspot\sS%‹Û√B§?
Event: 0.040 Thread 0x0000000001f1d800 Exception <a 'java/lang/NoSuchMethodError': Method sun.misc.Unsafe.prefetchRead(Ljava/lang/Object;J)V name or signature does not match> (0x00000000eab07fa8) thrown at [C:\re\workspace\8-2-build-windows-amd64-cygwin\jdk8u101\7261\hotspot\src\share\vm\prims\

Events (10 events):
Event: 1.086 loading class java/util/TreeMap$EntryIterator
Event: 1.087 loading class java/util/TreeMap$EntryIterator done
Event: 1.087 Executing VM operation: Deoptimize
Event: 1.096 Executing VM operation: Deoptimize done
Event: 1.400 Executing VM operation: ParallelGCFailedAllocation
Event: 1.467 Executing VM operation: ParallelGCFailedAllocation done
Event: 1.552 Thread 0x00000000163c3800 DEOPT PACKING pc=0x000000000230fded sp=0x0000000016b4ec70
Event: 1.552 Thread 0x00000000163c3800 DEOPT UNPACKING pc=0x0000000001f6787f sp=0x0000000016b4ea08 mode 0
Event: 1.559 Thread 0x00000000163c3800 DEOPT PACKING pc=0x00000000021f7c0f sp=0x0000000016b4edd0
Event: 1.559 Thread 0x00000000163c3800 DEOPT UNPACKING pc=0x0000000001f6787f sp=0x0000000016b4ebb0 mode 0


Dynamic libraries:
0x00007ff618850000 - 0x00007ff618887000 	C:\Program Files\Java\jdk1.8.0_101\bin\java.exe
0x00007ffe15cb0000 - 0x00007ffe15e5a000 	C:\Windows\SYSTEM32\ntdll.dll
0x00007ffe14b60000 - 0x00007ffe14c9a000 	C:\Windows\system32\KERNEL32.DLL
0x00007ffe130f0000 - 0x00007ffe131ff000 	C:\Windows\system32\KERNELBASE.dll
0x00007ffe117b0000 - 0x00007ffe11838000 	C:\Windows\system32\apphelp.dll
0x00007ffe01990000 - 0x00007ffe019df000 	C:\Windows\AppPatch\AppPatch64\AcGenral.DLL
0x00007ffe15680000 - 0x00007ffe15727000 	C:\Windows\system32\msvcrt.dll
0x00007ffe12ed0000 - 0x00007ffe12efb000 	C:\Windows\SYSTEM32\SspiCli.dll
0x00007ffe15730000 - 0x00007ffe15781000 	C:\Windows\system32\SHLWAPI.dll
0x00007ffe15830000 - 0x00007ffe159a1000 	C:\Windows\system32\USER32.dll
0x00007ffe159b0000 - 0x00007ffe15b28000 	C:\Windows\system32\ole32.dll
0x00007ffe135a0000 - 0x00007ffe149c0000 	C:\Windows\system32\SHELL32.dll
0x00007ffe12690000 - 0x00007ffe126ae000 	C:\Windows\SYSTEM32\USERENV.dll
0x00007ffe151a0000 - 0x00007ffe15245000 	C:\Windows\system32\ADVAPI32.dll
0x00007ffe0b9b0000 - 0x00007ffe0b9cb000 	C:\Windows\SYSTEM32\MPR.dll
0x00007ffe15b70000 - 0x00007ffe15ca7000 	C:\Windows\system32\RPCRT4.dll
0x00007ffe149c0000 - 0x00007ffe14a17000 	C:\Windows\SYSTEM32\sechost.dll
0x00007ffe14ca0000 - 0x00007ffe14e76000 	C:\Windows\SYSTEM32\combase.dll
0x00007ffe153f0000 - 0x00007ffe15534000 	C:\Windows\system32\GDI32.dll
0x00007ffe13020000 - 0x00007ffe13034000 	C:\Windows\SYSTEM32\profapi.dll
0x00007ffe10e70000 - 0x00007ffe10f0f000 	C:\Windows\SYSTEM32\SHCORE.dll
0x00007ffe15b30000 - 0x00007ffe15b64000 	C:\Windows\system32\IMM32.DLL
0x00007ffe14e80000 - 0x00007ffe14fb9000 	C:\Windows\system32\MSCTF.dll
0x00007ffe10670000 - 0x00007ffe108ca000 	C:\Windows\WinSxS\amd64_microsoft.windows.common-controls_6595b64144ccf1df_6.0.9600.17031_none_6242a4b3ecbb55a1\COMCTL32.dll
0x0000000070be0000 - 0x0000000070cb2000 	C:\Program Files\Java\jdk1.8.0_101\jre\bin\msvcr100.dll
0x0000000070340000 - 0x0000000070bda000 	C:\Program Files\Java\jdk1.8.0_101\jre\bin\server\jvm.dll
0x00007ffe0b5b0000 - 0x00007ffe0b5b9000 	C:\Windows\SYSTEM32\WSOCK32.dll
0x00007ffe05000000 - 0x00007ffe0501f000 	C:\Windows\SYSTEM32\WINMM.dll
0x00007ffe0b9f0000 - 0x00007ffe0b9fa000 	C:\Windows\SYSTEM32\VERSION.dll
0x00007ffe15670000 - 0x00007ffe15677000 	C:\Windows\system32\PSAPI.DLL
0x00007ffe14a20000 - 0x00007ffe14a78000 	C:\Windows\system32\WS2_32.dll
0x00007ffe04fd0000 - 0x00007ffe04ffa000 	C:\Windows\SYSTEM32\WINMMBASE.dll
0x00007ffe13590000 - 0x00007ffe13599000 	C:\Windows\system32\NSI.dll
0x00007ffe13430000 - 0x00007ffe1347a000 	C:\Windows\SYSTEM32\cfgmgr32.dll
0x00007ffe11ed0000 - 0x00007ffe11ef6000 	C:\Windows\SYSTEM32\DEVOBJ.dll
0x00000000717b0000 - 0x00000000717bf000 	C:\Program Files\Java\jdk1.8.0_101\jre\bin\verify.dll
0x0000000070310000 - 0x0000000070339000 	C:\Program Files\Java\jdk1.8.0_101\jre\bin\java.dll
0x00000000702f0000 - 0x0000000070306000 	C:\Program Files\Java\jdk1.8.0_101\jre\bin\zip.dll

VM Arguments:
jvm_args: -Djava.awt.headless=true -Xmx1024M -Dfile.encoding=windows-1252 -Duser.country=ES -Duser.language=es -Duser.variant 
java_command: com.android.dx.command.Main --dex --force-jumbo --num-threads=4 --multi-dex --output D:\Android\ControlOrden\app\build\intermediates\transforms\dex\debug\folders\1000\2\ksoap2-android-assembly-3.1.1-jar-with-dependencies_966c0adba1fe8dba9b1fc004eb605ed06fcc62e1 D:\Android\ControlOrden\app\libs\ksoap2-android-assembly-3.1.1-jar-with-dependencies.jar
java_class_path (initial): C:\Android\sdk\build-tools\23.0.3\lib\dx.jar
Launcher Type: SUN_STANDARD

Environment Variables:
JAVA_HOME=C:\Program Files\Java\jdk1.8.0_51
PATH=C:\ProgramData\Oracle\Java\javapath;C:\Windows\System32\Wbem;C:\App\isielcsoft\product\11.2.0\dbhome_1\bin;D:\app\client\ellave\product\12.1.0\client_1;D:\app\client\ellave\product\12.1.0\client_1\bin;C:\windows\system32;c:\windows;C:\Program Files (x86)\Microsoft SQL Server\100\Tools\Binn\;C:\Program Files (x86)\Microsoft SQL Server\100\DTS\Binn\;C:\Program Files (x86)\Microsoft SQL Server\100\Tools\Binn\VSShell\Common7\IDE\;C:\Program Files\Microsoft SQL Server\100\Tools\Binn\;C:\Program Files (x86)\Skype\Phone\;C:\Oracle\instantclient_12_1;C:\Program Files (x86)\Windows Kits\8.1\Windows Performance Toolkit\;C:\Program Files\Microsoft SQL Server\110\Tools\Binn\
USERNAME=Jimena Vidal
OS=Windows_NT
PROCESSOR_IDENTIFIER=Intel64 Family 6 Model 58 Stepping 9, GenuineIntel



---------------  S Y S T E M  ---------------

OS: Windows 8.1 , 64 bit Build 9600 (6.3.9600.17056)

CPU:total 4 (4 cores per cpu, 1 threads per core) family 6 model 58 stepping 9, cmov, cx8, fxsr, mmx, sse, sse2, sse3, ssse3, sse4.1, sse4.2, popcnt, avx, aes, clmul, erms, tsc, tscinvbit, tscinv

Memory: 4k page, physical 8254900k(881260k free), swap 11400628k(5104k free)

vm_info: Java HotSpot(TM) 64-Bit Server VM (25.101-b13) for windows-amd64 JRE (1.8.0_101-b13), built on Jun 22 2016 01:21:29 by "java_re" with MS VC++ 10.0 (VS2010)

time: Thu Sep 22 10:25:24 2016
elapsed time: 1 seconds (0d 0h 0m 1s)

