#
# There is insufficient memory for the Java Runtime Environment to continue.
# Native memory allocation (malloc) failed to allocate 39536 bytes for Chunk::new
# Possible reasons:
#   The system is out of physical RAM or swap space
#   In 32 bit mode, the process size limit was hit
# Possible solutions:
#   Reduce memory load on the system
#   Increase physical memory or swap space
#   Check if swap backing store is full
#   Use 64 bit Java on a 64 bit OS
#   Decrease Java heap size (-Xmx/-Xms)
#   Decrease number of Java threads
#   Decrease Java thread stack sizes (-Xss)
#   Set larger code cache with -XX:ReservedCodeCacheSize=
# This output file may be truncated or incomplete.
#
#  Out of Memory Error (allocation.cpp:390), pid=3900, tid=0x0000000000001630
#
# JRE version: Java(TM) SE Runtime Environment (8.0_101-b13) (build 1.8.0_101-b13)
# Java VM: Java HotSpot(TM) 64-Bit Server VM (25.101-b13 mixed mode windows-amd64 compressed oops)
# Failed to write core dump. Minidumps are not enabled by default on client versions of Windows
#

---------------  T H R E A D  ---------------

Current thread (0x00000000155f7800):  JavaThread "C2 CompilerThread1" daemon [_thread_in_native, id=5680, stack(0x0000000016ee0000,0x0000000016fe0000)]

Stack: [0x0000000016ee0000,0x0000000016fe0000]
[error occurred during error reporting (printing stack bounds), id 0xc0000005]

Native frames: (J=compiled Java code, j=interpreted, Vv=VM code, C=native code)


Current CompileTask:
C2:   5100 1258 %     4       com.android.dx.ssa.SsaMethod::deleteInsns @ 42 (239 bytes)


---------------  P R O C E S S  ---------------

Java Threads: ( => current thread )
  0x000000001735d800 JavaThread "pool-2-thread-4" [_thread_in_Java, id=5140, stack(0x0000000017ae0000,0x0000000017be0000)]
  0x000000001735b800 JavaThread "pool-2-thread-3" [_thread_blocked, id=3956, stack(0x00000000179e0000,0x0000000017ae0000)]
  0x0000000017356800 JavaThread "pool-2-thread-2" [_thread_blocked, id=3848, stack(0x00000000178e0000,0x00000000179e0000)]
  0x000000001734f800 JavaThread "pool-3-thread-1" [_thread_blocked, id=7552, stack(0x00000000177e0000,0x00000000178e0000)]
  0x000000001734e800 JavaThread "pool-2-thread-1" [_thread_in_Java, id=2276, stack(0x00000000176e0000,0x00000000177e0000)]
  0x00000000170e6800 JavaThread "Service Thread" daemon [_thread_blocked, id=3028, stack(0x00000000174e0000,0x00000000175e0000)]
  0x00000000155fc000 JavaThread "C1 CompilerThread2" daemon [_thread_blocked, id=1752, stack(0x0000000016fe0000,0x00000000170e0000)]
=>0x00000000155f7800 JavaThread "C2 CompilerThread1" daemon [_thread_in_native, id=5680, stack(0x0000000016ee0000,0x0000000016fe0000)]
  0x000000001559e800 JavaThread "C2 CompilerThread0" daemon [_thread_in_vm, id=3084, stack(0x0000000016de0000,0x0000000016ee0000)]
  0x000000001559c800 JavaThread "Attach Listener" daemon [_thread_blocked, id=3140, stack(0x0000000016ce0000,0x0000000016de0000)]
  0x0000000015599800 JavaThread "Signal Dispatcher" daemon [_thread_blocked, id=5932, stack(0x0000000016be0000,0x0000000016ce0000)]
  0x000000001558a800 JavaThread "Finalizer" daemon [_thread_blocked, id=7432, stack(0x00000000167f0000,0x00000000168f0000)]
  0x0000000002ebf800 JavaThread "Reference Handler" daemon [_thread_blocked, id=5972, stack(0x00000000166f0000,0x00000000167f0000)]
  0x00000000012bd800 JavaThread "main" [_thread_blocked, id=7708, stack(0x0000000002cd0000,0x0000000002dd0000)]

Other Threads:
  0x0000000015568000 VMThread [stack: 0x00000000165f0000,0x00000000166f0000] [id=4004]
  0x00000000170f3000 WatcherThread [stack: 0x00000000175e0000,0x00000000176e0000] [id=3432]

VM state:not at safepoint (normal execution)

VM Mutex/Monitor currently owned by a thread: None

Heap:
 PSYoungGen      total 37888K, used 25134K [0x00000000eab00000, 0x00000000ed500000, 0x0000000100000000)
  eden space 32768K, 61% used [0x00000000eab00000,0x00000000ebe90ed0,0x00000000ecb00000)
  from space 5120K, 99% used [0x00000000ecb00000,0x00000000ecffa9f8,0x00000000ed000000)
  to   space 5120K, 0% used [0x00000000ed000000,0x00000000ed000000,0x00000000ed500000)
 ParOldGen       total 86016K, used 1314K [0x00000000c0000000, 0x00000000c5400000, 0x00000000eab00000)
  object space 86016K, 1% used [0x00000000c0000000,0x00000000c0148970,0x00000000c5400000)
 Metaspace       used 6015K, capacity 6962K, committed 7040K, reserved 1056768K
  class space    used 596K, capacity 618K, committed 640K, reserved 1048576K

Card table byte_map: [0x0000000012290000,0x00000000124a0000] byte_map_base: 0x0000000011c90000

Marking Bits: (ParMarkBitMap*) 0x0000000070b5a6d0
 Begin Bits: [0x0000000012a00000, 0x0000000013a00000)
 End Bits:   [0x0000000013a00000, 0x0000000014a00000)

Polling page: 0x0000000001250000

CodeCache: size=245760Kb used=5272Kb max_used=5290Kb free=240487Kb
 bounds [0x0000000002ed0000, 0x0000000003400000, 0x0000000011ed0000]
 total_blobs=1576 nmethods=1307 adapters=182
 compilation: enabled

Compilation events (10 events):
Event: 5.069 Thread 0x00000000155fc000 1308       1       com.android.dx.cf.attrib.AttExceptions::getExceptions (5 bytes)
Event: 5.069 Thread 0x00000000155fc000 nmethod 1308 0x00000000033f1290 code [0x00000000033f13e0, 0x00000000033f14f0]
Event: 5.069 Thread 0x00000000155fc000 1316       3       com.android.dx.rop.type.Type::compareTo (9 bytes)
Event: 5.070 Thread 0x00000000155fc000 nmethod 1316 0x00000000033f1910 code [0x00000000033f1a80, 0x00000000033f1e68]
Event: 5.072 Thread 0x00000000155fc000 1317       3       com.android.dx.rop.cst.CstKnownNull::equals (5 bytes)
Event: 5.072 Thread 0x00000000155fc000 nmethod 1317 0x00000000033f1fd0 code [0x00000000033f2120, 0x00000000033f2370]
Event: 5.072 Thread 0x00000000155fc000 1318       3       com.android.dx.util.LabeledList::rebuildLabelToIndex (46 bytes)
Event: 5.072 Thread 0x00000000155fc000 nmethod 1318 0x00000000033f2410 code [0x00000000033f25c0, 0x00000000033f2c48]
Event: 5.073 Thread 0x000000001559e800 nmethod 1181 0x00000000033f2e50 code [0x00000000033f3340, 0x00000000033f7c20]
Event: 5.074 Thread 0x000000001559e800 1313       4       com.android.dx.ssa.NormalSsaInsn::accept (25 bytes)

GC Heap History (2 events):
Event: 4.834 GC heap before
{Heap before GC invocations=1 (full 0):
 PSYoungGen      total 37888K, used 32768K [0x00000000eab00000, 0x00000000ed500000, 0x0000000100000000)
  eden space 32768K, 100% used [0x00000000eab00000,0x00000000ecb00000,0x00000000ecb00000)
  from space 5120K, 0% used [0x00000000ed000000,0x00000000ed000000,0x00000000ed500000)
  to   space 5120K, 0% used [0x00000000ecb00000,0x00000000ecb00000,0x00000000ed000000)
 ParOldGen       total 86016K, used 0K [0x00000000c0000000, 0x00000000c5400000, 0x00000000eab00000)
  object space 86016K, 0% used [0x00000000c0000000,0x00000000c0000000,0x00000000c5400000)
 Metaspace       used 5988K, capacity 6898K, committed 7040K, reserved 1056768K
  class space    used 596K, capacity 618K, committed 640K, reserved 1048576K
Event: 5.035 GC heap after
Heap after GC invocations=1 (full 0):
 PSYoungGen      total 37888K, used 5098K [0x00000000eab00000, 0x00000000ed500000, 0x0000000100000000)
  eden space 32768K, 0% used [0x00000000eab00000,0x00000000eab00000,0x00000000ecb00000)
  from space 5120K, 99% used [0x00000000ecb00000,0x00000000ecffa9f8,0x00000000ed000000)
  to   space 5120K, 0% used [0x00000000ed000000,0x00000000ed000000,0x00000000ed500000)
 ParOldGen       total 86016K, used 1314K [0x00000000c0000000, 0x00000000c5400000, 0x00000000eab00000)
  object space 86016K, 1% used [0x00000000c0000000,0x00000000c0148970,0x00000000c5400000)
 Metaspace       used 5988K, capacity 6898K, committed 7040K, reserved 1056768K
  class space    used 596K, capacity 618K, committed 640K, reserved 1048576K
}

Deoptimization events (10 events):
Event: 3.939 Thread 0x00000000012bd800 Uncommon trap: reason=bimorphic action=maybe_recompile pc=0x00000000032ff754 method=com.android.dx.cf.code.BytecodeArray.parseInstruction(ILcom/android/dx/cf/code/BytecodeArray$Visitor;)I @ 907
Event: 3.939 Thread 0x00000000012bd800 Uncommon trap: reason=bimorphic action=maybe_recompile pc=0x00000000032ff754 method=com.android.dx.cf.code.BytecodeArray.parseInstruction(ILcom/android/dx/cf/code/BytecodeArray$Visitor;)I @ 907
Event: 4.511 Thread 0x0000000017356800 Uncommon trap: reason=bimorphic action=maybe_recompile pc=0x00000000033a9670 method=com.android.dx.cf.code.BytecodeArray.parseInstruction(ILcom/android/dx/cf/code/BytecodeArray$Visitor;)I @ 923
Event: 4.511 Thread 0x0000000017356800 Uncommon trap: reason=bimorphic action=maybe_recompile pc=0x00000000033a9734 method=com.android.dx.cf.code.BytecodeArray.parseInstruction(ILcom/android/dx/cf/code/BytecodeArray$Visitor;)I @ 955
Event: 4.511 Thread 0x0000000017356800 Uncommon trap: reason=bimorphic action=maybe_recompile pc=0x00000000033a97b4 method=com.android.dx.cf.code.BytecodeArray.parseInstruction(ILcom/android/dx/cf/code/BytecodeArray$Visitor;)I @ 971
Event: 4.511 Thread 0x0000000017356800 Uncommon trap: reason=bimorphic action=maybe_recompile pc=0x00000000033a9834 method=com.android.dx.cf.code.BytecodeArray.parseInstruction(ILcom/android/dx/cf/code/BytecodeArray$Visitor;)I @ 987
Event: 4.511 Thread 0x0000000017356800 Uncommon trap: reason=bimorphic action=maybe_recompile pc=0x00000000033a9670 method=com.android.dx.cf.code.BytecodeArray.parseInstruction(ILcom/android/dx/cf/code/BytecodeArray$Visitor;)I @ 923
Event: 5.048 Thread 0x00000000012bd800 Uncommon trap: reason=bimorphic action=maybe_recompile pc=0x000000000326c6d0 method=java.util.HashMap.putVal(ILjava/lang/Object;Ljava/lang/Object;ZZ)Ljava/lang/Object; @ 91
Event: 5.055 Thread 0x00000000012bd800 Uncommon trap: reason=unstable_if action=reinterpret pc=0x0000000003225e9c method=com.android.dx.rop.cst.Constant.compareTo(Lcom/android/dx/rop/cst/Constant;)I @ 12
Event: 5.065 Thread 0x000000001735b800 Uncommon trap: reason=null_check action=make_not_entrant pc=0x0000000003183ee4 method=com.android.dx.ssa.SsaRenamer.getLocalForNewReg(I)Lcom/android/dx/rop/code/LocalItem; @ 19

Internal exceptions (3 events):
Event: 0.194 Thread 0x00000000012bd800 Exception <a 'java/lang/NoSuchMethodError': Method sun.misc.Unsafe.defineClass(Ljava/lang/String;[BII)Ljava/lang/Class; name or signature does not match> (0x00000000eab07cc0) thrown at [C:\re\workspace\8-2-build-windows-amd64-cygwin\jdk8u101\7261\hotspot\s ä¡‡üÈÈ?
Event: 0.194 Thread 0x00000000012bd800 Exception <a 'java/lang/NoSuchMethodError': Method sun.misc.Unsafe.prefetchRead(Ljava/lang/Object;J)V name or signature does not match> (0x00000000eab07fa8) thrown at [C:\re\workspace\8-2-build-windows-amd64-cygwin\jdk8u101\7261\hotspot\src\share\vm\prims\ô«{B@
Event: 5.065 Thread 0x000000001735b800 Implicit null exception at 0x0000000003183621 to 0x0000000003183ec1

Events (10 events):
Event: 5.055 Thread 0x00000000012bd800 DEOPT UNPACKING pc=0x0000000002f1582a sp=0x0000000002dcdf90 mode 2
Event: 5.057 Thread 0x000000001735b800 DEOPT PACKING pc=0x000000000327f76d sp=0x0000000017ade860
Event: 5.057 Thread 0x000000001735b800 DEOPT UNPACKING pc=0x0000000002f1787f sp=0x0000000017ade5f8 mode 0
Event: 5.058 Thread 0x000000001735b800 DEOPT PACKING pc=0x0000000003217b8f sp=0x0000000017ade820
Event: 5.058 Thread 0x000000001735b800 DEOPT UNPACKING pc=0x0000000002f1787f sp=0x0000000017ade600 mode 0
Event: 5.063 Thread 0x00000000012bd800 DEOPT PACKING pc=0x000000000327f76d sp=0x0000000002dce170
Event: 5.063 Thread 0x00000000012bd800 DEOPT UNPACKING pc=0x0000000002f1787f sp=0x0000000002dcdf08 mode 0
Event: 5.065 Thread 0x000000001735b800 Uncommon trap: trap_request=0xfffffff4 fr.pc=0x0000000003183ee4
Event: 5.065 Thread 0x000000001735b800 DEOPT PACKING pc=0x0000000003183ee4 sp=0x0000000017ade6d0
Event: 5.065 Thread 0x000000001735b800 DEOPT UNPACKING pc=0x0000000002f1582a sp=0x0000000017ade528 mode 2


Dynamic libraries:
0x00007ff618850000 - 0x00007ff618887000 	C:\Program Files\Java\jdk1.8.0_101\bin\java.exe
0x00007ffe15cb0000 - 0x00007ffe15e5a000 	C:\Windows\SYSTEM32\ntdll.dll
0x00007ffe14b60000 - 0x00007ffe14c9a000 	C:\Windows\system32\KERNEL32.DLL
0x00007ffe130f0000 - 0x00007ffe131ff000 	C:\Windows\system32\KERNELBASE.dll
0x00007ffe117b0000 - 0x00007ffe11838000 	C:\Windows\system32\apphelp.dll
0x00007ffe01990000 - 0x00007ffe019df000 	C:\Windows\AppPatch\AppPatch64\AcGenral.DLL
0x00007ffe15680000 - 0x00007ffe15727000 	C:\Windows\system32\msvcrt.dll
0x00007ffe12ed0000 - 0x00007ffe12efb000 	C:\Windows\SYSTEM32\SspiCli.dll
0x00007ffe15730000 - 0x00007ffe15781000 	C:\Windows\system32\SHLWAPI.dll
0x00007ffe15830000 - 0x00007ffe159a1000 	C:\Windows\system32\USER32.dll
0x00007ffe159b0000 - 0x00007ffe15b28000 	C:\Windows\system32\ole32.dll
0x00007ffe135a0000 - 0x00007ffe149c0000 	C:\Windows\system32\SHELL32.dll
0x00007ffe12690000 - 0x00007ffe126ae000 	C:\Windows\SYSTEM32\USERENV.dll
0x00007ffe151a0000 - 0x00007ffe15245000 	C:\Windows\system32\ADVAPI32.dll
0x00007ffe0b9b0000 - 0x00007ffe0b9cb000 	C:\Windows\SYSTEM32\MPR.dll
0x00007ffe15b70000 - 0x00007ffe15ca7000 	C:\Windows\system32\RPCRT4.dll
0x00007ffe149c0000 - 0x00007ffe14a17000 	C:\Windows\SYSTEM32\sechost.dll
0x00007ffe14ca0000 - 0x00007ffe14e76000 	C:\Windows\SYSTEM32\combase.dll
0x00007ffe153f0000 - 0x00007ffe15534000 	C:\Windows\system32\GDI32.dll
0x00007ffe13020000 - 0x00007ffe13034000 	C:\Windows\SYSTEM32\profapi.dll
0x00007ffe10e70000 - 0x00007ffe10f0f000 	C:\Windows\SYSTEM32\SHCORE.dll
0x00007ffe15b30000 - 0x00007ffe15b64000 	C:\Windows\system32\IMM32.DLL
0x00007ffe14e80000 - 0x00007ffe14fb9000 	C:\Windows\system32\MSCTF.dll
0x00007ffe10670000 - 0x00007ffe108ca000 	C:\Windows\WinSxS\amd64_microsoft.windows.common-controls_6595b64144ccf1df_6.0.9600.17031_none_6242a4b3ecbb55a1\COMCTL32.dll
0x0000000070be0000 - 0x0000000070cb2000 	C:\Program Files\Java\jdk1.8.0_101\jre\bin\msvcr100.dll
0x0000000070340000 - 0x0000000070bda000 	C:\Program Files\Java\jdk1.8.0_101\jre\bin\server\jvm.dll
0x00007ffe0b5b0000 - 0x00007ffe0b5b9000 	C:\Windows\SYSTEM32\WSOCK32.dll
0x00007ffe05000000 - 0x00007ffe0501f000 	C:\Windows\SYSTEM32\WINMM.dll
0x00007ffe0b9f0000 - 0x00007ffe0b9fa000 	C:\Windows\SYSTEM32\VERSION.dll
0x00007ffe15670000 - 0x00007ffe15677000 	C:\Windows\system32\PSAPI.DLL
0x00007ffe14a20000 - 0x00007ffe14a78000 	C:\Windows\system32\WS2_32.dll
0x00007ffe04fd0000 - 0x00007ffe04ffa000 	C:\Windows\SYSTEM32\WINMMBASE.dll
0x00007ffe13590000 - 0x00007ffe13599000 	C:\Windows\system32\NSI.dll
0x00007ffe13430000 - 0x00007ffe1347a000 	C:\Windows\SYSTEM32\cfgmgr32.dll
0x00007ffe11ed0000 - 0x00007ffe11ef6000 	C:\Windows\SYSTEM32\DEVOBJ.dll
0x00000000717b0000 - 0x00000000717bf000 	C:\Program Files\Java\jdk1.8.0_101\jre\bin\verify.dll
0x0000000070310000 - 0x0000000070339000 	C:\Program Files\Java\jdk1.8.0_101\jre\bin\java.dll
0x00000000702f0000 - 0x0000000070306000 	C:\Program Files\Java\jdk1.8.0_101\jre\bin\zip.dll

VM Arguments:
jvm_args: -Djava.awt.headless=true -Xmx1024M -Dfile.encoding=windows-1252 -Duser.country=ES -Duser.language=es -Duser.variant 
java_command: com.android.dx.command.Main --dex --force-jumbo --num-threads=4 --multi-dex --output D:\Android\ControlOrden\app\build\intermediates\transforms\dex\debug\folders\1000\2\ksoap2-android-assembly-3.1.1-jar-with-dependencies_966c0adba1fe8dba9b1fc004eb605ed06fcc62e1 D:\Android\ControlOrden\app\libs\ksoap2-android-assembly-3.1.1-jar-with-dependencies.jar
java_class_path (initial): C:\Android\sdk\build-tools\23.0.3\lib\dx.jar
Launcher Type: SUN_STANDARD

Environment Variables:
JAVA_HOME=C:\Program Files\Java\jdk1.8.0_51
PATH=C:\ProgramData\Oracle\Java\javapath;C:\Windows\System32\Wbem;C:\App\isielcsoft\product\11.2.0\dbhome_1\bin;D:\app\client\ellave\product\12.1.0\client_1;D:\app\client\ellave\product\12.1.0\client_1\bin;C:\windows\system32;c:\windows;C:\Program Files (x86)\Microsoft SQL Server\100\Tools\Binn\;C:\Program Files (x86)\Microsoft SQL Server\100\DTS\Binn\;C:\Program Files (x86)\Microsoft SQL Server\100\Tools\Binn\VSShell\Common7\IDE\;C:\Program Files\Microsoft SQL Server\100\Tools\Binn\;C:\Program Files (x86)\Skype\Phone\;C:\Oracle\instantclient_12_1;C:\Program Files (x86)\Windows Kits\8.1\Windows Performance Toolkit\;C:\Program Files\Microsoft SQL Server\110\Tools\Binn\
USERNAME=Jimena Vidal
OS=Windows_NT
PROCESSOR_IDENTIFIER=Intel64 Family 6 Model 58 Stepping 9, GenuineIntel



---------------  S Y S T E M  ---------------

OS: Windows 8.1 , 64 bit Build 9600 (6.3.9600.17056)

CPU:total 4 (4 cores per cpu, 1 threads per core) family 6 model 58 stepping 9, cmov, cx8, fxsr, mmx, sse, sse2, sse3, ssse3, sse4.1, sse4.2, popcnt, avx, aes, clmul, erms, tsc, tscinvbit, tscinv

Memory: 4k page, physical 8254900k(947116k free), swap 11400628k(6228k free)

vm_info: Java HotSpot(TM) 64-Bit Server VM (25.101-b13) for windows-amd64 JRE (1.8.0_101-b13), built on Jun 22 2016 01:21:29 by "java_re" with MS VC++ 10.0 (VS2010)

time: Thu Sep 22 10:36:02 2016
elapsed time: 5 seconds (0d 0h 0m 5s)

