#
# There is insufficient memory for the Java Runtime Environment to continue.
# Native memory allocation (malloc) failed to allocate 871216 bytes for Chunk::new
# Possible reasons:
#   The system is out of physical RAM or swap space
#   In 32 bit mode, the process size limit was hit
# Possible solutions:
#   Reduce memory load on the system
#   Increase physical memory or swap space
#   Check if swap backing store is full
#   Use 64 bit Java on a 64 bit OS
#   Decrease Java heap size (-Xmx/-Xms)
#   Decrease number of Java threads
#   Decrease Java thread stack sizes (-Xss)
#   Set larger code cache with -XX:ReservedCodeCacheSize=
# This output file may be truncated or incomplete.
#
#  Out of Memory Error (allocation.cpp:390), pid=620, tid=0x0000000000000ce8
#
# JRE version: Java(TM) SE Runtime Environment (8.0_101-b13) (build 1.8.0_101-b13)
# Java VM: Java HotSpot(TM) 64-Bit Server VM (25.101-b13 mixed mode windows-amd64 compressed oops)
# Failed to write core dump. Minidumps are not enabled by default on client versions of Windows
#

---------------  T H R E A D  ---------------

Current thread (0x0000000014d4c800):  JavaThread "C2 CompilerThread0" daemon [_thread_in_native, id=3304, stack(0x0000000016590000,0x0000000016690000)]

Stack: [0x0000000016590000,0x0000000016690000]
[error occurred during error reporting (printing stack bounds), id 0xc0000005]

Native frames: (J=compiled Java code, j=interpreted, Vv=VM code, C=native code)


Current CompileTask:
C2:   2233 1775       4       com.android.dx.rop.code.LocalVariableExtractor::processBlock (327 bytes)


---------------  P R O C E S S  ---------------

Java Threads: ( => current thread )
  0x0000000016a4b800 JavaThread "pool-2-thread-4" [_thread_in_vm, id=7992, stack(0x0000000017290000,0x0000000017390000)]
  0x0000000016a4a800 JavaThread "pool-2-thread-3" [_thread_blocked, id=2688, stack(0x0000000017190000,0x0000000017290000)]
  0x0000000016a41000 JavaThread "pool-2-thread-2" [_thread_blocked, id=5608, stack(0x0000000017090000,0x0000000017190000)]
  0x0000000016b54000 JavaThread "pool-3-thread-1" [_thread_blocked, id=2264, stack(0x0000000016f90000,0x0000000017090000)]
  0x0000000016a9e000 JavaThread "pool-2-thread-1" [_thread_in_Java, id=3444, stack(0x0000000016e90000,0x0000000016f90000)]
  0x0000000014dab800 JavaThread "Service Thread" daemon [_thread_blocked, id=7340, stack(0x0000000016c90000,0x0000000016d90000)]
  0x0000000016798800 JavaThread "C1 CompilerThread2" daemon [_thread_blocked, id=7016, stack(0x0000000016b90000,0x0000000016c90000)]
  0x0000000014d50800 JavaThread "C2 CompilerThread1" daemon [_thread_in_native, id=7320, stack(0x0000000016690000,0x0000000016790000)]
=>0x0000000014d4c800 JavaThread "C2 CompilerThread0" daemon [_thread_in_native, id=3304, stack(0x0000000016590000,0x0000000016690000)]
  0x0000000014d4a800 JavaThread "Attach Listener" daemon [_thread_blocked, id=7908, stack(0x0000000016490000,0x0000000016590000)]
  0x0000000014d49000 JavaThread "Signal Dispatcher" daemon [_thread_blocked, id=7132, stack(0x0000000016390000,0x0000000016490000)]
  0x0000000014d3a800 JavaThread "Finalizer" daemon [_thread_blocked, id=7460, stack(0x0000000015fa0000,0x00000000160a0000)]
  0x0000000014d19000 JavaThread "Reference Handler" daemon [_thread_blocked, id=7884, stack(0x0000000015ea0000,0x0000000015fa0000)]
  0x000000000257e000 JavaThread "main" [_thread_in_vm, id=5156, stack(0x00000000023d0000,0x00000000024d0000)]

Other Threads:
  0x0000000014d17000 VMThread [stack: 0x0000000015da0000,0x0000000015ea0000] [id=7020]
  0x00000000167b4000 WatcherThread [stack: 0x0000000016d90000,0x0000000016e90000] [id=4512]

VM state:not at safepoint (normal execution)

VM Mutex/Monitor currently owned by a thread: None

Heap:
 PSYoungGen      total 37888K, used 20617K [0x00000000eab00000, 0x00000000ed500000, 0x0000000100000000)
  eden space 32768K, 47% used [0x00000000eab00000,0x00000000eba266b0,0x00000000ecb00000)
  from space 5120K, 99% used [0x00000000ecb00000,0x00000000ecffc038,0x00000000ed000000)
  to   space 5120K, 0% used [0x00000000ed000000,0x00000000ed000000,0x00000000ed500000)
 ParOldGen       total 86016K, used 10138K [0x00000000c0000000, 0x00000000c5400000, 0x00000000eab00000)
  object space 86016K, 11% used [0x00000000c0000000,0x00000000c09e6968,0x00000000c5400000)
 Metaspace       used 6340K, capacity 7154K, committed 7296K, reserved 1056768K
  class space    used 604K, capacity 618K, committed 640K, reserved 1048576K

Card table byte_map: [0x0000000011a40000,0x0000000011c50000] byte_map_base: 0x0000000011440000

Marking Bits: (ParMarkBitMap*) 0x0000000070b5a6d0
 Begin Bits: [0x00000000121b0000, 0x00000000131b0000)
 End Bits:   [0x00000000131b0000, 0x00000000141b0000)

Polling page: 0x0000000000ad0000

CodeCache: size=245760Kb used=7485Kb max_used=7485Kb free=238274Kb
 bounds [0x0000000002680000, 0x0000000002de0000, 0x0000000011680000]
 total_blobs=2049 nmethods=1779 adapters=182
 compilation: enabled

Compilation events (10 events):
Event: 2.220 Thread 0x0000000016798800 nmethod 1794 0x0000000002dc0790 code [0x0000000002dc0900, 0x0000000002dc0b48]
Event: 2.221 Thread 0x0000000016798800 1795       2       java.util.concurrent.locks.ReentrantLock$NonfairSync::tryAcquire (6 bytes)
Event: 2.221 Thread 0x0000000016798800 nmethod 1795 0x0000000002dc0c50 code [0x0000000002dc0dc0, 0x0000000002dc0f28]
Event: 2.222 Thread 0x0000000016798800 1796   !   2       com.android.dx.cf.code.BytecodeArray::parseInstruction (2764 bytes)
Event: 2.231 Thread 0x0000000016798800 nmethod 1796 0x0000000002dc0fd0 code [0x0000000002dc1f00, 0x0000000002dc84e8]
Event: 2.231 Thread 0x0000000016798800 1797       2       com.android.dx.cf.code.ByteOps::opInfo (6 bytes)
Event: 2.231 Thread 0x0000000016798800 nmethod 1797 0x0000000002dd4550 code [0x0000000002dd46a0, 0x0000000002dd47f0]
Event: 2.231 Thread 0x0000000016798800 1798       2       com.android.dx.dex.code.SimpleInsn::<init> (8 bytes)
Event: 2.232 Thread 0x0000000016798800 nmethod 1798 0x0000000002dd48d0 code [0x0000000002dd4a40, 0x0000000002dd4ba8]
Event: 2.232 Thread 0x0000000016798800 1799       2       java.util.concurrent.locks.ReentrantLock$Sync::nonfairTryAcquire (67 bytes)

GC Heap History (6 events):
Event: 1.154 GC heap before
{Heap before GC invocations=1 (full 0):
 PSYoungGen      total 37888K, used 32768K [0x00000000eab00000, 0x00000000ed500000, 0x0000000100000000)
  eden space 32768K, 100% used [0x00000000eab00000,0x00000000ecb00000,0x00000000ecb00000)
  from space 5120K, 0% used [0x00000000ed000000,0x00000000ed000000,0x00000000ed500000)
  to   space 5120K, 0% used [0x00000000ecb00000,0x00000000ecb00000,0x00000000ed000000)
 ParOldGen       total 86016K, used 0K [0x00000000c0000000, 0x00000000c5400000, 0x00000000eab00000)
  object space 86016K, 0% used [0x00000000c0000000,0x00000000c0000000,0x00000000c5400000)
 Metaspace       used 5943K, capacity 6834K, committed 7040K, reserved 1056768K
  class space    used 597K, capacity 618K, committed 640K, reserved 1048576K
Event: 1.183 GC heap after
Heap after GC invocations=1 (full 0):
 PSYoungGen      total 37888K, used 5104K [0x00000000eab00000, 0x00000000ed500000, 0x0000000100000000)
  eden space 32768K, 0% used [0x00000000eab00000,0x00000000eab00000,0x00000000ecb00000)
  from space 5120K, 99% used [0x00000000ecb00000,0x00000000ecffc040,0x00000000ed000000)
  to   space 5120K, 0% used [0x00000000ed000000,0x00000000ed000000,0x00000000ed500000)
 ParOldGen       total 86016K, used 637K [0x00000000c0000000, 0x00000000c5400000, 0x00000000eab00000)
  object space 86016K, 0% used [0x00000000c0000000,0x00000000c009f5f8,0x00000000c5400000)
 Metaspace       used 5943K, capacity 6834K, committed 7040K, reserved 1056768K
  class space    used 597K, capacity 618K, committed 640K, reserved 1048576K
}
Event: 1.667 GC heap before
{Heap before GC invocations=2 (full 0):
 PSYoungGen      total 37888K, used 37872K [0x00000000eab00000, 0x00000000ed500000, 0x0000000100000000)
  eden space 32768K, 100% used [0x00000000eab00000,0x00000000ecb00000,0x00000000ecb00000)
  from space 5120K, 99% used [0x00000000ecb00000,0x00000000ecffc040,0x00000000ed000000)
  to   space 5120K, 0% used [0x00000000ed000000,0x00000000ed000000,0x00000000ed500000)
 ParOldGen       total 86016K, used 637K [0x00000000c0000000, 0x00000000c5400000, 0x00000000eab00000)
  object space 86016K, 0% used [0x00000000c0000000,0x00000000c009f5f8,0x00000000c5400000)
 Metaspace       used 6247K, capacity 7090K, committed 7296K, reserved 1056768K
  class space    used 603K, capacity 618K, committed 640K, reserved 1048576K
Event: 1.685 GC heap after
Heap after GC invocations=2 (full 0):
 PSYoungGen      total 37888K, used 5098K [0x00000000eab00000, 0x00000000ed500000, 0x0000000100000000)
  eden space 32768K, 0% used [0x00000000eab00000,0x00000000eab00000,0x00000000ecb00000)
  from space 5120K, 99% used [0x00000000ed000000,0x00000000ed4faab8,0x00000000ed500000)
  to   space 5120K, 0% used [0x00000000ecb00000,0x00000000ecb00000,0x00000000ed000000)
 ParOldGen       total 86016K, used 4202K [0x00000000c0000000, 0x00000000c5400000, 0x00000000eab00000)
  object space 86016K, 4% used [0x00000000c0000000,0x00000000c041a930,0x00000000c5400000)
 Metaspace       used 6247K, capacity 7090K, committed 7296K, reserved 1056768K
  class space    used 603K, capacity 618K, committed 640K, reserved 1048576K
}
Event: 2.120 GC heap before
{Heap before GC invocations=3 (full 0):
 PSYoungGen      total 37888K, used 37866K [0x00000000eab00000, 0x00000000ed500000, 0x0000000100000000)
  eden space 32768K, 100% used [0x00000000eab00000,0x00000000ecb00000,0x00000000ecb00000)
  from space 5120K, 99% used [0x00000000ed000000,0x00000000ed4faab8,0x00000000ed500000)
  to   space 5120K, 0% used [0x00000000ecb00000,0x00000000ecb00000,0x00000000ed000000)
 ParOldGen       total 86016K, used 4802K [0x00000000c0000000, 0x00000000c5400000, 0x00000000eab00000)
  object space 86016K, 5% used [0x00000000c0000000,0x00000000c04b0be0,0x00000000c5400000)
 Metaspace       used 6331K, capacity 7154K, committed 7296K, reserved 1056768K
  class space    used 604K, capacity 618K, committed 640K, reserved 1048576K
Event: 2.135 GC heap after
Heap after GC invocations=3 (full 0):
 PSYoungGen      total 37888K, used 5104K [0x00000000eab00000, 0x00000000ed500000, 0x0000000100000000)
  eden space 32768K, 0% used [0x00000000eab00000,0x00000000eab00000,0x00000000ecb00000)
  from space 5120K, 99% used [0x00000000ecb00000,0x00000000ecffc038,0x00000000ed000000)
  to   space 5120K, 0% used [0x00000000ed000000,0x00000000ed000000,0x00000000ed500000)
 ParOldGen       total 86016K, used 10138K [0x00000000c0000000, 0x00000000c5400000, 0x00000000eab00000)
  object space 86016K, 11% used [0x00000000c0000000,0x00000000c09e6968,0x00000000c5400000)
 Metaspace       used 6331K, capacity 7154K, committed 7296K, reserved 1056768K
  class space    used 604K, capacity 618K, committed 640K, reserved 1048576K
}

Deoptimization events (10 events):
Event: 1.910 Thread 0x0000000016a4b800 Uncommon trap: reason=unstable_if action=reinterpret pc=0x0000000002cc09c0 method=com.android.dx.ssa.LiteralOpUpgrader$1.visitNonMoveInsn(Lcom/android/dx/ssa/NormalSsaInsn;)V @ 55
Event: 1.911 Thread 0x0000000016a4b800 Uncommon trap: reason=unstable_if action=reinterpret pc=0x0000000002a6311c method=com.android.dx.ssa.SsaMethod.updateOneDefinition(Lcom/android/dx/ssa/SsaInsn;Lcom/android/dx/rop/code/RegisterSpec;)V @ 4
Event: 1.918 Thread 0x0000000016a4b800 Uncommon trap: reason=bimorphic action=maybe_recompile pc=0x0000000002d35cb4 method=com.android.dx.ssa.SCCP.setLatticeValueTo(IILcom/android/dx/rop/cst/Constant;)Z @ 43
Event: 1.918 Thread 0x0000000016a4b800 Uncommon trap: reason=bimorphic action=maybe_recompile pc=0x0000000002d35cb4 method=com.android.dx.ssa.SCCP.setLatticeValueTo(IILcom/android/dx/rop/cst/Constant;)Z @ 43
Event: 1.918 Thread 0x0000000016a4b800 Uncommon trap: reason=bimorphic action=maybe_recompile pc=0x0000000002d35cb4 method=com.android.dx.ssa.SCCP.setLatticeValueTo(IILcom/android/dx/rop/cst/Constant;)Z @ 43
Event: 1.918 Thread 0x0000000016a4b800 Uncommon trap: reason=bimorphic action=maybe_recompile pc=0x0000000002d35cb4 method=com.android.dx.ssa.SCCP.setLatticeValueTo(IILcom/android/dx/rop/cst/Constant;)Z @ 43
Event: 2.221 Thread 0x0000000016a9e000 Uncommon trap: reason=bimorphic action=maybe_recompile pc=0x0000000002b33f10 method=com.android.dx.cf.code.BytecodeArray.parseInstruction(ILcom/android/dx/cf/code/BytecodeArray$Visitor;)I @ 1357
Event: 2.221 Thread 0x0000000016a9e000 Uncommon trap: reason=bimorphic action=maybe_recompile pc=0x0000000002b33f10 method=com.android.dx.cf.code.BytecodeArray.parseInstruction(ILcom/android/dx/cf/code/BytecodeArray$Visitor;)I @ 1357
Event: 2.221 Thread 0x0000000016a9e000 Uncommon trap: reason=bimorphic action=maybe_recompile pc=0x0000000002b33f10 method=com.android.dx.cf.code.BytecodeArray.parseInstruction(ILcom/android/dx/cf/code/BytecodeArray$Visitor;)I @ 1357
Event: 2.222 Thread 0x0000000016a9e000 Uncommon trap: reason=bimorphic action=maybe_recompile pc=0x0000000002b33f10 method=com.android.dx.cf.code.BytecodeArray.parseInstruction(ILcom/android/dx/cf/code/BytecodeArray$Visitor;)I @ 1357

Internal exceptions (2 events):
Event: 0.037 Thread 0x000000000257e000 Exception <a 'java/lang/NoSuchMethodError': Method sun.misc.Unsafe.defineClass(Ljava/lang/String;[BII)Ljava/lang/Class; name or signature does not match> (0x00000000eab07cc0) thrown at [C:\re\workspace\8-2-build-windows-amd64-cygwin\jdk8u101\7261\hotspot\skø¹SB9£?
Event: 0.038 Thread 0x000000000257e000 Exception <a 'java/lang/NoSuchMethodError': Method sun.misc.Unsafe.prefetchRead(Ljava/lang/Object;J)V name or signature does not match> (0x00000000eab07fa8) thrown at [C:\re\workspace\8-2-build-windows-amd64-cygwin\jdk8u101\7261\hotspot\src\share\vm\prims\

Events (10 events):
Event: 2.221 Thread 0x0000000016a9e000 DEOPT UNPACKING pc=0x00000000026c582a sp=0x0000000016f8e5b0 mode 2
Event: 2.221 Thread 0x0000000016a9e000 Uncommon trap: trap_request=0xffffffc6 fr.pc=0x0000000002b33f10
Event: 2.221 Thread 0x0000000016a9e000 DEOPT PACKING pc=0x0000000002b33f10 sp=0x0000000016f8e630
Event: 2.221 Thread 0x0000000016a9e000 DEOPT UNPACKING pc=0x00000000026c582a sp=0x0000000016f8e5b0 mode 2
Event: 2.221 Thread 0x0000000016a9e000 Uncommon trap: trap_request=0xffffffc6 fr.pc=0x0000000002b33f10
Event: 2.221 Thread 0x0000000016a9e000 DEOPT PACKING pc=0x0000000002b33f10 sp=0x0000000016f8e490
Event: 2.221 Thread 0x0000000016a9e000 DEOPT UNPACKING pc=0x00000000026c582a sp=0x0000000016f8e410 mode 2
Event: 2.222 Thread 0x0000000016a9e000 Uncommon trap: trap_request=0xffffffc6 fr.pc=0x0000000002b33f10
Event: 2.222 Thread 0x0000000016a9e000 DEOPT PACKING pc=0x0000000002b33f10 sp=0x0000000016f8e490
Event: 2.222 Thread 0x0000000016a9e000 DEOPT UNPACKING pc=0x00000000026c582a sp=0x0000000016f8e410 mode 2


Dynamic libraries:
0x00007ff618850000 - 0x00007ff618887000 	C:\Program Files\Java\jdk1.8.0_101\bin\java.exe
0x00007ffe15cb0000 - 0x00007ffe15e5a000 	C:\Windows\SYSTEM32\ntdll.dll
0x00007ffe14b60000 - 0x00007ffe14c9a000 	C:\Windows\system32\KERNEL32.DLL
0x00007ffe130f0000 - 0x00007ffe131ff000 	C:\Windows\system32\KERNELBASE.dll
0x00007ffe117b0000 - 0x00007ffe11838000 	C:\Windows\system32\apphelp.dll
0x00007ffe01990000 - 0x00007ffe019df000 	C:\Windows\AppPatch\AppPatch64\AcGenral.DLL
0x00007ffe15680000 - 0x00007ffe15727000 	C:\Windows\system32\msvcrt.dll
0x00007ffe12ed0000 - 0x00007ffe12efb000 	C:\Windows\SYSTEM32\SspiCli.dll
0x00007ffe15730000 - 0x00007ffe15781000 	C:\Windows\system32\SHLWAPI.dll
0x00007ffe15830000 - 0x00007ffe159a1000 	C:\Windows\system32\USER32.dll
0x00007ffe159b0000 - 0x00007ffe15b28000 	C:\Windows\system32\ole32.dll
0x00007ffe135a0000 - 0x00007ffe149c0000 	C:\Windows\system32\SHELL32.dll
0x00007ffe12690000 - 0x00007ffe126ae000 	C:\Windows\SYSTEM32\USERENV.dll
0x00007ffe151a0000 - 0x00007ffe15245000 	C:\Windows\system32\ADVAPI32.dll
0x00007ffe0b9b0000 - 0x00007ffe0b9cb000 	C:\Windows\SYSTEM32\MPR.dll
0x00007ffe15b70000 - 0x00007ffe15ca7000 	C:\Windows\system32\RPCRT4.dll
0x00007ffe149c0000 - 0x00007ffe14a17000 	C:\Windows\SYSTEM32\sechost.dll
0x00007ffe14ca0000 - 0x00007ffe14e76000 	C:\Windows\SYSTEM32\combase.dll
0x00007ffe153f0000 - 0x00007ffe15534000 	C:\Windows\system32\GDI32.dll
0x00007ffe13020000 - 0x00007ffe13034000 	C:\Windows\SYSTEM32\profapi.dll
0x00007ffe10e70000 - 0x00007ffe10f0f000 	C:\Windows\SYSTEM32\SHCORE.dll
0x00007ffe15b30000 - 0x00007ffe15b64000 	C:\Windows\system32\IMM32.DLL
0x00007ffe14e80000 - 0x00007ffe14fb9000 	C:\Windows\system32\MSCTF.dll
0x00007ffe10670000 - 0x00007ffe108ca000 	C:\Windows\WinSxS\amd64_microsoft.windows.common-controls_6595b64144ccf1df_6.0.9600.17031_none_6242a4b3ecbb55a1\COMCTL32.dll
0x0000000070be0000 - 0x0000000070cb2000 	C:\Program Files\Java\jdk1.8.0_101\jre\bin\msvcr100.dll
0x0000000070340000 - 0x0000000070bda000 	C:\Program Files\Java\jdk1.8.0_101\jre\bin\server\jvm.dll
0x00007ffe0b5b0000 - 0x00007ffe0b5b9000 	C:\Windows\SYSTEM32\WSOCK32.dll
0x00007ffe05000000 - 0x00007ffe0501f000 	C:\Windows\SYSTEM32\WINMM.dll
0x00007ffe0b9f0000 - 0x00007ffe0b9fa000 	C:\Windows\SYSTEM32\VERSION.dll
0x00007ffe15670000 - 0x00007ffe15677000 	C:\Windows\system32\PSAPI.DLL
0x00007ffe14a20000 - 0x00007ffe14a78000 	C:\Windows\system32\WS2_32.dll
0x00007ffe04fd0000 - 0x00007ffe04ffa000 	C:\Windows\SYSTEM32\WINMMBASE.dll
0x00007ffe13590000 - 0x00007ffe13599000 	C:\Windows\system32\NSI.dll
0x00007ffe13430000 - 0x00007ffe1347a000 	C:\Windows\SYSTEM32\cfgmgr32.dll
0x00007ffe11ed0000 - 0x00007ffe11ef6000 	C:\Windows\SYSTEM32\DEVOBJ.dll
0x00000000717b0000 - 0x00000000717bf000 	C:\Program Files\Java\jdk1.8.0_101\jre\bin\verify.dll
0x0000000070310000 - 0x0000000070339000 	C:\Program Files\Java\jdk1.8.0_101\jre\bin\java.dll
0x00000000702f0000 - 0x0000000070306000 	C:\Program Files\Java\jdk1.8.0_101\jre\bin\zip.dll

VM Arguments:
jvm_args: -Djava.awt.headless=true -Xmx1024M -Dfile.encoding=windows-1252 -Duser.country=ES -Duser.language=es -Duser.variant 
java_command: com.android.dx.command.Main --dex --force-jumbo --num-threads=4 --multi-dex --output D:\Android\ControlOrden\app\build\intermediates\transforms\dex\debug\folders\1000\10\internal_impl-23.4.0_ec3c33fad343c3899d72bf6e2941a79425f5f97f D:\Android\ControlOrden\app\build\intermediates\exploded-aar\com.android.support\support-v4\23.4.0\jars\libs\internal_impl-23.4.0.jar
java_class_path (initial): C:\Android\sdk\build-tools\23.0.3\lib\dx.jar
Launcher Type: SUN_STANDARD

Environment Variables:
JAVA_HOME=C:\Program Files\Java\jdk1.8.0_51
PATH=C:\ProgramData\Oracle\Java\javapath;C:\Windows\System32\Wbem;C:\App\isielcsoft\product\11.2.0\dbhome_1\bin;D:\app\client\ellave\product\12.1.0\client_1;D:\app\client\ellave\product\12.1.0\client_1\bin;C:\windows\system32;c:\windows;C:\Program Files (x86)\Microsoft SQL Server\100\Tools\Binn\;C:\Program Files (x86)\Microsoft SQL Server\100\DTS\Binn\;C:\Program Files (x86)\Microsoft SQL Server\100\Tools\Binn\VSShell\Common7\IDE\;C:\Program Files\Microsoft SQL Server\100\Tools\Binn\;C:\Program Files (x86)\Skype\Phone\;C:\Oracle\instantclient_12_1;C:\Program Files (x86)\Windows Kits\8.1\Windows Performance Toolkit\;C:\Program Files\Microsoft SQL Server\110\Tools\Binn\
USERNAME=Jimena Vidal
OS=Windows_NT
PROCESSOR_IDENTIFIER=Intel64 Family 6 Model 58 Stepping 9, GenuineIntel



---------------  S Y S T E M  ---------------

OS: Windows 8.1 , 64 bit Build 9600 (6.3.9600.17056)

CPU:total 4 (4 cores per cpu, 1 threads per core) family 6 model 58 stepping 9, cmov, cx8, fxsr, mmx, sse, sse2, sse3, ssse3, sse4.1, sse4.2, popcnt, avx, aes, clmul, erms, tsc, tscinvbit, tscinv

Memory: 4k page, physical 8254900k(894572k free), swap 11400628k(5140k free)

vm_info: Java HotSpot(TM) 64-Bit Server VM (25.101-b13) for windows-amd64 JRE (1.8.0_101-b13), built on Jun 22 2016 01:21:29 by "java_re" with MS VC++ 10.0 (VS2010)

time: Thu Sep 22 10:25:31 2016
elapsed time: 2 seconds (0d 0h 0m 2s)

