#
# There is insufficient memory for the Java Runtime Environment to continue.
# Native memory allocation (malloc) failed to allocate 32744 bytes for ChunkPool::allocate
# Possible reasons:
#   The system is out of physical RAM or swap space
#   In 32 bit mode, the process size limit was hit
# Possible solutions:
#   Reduce memory load on the system
#   Increase physical memory or swap space
#   Check if swap backing store is full
#   Use 64 bit Java on a 64 bit OS
#   Decrease Java heap size (-Xmx/-Xms)
#   Decrease number of Java threads
#   Decrease Java thread stack sizes (-Xss)
#   Set larger code cache with -XX:ReservedCodeCacheSize=
# This output file may be truncated or incomplete.
#
#  Out of Memory Error (allocation.cpp:273), pid=7084, tid=0x0000000000001330
#
# JRE version: Java(TM) SE Runtime Environment (8.0_101-b13) (build 1.8.0_101-b13)
# Java VM: Java HotSpot(TM) 64-Bit Server VM (25.101-b13 mixed mode windows-amd64 compressed oops)
# Failed to write core dump. Minidumps are not enabled by default on client versions of Windows
#

---------------  T H R E A D  ---------------

Current thread (0x0000000014dfc800):  JavaThread "C2 CompilerThread0" daemon [_thread_in_native, id=4912, stack(0x0000000016640000,0x0000000016740000)]

Stack: [0x0000000016640000,0x0000000016740000]
[error occurred during error reporting (printing stack bounds), id 0xc0000005]

Native frames: (J=compiled Java code, j=interpreted, Vv=VM code, C=native code)


Current CompileTask:
C2:   6117 1622   !   4       com.android.dx.cf.code.BytecodeArray::parseInstruction (2764 bytes)


---------------  P R O C E S S  ---------------

Java Threads: ( => current thread )
  0x0000000016b7e000 JavaThread "pool-2-thread-4" [_thread_blocked, id=4196, stack(0x0000000017340000,0x0000000017440000)]
  0x0000000016b7d000 JavaThread "pool-2-thread-3" [_thread_blocked, id=924, stack(0x0000000017240000,0x0000000017340000)]
  0x0000000016b7c000 JavaThread "pool-2-thread-2" [_thread_blocked, id=4848, stack(0x0000000017140000,0x0000000017240000)]
  0x0000000016b79800 JavaThread "pool-3-thread-1" [_thread_blocked, id=3992, stack(0x0000000017040000,0x0000000017140000)]
  0x0000000016b78800 JavaThread "pool-2-thread-1" [_thread_blocked, id=1356, stack(0x0000000016f40000,0x0000000017040000)]
  0x0000000016842000 JavaThread "Service Thread" daemon [_thread_blocked, id=7708, stack(0x0000000016d40000,0x0000000016e40000)]
  0x0000000014e5e800 JavaThread "C1 CompilerThread2" daemon [_thread_in_native, id=7004, stack(0x0000000016c40000,0x0000000016d40000)]
  0x0000000014e3c000 JavaThread "C2 CompilerThread1" daemon [_thread_in_native, id=4832, stack(0x0000000016740000,0x0000000016840000)]
=>0x0000000014dfc800 JavaThread "C2 CompilerThread0" daemon [_thread_in_native, id=4912, stack(0x0000000016640000,0x0000000016740000)]
  0x0000000014dfa800 JavaThread "Attach Listener" daemon [_thread_blocked, id=7152, stack(0x0000000016540000,0x0000000016640000)]
  0x0000000014df9800 JavaThread "Signal Dispatcher" daemon [_thread_blocked, id=5720, stack(0x0000000016440000,0x0000000016540000)]
  0x0000000014dea800 JavaThread "Finalizer" daemon [_thread_blocked, id=7432, stack(0x0000000016050000,0x0000000016150000)]
  0x000000000271f800 JavaThread "Reference Handler" daemon [_thread_blocked, id=8168, stack(0x0000000015f50000,0x0000000016050000)]
  0x0000000000d7e000 JavaThread "main" [_thread_blocked, id=7124, stack(0x0000000002530000,0x0000000002630000)]

Other Threads:
  0x0000000014dc8000 VMThread [stack: 0x0000000015e50000,0x0000000015f50000] [id=4568]
  0x0000000016852000 WatcherThread [stack: 0x0000000016e40000,0x0000000016f40000] [id=5004]

VM state:at safepoint (normal execution)

VM Mutex/Monitor currently owned by a thread:  ([mutex/lock_event])
[0x0000000000d7c850] Threads_lock - owner thread: 0x0000000014dc8000
[0x0000000000d7d3d0] Heap_lock - owner thread: 0x0000000016b7d000

Heap:
 PSYoungGen      total 37888K, used 37887K [0x00000000eab00000, 0x00000000ef500000, 0x0000000100000000)
  eden space 32768K, 100% used [0x00000000eab00000,0x00000000ecb00000,0x00000000ecb00000)
  from space 5120K, 99% used [0x00000000ed000000,0x00000000ed4fffd8,0x00000000ed500000)
  to   space 5120K, 0% used [0x00000000ecb00000,0x00000000ecb00000,0x00000000ed000000)
 ParOldGen       total 86016K, used 5557K [0x00000000c0000000, 0x00000000c5400000, 0x00000000eab00000)
  object space 86016K, 6% used [0x00000000c0000000,0x00000000c056d5f8,0x00000000c5400000)
 Metaspace       used 6249K, capacity 7090K, committed 7296K, reserved 1056768K
  class space    used 604K, capacity 618K, committed 640K, reserved 1048576K

Card table byte_map: [0x0000000011af0000,0x0000000011d00000] byte_map_base: 0x00000000114f0000

Marking Bits: (ParMarkBitMap*) 0x0000000070b5a6d0
 Begin Bits: [0x0000000012260000, 0x0000000013260000)
 End Bits:   [0x0000000013260000, 0x0000000014260000)

Polling page: 0x0000000000d10000

CodeCache: size=245760Kb used=6997Kb max_used=7011Kb free=238762Kb
 bounds [0x0000000002730000, 0x0000000002e20000, 0x0000000011730000]
 total_blobs=1887 nmethods=1618 adapters=182
 compilation: enabled

Compilation events (10 events):
Event: 5.844 Thread 0x0000000014dfc800 nmethod 1616 0x0000000002df82d0 code [0x0000000002df8420, 0x0000000002df86d8]
Event: 5.844 Thread 0x0000000014dfc800 1617   !   4       com.android.dx.cf.code.BaseMachine::result (36 bytes)
Event: 5.845 Thread 0x0000000014dfc800 nmethod 1617 0x0000000002df8010 code [0x0000000002df8140, 0x0000000002df81f8]
Event: 5.846 Thread 0x0000000014dfc800 1618       4       com.android.dx.ssa.SsaBasicBlock::newFromRop (183 bytes)
Event: 5.906 Thread 0x0000000014dfc800 nmethod 1618 0x0000000002e06610 code [0x0000000002e068c0, 0x0000000002e08a68]
Event: 5.907 Thread 0x0000000014dfc800 1619       4       com.android.dx.ssa.SCCP::simulateStmt (481 bytes)
Event: 5.965 Thread 0x0000000014e5e800 1624       3       com.android.dx.ssa.LiteralOpUpgrader::isConstIntZeroOrKnownNull (34 bytes)
Event: 5.965 Thread 0x0000000014e5e800 nmethod 1624 0x0000000002de5f10 code [0x0000000002de60a0, 0x0000000002de65c8]
Event: 5.999 Thread 0x0000000014dfc800 nmethod 1619 0x0000000002e0b090 code [0x0000000002e0b560, 0x0000000002e0e000]
Event: 6.000 Thread 0x0000000014dfc800 1622   !   4       com.android.dx.cf.code.BytecodeArray::parseInstruction (2764 bytes)

GC Heap History (4 events):
Event: 4.417 GC heap before
{Heap before GC invocations=1 (full 0):
 PSYoungGen      total 37888K, used 32768K [0x00000000eab00000, 0x00000000ed500000, 0x0000000100000000)
  eden space 32768K, 100% used [0x00000000eab00000,0x00000000ecb00000,0x00000000ecb00000)
  from space 5120K, 0% used [0x00000000ed000000,0x00000000ed000000,0x00000000ed500000)
  to   space 5120K, 0% used [0x00000000ecb00000,0x00000000ecb00000,0x00000000ed000000)
 ParOldGen       total 86016K, used 0K [0x00000000c0000000, 0x00000000c5400000, 0x00000000eab00000)
  object space 86016K, 0% used [0x00000000c0000000,0x00000000c0000000,0x00000000c5400000)
 Metaspace       used 6034K, capacity 6962K, committed 7040K, reserved 1056768K
  class space    used 603K, capacity 618K, committed 640K, reserved 1048576K
Event: 4.460 GC heap after
Heap after GC invocations=1 (full 0):
 PSYoungGen      total 37888K, used 5111K [0x00000000eab00000, 0x00000000ed500000, 0x0000000100000000)
  eden space 32768K, 0% used [0x00000000eab00000,0x00000000eab00000,0x00000000ecb00000)
  from space 5120K, 99% used [0x00000000ecb00000,0x00000000ecffdc30,0x00000000ed000000)
  to   space 5120K, 0% used [0x00000000ed000000,0x00000000ed000000,0x00000000ed500000)
 ParOldGen       total 86016K, used 929K [0x00000000c0000000, 0x00000000c5400000, 0x00000000eab00000)
  object space 86016K, 1% used [0x00000000c0000000,0x00000000c00e87c0,0x00000000c5400000)
 Metaspace       used 6034K, capacity 6962K, committed 7040K, reserved 1056768K
  class space    used 603K, capacity 618K, committed 640K, reserved 1048576K
}
Event: 5.038 GC heap before
{Heap before GC invocations=2 (full 0):
 PSYoungGen      total 37888K, used 37879K [0x00000000eab00000, 0x00000000ed500000, 0x0000000100000000)
  eden space 32768K, 100% used [0x00000000eab00000,0x00000000ecb00000,0x00000000ecb00000)
  from space 5120K, 99% used [0x00000000ecb00000,0x00000000ecffdc30,0x00000000ed000000)
  to   space 5120K, 0% used [0x00000000ed000000,0x00000000ed000000,0x00000000ed500000)
 ParOldGen       total 86016K, used 929K [0x00000000c0000000, 0x00000000c5400000, 0x00000000eab00000)
  object space 86016K, 1% used [0x00000000c0000000,0x00000000c00e87c0,0x00000000c5400000)
 Metaspace       used 6223K, capacity 7090K, committed 7296K, reserved 1056768K
  class space    used 604K, capacity 618K, committed 640K, reserved 1048576K
Event: 5.433 GC heap after
Heap after GC invocations=2 (full 0):
 PSYoungGen      total 37888K, used 5119K [0x00000000eab00000, 0x00000000ef500000, 0x0000000100000000)
  eden space 32768K, 0% used [0x00000000eab00000,0x00000000eab00000,0x00000000ecb00000)
  from space 5120K, 99% used [0x00000000ed000000,0x00000000ed4fffd8,0x00000000ed500000)
  to   space 5120K, 0% used [0x00000000ecb00000,0x00000000ecb00000,0x00000000ed000000)
 ParOldGen       total 86016K, used 5557K [0x00000000c0000000, 0x00000000c5400000, 0x00000000eab00000)
  object space 86016K, 6% used [0x00000000c0000000,0x00000000c056d5f8,0x00000000c5400000)
 Metaspace       used 6223K, capacity 7090K, committed 7296K, reserved 1056768K
  class space    used 604K, capacity 618K, committed 640K, reserved 1048576K
}

Deoptimization events (10 events):
Event: 4.788 Thread 0x0000000016b7e000 Uncommon trap: reason=unstable_if action=reinterpret pc=0x0000000002c8f150 method=com.android.dx.ssa.SCCP.simulateBranch(Lcom/android/dx/ssa/SsaInsn;)V @ 107
Event: 4.989 Thread 0x0000000016b7c000 Uncommon trap: reason=uninitialized action=reinterpret pc=0x0000000002c8078c method=com.android.dx.cf.code.BytecodeArray.parseInstruction(ILcom/android/dx/cf/code/BytecodeArray$Visitor;)I @ 999
Event: 4.992 Thread 0x0000000016b7c000 Uncommon trap: reason=bimorphic action=maybe_recompile pc=0x0000000002b9034c method=java.util.HashMap.putVal(ILjava/lang/Object;Ljava/lang/Object;ZZ)Ljava/lang/Object; @ 203
Event: 4.997 Thread 0x0000000000d7e000 Uncommon trap: reason=unloaded action=reinterpret pc=0x0000000002c18b54 method=com.android.dx.cf.cst.ConstantPoolParser.parse0(ILjava/util/BitSet;)Lcom/android/dx/rop/cst/Constant; @ 198
Event: 5.009 Thread 0x0000000000d7e000 Uncommon trap: reason=unstable_if action=reinterpret pc=0x0000000002a9e85c method=com.android.dx.rop.cst.Constant.compareTo(Lcom/android/dx/rop/cst/Constant;)I @ 12
Event: 5.487 Thread 0x0000000016b7d000 Uncommon trap: reason=class_check action=maybe_recompile pc=0x0000000002cdb908 method=com.android.dx.rop.code.RegisterSpec.withSimpleType()Lcom/android/dx/rop/code/RegisterSpec; @ 21
Event: 5.488 Thread 0x0000000016b7d000 Uncommon trap: reason=class_check action=maybe_recompile pc=0x0000000002cdb908 method=com.android.dx.rop.code.RegisterSpec.withSimpleType()Lcom/android/dx/rop/code/RegisterSpec; @ 21
Event: 5.524 Thread 0x0000000000d7e000 Uncommon trap: reason=unstable_if action=reinterpret pc=0x0000000002b9187c method=com.android.dx.util.IntList.binarysearch(I)I @ 105
Event: 5.532 Thread 0x0000000016b7c000 Uncommon trap: reason=unstable_if action=reinterpret pc=0x0000000002bf932c method=com.android.dx.ssa.SCCP.simulateStmt(Lcom/android/dx/ssa/SsaInsn;)V @ 53
Event: 5.585 Thread 0x0000000016b7e000 Uncommon trap: reason=unstable_if action=reinterpret pc=0x0000000002cdb598 method=com.android.dx.rop.code.RegisterSpecSet.localItemToSpec(Lcom/android/dx/rop/code/LocalItem;)Lcom/android/dx/rop/code/RegisterSpec; @ 35

Internal exceptions (2 events):
Event: 0.031 Thread 0x0000000000d7e000 Exception <a 'java/lang/NoSuchMethodError': Method sun.misc.Unsafe.defineClass(Ljava/lang/String;[BII)Ljava/lang/Class; name or signature does not match> (0x00000000eab07cc0) thrown at [C:\re\workspace\8-2-build-windows-amd64-cygwin\jdk8u101\7261\hotspot\s6Á„0,çŸ?
Event: 0.031 Thread 0x0000000000d7e000 Exception <a 'java/lang/NoSuchMethodError': Method sun.misc.Unsafe.prefetchRead(Ljava/lang/Object;J)V name or signature does not match> (0x00000000eab07fa8) thrown at [C:\re\workspace\8-2-build-windows-amd64-cygwin\jdk8u101\7261\hotspot\src\share\vm\prims\

Events (10 events):
Event: 5.524 Thread 0x0000000000d7e000 DEOPT PACKING pc=0x0000000002b9187c sp=0x000000000262e690
Event: 5.524 Thread 0x0000000000d7e000 DEOPT UNPACKING pc=0x000000000277582a sp=0x000000000262e608 mode 2
Event: 5.532 Thread 0x0000000016b7c000 Uncommon trap: trap_request=0xffffff65 fr.pc=0x0000000002bf932c
Event: 5.532 Thread 0x0000000016b7c000 DEOPT PACKING pc=0x0000000002bf932c sp=0x000000001723eb30
Event: 5.532 Thread 0x0000000016b7c000 DEOPT UNPACKING pc=0x000000000277582a sp=0x000000001723eb28 mode 2
Event: 5.585 Thread 0x0000000016b7e000 Uncommon trap: trap_request=0xffffff65 fr.pc=0x0000000002cdb598
Event: 5.585 Thread 0x0000000016b7e000 DEOPT PACKING pc=0x0000000002cdb598 sp=0x000000001743e650
Event: 5.585 Thread 0x0000000016b7e000 DEOPT UNPACKING pc=0x000000000277582a sp=0x000000001743e5a8 mode 2
Event: 5.963 loading class com/android/dx/rop/code/RegisterSpec$1
Event: 5.963 loading class com/android/dx/rop/code/RegisterSpec$1 done


Dynamic libraries:
0x00007ff618850000 - 0x00007ff618887000 	C:\Program Files\Java\jdk1.8.0_101\bin\java.exe
0x00007ffe15cb0000 - 0x00007ffe15e5a000 	C:\Windows\SYSTEM32\ntdll.dll
0x00007ffe14b60000 - 0x00007ffe14c9a000 	C:\Windows\system32\KERNEL32.DLL
0x00007ffe130f0000 - 0x00007ffe131ff000 	C:\Windows\system32\KERNELBASE.dll
0x00007ffe117b0000 - 0x00007ffe11838000 	C:\Windows\system32\apphelp.dll
0x00007ffe01990000 - 0x00007ffe019df000 	C:\Windows\AppPatch\AppPatch64\AcGenral.DLL
0x00007ffe15680000 - 0x00007ffe15727000 	C:\Windows\system32\msvcrt.dll
0x00007ffe12ed0000 - 0x00007ffe12efb000 	C:\Windows\SYSTEM32\SspiCli.dll
0x00007ffe15730000 - 0x00007ffe15781000 	C:\Windows\system32\SHLWAPI.dll
0x00007ffe15830000 - 0x00007ffe159a1000 	C:\Windows\system32\USER32.dll
0x00007ffe159b0000 - 0x00007ffe15b28000 	C:\Windows\system32\ole32.dll
0x00007ffe135a0000 - 0x00007ffe149c0000 	C:\Windows\system32\SHELL32.dll
0x00007ffe12690000 - 0x00007ffe126ae000 	C:\Windows\SYSTEM32\USERENV.dll
0x00007ffe151a0000 - 0x00007ffe15245000 	C:\Windows\system32\ADVAPI32.dll
0x00007ffe0b9b0000 - 0x00007ffe0b9cb000 	C:\Windows\SYSTEM32\MPR.dll
0x00007ffe15b70000 - 0x00007ffe15ca7000 	C:\Windows\system32\RPCRT4.dll
0x00007ffe149c0000 - 0x00007ffe14a17000 	C:\Windows\SYSTEM32\sechost.dll
0x00007ffe14ca0000 - 0x00007ffe14e76000 	C:\Windows\SYSTEM32\combase.dll
0x00007ffe153f0000 - 0x00007ffe15534000 	C:\Windows\system32\GDI32.dll
0x00007ffe13020000 - 0x00007ffe13034000 	C:\Windows\SYSTEM32\profapi.dll
0x00007ffe10e70000 - 0x00007ffe10f0f000 	C:\Windows\SYSTEM32\SHCORE.dll
0x00007ffe15b30000 - 0x00007ffe15b64000 	C:\Windows\system32\IMM32.DLL
0x00007ffe14e80000 - 0x00007ffe14fb9000 	C:\Windows\system32\MSCTF.dll
0x00007ffe10670000 - 0x00007ffe108ca000 	C:\Windows\WinSxS\amd64_microsoft.windows.common-controls_6595b64144ccf1df_6.0.9600.17031_none_6242a4b3ecbb55a1\COMCTL32.dll
0x0000000070be0000 - 0x0000000070cb2000 	C:\Program Files\Java\jdk1.8.0_101\jre\bin\msvcr100.dll
0x0000000070340000 - 0x0000000070bda000 	C:\Program Files\Java\jdk1.8.0_101\jre\bin\server\jvm.dll
0x00007ffe0b5b0000 - 0x00007ffe0b5b9000 	C:\Windows\SYSTEM32\WSOCK32.dll
0x00007ffe05000000 - 0x00007ffe0501f000 	C:\Windows\SYSTEM32\WINMM.dll
0x00007ffe0b9f0000 - 0x00007ffe0b9fa000 	C:\Windows\SYSTEM32\VERSION.dll
0x00007ffe15670000 - 0x00007ffe15677000 	C:\Windows\system32\PSAPI.DLL
0x00007ffe14a20000 - 0x00007ffe14a78000 	C:\Windows\system32\WS2_32.dll
0x00007ffe04fd0000 - 0x00007ffe04ffa000 	C:\Windows\SYSTEM32\WINMMBASE.dll
0x00007ffe13590000 - 0x00007ffe13599000 	C:\Windows\system32\NSI.dll
0x00007ffe13430000 - 0x00007ffe1347a000 	C:\Windows\SYSTEM32\cfgmgr32.dll
0x00007ffe11ed0000 - 0x00007ffe11ef6000 	C:\Windows\SYSTEM32\DEVOBJ.dll
0x00000000717b0000 - 0x00000000717bf000 	C:\Program Files\Java\jdk1.8.0_101\jre\bin\verify.dll
0x0000000070310000 - 0x0000000070339000 	C:\Program Files\Java\jdk1.8.0_101\jre\bin\java.dll
0x00000000702f0000 - 0x0000000070306000 	C:\Program Files\Java\jdk1.8.0_101\jre\bin\zip.dll

VM Arguments:
jvm_args: -Djava.awt.headless=true -Xmx1024M -Dfile.encoding=windows-1252 -Duser.country=ES -Duser.language=es -Duser.variant 
java_command: com.android.dx.command.Main --dex --force-jumbo --num-threads=4 --multi-dex --output D:\Android\ControlOrden\app\build\intermediates\transforms\dex\debug\folders\1000\10\com.android.support-appcompat-v7-23.4.0_d85e6f86b934f508247b1a740aede57ee79a8e27 D:\Android\ControlOrden\app\build\intermediates\exploded-aar\com.android.support\appcompat-v7\23.4.0\jars\classes.jar
java_class_path (initial): C:\Android\sdk\build-tools\23.0.3\lib\dx.jar
Launcher Type: SUN_STANDARD

Environment Variables:
JAVA_HOME=C:\Program Files\Java\jdk1.8.0_51
PATH=C:\ProgramData\Oracle\Java\javapath;C:\Windows\System32\Wbem;C:\App\isielcsoft\product\11.2.0\dbhome_1\bin;D:\app\client\ellave\product\12.1.0\client_1;D:\app\client\ellave\product\12.1.0\client_1\bin;C:\windows\system32;c:\windows;C:\Program Files (x86)\Microsoft SQL Server\100\Tools\Binn\;C:\Program Files (x86)\Microsoft SQL Server\100\DTS\Binn\;C:\Program Files (x86)\Microsoft SQL Server\100\Tools\Binn\VSShell\Common7\IDE\;C:\Program Files\Microsoft SQL Server\100\Tools\Binn\;C:\Program Files (x86)\Skype\Phone\;C:\Oracle\instantclient_12_1;C:\Program Files (x86)\Windows Kits\8.1\Windows Performance Toolkit\;C:\Program Files\Microsoft SQL Server\110\Tools\Binn\
USERNAME=Jimena Vidal
OS=Windows_NT
PROCESSOR_IDENTIFIER=Intel64 Family 6 Model 58 Stepping 9, GenuineIntel



---------------  S Y S T E M  ---------------

OS: Windows 8.1 , 64 bit Build 9600 (6.3.9600.17056)

CPU:total 4 (4 cores per cpu, 1 threads per core) family 6 model 58 stepping 9, cmov, cx8, fxsr, mmx, sse, sse2, sse3, ssse3, sse4.1, sse4.2, popcnt, avx, aes, clmul, erms, tsc, tscinvbit, tscinv

Memory: 4k page, physical 8254900k(936092k free), swap 11400628k(7352k free)

vm_info: Java HotSpot(TM) 64-Bit Server VM (25.101-b13) for windows-amd64 JRE (1.8.0_101-b13), built on Jun 22 2016 01:21:29 by "java_re" with MS VC++ 10.0 (VS2010)

time: Thu Sep 22 10:39:19 2016
elapsed time: 6 seconds (0d 0h 0m 6s)

