#
# There is insufficient memory for the Java Runtime Environment to continue.
# Native memory allocation (malloc) failed to allocate 32744 bytes for ChunkPool::allocate
# Possible reasons:
#   The system is out of physical RAM or swap space
#   In 32 bit mode, the process size limit was hit
# Possible solutions:
#   Reduce memory load on the system
#   Increase physical memory or swap space
#   Check if swap backing store is full
#   Use 64 bit Java on a 64 bit OS
#   Decrease Java heap size (-Xmx/-Xms)
#   Decrease number of Java threads
#   Decrease Java thread stack sizes (-Xss)
#   Set larger code cache with -XX:ReservedCodeCacheSize=
# This output file may be truncated or incomplete.
#
#  Out of Memory Error (allocation.cpp:273), pid=7032, tid=0x0000000000001758
#
# JRE version: Java(TM) SE Runtime Environment (8.0_101-b13) (build 1.8.0_101-b13)
# Java VM: Java HotSpot(TM) 64-Bit Server VM (25.101-b13 mixed mode windows-amd64 compressed oops)
# Failed to write core dump. Minidumps are not enabled by default on client versions of Windows
#

---------------  T H R E A D  ---------------

Current thread (0x0000000014ccc800):  JavaThread "C2 CompilerThread0" daemon [_thread_in_native, id=5976, stack(0x0000000016510000,0x0000000016610000)]

Stack: [0x0000000016510000,0x0000000016610000]
[error occurred during error reporting (printing stack bounds), id 0xc0000005]

Native frames: (J=compiled Java code, j=interpreted, Vv=VM code, C=native code)


Current CompileTask:
C2:   5193 1339   !   4       com.android.dx.cf.code.BytecodeArray::parseInstruction (2764 bytes)


---------------  P R O C E S S  ---------------

Java Threads: ( => current thread )
  0x0000000016b57000 JavaThread "pool-2-thread-4" [_thread_in_Java, id=6136, stack(0x0000000017210000,0x0000000017310000)]
  0x0000000016b56000 JavaThread "pool-2-thread-3" [_thread_blocked, id=1004, stack(0x0000000017110000,0x0000000017210000)]
  0x0000000016b55000 JavaThread "pool-2-thread-2" [_thread_blocked, id=544, stack(0x0000000017010000,0x0000000017110000)]
  0x0000000016a76000 JavaThread "pool-3-thread-1" [_thread_blocked, id=1884, stack(0x0000000016f10000,0x0000000017010000)]
  0x0000000016b2e000 JavaThread "pool-2-thread-1" [_thread_blocked, id=5776, stack(0x0000000016e10000,0x0000000016f10000)]
  0x0000000016813800 JavaThread "Service Thread" daemon [_thread_blocked, id=4632, stack(0x0000000016c10000,0x0000000016d10000)]
  0x0000000014d2b000 JavaThread "C1 CompilerThread2" daemon [_thread_blocked, id=4224, stack(0x0000000016710000,0x0000000016810000)]
  0x0000000014d26800 JavaThread "C2 CompilerThread1" daemon [_thread_in_native, id=6952, stack(0x0000000016610000,0x0000000016710000)]
=>0x0000000014ccc800 JavaThread "C2 CompilerThread0" daemon [_thread_in_native, id=5976, stack(0x0000000016510000,0x0000000016610000)]
  0x0000000014cca800 JavaThread "Attach Listener" daemon [_thread_blocked, id=6084, stack(0x0000000016410000,0x0000000016510000)]
  0x0000000014cc9800 JavaThread "Signal Dispatcher" daemon [_thread_blocked, id=1804, stack(0x0000000016310000,0x0000000016410000)]
  0x0000000014cba800 JavaThread "Finalizer" daemon [_thread_blocked, id=7800, stack(0x0000000015f20000,0x0000000016020000)]
  0x00000000025ef800 JavaThread "Reference Handler" daemon [_thread_blocked, id=2812, stack(0x0000000015e20000,0x0000000015f20000)]
  0x00000000024fe000 JavaThread "main" [_thread_in_Java, id=8104, stack(0x0000000002320000,0x0000000002420000)]

Other Threads:
  0x0000000014c98000 VMThread [stack: 0x0000000015d20000,0x0000000015e20000] [id=3064]
  0x000000001681a800 WatcherThread [stack: 0x0000000016d10000,0x0000000016e10000] [id=1008]

VM state:not at safepoint (normal execution)

VM Mutex/Monitor currently owned by a thread:  ([mutex/lock_event])
[0x00000000024fd4d0] Heap_lock - owner thread: 0x0000000016b2e000

Heap:
 PSYoungGen      total 37888K, used 7979K [0x00000000eab00000, 0x00000000ed500000, 0x0000000100000000)
  eden space 32768K, 8% used [0x00000000eab00000,0x00000000eadce4c8,0x00000000ecb00000)
  from space 5120K, 99% used [0x00000000ed000000,0x00000000ed4fc938,0x00000000ed500000)
  to   space 5120K, 0% used [0x00000000ecb00000,0x00000000ecb00000,0x00000000ed000000)
 ParOldGen       total 86016K, used 3681K [0x00000000c0000000, 0x00000000c5400000, 0x00000000eab00000)
  object space 86016K, 4% used [0x00000000c0000000,0x00000000c0398790,0x00000000c5400000)
 Metaspace       used 6141K, capacity 7026K, committed 7296K, reserved 1056768K
  class space    used 603K, capacity 618K, committed 640K, reserved 1048576K

Card table byte_map: [0x00000000119c0000,0x0000000011bd0000] byte_map_base: 0x00000000113c0000

Marking Bits: (ParMarkBitMap*) 0x0000000070b5a6d0
 Begin Bits: [0x0000000012130000, 0x0000000013130000)
 End Bits:   [0x0000000013130000, 0x0000000014130000)

Polling page: 0x0000000002250000

CodeCache: size=245760Kb used=5930Kb max_used=5930Kb free=239829Kb
 bounds [0x0000000002600000, 0x0000000002bd0000, 0x0000000011600000]
 total_blobs=1703 nmethods=1434 adapters=182
 compilation: enabled

Compilation events (10 events):
Event: 4.586 Thread 0x0000000014d2b000 1443       3       com.android.dx.cf.code.ConcreteMethod::<init> (262 bytes)
Event: 4.587 Thread 0x0000000014d2b000 nmethod 1443 0x0000000002bc7790 code [0x0000000002bc7a80, 0x0000000002bc8f58]
Event: 5.180 Thread 0x0000000014d2b000 1444       3       com.android.dx.cf.code.OneLocalsArray::set (10 bytes)
Event: 5.180 Thread 0x0000000014d2b000 nmethod 1444 0x0000000002bc9950 code [0x0000000002bc9ac0, 0x0000000002bc9d08]
Event: 5.180 Thread 0x0000000014d2b000 1445       3       com.android.dx.rop.code.RegisterSpec::getFrameType (10 bytes)
Event: 5.180 Thread 0x0000000014d2b000 nmethod 1445 0x0000000002bc9dd0 code [0x0000000002bc9f40, 0x0000000002bca168]
Event: 5.184 Thread 0x0000000014d2b000 1446       3       com.android.dx.ssa.SCCP::simulateStmt (481 bytes)
Event: 5.186 Thread 0x0000000014d2b000 nmethod 1446 0x0000000002bca210 code [0x0000000002bca540, 0x0000000002bcc4f8]
Event: 5.187 Thread 0x0000000014d2b000 1447       3       com.android.dx.rop.code.Rops::pickIf (154 bytes)
Event: 5.188 Thread 0x0000000014d2b000 nmethod 1447 0x0000000002bcd650 code [0x0000000002bcd8e0, 0x0000000002bcea58]

GC Heap History (4 events):
Event: 3.958 GC heap before
{Heap before GC invocations=1 (full 0):
 PSYoungGen      total 37888K, used 32768K [0x00000000eab00000, 0x00000000ed500000, 0x0000000100000000)
  eden space 32768K, 100% used [0x00000000eab00000,0x00000000ecb00000,0x00000000ecb00000)
  from space 5120K, 0% used [0x00000000ed000000,0x00000000ed000000,0x00000000ed500000)
  to   space 5120K, 0% used [0x00000000ecb00000,0x00000000ecb00000,0x00000000ed000000)
 ParOldGen       total 86016K, used 0K [0x00000000c0000000, 0x00000000c5400000, 0x00000000eab00000)
  object space 86016K, 0% used [0x00000000c0000000,0x00000000c0000000,0x00000000c5400000)
 Metaspace       used 5928K, capacity 6832K, committed 7040K, reserved 1056768K
  class space    used 601K, capacity 616K, committed 640K, reserved 1048576K
Event: 4.143 GC heap after
Heap after GC invocations=1 (full 0):
 PSYoungGen      total 37888K, used 5095K [0x00000000eab00000, 0x00000000ed500000, 0x0000000100000000)
  eden space 32768K, 0% used [0x00000000eab00000,0x00000000eab00000,0x00000000ecb00000)
  from space 5120K, 99% used [0x00000000ecb00000,0x00000000ecff9e20,0x00000000ed000000)
  to   space 5120K, 0% used [0x00000000ed000000,0x00000000ed000000,0x00000000ed500000)
 ParOldGen       total 86016K, used 102K [0x00000000c0000000, 0x00000000c5400000, 0x00000000eab00000)
  object space 86016K, 0% used [0x00000000c0000000,0x00000000c00199f8,0x00000000c5400000)
 Metaspace       used 5928K, capacity 6832K, committed 7040K, reserved 1056768K
  class space    used 601K, capacity 616K, committed 640K, reserved 1048576K
}
Event: 4.874 GC heap before
{Heap before GC invocations=2 (full 0):
 PSYoungGen      total 37888K, used 37863K [0x00000000eab00000, 0x00000000ed500000, 0x0000000100000000)
  eden space 32768K, 100% used [0x00000000eab00000,0x00000000ecb00000,0x00000000ecb00000)
  from space 5120K, 99% used [0x00000000ecb00000,0x00000000ecff9e20,0x00000000ed000000)
  to   space 5120K, 0% used [0x00000000ed000000,0x00000000ed000000,0x00000000ed500000)
 ParOldGen       total 86016K, used 102K [0x00000000c0000000, 0x00000000c5400000, 0x00000000eab00000)
  object space 86016K, 0% used [0x00000000c0000000,0x00000000c00199f8,0x00000000c5400000)
 Metaspace       used 6140K, capacity 7026K, committed 7296K, reserved 1056768K
  class space    used 603K, capacity 618K, committed 640K, reserved 1048576K
Event: 5.180 GC heap after
Heap after GC invocations=2 (full 0):
 PSYoungGen      total 37888K, used 5106K [0x00000000eab00000, 0x00000000ed500000, 0x0000000100000000)
  eden space 32768K, 0% used [0x00000000eab00000,0x00000000eab00000,0x00000000ecb00000)
  from space 5120K, 99% used [0x00000000ed000000,0x00000000ed4fc938,0x00000000ed500000)
  to   space 5120K, 0% used [0x00000000ecb00000,0x00000000ecb00000,0x00000000ed000000)
 ParOldGen       total 86016K, used 3681K [0x00000000c0000000, 0x00000000c5400000, 0x00000000eab00000)
  object space 86016K, 4% used [0x00000000c0000000,0x00000000c0398790,0x00000000c5400000)
 Metaspace       used 6140K, capacity 7026K, committed 7296K, reserved 1056768K
  class space    used 603K, capacity 618K, committed 640K, reserved 1048576K
}

Deoptimization events (10 events):
Event: 4.324 Thread 0x0000000016b57000 Uncommon trap: reason=class_check action=maybe_recompile pc=0x0000000002930f7c method=com.android.dx.rop.type.Type.equals(Ljava/lang/Object;)Z @ 8
Event: 4.324 Thread 0x0000000016b57000 Uncommon trap: reason=class_check action=maybe_recompile pc=0x0000000002930f7c method=com.android.dx.rop.type.Type.equals(Ljava/lang/Object;)Z @ 8
Event: 4.324 Thread 0x0000000016b57000 Uncommon trap: reason=class_check action=maybe_recompile pc=0x0000000002930f7c method=com.android.dx.rop.type.Type.equals(Ljava/lang/Object;)Z @ 8
Event: 4.326 Thread 0x0000000016b57000 Uncommon trap: reason=class_check action=maybe_recompile pc=0x0000000002930f7c method=com.android.dx.rop.type.Type.equals(Ljava/lang/Object;)Z @ 8
Event: 4.330 Thread 0x0000000016b57000 Uncommon trap: reason=class_check action=maybe_recompile pc=0x0000000002964be4 method=com.android.dx.rop.type.Type.equals(Ljava/lang/Object;)Z @ 8
Event: 4.455 Thread 0x00000000024fe000 Uncommon trap: reason=unloaded action=reinterpret pc=0x0000000002a54f14 method=com.android.dx.cf.cst.ConstantPoolParser.parse0(ILjava/util/BitSet;)Lcom/android/dx/rop/cst/Constant; @ 198
Event: 4.455 Thread 0x00000000024fe000 Uncommon trap: reason=unstable_if action=reinterpret pc=0x0000000002a4ecf8 method=com.android.dx.rop.cst.StdConstantPool.set(ILcom/android/dx/rop/cst/Constant;)V @ 12
Event: 4.473 Thread 0x00000000024fe000 Uncommon trap: reason=unstable_if action=reinterpret pc=0x000000000291781c method=com.android.dx.rop.cst.Constant.compareTo(Lcom/android/dx/rop/cst/Constant;)I @ 12
Event: 4.565 Thread 0x0000000016b55000 Uncommon trap: reason=unstable_if action=reinterpret pc=0x0000000002a78c3c method=com.android.dx.util.IntList.binarysearch(I)I @ 105
Event: 5.182 Thread 0x0000000016b55000 Uncommon trap: reason=unstable_if action=reinterpret pc=0x0000000002b60ffc method=com.android.dx.ssa.SCCP.simulateStmt(Lcom/android/dx/ssa/SsaInsn;)V @ 59

Internal exceptions (2 events):
Event: 0.035 Thread 0x00000000024fe000 Exception <a 'java/lang/NoSuchMethodError': Method sun.misc.Unsafe.defineClass(Ljava/lang/String;[BII)Ljava/lang/Class; name or signature does not match> (0x00000000eab07cc0) thrown at [C:\re\workspace\8-2-build-windows-amd64-cygwin\jdk8u101\7261\hotspot\svbÿ¢?
Event: 0.035 Thread 0x00000000024fe000 Exception <a 'java/lang/NoSuchMethodError': Method sun.misc.Unsafe.prefetchRead(Ljava/lang/Object;J)V name or signature does not match> (0x00000000eab07fa8) thrown at [C:\re\workspace\8-2-build-windows-amd64-cygwin\jdk8u101\7261\hotspot\src\share\vm\prims\

Events (10 events):
Event: 4.487 Executing VM operation: EnableBiasedLocking
Event: 4.529 Executing VM operation: EnableBiasedLocking done
Event: 4.565 Thread 0x0000000016b55000 Uncommon trap: trap_request=0xffffff65 fr.pc=0x0000000002a78c3c
Event: 4.565 Thread 0x0000000016b55000 DEOPT PACKING pc=0x0000000002a78c3c sp=0x000000001710e8e0
Event: 4.565 Thread 0x0000000016b55000 DEOPT UNPACKING pc=0x000000000264582a sp=0x000000001710e858 mode 2
Event: 4.593 Executing VM operation: ParallelGCFailedAllocation
Event: 5.180 Executing VM operation: ParallelGCFailedAllocation done
Event: 5.182 Thread 0x0000000016b55000 Uncommon trap: trap_request=0xffffff65 fr.pc=0x0000000002b60ffc
Event: 5.182 Thread 0x0000000016b55000 DEOPT PACKING pc=0x0000000002b60ffc sp=0x000000001710e950
Event: 5.182 Thread 0x0000000016b55000 DEOPT UNPACKING pc=0x000000000264582a sp=0x000000001710e938 mode 2


Dynamic libraries:
0x00007ff618850000 - 0x00007ff618887000 	C:\Program Files\Java\jdk1.8.0_101\bin\java.exe
0x00007ffe15cb0000 - 0x00007ffe15e5a000 	C:\Windows\SYSTEM32\ntdll.dll
0x00007ffe14b60000 - 0x00007ffe14c9a000 	C:\Windows\system32\KERNEL32.DLL
0x00007ffe130f0000 - 0x00007ffe131ff000 	C:\Windows\system32\KERNELBASE.dll
0x00007ffe117b0000 - 0x00007ffe11838000 	C:\Windows\system32\apphelp.dll
0x00007ffe01990000 - 0x00007ffe019df000 	C:\Windows\AppPatch\AppPatch64\AcGenral.DLL
0x00007ffe15680000 - 0x00007ffe15727000 	C:\Windows\system32\msvcrt.dll
0x00007ffe12ed0000 - 0x00007ffe12efb000 	C:\Windows\SYSTEM32\SspiCli.dll
0x00007ffe15730000 - 0x00007ffe15781000 	C:\Windows\system32\SHLWAPI.dll
0x00007ffe15830000 - 0x00007ffe159a1000 	C:\Windows\system32\USER32.dll
0x00007ffe159b0000 - 0x00007ffe15b28000 	C:\Windows\system32\ole32.dll
0x00007ffe135a0000 - 0x00007ffe149c0000 	C:\Windows\system32\SHELL32.dll
0x00007ffe12690000 - 0x00007ffe126ae000 	C:\Windows\SYSTEM32\USERENV.dll
0x00007ffe151a0000 - 0x00007ffe15245000 	C:\Windows\system32\ADVAPI32.dll
0x00007ffe0b9b0000 - 0x00007ffe0b9cb000 	C:\Windows\SYSTEM32\MPR.dll
0x00007ffe15b70000 - 0x00007ffe15ca7000 	C:\Windows\system32\RPCRT4.dll
0x00007ffe149c0000 - 0x00007ffe14a17000 	C:\Windows\SYSTEM32\sechost.dll
0x00007ffe14ca0000 - 0x00007ffe14e76000 	C:\Windows\SYSTEM32\combase.dll
0x00007ffe153f0000 - 0x00007ffe15534000 	C:\Windows\system32\GDI32.dll
0x00007ffe13020000 - 0x00007ffe13034000 	C:\Windows\SYSTEM32\profapi.dll
0x00007ffe10e70000 - 0x00007ffe10f0f000 	C:\Windows\SYSTEM32\SHCORE.dll
0x00007ffe15b30000 - 0x00007ffe15b64000 	C:\Windows\system32\IMM32.DLL
0x00007ffe14e80000 - 0x00007ffe14fb9000 	C:\Windows\system32\MSCTF.dll
0x00007ffe10670000 - 0x00007ffe108ca000 	C:\Windows\WinSxS\amd64_microsoft.windows.common-controls_6595b64144ccf1df_6.0.9600.17031_none_6242a4b3ecbb55a1\COMCTL32.dll
0x0000000070be0000 - 0x0000000070cb2000 	C:\Program Files\Java\jdk1.8.0_101\jre\bin\msvcr100.dll
0x0000000070340000 - 0x0000000070bda000 	C:\Program Files\Java\jdk1.8.0_101\jre\bin\server\jvm.dll
0x00007ffe0b5b0000 - 0x00007ffe0b5b9000 	C:\Windows\SYSTEM32\WSOCK32.dll
0x00007ffe05000000 - 0x00007ffe0501f000 	C:\Windows\SYSTEM32\WINMM.dll
0x00007ffe0b9f0000 - 0x00007ffe0b9fa000 	C:\Windows\SYSTEM32\VERSION.dll
0x00007ffe15670000 - 0x00007ffe15677000 	C:\Windows\system32\PSAPI.DLL
0x00007ffe14a20000 - 0x00007ffe14a78000 	C:\Windows\system32\WS2_32.dll
0x00007ffe04fd0000 - 0x00007ffe04ffa000 	C:\Windows\SYSTEM32\WINMMBASE.dll
0x00007ffe13590000 - 0x00007ffe13599000 	C:\Windows\system32\NSI.dll
0x00007ffe13430000 - 0x00007ffe1347a000 	C:\Windows\SYSTEM32\cfgmgr32.dll
0x00007ffe11ed0000 - 0x00007ffe11ef6000 	C:\Windows\SYSTEM32\DEVOBJ.dll
0x00000000717b0000 - 0x00000000717bf000 	C:\Program Files\Java\jdk1.8.0_101\jre\bin\verify.dll
0x0000000070310000 - 0x0000000070339000 	C:\Program Files\Java\jdk1.8.0_101\jre\bin\java.dll
0x00000000702f0000 - 0x0000000070306000 	C:\Program Files\Java\jdk1.8.0_101\jre\bin\zip.dll

VM Arguments:
jvm_args: -Djava.awt.headless=true -Xmx1024M -Dfile.encoding=windows-1252 -Duser.country=ES -Duser.language=es -Duser.variant 
java_command: com.android.dx.command.Main --dex --force-jumbo --num-threads=4 --multi-dex --output D:\Android\ControlOrden\app\build\intermediates\transforms\dex\debug\folders\1000\10\com.android.support-support-v4-23.4.0_a06072dd36f645242c120fe906444270fdf2bb13 D:\Android\ControlOrden\app\build\intermediates\exploded-aar\com.android.support\support-v4\23.4.0\jars\classes.jar
java_class_path (initial): C:\Android\sdk\build-tools\23.0.3\lib\dx.jar
Launcher Type: SUN_STANDARD

Environment Variables:
JAVA_HOME=C:\Program Files\Java\jdk1.8.0_51
PATH=C:\ProgramData\Oracle\Java\javapath;C:\Windows\System32\Wbem;C:\App\isielcsoft\product\11.2.0\dbhome_1\bin;D:\app\client\ellave\product\12.1.0\client_1;D:\app\client\ellave\product\12.1.0\client_1\bin;C:\windows\system32;c:\windows;C:\Program Files (x86)\Microsoft SQL Server\100\Tools\Binn\;C:\Program Files (x86)\Microsoft SQL Server\100\DTS\Binn\;C:\Program Files (x86)\Microsoft SQL Server\100\Tools\Binn\VSShell\Common7\IDE\;C:\Program Files\Microsoft SQL Server\100\Tools\Binn\;C:\Program Files (x86)\Skype\Phone\;C:\Oracle\instantclient_12_1;C:\Program Files (x86)\Windows Kits\8.1\Windows Performance Toolkit\;C:\Program Files\Microsoft SQL Server\110\Tools\Binn\
USERNAME=Jimena Vidal
OS=Windows_NT
PROCESSOR_IDENTIFIER=Intel64 Family 6 Model 58 Stepping 9, GenuineIntel



---------------  S Y S T E M  ---------------

OS: Windows 8.1 , 64 bit Build 9600 (6.3.9600.17056)

CPU:total 4 (4 cores per cpu, 1 threads per core) family 6 model 58 stepping 9, cmov, cx8, fxsr, mmx, sse, sse2, sse3, ssse3, sse4.1, sse4.2, popcnt, avx, aes, clmul, erms, tsc, tscinvbit, tscinv

Memory: 4k page, physical 8254900k(945456k free), swap 11400628k(5108k free)

vm_info: Java HotSpot(TM) 64-Bit Server VM (25.101-b13) for windows-amd64 JRE (1.8.0_101-b13), built on Jun 22 2016 01:21:29 by "java_re" with MS VC++ 10.0 (VS2010)

time: Thu Sep 22 10:36:02 2016
elapsed time: 5 seconds (0d 0h 0m 5s)

