#
# There is insufficient memory for the Java Runtime Environment to continue.
# Native memory allocation (malloc) failed to allocate 113536 bytes for Chunk::new
# Possible reasons:
#   The system is out of physical RAM or swap space
#   In 32 bit mode, the process size limit was hit
# Possible solutions:
#   Reduce memory load on the system
#   Increase physical memory or swap space
#   Check if swap backing store is full
#   Use 64 bit Java on a 64 bit OS
#   Decrease Java heap size (-Xmx/-Xms)
#   Decrease number of Java threads
#   Decrease Java thread stack sizes (-Xss)
#   Set larger code cache with -XX:ReservedCodeCacheSize=
# This output file may be truncated or incomplete.
#
#  Out of Memory Error (allocation.cpp:390), pid=2064, tid=0x00000000000011cc
#
# JRE version: Java(TM) SE Runtime Environment (8.0_101-b13) (build 1.8.0_101-b13)
# Java VM: Java HotSpot(TM) 64-Bit Server VM (25.101-b13 mixed mode windows-amd64 compressed oops)
# Failed to write core dump. Minidumps are not enabled by default on client versions of Windows
#

---------------  T H R E A D  ---------------

Current thread (0x0000000015017000):  JavaThread "C2 CompilerThread1" daemon [_thread_in_native, id=4556, stack(0x0000000016930000,0x0000000016a30000)]

Stack: [0x0000000016930000,0x0000000016a30000]
[error occurred during error reporting (printing stack bounds), id 0xc0000005]

Native frames: (J=compiled Java code, j=interpreted, Vv=VM code, C=native code)


Current CompileTask:
C2:   1256  793   !   4       com.android.dx.rop.code.RegisterSpec::intern (70 bytes)


---------------  P R O C E S S  ---------------

Java Threads: ( => current thread )
  0x0000000016da8000 JavaThread "pool-1-thread-4" [_thread_blocked, id=6868, stack(0x0000000017530000,0x0000000017630000)]
  0x0000000016da7000 JavaThread "pool-1-thread-3" [_thread_blocked, id=8132, stack(0x0000000017430000,0x0000000017530000)]
  0x0000000016da3000 JavaThread "pool-1-thread-2" [_thread_in_vm, id=5524, stack(0x0000000017330000,0x0000000017430000)]
  0x0000000016da0800 JavaThread "pool-2-thread-1" [_thread_blocked, id=5348, stack(0x0000000017230000,0x0000000017330000)]
  0x0000000016d9f800 JavaThread "pool-1-thread-1" [_thread_in_vm, id=2356, stack(0x0000000017130000,0x0000000017230000)]
  0x0000000016b33000 JavaThread "Service Thread" daemon [_thread_blocked, id=1976, stack(0x0000000016f30000,0x0000000017030000)]
  0x000000001501c000 JavaThread "C1 CompilerThread2" daemon [_thread_in_native, id=4396, stack(0x0000000016a30000,0x0000000016b30000)]
=>0x0000000015017000 JavaThread "C2 CompilerThread1" daemon [_thread_in_native, id=4556, stack(0x0000000016930000,0x0000000016a30000)]
  0x0000000014fbe000 JavaThread "C2 CompilerThread0" daemon [_thread_in_native, id=7868, stack(0x0000000016830000,0x0000000016930000)]
  0x0000000014fbc000 JavaThread "Attach Listener" daemon [_thread_blocked, id=7636, stack(0x0000000016730000,0x0000000016830000)]
  0x0000000014fba800 JavaThread "Signal Dispatcher" daemon [_thread_blocked, id=7664, stack(0x0000000016630000,0x0000000016730000)]
  0x0000000014faa800 JavaThread "Finalizer" daemon [_thread_blocked, id=7884, stack(0x0000000016240000,0x0000000016340000)]
  0x00000000028df800 JavaThread "Reference Handler" daemon [_thread_blocked, id=1408, stack(0x0000000016140000,0x0000000016240000)]
  0x0000000000e3d800 JavaThread "main" [_thread_blocked, id=7552, stack(0x00000000026e0000,0x00000000027e0000)]

Other Threads:
  0x0000000014f88000 VMThread [stack: 0x0000000016040000,0x0000000016140000] [id=1736]
  0x0000000016b3a000 WatcherThread [stack: 0x0000000017030000,0x0000000017130000] [id=3796]

VM state:not at safepoint (normal execution)

VM Mutex/Monitor currently owned by a thread: None

Heap:
 PSYoungGen      total 37888K, used 15997K [0x00000000eab00000, 0x00000000ed500000, 0x0000000100000000)
  eden space 32768K, 48% used [0x00000000eab00000,0x00000000eba9f458,0x00000000ecb00000)
  from space 5120K, 0% used [0x00000000ed000000,0x00000000ed000000,0x00000000ed500000)
  to   space 5120K, 0% used [0x00000000ecb00000,0x00000000ecb00000,0x00000000ed000000)
 ParOldGen       total 86016K, used 0K [0x00000000c0000000, 0x00000000c5400000, 0x00000000eab00000)
  object space 86016K, 0% used [0x00000000c0000000,0x00000000c0000000,0x00000000c5400000)
 Metaspace       used 5780K, capacity 6704K, committed 6784K, reserved 1056768K
  class space    used 594K, capacity 616K, committed 640K, reserved 1048576K

Card table byte_map: [0x0000000011cb0000,0x0000000011ec0000] byte_map_base: 0x00000000116b0000

Marking Bits: (ParMarkBitMap*) 0x0000000070b5a6d0
 Begin Bits: [0x0000000012420000, 0x0000000013420000)
 End Bits:   [0x0000000013420000, 0x0000000014420000)

Polling page: 0x0000000000e40000

CodeCache: size=245760Kb used=3287Kb max_used=3298Kb free=242472Kb
 bounds [0x00000000028f0000, 0x0000000002c30000, 0x00000000118f0000]
 total_blobs=1038 nmethods=770 adapters=181
 compilation: enabled

Compilation events (10 events):
Event: 1.250 Thread 0x0000000014fbe000 nmethod 790 0x0000000002c09c50 code [0x0000000002c09d80, 0x0000000002c09e78]
Event: 1.251 Thread 0x0000000015017000 nmethod 789 0x0000000002be8750 code [0x0000000002be88a0, 0x0000000002be8b38]
Event: 1.251 Thread 0x0000000014fbe000  792       4       com.android.dx.cf.code.BaseMachine::clearArgs (56 bytes)
Event: 1.251 Thread 0x0000000014fbe000 nmethod 792 0x0000000002be70d0 code [0x0000000002be7200, 0x0000000002be7298]
Event: 1.251 Thread 0x0000000015017000  793   !   4       com.android.dx.rop.code.RegisterSpec::intern (70 bytes)
Event: 1.253 Thread 0x0000000014fbe000  795       4       java.util.BitSet::<init> (56 bytes)
Event: 1.254 Thread 0x0000000014fbe000 nmethod 795 0x0000000002be83d0 code [0x0000000002be8520, 0x0000000002be8658]
Event: 1.254 Thread 0x0000000014fbe000  796       4       com.android.dx.ssa.NormalSsaInsn::getSources (8 bytes)
Event: 1.254 Thread 0x0000000014fbe000 nmethod 796 0x0000000002be6e50 code [0x0000000002be6f80, 0x0000000002be6ff8]
Event: 1.255 Thread 0x0000000014fbe000  797       4       com.android.dx.ssa.NormalSsaInsn::getLocalAssignment (54 bytes)

GC Heap History (0 events):
No events

Deoptimization events (1 events):
Event: 1.114 Thread 0x0000000016d9f800 Uncommon trap: reason=unstable_if action=reinterpret pc=0x0000000002b8daf4 method=java.util.BitSet.ensureCapacity(I)V @ 6

Internal exceptions (2 events):
Event: 0.036 Thread 0x0000000000e3d800 Exception <a 'java/lang/NoSuchMethodError': Method sun.misc.Unsafe.defineClass(Ljava/lang/String;[BII)Ljava/lang/Class; name or signature does not match> (0x00000000eab07cc0) thrown at [C:\re\workspace\8-2-build-windows-amd64-cygwin\jdk8u101\7261\hotspot\s€µVd¢?
Event: 0.036 Thread 0x0000000000e3d800 Exception <a 'java/lang/NoSuchMethodError': Method sun.misc.Unsafe.prefetchRead(Ljava/lang/Object;J)V name or signature does not match> (0x00000000eab07fa8) thrown at [C:\re\workspace\8-2-build-windows-amd64-cygwin\jdk8u101\7261\hotspot\src\share\vm\prims\

Events (10 events):
Event: 1.083 loading class com/android/dx/rop/cst/CstEnumRef done
Event: 1.096 loading class com/android/dx/cf/code/SwitchList
Event: 1.096 loading class com/android/dx/cf/code/SwitchList done
Event: 1.114 Thread 0x0000000016d9f800 Uncommon trap: trap_request=0xffffff65 fr.pc=0x0000000002b8daf4
Event: 1.114 Thread 0x0000000016d9f800 DEOPT PACKING pc=0x0000000002b8daf4 sp=0x000000001722e990
Event: 1.114 Thread 0x0000000016d9f800 DEOPT UNPACKING pc=0x000000000293582a sp=0x000000001722e878 mode 2
Event: 1.134 loading class java/util/ArrayList$1
Event: 1.134 loading class java/util/ArrayList$1 done
Event: 1.150 Executing VM operation: ForceSafepoint
Event: 1.236 Executing VM operation: ForceSafepoint done


Dynamic libraries:
0x00007ff618850000 - 0x00007ff618887000 	C:\Program Files\Java\jdk1.8.0_101\bin\java.exe
0x00007ffe15cb0000 - 0x00007ffe15e5a000 	C:\Windows\SYSTEM32\ntdll.dll
0x00007ffe14b60000 - 0x00007ffe14c9a000 	C:\Windows\system32\KERNEL32.DLL
0x00007ffe130f0000 - 0x00007ffe131ff000 	C:\Windows\system32\KERNELBASE.dll
0x00007ffe117b0000 - 0x00007ffe11838000 	C:\Windows\system32\apphelp.dll
0x00007ffe01990000 - 0x00007ffe019df000 	C:\Windows\AppPatch\AppPatch64\AcGenral.DLL
0x00007ffe15680000 - 0x00007ffe15727000 	C:\Windows\system32\msvcrt.dll
0x00007ffe12ed0000 - 0x00007ffe12efb000 	C:\Windows\SYSTEM32\SspiCli.dll
0x00007ffe15730000 - 0x00007ffe15781000 	C:\Windows\system32\SHLWAPI.dll
0x00007ffe15830000 - 0x00007ffe159a1000 	C:\Windows\system32\USER32.dll
0x00007ffe159b0000 - 0x00007ffe15b28000 	C:\Windows\system32\ole32.dll
0x00007ffe135a0000 - 0x00007ffe149c0000 	C:\Windows\system32\SHELL32.dll
0x00007ffe12690000 - 0x00007ffe126ae000 	C:\Windows\SYSTEM32\USERENV.dll
0x00007ffe151a0000 - 0x00007ffe15245000 	C:\Windows\system32\ADVAPI32.dll
0x00007ffe0b9b0000 - 0x00007ffe0b9cb000 	C:\Windows\SYSTEM32\MPR.dll
0x00007ffe15b70000 - 0x00007ffe15ca7000 	C:\Windows\system32\RPCRT4.dll
0x00007ffe149c0000 - 0x00007ffe14a17000 	C:\Windows\SYSTEM32\sechost.dll
0x00007ffe14ca0000 - 0x00007ffe14e76000 	C:\Windows\SYSTEM32\combase.dll
0x00007ffe153f0000 - 0x00007ffe15534000 	C:\Windows\system32\GDI32.dll
0x00007ffe13020000 - 0x00007ffe13034000 	C:\Windows\SYSTEM32\profapi.dll
0x00007ffe10e70000 - 0x00007ffe10f0f000 	C:\Windows\SYSTEM32\SHCORE.dll
0x00007ffe15b30000 - 0x00007ffe15b64000 	C:\Windows\system32\IMM32.DLL
0x00007ffe14e80000 - 0x00007ffe14fb9000 	C:\Windows\system32\MSCTF.dll
0x00007ffe10670000 - 0x00007ffe108ca000 	C:\Windows\WinSxS\amd64_microsoft.windows.common-controls_6595b64144ccf1df_6.0.9600.17031_none_6242a4b3ecbb55a1\COMCTL32.dll
0x0000000070be0000 - 0x0000000070cb2000 	C:\Program Files\Java\jdk1.8.0_101\jre\bin\msvcr100.dll
0x0000000070340000 - 0x0000000070bda000 	C:\Program Files\Java\jdk1.8.0_101\jre\bin\server\jvm.dll
0x00007ffe0b5b0000 - 0x00007ffe0b5b9000 	C:\Windows\SYSTEM32\WSOCK32.dll
0x00007ffe05000000 - 0x00007ffe0501f000 	C:\Windows\SYSTEM32\WINMM.dll
0x00007ffe0b9f0000 - 0x00007ffe0b9fa000 	C:\Windows\SYSTEM32\VERSION.dll
0x00007ffe15670000 - 0x00007ffe15677000 	C:\Windows\system32\PSAPI.DLL
0x00007ffe14a20000 - 0x00007ffe14a78000 	C:\Windows\system32\WS2_32.dll
0x00007ffe04fd0000 - 0x00007ffe04ffa000 	C:\Windows\SYSTEM32\WINMMBASE.dll
0x00007ffe13590000 - 0x00007ffe13599000 	C:\Windows\system32\NSI.dll
0x00007ffe13430000 - 0x00007ffe1347a000 	C:\Windows\SYSTEM32\cfgmgr32.dll
0x00007ffe11ed0000 - 0x00007ffe11ef6000 	C:\Windows\SYSTEM32\DEVOBJ.dll
0x00000000717b0000 - 0x00000000717bf000 	C:\Program Files\Java\jdk1.8.0_101\jre\bin\verify.dll
0x0000000070310000 - 0x0000000070339000 	C:\Program Files\Java\jdk1.8.0_101\jre\bin\java.dll
0x00000000702f0000 - 0x0000000070306000 	C:\Program Files\Java\jdk1.8.0_101\jre\bin\zip.dll

VM Arguments:
jvm_args: -Djava.awt.headless=true -Xmx1024M -Dfile.encoding=windows-1252 -Duser.country=ES -Duser.language=es -Duser.variant 
java_command: com.android.dx.command.Main --dex --force-jumbo --num-threads=4 --output D:\Android\ControlOrden\app\build\intermediates\pre-dexed\debug\ksoap2-android-assembly-3.1.1-jar-with-dependencies_966c0adba1fe8dba9b1fc004eb605ed06fcc62e1.jar D:\Android\ControlOrden\app\libs\ksoap2-android-assembly-3.1.1-jar-with-dependencies.jar
java_class_path (initial): C:\Android\sdk\build-tools\23.0.3\lib\dx.jar
Launcher Type: SUN_STANDARD

Environment Variables:
JAVA_HOME=C:\Program Files\Java\jdk1.8.0_51
PATH=C:\ProgramData\Oracle\Java\javapath;C:\Windows\System32\Wbem;C:\App\isielcsoft\product\11.2.0\dbhome_1\bin;D:\app\client\ellave\product\12.1.0\client_1;D:\app\client\ellave\product\12.1.0\client_1\bin;C:\windows\system32;c:\windows;C:\Program Files (x86)\Microsoft SQL Server\100\Tools\Binn\;C:\Program Files (x86)\Microsoft SQL Server\100\DTS\Binn\;C:\Program Files (x86)\Microsoft SQL Server\100\Tools\Binn\VSShell\Common7\IDE\;C:\Program Files\Microsoft SQL Server\100\Tools\Binn\;C:\Program Files (x86)\Skype\Phone\;C:\Oracle\instantclient_12_1;C:\Program Files (x86)\Windows Kits\8.1\Windows Performance Toolkit\;C:\Program Files\Microsoft SQL Server\110\Tools\Binn\
USERNAME=Jimena Vidal
OS=Windows_NT
PROCESSOR_IDENTIFIER=Intel64 Family 6 Model 58 Stepping 9, GenuineIntel



---------------  S Y S T E M  ---------------

OS: Windows 8.1 , 64 bit Build 9600 (6.3.9600.17056)

CPU:total 4 (4 cores per cpu, 1 threads per core) family 6 model 58 stepping 9, cmov, cx8, fxsr, mmx, sse, sse2, sse3, ssse3, sse4.1, sse4.2, popcnt, avx, aes, clmul, erms, tsc, tscinvbit, tscinv

Memory: 4k page, physical 8254900k(952868k free), swap 11400628k(5004k free)

vm_info: Java HotSpot(TM) 64-Bit Server VM (25.101-b13) for windows-amd64 JRE (1.8.0_101-b13), built on Jun 22 2016 01:21:29 by "java_re" with MS VC++ 10.0 (VS2010)

time: Thu Sep 22 10:31:05 2016
elapsed time: 1 seconds (0d 0h 0m 1s)

