#
# There is insufficient memory for the Java Runtime Environment to continue.
# Native memory allocation (malloc) failed to allocate 32744 bytes for ChunkPool::allocate
# Possible reasons:
#   The system is out of physical RAM or swap space
#   In 32 bit mode, the process size limit was hit
# Possible solutions:
#   Reduce memory load on the system
#   Increase physical memory or swap space
#   Check if swap backing store is full
#   Use 64 bit Java on a 64 bit OS
#   Decrease Java heap size (-Xmx/-Xms)
#   Decrease number of Java threads
#   Decrease Java thread stack sizes (-Xss)
#   Set larger code cache with -XX:ReservedCodeCacheSize=
# This output file may be truncated or incomplete.
#
#  Out of Memory Error (allocation.cpp:273), pid=5156, tid=0x00000000000016bc
#
# JRE version: Java(TM) SE Runtime Environment (8.0_101-b13) (build 1.8.0_101-b13)
# Java VM: Java HotSpot(TM) 64-Bit Server VM (25.101-b13 mixed mode windows-amd64 compressed oops)
# Failed to write core dump. Minidumps are not enabled by default on client versions of Windows
#

---------------  T H R E A D  ---------------

Current thread (0x00000000150ad000):  JavaThread "C2 CompilerThread0" daemon [_thread_in_native, id=5820, stack(0x0000000016910000,0x0000000016a10000)]

Stack: [0x0000000016910000,0x0000000016a10000]
[error occurred during error reporting (printing stack bounds), id 0xc0000005]

Native frames: (J=compiled Java code, j=interpreted, Vv=VM code, C=native code)


Current CompileTask:
C2:   2203 1302   !   4       com.android.dx.cf.cst.ConstantPoolParser::parse0 (731 bytes)


---------------  P R O C E S S  ---------------

Java Threads: ( => current thread )
  0x0000000016dea000 JavaThread "pool-1-thread-4" [_thread_blocked, id=2924, stack(0x0000000017610000,0x0000000017710000)]
  0x0000000016de9000 JavaThread "pool-1-thread-3" [_thread_blocked, id=7336, stack(0x0000000017510000,0x0000000017610000)]
  0x0000000016de8000 JavaThread "pool-1-thread-2" [_thread_blocked, id=5064, stack(0x0000000017410000,0x0000000017510000)]
  0x0000000016de2000 JavaThread "pool-2-thread-1" [_thread_blocked, id=7764, stack(0x0000000017310000,0x0000000017410000)]
  0x0000000016d84000 JavaThread "pool-1-thread-1" [_thread_blocked, id=2288, stack(0x0000000017210000,0x0000000017310000)]
  0x0000000016b27000 JavaThread "Service Thread" daemon [_thread_blocked, id=5616, stack(0x0000000017010000,0x0000000017110000)]
  0x0000000016b18800 JavaThread "C1 CompilerThread2" daemon [_thread_blocked, id=1032, stack(0x0000000016f10000,0x0000000017010000)]
  0x00000000150b0000 JavaThread "C2 CompilerThread1" daemon [_thread_blocked, id=7712, stack(0x0000000016a10000,0x0000000016b10000)]
=>0x00000000150ad000 JavaThread "C2 CompilerThread0" daemon [_thread_in_native, id=5820, stack(0x0000000016910000,0x0000000016a10000)]
  0x00000000150ab000 JavaThread "Attach Listener" daemon [_thread_blocked, id=7184, stack(0x0000000016810000,0x0000000016910000)]
  0x00000000150aa000 JavaThread "Signal Dispatcher" daemon [_thread_blocked, id=7408, stack(0x0000000016710000,0x0000000016810000)]
  0x000000001509a000 JavaThread "Finalizer" daemon [_thread_blocked, id=160, stack(0x0000000016310000,0x0000000016410000)]
  0x0000000015079000 JavaThread "Reference Handler" daemon [_thread_blocked, id=3860, stack(0x0000000016210000,0x0000000016310000)]
  0x000000000288d800 JavaThread "main" [_thread_blocked, id=7108, stack(0x0000000002780000,0x0000000002880000)]

Other Threads:
  0x0000000015077000 VMThread [stack: 0x0000000016110000,0x0000000016210000] [id=1512]
  0x0000000016b3b800 WatcherThread [stack: 0x0000000017110000,0x0000000017210000] [id=7048]

VM state:at safepoint (normal execution)

VM Mutex/Monitor currently owned by a thread:  ([mutex/lock_event])
[0x000000000288cfa0] Threads_lock - owner thread: 0x0000000015077000
[0x000000000288d220] Heap_lock - owner thread: 0x0000000016d84000

Heap:
 PSYoungGen      total 37888K, used 37816K [0x00000000eab00000, 0x00000000ef500000, 0x0000000100000000)
  eden space 32768K, 100% used [0x00000000eab00000,0x00000000ecb00000,0x00000000ecb00000)
  from space 5120K, 98% used [0x00000000ecb00000,0x00000000ecfee0a0,0x00000000ed000000)
  to   space 5120K, 99% used [0x00000000ef000000,0x00000000ef4ffe78,0x00000000ef500000)
 ParOldGen       total 86016K, used 3757K [0x00000000c0000000, 0x00000000c5400000, 0x00000000eab00000)
  object space 86016K, 4% used [0x00000000c0000000,0x00000000c03ab798,0x00000000c5400000)
 Metaspace       used 6147K, capacity 7026K, committed 7296K, reserved 1056768K
  class space    used 604K, capacity 618K, committed 640K, reserved 1048576K

Card table byte_map: [0x0000000011d80000,0x0000000011f90000] byte_map_base: 0x0000000011780000

Marking Bits: (ParMarkBitMap*) 0x0000000070b5a6d0
 Begin Bits: [0x00000000124f0000, 0x00000000134f0000)
 End Bits:   [0x00000000134f0000, 0x00000000144f0000)

Polling page: 0x0000000000f20000

CodeCache: size=245760Kb used=5685Kb max_used=5686Kb free=240074Kb
 bounds [0x00000000029c0000, 0x0000000002f60000, 0x00000000119c0000]
 total_blobs=1686 nmethods=1417 adapters=182
 compilation: enabled

Compilation events (10 events):
Event: 2.060 Thread 0x0000000016b18800 1424       3       com.android.dx.cf.code.ByteCatchList$Item::getExceptionClass (18 bytes)
Event: 2.061 Thread 0x0000000016b18800 nmethod 1424 0x0000000002f50750 code [0x0000000002f508a0, 0x0000000002f50a50]
Event: 2.062 Thread 0x0000000016b18800 1425       3       com.android.dx.cf.code.Frame::mergeWith (80 bytes)
Event: 2.063 Thread 0x0000000016b18800 nmethod 1425 0x0000000002f4f090 code [0x0000000002f4f2c0, 0x0000000002f502a8]
Event: 2.066 Thread 0x0000000016b18800 1427       3       com.android.dx.cf.code.OneLocalsArray::set (10 bytes)
Event: 2.066 Thread 0x0000000016b18800 nmethod 1427 0x0000000002f4ec10 code [0x0000000002f4ed80, 0x0000000002f4efc8]
Event: 2.066 Thread 0x0000000016b18800 1428       3       com.android.dx.rop.code.RegisterSpec::getFrameType (10 bytes)
Event: 2.066 Thread 0x0000000016b18800 nmethod 1428 0x0000000002f4e7d0 code [0x0000000002f4e940, 0x0000000002f4eb68]
Event: 2.067 Thread 0x0000000016b18800 1429       3       com.android.dx.cf.code.LocalVariableList$Item::matchesAllButType (53 bytes)
Event: 2.067 Thread 0x0000000016b18800 nmethod 1429 0x0000000002f4df90 code [0x0000000002f4e120, 0x0000000002f4e668]

GC Heap History (2 events):
Event: 1.396 GC heap before
{Heap before GC invocations=1 (full 0):
 PSYoungGen      total 37888K, used 32768K [0x00000000eab00000, 0x00000000ed500000, 0x0000000100000000)
  eden space 32768K, 100% used [0x00000000eab00000,0x00000000ecb00000,0x00000000ecb00000)
  from space 5120K, 0% used [0x00000000ed000000,0x00000000ed000000,0x00000000ed500000)
  to   space 5120K, 0% used [0x00000000ecb00000,0x00000000ecb00000,0x00000000ed000000)
 ParOldGen       total 86016K, used 0K [0x00000000c0000000, 0x00000000c5400000, 0x00000000eab00000)
  object space 86016K, 0% used [0x00000000c0000000,0x00000000c0000000,0x00000000c5400000)
 Metaspace       used 5936K, capacity 6832K, committed 7040K, reserved 1056768K
  class space    used 602K, capacity 616K, committed 640K, reserved 1048576K
Event: 1.621 GC heap after
Heap after GC invocations=1 (full 0):
 PSYoungGen      total 37888K, used 5048K [0x00000000eab00000, 0x00000000ef500000, 0x0000000100000000)
  eden space 32768K, 0% used [0x00000000eab00000,0x00000000eab00000,0x00000000ecb00000)
  from space 5120K, 98% used [0x00000000ecb00000,0x00000000ecfee0a0,0x00000000ed000000)
  to   space 5120K, 0% used [0x00000000ef000000,0x00000000ef000000,0x00000000ef500000)
 ParOldGen       total 86016K, used 16K [0x00000000c0000000, 0x00000000c5400000, 0x00000000eab00000)
  object space 86016K, 0% used [0x00000000c0000000,0x00000000c0004000,0x00000000c5400000)
 Metaspace       used 5936K, capacity 6832K, committed 7040K, reserved 1056768K
  class space    used 602K, capacity 616K, committed 640K, reserved 1048576K
}

Deoptimization events (7 events):
Event: 0.361 Thread 0x000000000288d800 Uncommon trap: reason=unstable_if action=reinterpret pc=0x0000000002b1d354 method=java.lang.String.compareTo(Ljava/lang/String;)I @ 38
Event: 0.990 Thread 0x0000000016dea000 Uncommon trap: reason=unstable_if action=reinterpret pc=0x0000000002be35f8 method=java.util.HashMap.getNode(ILjava/lang/Object;)Ljava/util/HashMap$Node; @ 62
Event: 1.376 Thread 0x0000000016dea000 Uncommon trap: reason=unstable_if action=reinterpret pc=0x0000000002c093b0 method=java.util.BitSet.nextSetBit(I)I @ 87
Event: 1.693 Thread 0x0000000016de9000 Uncommon trap: reason=class_check action=maybe_recompile pc=0x0000000002d16ce0 method=com.android.dx.rop.type.Type.equals(Ljava/lang/Object;)Z @ 8
Event: 1.693 Thread 0x0000000016de9000 Uncommon trap: reason=null_check action=make_not_entrant pc=0x0000000002d16cf0 method=com.android.dx.rop.type.Type.equals(Ljava/lang/Object;)Z @ 8
Event: 1.741 Thread 0x0000000016de9000 Uncommon trap: reason=unstable_if action=reinterpret pc=0x0000000002dccbf8 method=com.android.dx.cf.code.Ropper.labelToResultIndex(I)I @ 34
Event: 1.773 Thread 0x000000000288d800 Uncommon trap: reason=unstable_if action=reinterpret pc=0x0000000002d8a91c method=com.android.dx.rop.cst.Constant.compareTo(Lcom/android/dx/rop/cst/Constant;)I @ 12

Internal exceptions (3 events):
Event: 0.032 Thread 0x000000000288d800 Exception <a 'java/lang/NoSuchMethodError': Method sun.misc.Unsafe.defineClass(Ljava/lang/String;[BII)Ljava/lang/Class; name or signature does not match> (0x00000000eab07cc0) thrown at [C:\re\workspace\8-2-build-windows-amd64-cygwin\jdk8u101\7261\hotspot\s5øÚŸ^>†?
Event: 0.032 Thread 0x000000000288d800 Exception <a 'java/lang/NoSuchMethodError': Method sun.misc.Unsafe.prefetchRead(Ljava/lang/Object;J)V name or signature does not match> (0x00000000eab07fa8) thrown at [C:\re\workspace\8-2-build-windows-amd64-cygwin\jdk8u101\7261\hotspot\src\share\vm\prims\`Øù¿˚?
Event: 1.693 Thread 0x0000000016de9000 Implicit null exception at 0x0000000002d16be2 to 0x0000000002d16ce1

Events (10 events):
Event: 1.741 loading class java/util/HashMap$Values done
Event: 1.741 loading class java/util/HashMap$ValueIterator
Event: 1.741 loading class java/util/HashMap$ValueIterator done
Event: 1.741 Thread 0x0000000016de9000 Uncommon trap: trap_request=0xffffff65 fr.pc=0x0000000002dccbf8
Event: 1.741 Thread 0x0000000016de9000 DEOPT PACKING pc=0x0000000002dccbf8 sp=0x000000001760e7e0
Event: 1.741 Thread 0x0000000016de9000 DEOPT UNPACKING pc=0x0000000002a0582a sp=0x000000001760e788 mode 2
Event: 1.773 Thread 0x000000000288d800 Uncommon trap: trap_request=0xffffff65 fr.pc=0x0000000002d8a91c
Event: 1.773 Thread 0x000000000288d800 DEOPT PACKING pc=0x0000000002d8a91c sp=0x000000000287e170
Event: 1.773 Thread 0x000000000288d800 DEOPT UNPACKING pc=0x0000000002a0582a sp=0x000000000287e110 mode 2
Event: 2.070 Executing VM operation: ParallelGCFailedAllocation


Dynamic libraries:
0x00007ff618850000 - 0x00007ff618887000 	C:\Program Files\Java\jdk1.8.0_101\bin\java.exe
0x00007ffe15cb0000 - 0x00007ffe15e5a000 	C:\Windows\SYSTEM32\ntdll.dll
0x00007ffe14b60000 - 0x00007ffe14c9a000 	C:\Windows\system32\KERNEL32.DLL
0x00007ffe130f0000 - 0x00007ffe131ff000 	C:\Windows\system32\KERNELBASE.dll
0x00007ffe117b0000 - 0x00007ffe11838000 	C:\Windows\system32\apphelp.dll
0x00007ffe01990000 - 0x00007ffe019df000 	C:\Windows\AppPatch\AppPatch64\AcGenral.DLL
0x00007ffe15680000 - 0x00007ffe15727000 	C:\Windows\system32\msvcrt.dll
0x00007ffe12ed0000 - 0x00007ffe12efb000 	C:\Windows\SYSTEM32\SspiCli.dll
0x00007ffe15730000 - 0x00007ffe15781000 	C:\Windows\system32\SHLWAPI.dll
0x00007ffe15830000 - 0x00007ffe159a1000 	C:\Windows\system32\USER32.dll
0x00007ffe159b0000 - 0x00007ffe15b28000 	C:\Windows\system32\ole32.dll
0x00007ffe135a0000 - 0x00007ffe149c0000 	C:\Windows\system32\SHELL32.dll
0x00007ffe12690000 - 0x00007ffe126ae000 	C:\Windows\SYSTEM32\USERENV.dll
0x00007ffe151a0000 - 0x00007ffe15245000 	C:\Windows\system32\ADVAPI32.dll
0x00007ffe0b9b0000 - 0x00007ffe0b9cb000 	C:\Windows\SYSTEM32\MPR.dll
0x00007ffe15b70000 - 0x00007ffe15ca7000 	C:\Windows\system32\RPCRT4.dll
0x00007ffe149c0000 - 0x00007ffe14a17000 	C:\Windows\SYSTEM32\sechost.dll
0x00007ffe14ca0000 - 0x00007ffe14e76000 	C:\Windows\SYSTEM32\combase.dll
0x00007ffe153f0000 - 0x00007ffe15534000 	C:\Windows\system32\GDI32.dll
0x00007ffe13020000 - 0x00007ffe13034000 	C:\Windows\SYSTEM32\profapi.dll
0x00007ffe10e70000 - 0x00007ffe10f0f000 	C:\Windows\SYSTEM32\SHCORE.dll
0x00007ffe15b30000 - 0x00007ffe15b64000 	C:\Windows\system32\IMM32.DLL
0x00007ffe14e80000 - 0x00007ffe14fb9000 	C:\Windows\system32\MSCTF.dll
0x00007ffe10670000 - 0x00007ffe108ca000 	C:\Windows\WinSxS\amd64_microsoft.windows.common-controls_6595b64144ccf1df_6.0.9600.17031_none_6242a4b3ecbb55a1\COMCTL32.dll
0x0000000070be0000 - 0x0000000070cb2000 	C:\Program Files\Java\jdk1.8.0_101\jre\bin\msvcr100.dll
0x0000000070340000 - 0x0000000070bda000 	C:\Program Files\Java\jdk1.8.0_101\jre\bin\server\jvm.dll
0x00007ffe0b5b0000 - 0x00007ffe0b5b9000 	C:\Windows\SYSTEM32\WSOCK32.dll
0x00007ffe05000000 - 0x00007ffe0501f000 	C:\Windows\SYSTEM32\WINMM.dll
0x00007ffe0b9f0000 - 0x00007ffe0b9fa000 	C:\Windows\SYSTEM32\VERSION.dll
0x00007ffe15670000 - 0x00007ffe15677000 	C:\Windows\system32\PSAPI.DLL
0x00007ffe14a20000 - 0x00007ffe14a78000 	C:\Windows\system32\WS2_32.dll
0x00007ffe04fd0000 - 0x00007ffe04ffa000 	C:\Windows\SYSTEM32\WINMMBASE.dll
0x00007ffe13590000 - 0x00007ffe13599000 	C:\Windows\system32\NSI.dll
0x00007ffe13430000 - 0x00007ffe1347a000 	C:\Windows\SYSTEM32\cfgmgr32.dll
0x00007ffe11ed0000 - 0x00007ffe11ef6000 	C:\Windows\SYSTEM32\DEVOBJ.dll
0x00000000717b0000 - 0x00000000717bf000 	C:\Program Files\Java\jdk1.8.0_101\jre\bin\verify.dll
0x0000000070310000 - 0x0000000070339000 	C:\Program Files\Java\jdk1.8.0_101\jre\bin\java.dll
0x00000000702f0000 - 0x0000000070306000 	C:\Program Files\Java\jdk1.8.0_101\jre\bin\zip.dll

VM Arguments:
jvm_args: -Djava.awt.headless=true -Xmx1024M -Dfile.encoding=windows-1252 -Duser.country=ES -Duser.language=es -Duser.variant 
java_command: com.android.dx.command.Main --dex --force-jumbo --num-threads=4 --output D:\Android\ControlOrden\app\build\intermediates\pre-dexed\debug\com.android.support-support-v4-23.4.0_a06072dd36f645242c120fe906444270fdf2bb13.jar D:\Android\ControlOrden\app\build\intermediates\exploded-aar\com.android.support\support-v4\23.4.0\jars\classes.jar
java_class_path (initial): C:\Android\sdk\build-tools\23.0.3\lib\dx.jar
Launcher Type: SUN_STANDARD

Environment Variables:
JAVA_HOME=C:\Program Files\Java\jdk1.8.0_51
PATH=C:\ProgramData\Oracle\Java\javapath;C:\Windows\System32\Wbem;C:\App\isielcsoft\product\11.2.0\dbhome_1\bin;D:\app\client\ellave\product\12.1.0\client_1;D:\app\client\ellave\product\12.1.0\client_1\bin;C:\windows\system32;c:\windows;C:\Program Files (x86)\Microsoft SQL Server\100\Tools\Binn\;C:\Program Files (x86)\Microsoft SQL Server\100\DTS\Binn\;C:\Program Files (x86)\Microsoft SQL Server\100\Tools\Binn\VSShell\Common7\IDE\;C:\Program Files\Microsoft SQL Server\100\Tools\Binn\;C:\Program Files (x86)\Skype\Phone\;C:\Oracle\instantclient_12_1;C:\Program Files (x86)\Windows Kits\8.1\Windows Performance Toolkit\;C:\Program Files\Microsoft SQL Server\110\Tools\Binn\
USERNAME=Jimena Vidal
OS=Windows_NT
PROCESSOR_IDENTIFIER=Intel64 Family 6 Model 58 Stepping 9, GenuineIntel



---------------  S Y S T E M  ---------------

OS: Windows 8.1 , 64 bit Build 9600 (6.3.9600.17056)

CPU:total 4 (4 cores per cpu, 1 threads per core) family 6 model 58 stepping 9, cmov, cx8, fxsr, mmx, sse, sse2, sse3, ssse3, sse4.1, sse4.2, popcnt, avx, aes, clmul, erms, tsc, tscinvbit, tscinv

Memory: 4k page, physical 8254900k(812420k free), swap 11400628k(5552k free)

vm_info: Java HotSpot(TM) 64-Bit Server VM (25.101-b13) for windows-amd64 JRE (1.8.0_101-b13), built on Jun 22 2016 01:21:29 by "java_re" with MS VC++ 10.0 (VS2010)

time: Thu Sep 22 10:29:57 2016
elapsed time: 2 seconds (0d 0h 0m 2s)

