#
# There is insufficient memory for the Java Runtime Environment to continue.
# Native memory allocation (malloc) failed to allocate 427696 bytes for Chunk::new
# Possible reasons:
#   The system is out of physical RAM or swap space
#   In 32 bit mode, the process size limit was hit
# Possible solutions:
#   Reduce memory load on the system
#   Increase physical memory or swap space
#   Check if swap backing store is full
#   Use 64 bit Java on a 64 bit OS
#   Decrease Java heap size (-Xmx/-Xms)
#   Decrease number of Java threads
#   Decrease Java thread stack sizes (-Xss)
#   Set larger code cache with -XX:ReservedCodeCacheSize=
# This output file may be truncated or incomplete.
#
#  Out of Memory Error (allocation.cpp:390), pid=5648, tid=0x0000000000001f1c
#
# JRE version: Java(TM) SE Runtime Environment (8.0_101-b13) (build 1.8.0_101-b13)
# Java VM: Java HotSpot(TM) 64-Bit Server VM (25.101-b13 mixed mode windows-amd64 compressed oops)
# Failed to write core dump. Minidumps are not enabled by default on client versions of Windows
#

---------------  T H R E A D  ---------------

Current thread (0x000000001484c800):  JavaThread "C2 CompilerThread0" daemon [_thread_in_native, id=7964, stack(0x0000000016090000,0x0000000016190000)]

Stack: [0x0000000016090000,0x0000000016190000]
[error occurred during error reporting (printing stack bounds), id 0xc0000005]

Native frames: (J=compiled Java code, j=interpreted, Vv=VM code, C=native code)


Current CompileTask:
C2:   5154 1538       4       com.android.dx.ssa.LocalVariableExtractor::processBlock (383 bytes)


---------------  P R O C E S S  ---------------

Java Threads: ( => current thread )
  0x0000000016656800 JavaThread "pool-2-thread-4" [_thread_blocked, id=5528, stack(0x0000000016d90000,0x0000000016e90000)]
  0x0000000016655800 JavaThread "pool-2-thread-3" [_thread_blocked, id=3856, stack(0x0000000016c90000,0x0000000016d90000)]
  0x0000000016654800 JavaThread "pool-2-thread-2" [_thread_blocked, id=4912, stack(0x0000000016b90000,0x0000000016c90000)]
  0x0000000016651800 JavaThread "pool-3-thread-1" [_thread_blocked, id=3052, stack(0x0000000016a90000,0x0000000016b90000)]
  0x0000000016651000 JavaThread "pool-2-thread-1" [_thread_in_Java, id=7152, stack(0x0000000016990000,0x0000000016a90000)]
  0x0000000016395800 JavaThread "Service Thread" daemon [_thread_blocked, id=2748, stack(0x0000000016790000,0x0000000016890000)]
  0x00000000148ab000 JavaThread "C1 CompilerThread2" daemon [_thread_blocked, id=4960, stack(0x0000000016290000,0x0000000016390000)]
  0x00000000148a6000 JavaThread "C2 CompilerThread1" daemon [_thread_in_native, id=2548, stack(0x0000000016190000,0x0000000016290000)]
=>0x000000001484c800 JavaThread "C2 CompilerThread0" daemon [_thread_in_native, id=7964, stack(0x0000000016090000,0x0000000016190000)]
  0x000000001484a800 JavaThread "Attach Listener" daemon [_thread_blocked, id=4160, stack(0x0000000015f90000,0x0000000016090000)]
  0x0000000014849000 JavaThread "Signal Dispatcher" daemon [_thread_blocked, id=7604, stack(0x0000000015e90000,0x0000000015f90000)]
  0x000000001483a800 JavaThread "Finalizer" daemon [_thread_blocked, id=5736, stack(0x0000000015aa0000,0x0000000015ba0000)]
  0x00000000020af800 JavaThread "Reference Handler" daemon [_thread_blocked, id=3672, stack(0x00000000159a0000,0x0000000015aa0000)]
  0x000000000217e000 JavaThread "main" [_thread_blocked, id=7000, stack(0x0000000001e20000,0x0000000001f20000)]

Other Threads:
  0x0000000014818000 VMThread [stack: 0x00000000158a0000,0x00000000159a0000] [id=7516]
  0x0000000016399000 WatcherThread [stack: 0x0000000016890000,0x0000000016990000] [id=4552]

VM state:not at safepoint (normal execution)

VM Mutex/Monitor currently owned by a thread: None

Heap:
 PSYoungGen      total 37888K, used 7330K [0x00000000eab00000, 0x00000000ed500000, 0x0000000100000000)
  eden space 32768K, 6% used [0x00000000eab00000,0x00000000ead29838,0x00000000ecb00000)
  from space 5120K, 99% used [0x00000000ed000000,0x00000000ed4ff010,0x00000000ed500000)
  to   space 5120K, 0% used [0x00000000ecb00000,0x00000000ecb00000,0x00000000ed000000)
 ParOldGen       total 86016K, used 5591K [0x00000000c0000000, 0x00000000c5400000, 0x00000000eab00000)
  object space 86016K, 6% used [0x00000000c0000000,0x00000000c0575f10,0x00000000c5400000)
 Metaspace       used 6204K, capacity 7090K, committed 7296K, reserved 1056768K
  class space    used 604K, capacity 618K, committed 640K, reserved 1048576K

Card table byte_map: [0x0000000011540000,0x0000000011750000] byte_map_base: 0x0000000010f40000

Marking Bits: (ParMarkBitMap*) 0x0000000070b5a6d0
 Begin Bits: [0x0000000011cb0000, 0x0000000012cb0000)
 End Bits:   [0x0000000012cb0000, 0x0000000013cb0000)

Polling page: 0x00000000006c0000

CodeCache: size=245760Kb used=6660Kb max_used=6671Kb free=239099Kb
 bounds [0x0000000002180000, 0x0000000002810000, 0x0000000011180000]
 total_blobs=1827 nmethods=1558 adapters=182
 compilation: enabled

Compilation events (10 events):
Event: 5.149 Thread 0x00000000148ab000 1564       3       com.android.dx.cf.code.OneLocalsArray::makeInitialized (55 bytes)
Event: 5.149 Thread 0x00000000148ab000 nmethod 1564 0x0000000002800510 code [0x00000000028006c0, 0x0000000002800d78]
Event: 5.149 Thread 0x00000000148a6000 nmethod 1491 0x0000000002808dd0 code [0x0000000002808fc0, 0x0000000002809910]
Event: 5.149 Thread 0x00000000148a6000 1563       4       com.android.dx.ssa.SsaRenamer$BlockRenamer$RenamingMapper::map (28 bytes)
Event: 5.150 Thread 0x00000000148a6000 nmethod 1563 0x0000000002801510 code [0x0000000002801660, 0x0000000002801768]
Event: 5.150 Thread 0x00000000148a6000 1508       4       com.android.dx.ssa.NormalSsaInsn::toRopInsn (19 bytes)
Event: 5.151 Thread 0x00000000148a6000 nmethod 1508 0x0000000002801250 code [0x00000000028013a0, 0x0000000002801438]
Event: 5.151 Thread 0x00000000148a6000 1514       4       com.android.dx.rop.code.ThrowingCstInsn::accept (8 bytes)
Event: 5.151 Thread 0x00000000148a6000 nmethod 1514 0x000000000276ed10 code [0x000000000276ee40, 0x000000000276eeb8]
Event: 5.151 Thread 0x00000000148a6000 1565       4       com.android.dx.rop.code.RegisterSpec::intersect (169 bytes)

GC Heap History (4 events):
Event: 4.011 GC heap before
{Heap before GC invocations=1 (full 0):
 PSYoungGen      total 37888K, used 32768K [0x00000000eab00000, 0x00000000ed500000, 0x0000000100000000)
  eden space 32768K, 100% used [0x00000000eab00000,0x00000000ecb00000,0x00000000ecb00000)
  from space 5120K, 0% used [0x00000000ed000000,0x00000000ed000000,0x00000000ed500000)
  to   space 5120K, 0% used [0x00000000ecb00000,0x00000000ecb00000,0x00000000ed000000)
 ParOldGen       total 86016K, used 0K [0x00000000c0000000, 0x00000000c5400000, 0x00000000eab00000)
  object space 86016K, 0% used [0x00000000c0000000,0x00000000c0000000,0x00000000c5400000)
 Metaspace       used 6030K, capacity 6962K, committed 7040K, reserved 1056768K
  class space    used 604K, capacity 618K, committed 640K, reserved 1048576K
Event: 4.529 GC heap after
Heap after GC invocations=1 (full 0):
 PSYoungGen      total 37888K, used 5108K [0x00000000eab00000, 0x00000000ed500000, 0x0000000100000000)
  eden space 32768K, 0% used [0x00000000eab00000,0x00000000eab00000,0x00000000ecb00000)
  from space 5120K, 99% used [0x00000000ecb00000,0x00000000ecffd1a8,0x00000000ed000000)
  to   space 5120K, 0% used [0x00000000ed000000,0x00000000ed000000,0x00000000ed500000)
 ParOldGen       total 86016K, used 1046K [0x00000000c0000000, 0x00000000c5400000, 0x00000000eab00000)
  object space 86016K, 1% used [0x00000000c0000000,0x00000000c0105998,0x00000000c5400000)
 Metaspace       used 6030K, capacity 6962K, committed 7040K, reserved 1056768K
  class space    used 604K, capacity 618K, committed 640K, reserved 1048576K
}
Event: 5.027 GC heap before
{Heap before GC invocations=2 (full 0):
 PSYoungGen      total 37888K, used 37876K [0x00000000eab00000, 0x00000000ed500000, 0x0000000100000000)
  eden space 32768K, 100% used [0x00000000eab00000,0x00000000ecb00000,0x00000000ecb00000)
  from space 5120K, 99% used [0x00000000ecb00000,0x00000000ecffd1a8,0x00000000ed000000)
  to   space 5120K, 0% used [0x00000000ed000000,0x00000000ed000000,0x00000000ed500000)
 ParOldGen       total 86016K, used 1046K [0x00000000c0000000, 0x00000000c5400000, 0x00000000eab00000)
  object space 86016K, 1% used [0x00000000c0000000,0x00000000c0105998,0x00000000c5400000)
 Metaspace       used 6203K, capacity 7090K, committed 7296K, reserved 1056768K
  class space    used 604K, capacity 618K, committed 640K, reserved 1048576K
Event: 5.137 GC heap after
Heap after GC invocations=2 (full 0):
 PSYoungGen      total 37888K, used 5116K [0x00000000eab00000, 0x00000000ed500000, 0x0000000100000000)
  eden space 32768K, 0% used [0x00000000eab00000,0x00000000eab00000,0x00000000ecb00000)
  from space 5120K, 99% used [0x00000000ed000000,0x00000000ed4ff010,0x00000000ed500000)
  to   space 5120K, 0% used [0x00000000ecb00000,0x00000000ecb00000,0x00000000ed000000)
 ParOldGen       total 86016K, used 5591K [0x00000000c0000000, 0x00000000c5400000, 0x00000000eab00000)
  object space 86016K, 6% used [0x00000000c0000000,0x00000000c0575f10,0x00000000c5400000)
 Metaspace       used 6203K, capacity 7090K, committed 7296K, reserved 1056768K
  class space    used 604K, capacity 618K, committed 640K, reserved 1048576K
}

Deoptimization events (10 events):
Event: 2.095 Thread 0x000000000217e000 Uncommon trap: reason=unstable_if action=reinterpret pc=0x00000000022cced4 method=java.lang.String.compareTo(Ljava/lang/String;)I @ 38
Event: 3.071 Thread 0x0000000016654800 Uncommon trap: reason=unstable_if action=reinterpret pc=0x00000000023a50b0 method=java.util.BitSet.nextSetBit(I)I @ 87
Event: 3.477 Thread 0x0000000016654800 Uncommon trap: reason=null_check action=make_not_entrant pc=0x000000000248fafc method=com.android.dx.ssa.SsaRenamer.getLocalForNewReg(I)Lcom/android/dx/rop/code/LocalItem; @ 19
Event: 3.760 Thread 0x0000000016655800 Uncommon trap: reason=unstable_if action=reinterpret pc=0x000000000252deac method=com.android.dx.rop.code.RegisterSpecSet.put(Lcom/android/dx/rop/code/RegisterSpec;)V @ 77
Event: 3.760 Thread 0x0000000016655800 Uncommon trap: reason=unstable_if action=reinterpret pc=0x00000000025756a4 method=com.android.dx.rop.code.RegisterSpecSet.put(Lcom/android/dx/rop/code/RegisterSpec;)V @ 77
Event: 3.763 Thread 0x0000000016656800 Uncommon trap: reason=null_check action=make_not_entrant pc=0x00000000024577f8 method=com.android.dx.ssa.SsaRenamer.getLocalForNewReg(I)Lcom/android/dx/rop/code/LocalItem; @ 19
Event: 4.600 Thread 0x0000000016651000 Uncommon trap: reason=unstable_if action=reinterpret pc=0x00000000024caaa0 method=com.android.dx.rop.code.RegisterSpec.equals(ILcom/android/dx/rop/type/TypeBearer;Lcom/android/dx/rop/code/LocalItem;)Z @ 42
Event: 4.717 Thread 0x000000000217e000 Uncommon trap: reason=unloaded action=reinterpret pc=0x0000000002627954 method=com.android.dx.cf.cst.ConstantPoolParser.parse0(ILjava/util/BitSet;)Lcom/android/dx/rop/cst/Constant; @ 198
Event: 4.929 Thread 0x0000000016654800 Uncommon trap: reason=uninitialized action=reinterpret pc=0x0000000002682b58 method=com.android.dx.cf.code.BytecodeArray.parseInstruction(ILcom/android/dx/cf/code/BytecodeArray$Visitor;)I @ 1095
Event: 4.948 Thread 0x0000000016654800 Uncommon trap: reason=unstable_if action=reinterpret pc=0x00000000024ea65c method=com.android.dx.rop.cst.Constant.compareTo(Lcom/android/dx/rop/cst/Constant;)I @ 12

Internal exceptions (4 events):
Event: 0.055 Thread 0x000000000217e000 Exception <a 'java/lang/NoSuchMethodError': Method sun.misc.Unsafe.defineClass(Ljava/lang/String;[BII)Ljava/lang/Class; name or signature does not match> (0x00000000eab07cc0) thrown at [C:\re\workspace\8-2-build-windows-amd64-cygwin\jdk8u101\7261\hotspot\sõ—p”6¬?
Event: 0.055 Thread 0x000000000217e000 Exception <a 'java/lang/NoSuchMethodError': Method sun.misc.Unsafe.prefetchRead(Ljava/lang/Object;J)V name or signature does not match> (0x00000000eab07fa8) thrown at [C:\re\workspace\8-2-build-windows-amd64-cygwin\jdk8u101\7261\hotspot\src\share\vm\prims\Ò„­EÑ@
Event: 3.477 Thread 0x0000000016654800 Implicit null exception at 0x000000000248da82 to 0x000000000248fab9
Event: 3.763 Thread 0x0000000016656800 Implicit null exception at 0x0000000002455d26 to 0x00000000024577d1

Events (10 events):
Event: 4.717 Thread 0x000000000217e000 DEOPT PACKING pc=0x0000000002627954 sp=0x0000000001f1ea70
Event: 4.717 Thread 0x000000000217e000 DEOPT UNPACKING pc=0x00000000021c582a sp=0x0000000001f1ea38 mode 2
Event: 4.929 Thread 0x0000000016654800 Uncommon trap: trap_request=0xffffffb5 fr.pc=0x0000000002682b58
Event: 4.929 Thread 0x0000000016654800 DEOPT PACKING pc=0x0000000002682b58 sp=0x0000000016c8ed50
Event: 4.929 Thread 0x0000000016654800 DEOPT UNPACKING pc=0x00000000021c582a sp=0x0000000016c8ecd0 mode 2
Event: 4.948 Thread 0x0000000016654800 Uncommon trap: trap_request=0xffffff65 fr.pc=0x00000000024ea65c
Event: 4.948 Thread 0x0000000016654800 DEOPT PACKING pc=0x00000000024ea65c sp=0x0000000016c8e9e0
Event: 4.948 Thread 0x0000000016654800 DEOPT UNPACKING pc=0x00000000021c582a sp=0x0000000016c8e980 mode 2
Event: 5.026 Executing VM operation: ParallelGCFailedAllocation
Event: 5.137 Executing VM operation: ParallelGCFailedAllocation done


Dynamic libraries:
0x00007ff618850000 - 0x00007ff618887000 	C:\Program Files\Java\jdk1.8.0_101\bin\java.exe
0x00007ffe15cb0000 - 0x00007ffe15e5a000 	C:\Windows\SYSTEM32\ntdll.dll
0x00007ffe14b60000 - 0x00007ffe14c9a000 	C:\Windows\system32\KERNEL32.DLL
0x00007ffe130f0000 - 0x00007ffe131ff000 	C:\Windows\system32\KERNELBASE.dll
0x00007ffe117b0000 - 0x00007ffe11838000 	C:\Windows\system32\apphelp.dll
0x00007ffe01990000 - 0x00007ffe019df000 	C:\Windows\AppPatch\AppPatch64\AcGenral.DLL
0x00007ffe15680000 - 0x00007ffe15727000 	C:\Windows\system32\msvcrt.dll
0x00007ffe12ed0000 - 0x00007ffe12efb000 	C:\Windows\SYSTEM32\SspiCli.dll
0x00007ffe15730000 - 0x00007ffe15781000 	C:\Windows\system32\SHLWAPI.dll
0x00007ffe15830000 - 0x00007ffe159a1000 	C:\Windows\system32\USER32.dll
0x00007ffe159b0000 - 0x00007ffe15b28000 	C:\Windows\system32\ole32.dll
0x00007ffe135a0000 - 0x00007ffe149c0000 	C:\Windows\system32\SHELL32.dll
0x00007ffe12690000 - 0x00007ffe126ae000 	C:\Windows\SYSTEM32\USERENV.dll
0x00007ffe151a0000 - 0x00007ffe15245000 	C:\Windows\system32\ADVAPI32.dll
0x00007ffe0b9b0000 - 0x00007ffe0b9cb000 	C:\Windows\SYSTEM32\MPR.dll
0x00007ffe15b70000 - 0x00007ffe15ca7000 	C:\Windows\system32\RPCRT4.dll
0x00007ffe149c0000 - 0x00007ffe14a17000 	C:\Windows\SYSTEM32\sechost.dll
0x00007ffe14ca0000 - 0x00007ffe14e76000 	C:\Windows\SYSTEM32\combase.dll
0x00007ffe153f0000 - 0x00007ffe15534000 	C:\Windows\system32\GDI32.dll
0x00007ffe13020000 - 0x00007ffe13034000 	C:\Windows\SYSTEM32\profapi.dll
0x00007ffe10e70000 - 0x00007ffe10f0f000 	C:\Windows\SYSTEM32\SHCORE.dll
0x00007ffe15b30000 - 0x00007ffe15b64000 	C:\Windows\system32\IMM32.DLL
0x00007ffe14e80000 - 0x00007ffe14fb9000 	C:\Windows\system32\MSCTF.dll
0x00007ffe10670000 - 0x00007ffe108ca000 	C:\Windows\WinSxS\amd64_microsoft.windows.common-controls_6595b64144ccf1df_6.0.9600.17031_none_6242a4b3ecbb55a1\COMCTL32.dll
0x0000000070be0000 - 0x0000000070cb2000 	C:\Program Files\Java\jdk1.8.0_101\jre\bin\msvcr100.dll
0x0000000070340000 - 0x0000000070bda000 	C:\Program Files\Java\jdk1.8.0_101\jre\bin\server\jvm.dll
0x00007ffe0b5b0000 - 0x00007ffe0b5b9000 	C:\Windows\SYSTEM32\WSOCK32.dll
0x00007ffe05000000 - 0x00007ffe0501f000 	C:\Windows\SYSTEM32\WINMM.dll
0x00007ffe0b9f0000 - 0x00007ffe0b9fa000 	C:\Windows\SYSTEM32\VERSION.dll
0x00007ffe15670000 - 0x00007ffe15677000 	C:\Windows\system32\PSAPI.DLL
0x00007ffe14a20000 - 0x00007ffe14a78000 	C:\Windows\system32\WS2_32.dll
0x00007ffe04fd0000 - 0x00007ffe04ffa000 	C:\Windows\SYSTEM32\WINMMBASE.dll
0x00007ffe13590000 - 0x00007ffe13599000 	C:\Windows\system32\NSI.dll
0x00007ffe13430000 - 0x00007ffe1347a000 	C:\Windows\SYSTEM32\cfgmgr32.dll
0x00007ffe11ed0000 - 0x00007ffe11ef6000 	C:\Windows\SYSTEM32\DEVOBJ.dll
0x00000000717b0000 - 0x00000000717bf000 	C:\Program Files\Java\jdk1.8.0_101\jre\bin\verify.dll
0x0000000070310000 - 0x0000000070339000 	C:\Program Files\Java\jdk1.8.0_101\jre\bin\java.dll
0x00000000702f0000 - 0x0000000070306000 	C:\Program Files\Java\jdk1.8.0_101\jre\bin\zip.dll

VM Arguments:
jvm_args: -Djava.awt.headless=true -Xmx1024M -Dfile.encoding=windows-1252 -Duser.country=ES -Duser.language=es -Duser.variant 
java_command: com.android.dx.command.Main --dex --force-jumbo --num-threads=4 --multi-dex --output D:\Android\ControlOrden\app\build\intermediates\transforms\dex\debug\folders\1000\10\com.android.support-appcompat-v7-23.4.0_d85e6f86b934f508247b1a740aede57ee79a8e27 D:\Android\ControlOrden\app\build\intermediates\exploded-aar\com.android.support\appcompat-v7\23.4.0\jars\classes.jar
java_class_path (initial): C:\Android\sdk\build-tools\23.0.3\lib\dx.jar
Launcher Type: SUN_STANDARD

Environment Variables:
JAVA_HOME=C:\Program Files\Java\jdk1.8.0_51
PATH=C:\ProgramData\Oracle\Java\javapath;C:\Windows\System32\Wbem;C:\App\isielcsoft\product\11.2.0\dbhome_1\bin;D:\app\client\ellave\product\12.1.0\client_1;D:\app\client\ellave\product\12.1.0\client_1\bin;C:\windows\system32;c:\windows;C:\Program Files (x86)\Microsoft SQL Server\100\Tools\Binn\;C:\Program Files (x86)\Microsoft SQL Server\100\DTS\Binn\;C:\Program Files (x86)\Microsoft SQL Server\100\Tools\Binn\VSShell\Common7\IDE\;C:\Program Files\Microsoft SQL Server\100\Tools\Binn\;C:\Program Files (x86)\Skype\Phone\;C:\Oracle\instantclient_12_1;C:\Program Files (x86)\Windows Kits\8.1\Windows Performance Toolkit\;C:\Program Files\Microsoft SQL Server\110\Tools\Binn\
USERNAME=Jimena Vidal
OS=Windows_NT
PROCESSOR_IDENTIFIER=Intel64 Family 6 Model 58 Stepping 9, GenuineIntel



---------------  S Y S T E M  ---------------

OS: Windows 8.1 , 64 bit Build 9600 (6.3.9600.17056)

CPU:total 4 (4 cores per cpu, 1 threads per core) family 6 model 58 stepping 9, cmov, cx8, fxsr, mmx, sse, sse2, sse3, ssse3, sse4.1, sse4.2, popcnt, avx, aes, clmul, erms, tsc, tscinvbit, tscinv

Memory: 4k page, physical 8254900k(945576k free), swap 11400628k(5104k free)

vm_info: Java HotSpot(TM) 64-Bit Server VM (25.101-b13) for windows-amd64 JRE (1.8.0_101-b13), built on Jun 22 2016 01:21:29 by "java_re" with MS VC++ 10.0 (VS2010)

time: Thu Sep 22 10:36:02 2016
elapsed time: 5 seconds (0d 0h 0m 5s)

