#
# There is insufficient memory for the Java Runtime Environment to continue.
# Native memory allocation (malloc) failed to allocate 360656 bytes for Chunk::new
# Possible reasons:
#   The system is out of physical RAM or swap space
#   In 32 bit mode, the process size limit was hit
# Possible solutions:
#   Reduce memory load on the system
#   Increase physical memory or swap space
#   Check if swap backing store is full
#   Use 64 bit Java on a 64 bit OS
#   Decrease Java heap size (-Xmx/-Xms)
#   Decrease number of Java threads
#   Decrease Java thread stack sizes (-Xss)
#   Set larger code cache with -XX:ReservedCodeCacheSize=
# This output file may be truncated or incomplete.
#
#  Out of Memory Error (allocation.cpp:390), pid=1032, tid=0x0000000000001d0c
#
# JRE version: Java(TM) SE Runtime Environment (8.0_101-b13) (build 1.8.0_101-b13)
# Java VM: Java HotSpot(TM) 64-Bit Server VM (25.101-b13 mixed mode windows-amd64 compressed oops)
# Failed to write core dump. Minidumps are not enabled by default on client versions of Windows
#

---------------  T H R E A D  ---------------

Current thread (0x0000000014d00000):  JavaThread "C2 CompilerThread1" daemon [_thread_in_native, id=7436, stack(0x0000000016670000,0x0000000016770000)]

Stack: [0x0000000016670000,0x0000000016770000]
[error occurred during error reporting (printing stack bounds), id 0xc0000005]

Native frames: (J=compiled Java code, j=interpreted, Vv=VM code, C=native code)


Current CompileTask:
C2:   3182 1640   !   4       com.android.dx.cf.code.BytecodeArray::parseInstruction (2764 bytes)


---------------  P R O C E S S  ---------------

Java Threads: ( => current thread )
  0x0000000016af1000 JavaThread "pool-2-thread-4" [_thread_in_Java, id=7828, stack(0x0000000017270000,0x0000000017370000)]
  0x0000000016aed800 JavaThread "pool-2-thread-3" [_thread_in_Java, id=1792, stack(0x0000000017170000,0x0000000017270000)]
  0x0000000016aec800 JavaThread "pool-2-thread-2" [_thread_in_Java, id=2792, stack(0x0000000017070000,0x0000000017170000)]
  0x0000000016aea000 JavaThread "pool-3-thread-1" [_thread_blocked, id=7840, stack(0x0000000016f70000,0x0000000017070000)]
  0x0000000016ae9000 JavaThread "pool-2-thread-1" [_thread_in_Java, id=5000, stack(0x0000000016e70000,0x0000000016f70000)]
  0x0000000014d5c800 JavaThread "Service Thread" daemon [_thread_blocked, id=7476, stack(0x0000000016c70000,0x0000000016d70000)]
  0x0000000014d05800 JavaThread "C1 CompilerThread2" daemon [_thread_blocked, id=4012, stack(0x0000000016770000,0x0000000016870000)]
=>0x0000000014d00000 JavaThread "C2 CompilerThread1" daemon [_thread_in_native, id=7436, stack(0x0000000016670000,0x0000000016770000)]
  0x0000000014cfd000 JavaThread "C2 CompilerThread0" daemon [_thread_in_native, id=3308, stack(0x0000000016570000,0x0000000016670000)]
  0x0000000014cfb000 JavaThread "Attach Listener" daemon [_thread_blocked, id=2276, stack(0x0000000016470000,0x0000000016570000)]
  0x0000000014cfa000 JavaThread "Signal Dispatcher" daemon [_thread_blocked, id=6916, stack(0x0000000016370000,0x0000000016470000)]
  0x0000000014cea000 JavaThread "Finalizer" daemon [_thread_blocked, id=2616, stack(0x0000000015f80000,0x0000000016080000)]
  0x0000000014cc9000 JavaThread "Reference Handler" daemon [_thread_blocked, id=8060, stack(0x0000000015e80000,0x0000000015f80000)]
  0x000000000242d800 JavaThread "main" [_thread_blocked, id=3624, stack(0x0000000002430000,0x0000000002530000)]

Other Threads:
  0x0000000014cc7800 VMThread [stack: 0x0000000015d80000,0x0000000015e80000] [id=1804]
  0x0000000016893800 WatcherThread [stack: 0x0000000016d70000,0x0000000016e70000] [id=7816]

VM state:not at safepoint (normal execution)

VM Mutex/Monitor currently owned by a thread: None

Heap:
 PSYoungGen      total 70656K, used 51827K [0x00000000eab00000, 0x00000000ef500000, 0x0000000100000000)
  eden space 65536K, 71% used [0x00000000eab00000,0x00000000ed8a1b90,0x00000000eeb00000)
  from space 5120K, 99% used [0x00000000ef000000,0x00000000ef4fb088,0x00000000ef500000)
  to   space 5120K, 0% used [0x00000000eeb00000,0x00000000eeb00000,0x00000000ef000000)
 ParOldGen       total 86016K, used 6013K [0x00000000c0000000, 0x00000000c5400000, 0x00000000eab00000)
  object space 86016K, 6% used [0x00000000c0000000,0x00000000c05df490,0x00000000c5400000)
 Metaspace       used 6288K, capacity 7128K, committed 7424K, reserved 1056768K
  class space    used 621K, capacity 656K, committed 768K, reserved 1048576K

Card table byte_map: [0x00000000119f0000,0x0000000011c00000] byte_map_base: 0x00000000113f0000

Marking Bits: (ParMarkBitMap*) 0x0000000070b5a6d0
 Begin Bits: [0x0000000012160000, 0x0000000013160000)
 End Bits:   [0x0000000013160000, 0x0000000014160000)

Polling page: 0x0000000000a50000

CodeCache: size=245760Kb used=6772Kb max_used=6772Kb free=238987Kb
 bounds [0x0000000002630000, 0x0000000002ce0000, 0x0000000011630000]
 total_blobs=1902 nmethods=1633 adapters=182
 compilation: enabled

Compilation events (10 events):
Event: 3.047 Thread 0x0000000014d05800 1654       2       com.android.dx.rop.cst.CstType::hashCode (8 bytes)
Event: 3.047 Thread 0x0000000014d05800 nmethod 1654 0x0000000002ccc210 code [0x0000000002ccc380, 0x0000000002ccc508]
Event: 3.103 Thread 0x0000000014d05800 1656       2       com.android.dx.ssa.SsaInsn::setResult (20 bytes)
Event: 3.104 Thread 0x0000000014d05800 nmethod 1656 0x0000000002cd1f10 code [0x0000000002cd2080, 0x0000000002cd2288]
Event: 3.116 Thread 0x0000000014d05800 1658       2       com.android.dx.ssa.ConstCollector$1::compare (13 bytes)
Event: 3.116 Thread 0x0000000014d05800 nmethod 1658 0x0000000002cd2350 code [0x0000000002cd24c0, 0x0000000002cd2688]
Event: 3.117 Thread 0x0000000014d05800 1659       2       com.android.dx.dex.code.BlockAddresses::getStart (7 bytes)
Event: 3.117 Thread 0x0000000014d05800 nmethod 1659 0x0000000002cd2750 code [0x0000000002cd28a0, 0x0000000002cd2a10]
Event: 3.119 Thread 0x0000000014d05800 1660       2       com.android.dx.cf.code.SwitchList::add (35 bytes)
Event: 3.119 Thread 0x0000000014d05800 nmethod 1660 0x0000000002cd2b10 code [0x0000000002cd2ca0, 0x0000000002cd2fd8]

GC Heap History (4 events):
Event: 1.396 GC heap before
{Heap before GC invocations=1 (full 0):
 PSYoungGen      total 37888K, used 32768K [0x00000000eab00000, 0x00000000ed500000, 0x0000000100000000)
  eden space 32768K, 100% used [0x00000000eab00000,0x00000000ecb00000,0x00000000ecb00000)
  from space 5120K, 0% used [0x00000000ed000000,0x00000000ed000000,0x00000000ed500000)
  to   space 5120K, 0% used [0x00000000ecb00000,0x00000000ecb00000,0x00000000ed000000)
 ParOldGen       total 86016K, used 0K [0x00000000c0000000, 0x00000000c5400000, 0x00000000eab00000)
  object space 86016K, 0% used [0x00000000c0000000,0x00000000c0000000,0x00000000c5400000)
 Metaspace       used 5995K, capacity 6898K, committed 7040K, reserved 1056768K
  class space    used 595K, capacity 618K, committed 640K, reserved 1048576K
Event: 1.654 GC heap after
Heap after GC invocations=1 (full 0):
 PSYoungGen      total 37888K, used 5107K [0x00000000eab00000, 0x00000000ef500000, 0x0000000100000000)
  eden space 32768K, 0% used [0x00000000eab00000,0x00000000eab00000,0x00000000ecb00000)
  from space 5120K, 99% used [0x00000000ecb00000,0x00000000ecffcf18,0x00000000ed000000)
  to   space 5120K, 0% used [0x00000000ef000000,0x00000000ef000000,0x00000000ef500000)
 ParOldGen       total 86016K, used 1376K [0x00000000c0000000, 0x00000000c5400000, 0x00000000eab00000)
  object space 86016K, 1% used [0x00000000c0000000,0x00000000c0158348,0x00000000c5400000)
 Metaspace       used 5995K, capacity 6898K, committed 7040K, reserved 1056768K
  class space    used 595K, capacity 618K, committed 640K, reserved 1048576K
}
Event: 2.557 GC heap before
{Heap before GC invocations=2 (full 0):
 PSYoungGen      total 37888K, used 37875K [0x00000000eab00000, 0x00000000ef500000, 0x0000000100000000)
  eden space 32768K, 100% used [0x00000000eab00000,0x00000000ecb00000,0x00000000ecb00000)
  from space 5120K, 99% used [0x00000000ecb00000,0x00000000ecffcf18,0x00000000ed000000)
  to   space 5120K, 0% used [0x00000000ef000000,0x00000000ef000000,0x00000000ef500000)
 ParOldGen       total 86016K, used 1376K [0x00000000c0000000, 0x00000000c5400000, 0x00000000eab00000)
  object space 86016K, 1% used [0x00000000c0000000,0x00000000c0158348,0x00000000c5400000)
 Metaspace       used 6118K, capacity 7026K, committed 7296K, reserved 1056768K
  class space    used 598K, capacity 618K, committed 640K, reserved 1048576K
Event: 2.625 GC heap after
Heap after GC invocations=2 (full 0):
 PSYoungGen      total 70656K, used 5100K [0x00000000eab00000, 0x00000000ef500000, 0x0000000100000000)
  eden space 65536K, 0% used [0x00000000eab00000,0x00000000eab00000,0x00000000eeb00000)
  from space 5120K, 99% used [0x00000000ef000000,0x00000000ef4fb088,0x00000000ef500000)
  to   space 5120K, 0% used [0x00000000eeb00000,0x00000000eeb00000,0x00000000ef000000)
 ParOldGen       total 86016K, used 6013K [0x00000000c0000000, 0x00000000c5400000, 0x00000000eab00000)
  object space 86016K, 6% used [0x00000000c0000000,0x00000000c05df490,0x00000000c5400000)
 Metaspace       used 6118K, capacity 7026K, committed 7296K, reserved 1056768K
  class space    used 598K, capacity 618K, committed 640K, reserved 1048576K
}

Deoptimization events (10 events):
Event: 2.239 Thread 0x0000000016ae9000 Uncommon trap: reason=unstable_if action=reinterpret pc=0x0000000002986d5c method=com.android.dx.ssa.SsaMethod.updateOneDefinition(Lcom/android/dx/ssa/SsaInsn;Lcom/android/dx/rop/code/RegisterSpec;)V @ 4
Event: 2.260 Thread 0x0000000016af1000 Uncommon trap: reason=bimorphic action=maybe_recompile pc=0x0000000002bfb5dc method=java.util.HashMap.getNode(ILjava/lang/Object;)Ljava/util/HashMap$Node; @ 126
Event: 2.260 Thread 0x0000000016af1000 Uncommon trap: reason=bimorphic action=maybe_recompile pc=0x0000000002bfb5dc method=java.util.HashMap.getNode(ILjava/lang/Object;)Ljava/util/HashMap$Node; @ 126
Event: 2.963 Thread 0x0000000016ae9000 Uncommon trap: reason=unstable_if action=reinterpret pc=0x0000000002ab0ae8 method=java.util.HashMap.putVal(ILjava/lang/Object;Ljava/lang/Object;ZZ)Ljava/lang/Object; @ 162
Event: 2.989 Thread 0x0000000016aec800 Uncommon trap: reason=bimorphic action=maybe_recompile pc=0x0000000002ac28a4 method=com.android.dx.cf.code.BytecodeArray.parseInstruction(ILcom/android/dx/cf/code/BytecodeArray$Visitor;)I @ 1501
Event: 2.989 Thread 0x0000000016aec800 Uncommon trap: reason=bimorphic action=maybe_recompile pc=0x0000000002ac28a4 method=com.android.dx.cf.code.BytecodeArray.parseInstruction(ILcom/android/dx/cf/code/BytecodeArray$Visitor;)I @ 1501
Event: 2.990 Thread 0x0000000016aec800 Uncommon trap: reason=bimorphic action=maybe_recompile pc=0x0000000002ac28a4 method=com.android.dx.cf.code.BytecodeArray.parseInstruction(ILcom/android/dx/cf/code/BytecodeArray$Visitor;)I @ 1501
Event: 2.990 Thread 0x0000000016aec800 Uncommon trap: reason=bimorphic action=maybe_recompile pc=0x0000000002ac28a4 method=com.android.dx.cf.code.BytecodeArray.parseInstruction(ILcom/android/dx/cf/code/BytecodeArray$Visitor;)I @ 1501
Event: 3.109 Thread 0x0000000016aed800 Uncommon trap: reason=bimorphic action=maybe_recompile pc=0x0000000002bfb5dc method=java.util.HashMap.getNode(ILjava/lang/Object;)Ljava/util/HashMap$Node; @ 126
Event: 3.109 Thread 0x0000000016aed800 Uncommon trap: reason=bimorphic action=maybe_recompile pc=0x0000000002bfb5dc method=java.util.HashMap.getNode(ILjava/lang/Object;)Ljava/util/HashMap$Node; @ 126

Internal exceptions (6 events):
Event: 0.041 Thread 0x000000000242d800 Exception <a 'java/lang/NoSuchMethodError': Method sun.misc.Unsafe.defineClass(Ljava/lang/String;[BII)Ljava/lang/Class; name or signature does not match> (0x00000000eab07cc0) thrown at [C:\re\workspace\8-2-build-windows-amd64-cygwin\jdk8u101\7261\hotspot\sÜP^QÊ¥?
Event: 0.041 Thread 0x000000000242d800 Exception <a 'java/lang/NoSuchMethodError': Method sun.misc.Unsafe.prefetchRead(Ljava/lang/Object;J)V name or signature does not match> (0x00000000eab07fa8) thrown at [C:\re\workspace\8-2-build-windows-amd64-cygwin\jdk8u101\7261\hotspot\src\share\vm\prims\+ÑèØ•¶ý?
Event: 1.857 Thread 0x0000000016aed800 Implicit null exception at 0x0000000002944def to 0x0000000002946445
Event: 2.965 Thread 0x0000000016ae9000 Exception <a 'java/lang/ArrayIndexOutOfBoundsException': 18> (0x00000000ec528188) thrown at [C:\re\workspace\8-2-build-windows-amd64-cygwin\jdk8u101\7261\hotspot\src\share\vm\interpreter\interpreterRuntime.cpp, line 366]
Event: 2.965 Thread 0x0000000016ae9000 Exception <a 'java/lang/ArrayIndexOutOfBoundsException'> (0x00000000ec529d08) thrown at [C:\re\workspace\8-2-build-windows-amd64-cygwin\jdk8u101\7261\hotspot\src\share\vm\runtime\sharedRuntime.cpp, line 605]
Event: 2.966 Thread 0x0000000016ae9000 Exception <a 'java/lang/ArrayIndexOutOfBoundsException'> (0x00000000ec52aff0) thrown at [C:\re\workspace\8-2-build-windows-amd64-cygwin\jdk8u101\7261\hotspot\src\share\vm\runtime\sharedRuntime.cpp, line 605]

Events (10 events):
Event: 2.990 Thread 0x0000000016aec800 DEOPT UNPACKING pc=0x000000000267582a sp=0x000000001716ead0 mode 2
Event: 2.990 Thread 0x0000000016aec800 Uncommon trap: trap_request=0xffffffc6 fr.pc=0x0000000002ac28a4
Event: 2.990 Thread 0x0000000016aec800 DEOPT PACKING pc=0x0000000002ac28a4 sp=0x000000001716e9b0
Event: 2.990 Thread 0x0000000016aec800 DEOPT UNPACKING pc=0x000000000267582a sp=0x000000001716e930 mode 2
Event: 3.109 Thread 0x0000000016aed800 Uncommon trap: trap_request=0xffffffc6 fr.pc=0x0000000002bfb5dc
Event: 3.109 Thread 0x0000000016aed800 DEOPT PACKING pc=0x0000000002bfb5dc sp=0x000000001726e8d0
Event: 3.109 Thread 0x0000000016aed800 DEOPT UNPACKING pc=0x000000000267582a sp=0x000000001726e7e8 mode 2
Event: 3.109 Thread 0x0000000016aed800 Uncommon trap: trap_request=0xffffffc6 fr.pc=0x0000000002bfb5dc
Event: 3.109 Thread 0x0000000016aed800 DEOPT PACKING pc=0x0000000002bfb5dc sp=0x000000001726e8d0
Event: 3.110 Thread 0x0000000016aed800 DEOPT UNPACKING pc=0x000000000267582a sp=0x000000001726e7e8 mode 2


Dynamic libraries:
0x00007ff618850000 - 0x00007ff618887000 	C:\Program Files\Java\jdk1.8.0_101\bin\java.exe
0x00007ffe15cb0000 - 0x00007ffe15e5a000 	C:\Windows\SYSTEM32\ntdll.dll
0x00007ffe14b60000 - 0x00007ffe14c9a000 	C:\Windows\system32\KERNEL32.DLL
0x00007ffe130f0000 - 0x00007ffe131ff000 	C:\Windows\system32\KERNELBASE.dll
0x00007ffe117b0000 - 0x00007ffe11838000 	C:\Windows\system32\apphelp.dll
0x00007ffe01990000 - 0x00007ffe019df000 	C:\Windows\AppPatch\AppPatch64\AcGenral.DLL
0x00007ffe15680000 - 0x00007ffe15727000 	C:\Windows\system32\msvcrt.dll
0x00007ffe12ed0000 - 0x00007ffe12efb000 	C:\Windows\SYSTEM32\SspiCli.dll
0x00007ffe15730000 - 0x00007ffe15781000 	C:\Windows\system32\SHLWAPI.dll
0x00007ffe15830000 - 0x00007ffe159a1000 	C:\Windows\system32\USER32.dll
0x00007ffe159b0000 - 0x00007ffe15b28000 	C:\Windows\system32\ole32.dll
0x00007ffe135a0000 - 0x00007ffe149c0000 	C:\Windows\system32\SHELL32.dll
0x00007ffe12690000 - 0x00007ffe126ae000 	C:\Windows\SYSTEM32\USERENV.dll
0x00007ffe151a0000 - 0x00007ffe15245000 	C:\Windows\system32\ADVAPI32.dll
0x00007ffe0b9b0000 - 0x00007ffe0b9cb000 	C:\Windows\SYSTEM32\MPR.dll
0x00007ffe15b70000 - 0x00007ffe15ca7000 	C:\Windows\system32\RPCRT4.dll
0x00007ffe149c0000 - 0x00007ffe14a17000 	C:\Windows\SYSTEM32\sechost.dll
0x00007ffe14ca0000 - 0x00007ffe14e76000 	C:\Windows\SYSTEM32\combase.dll
0x00007ffe153f0000 - 0x00007ffe15534000 	C:\Windows\system32\GDI32.dll
0x00007ffe13020000 - 0x00007ffe13034000 	C:\Windows\SYSTEM32\profapi.dll
0x00007ffe10e70000 - 0x00007ffe10f0f000 	C:\Windows\SYSTEM32\SHCORE.dll
0x00007ffe15b30000 - 0x00007ffe15b64000 	C:\Windows\system32\IMM32.DLL
0x00007ffe14e80000 - 0x00007ffe14fb9000 	C:\Windows\system32\MSCTF.dll
0x00007ffe10670000 - 0x00007ffe108ca000 	C:\Windows\WinSxS\amd64_microsoft.windows.common-controls_6595b64144ccf1df_6.0.9600.17031_none_6242a4b3ecbb55a1\COMCTL32.dll
0x0000000070be0000 - 0x0000000070cb2000 	C:\Program Files\Java\jdk1.8.0_101\jre\bin\msvcr100.dll
0x0000000070340000 - 0x0000000070bda000 	C:\Program Files\Java\jdk1.8.0_101\jre\bin\server\jvm.dll
0x00007ffe0b5b0000 - 0x00007ffe0b5b9000 	C:\Windows\SYSTEM32\WSOCK32.dll
0x00007ffe05000000 - 0x00007ffe0501f000 	C:\Windows\SYSTEM32\WINMM.dll
0x00007ffe0b9f0000 - 0x00007ffe0b9fa000 	C:\Windows\SYSTEM32\VERSION.dll
0x00007ffe15670000 - 0x00007ffe15677000 	C:\Windows\system32\PSAPI.DLL
0x00007ffe14a20000 - 0x00007ffe14a78000 	C:\Windows\system32\WS2_32.dll
0x00007ffe04fd0000 - 0x00007ffe04ffa000 	C:\Windows\SYSTEM32\WINMMBASE.dll
0x00007ffe13590000 - 0x00007ffe13599000 	C:\Windows\system32\NSI.dll
0x00007ffe13430000 - 0x00007ffe1347a000 	C:\Windows\SYSTEM32\cfgmgr32.dll
0x00007ffe11ed0000 - 0x00007ffe11ef6000 	C:\Windows\SYSTEM32\DEVOBJ.dll
0x00000000717b0000 - 0x00000000717bf000 	C:\Program Files\Java\jdk1.8.0_101\jre\bin\verify.dll
0x0000000070310000 - 0x0000000070339000 	C:\Program Files\Java\jdk1.8.0_101\jre\bin\java.dll
0x00000000702f0000 - 0x0000000070306000 	C:\Program Files\Java\jdk1.8.0_101\jre\bin\zip.dll

VM Arguments:
jvm_args: -Djava.awt.headless=true -Xmx1024M -Dfile.encoding=windows-1252 -Duser.country=ES -Duser.language=es -Duser.variant 
java_command: com.android.dx.command.Main --dex --force-jumbo --num-threads=4 --multi-dex --output D:\Android\ControlOrden\app\build\intermediates\transforms\dex\debug\folders\1000\2\ksoap2-android-assembly-3.1.1-jar-with-dependencies_966c0adba1fe8dba9b1fc004eb605ed06fcc62e1 D:\Android\ControlOrden\app\libs\ksoap2-android-assembly-3.1.1-jar-with-dependencies.jar
java_class_path (initial): C:\Android\sdk\build-tools\23.0.3\lib\dx.jar
Launcher Type: SUN_STANDARD

Environment Variables:
JAVA_HOME=C:\Program Files\Java\jdk1.8.0_51
PATH=C:\ProgramData\Oracle\Java\javapath;C:\Windows\System32\Wbem;C:\App\isielcsoft\product\11.2.0\dbhome_1\bin;D:\app\client\ellave\product\12.1.0\client_1;D:\app\client\ellave\product\12.1.0\client_1\bin;C:\windows\system32;c:\windows;C:\Program Files (x86)\Microsoft SQL Server\100\Tools\Binn\;C:\Program Files (x86)\Microsoft SQL Server\100\DTS\Binn\;C:\Program Files (x86)\Microsoft SQL Server\100\Tools\Binn\VSShell\Common7\IDE\;C:\Program Files\Microsoft SQL Server\100\Tools\Binn\;C:\Program Files (x86)\Skype\Phone\;C:\Oracle\instantclient_12_1;C:\Program Files (x86)\Windows Kits\8.1\Windows Performance Toolkit\;C:\Program Files\Microsoft SQL Server\110\Tools\Binn\
USERNAME=Jimena Vidal
OS=Windows_NT
PROCESSOR_IDENTIFIER=Intel64 Family 6 Model 58 Stepping 9, GenuineIntel



---------------  S Y S T E M  ---------------

OS: Windows 8.1 , 64 bit Build 9600 (6.3.9600.17056)

CPU:total 4 (4 cores per cpu, 1 threads per core) family 6 model 58 stepping 9, cmov, cx8, fxsr, mmx, sse, sse2, sse3, ssse3, sse4.1, sse4.2, popcnt, avx, aes, clmul, erms, tsc, tscinvbit, tscinv

Memory: 4k page, physical 8254900k(917640k free), swap 11400628k(5168k free)

vm_info: Java HotSpot(TM) 64-Bit Server VM (25.101-b13) for windows-amd64 JRE (1.8.0_101-b13), built on Jun 22 2016 01:21:29 by "java_re" with MS VC++ 10.0 (VS2010)

time: Thu Sep 22 10:28:15 2016
elapsed time: 3 seconds (0d 0h 0m 3s)

