#
# There is insufficient memory for the Java Runtime Environment to continue.
# Native memory allocation (malloc) failed to allocate 1048576 bytes for AllocateHeap
# Possible reasons:
#   The system is out of physical RAM or swap space
#   In 32 bit mode, the process size limit was hit
# Possible solutions:
#   Reduce memory load on the system
#   Increase physical memory or swap space
#   Check if swap backing store is full
#   Use 64 bit Java on a 64 bit OS
#   Decrease Java heap size (-Xmx/-Xms)
#   Decrease number of Java threads
#   Decrease Java thread stack sizes (-Xss)
#   Set larger code cache with -XX:ReservedCodeCacheSize=
# This output file may be truncated or incomplete.
#
#  Out of Memory Error (memory/allocation.inline.hpp:61), pid=2288, tid=0x0000000000000ed4
#
# JRE version:  (8.0_101-b13) (build )
# Java VM: Java HotSpot(TM) 64-Bit Server VM (25.101-b13 mixed mode windows-amd64 compressed oops)
# Failed to write core dump. Minidumps are not enabled by default on client versions of Windows
#

---------------  T H R E A D  ---------------

Current thread (0x0000000002cde000):  JavaThread "Unknown thread" [_thread_in_vm, id=3796, stack(0x0000000002b30000,0x0000000002c30000)]

Stack: [0x0000000002b30000,0x0000000002c30000]
[error occurred during error reporting (printing stack bounds), id 0xc0000005]

Native frames: (J=compiled Java code, j=interpreted, Vv=VM code, C=native code)


---------------  P R O C E S S  ---------------

Java Threads: ( => current thread )

Other Threads:

=>0x0000000002cde000 (exited) JavaThread "Unknown thread" [_thread_in_vm, id=3796, stack(0x0000000002b30000,0x0000000002c30000)]

VM state:not at safepoint (normal execution)

VM Mutex/Monitor currently owned by a thread: None

Heap:
 PSYoungGen      total 37888K, used 655K [0x00000000eab00000, 0x00000000ed500000, 0x0000000100000000)
  eden space 32768K, 2% used [0x00000000eab00000,0x00000000eaba3d80,0x00000000ecb00000)
  from space 5120K, 0% used [0x00000000ed000000,0x00000000ed000000,0x00000000ed500000)
  to   space 5120K, 0% used [0x00000000ecb00000,0x00000000ecb00000,0x00000000ed000000)
 ParOldGen       total 86016K, used 0K [0x00000000c0000000, 0x00000000c5400000, 0x00000000eab00000)
  object space 86016K, 0% used [0x00000000c0000000,0x00000000c0000000,0x00000000c5400000)
 Metaspace       used 769K, capacity 4480K, committed 4480K, reserved 1056768K
  class space    used 75K, capacity 384K, committed 384K, reserved 1048576K

Card table byte_map: [0x00000000121a0000,0x00000000123b0000] byte_map_base: 0x0000000011ba0000

Marking Bits: (ParMarkBitMap*) 0x0000000070b5a6d0
 Begin Bits: [0x0000000012910000, 0x0000000013910000)
 End Bits:   [0x0000000013910000, 0x0000000014910000)

Polling page: 0x0000000001350000

CodeCache: size=245760Kb used=328Kb max_used=328Kb free=245431Kb
 bounds [0x0000000002de0000, 0x0000000003050000, 0x0000000011de0000]
 total_blobs=58 nmethods=0 adapters=38
 compilation: enabled

Compilation events (0 events):
No events

GC Heap History (0 events):
No events

Deoptimization events (0 events):
No events

Internal exceptions (0 events):
No events

Events (10 events):
Event: 0.030 loading class java/lang/Short
Event: 0.030 loading class java/lang/Short done
Event: 0.030 loading class java/lang/Integer
Event: 0.030 loading class java/lang/Integer done
Event: 0.030 loading class java/lang/Long
Event: 0.031 loading class java/lang/Long done
Event: 0.032 loading class java/lang/NullPointerException
Event: 0.032 loading class java/lang/NullPointerException done
Event: 0.032 loading class java/lang/ArithmeticException
Event: 0.032 loading class java/lang/ArithmeticException done


Dynamic libraries:
0x00007ff618850000 - 0x00007ff618887000 	C:\Program Files\Java\jdk1.8.0_101\bin\java.exe
0x00007ffe15cb0000 - 0x00007ffe15e5a000 	C:\Windows\SYSTEM32\ntdll.dll
0x00007ffe14b60000 - 0x00007ffe14c9a000 	C:\Windows\system32\KERNEL32.DLL
0x00007ffe130f0000 - 0x00007ffe131ff000 	C:\Windows\system32\KERNELBASE.dll
0x00007ffe117b0000 - 0x00007ffe11838000 	C:\Windows\system32\apphelp.dll
0x00007ffe01990000 - 0x00007ffe019df000 	C:\Windows\AppPatch\AppPatch64\AcGenral.DLL
0x00007ffe15680000 - 0x00007ffe15727000 	C:\Windows\system32\msvcrt.dll
0x00007ffe12ed0000 - 0x00007ffe12efb000 	C:\Windows\SYSTEM32\SspiCli.dll
0x00007ffe15730000 - 0x00007ffe15781000 	C:\Windows\system32\SHLWAPI.dll
0x00007ffe15830000 - 0x00007ffe159a1000 	C:\Windows\system32\USER32.dll
0x00007ffe159b0000 - 0x00007ffe15b28000 	C:\Windows\system32\ole32.dll
0x00007ffe135a0000 - 0x00007ffe149c0000 	C:\Windows\system32\SHELL32.dll
0x00007ffe12690000 - 0x00007ffe126ae000 	C:\Windows\SYSTEM32\USERENV.dll
0x00007ffe151a0000 - 0x00007ffe15245000 	C:\Windows\system32\ADVAPI32.dll
0x00007ffe0b9b0000 - 0x00007ffe0b9cb000 	C:\Windows\SYSTEM32\MPR.dll
0x00007ffe15b70000 - 0x00007ffe15ca7000 	C:\Windows\system32\RPCRT4.dll
0x00007ffe149c0000 - 0x00007ffe14a17000 	C:\Windows\SYSTEM32\sechost.dll
0x00007ffe14ca0000 - 0x00007ffe14e76000 	C:\Windows\SYSTEM32\combase.dll
0x00007ffe153f0000 - 0x00007ffe15534000 	C:\Windows\system32\GDI32.dll
0x00007ffe13020000 - 0x00007ffe13034000 	C:\Windows\SYSTEM32\profapi.dll
0x00007ffe10e70000 - 0x00007ffe10f0f000 	C:\Windows\SYSTEM32\SHCORE.dll
0x00007ffe15b30000 - 0x00007ffe15b64000 	C:\Windows\system32\IMM32.DLL
0x00007ffe14e80000 - 0x00007ffe14fb9000 	C:\Windows\system32\MSCTF.dll
0x00007ffe10670000 - 0x00007ffe108ca000 	C:\Windows\WinSxS\amd64_microsoft.windows.common-controls_6595b64144ccf1df_6.0.9600.17031_none_6242a4b3ecbb55a1\COMCTL32.dll
0x0000000070be0000 - 0x0000000070cb2000 	C:\Program Files\Java\jdk1.8.0_101\jre\bin\msvcr100.dll
0x0000000070340000 - 0x0000000070bda000 	C:\Program Files\Java\jdk1.8.0_101\jre\bin\server\jvm.dll
0x00007ffe0b5b0000 - 0x00007ffe0b5b9000 	C:\Windows\SYSTEM32\WSOCK32.dll
0x00007ffe05000000 - 0x00007ffe0501f000 	C:\Windows\SYSTEM32\WINMM.dll
0x00007ffe0b9f0000 - 0x00007ffe0b9fa000 	C:\Windows\SYSTEM32\VERSION.dll
0x00007ffe15670000 - 0x00007ffe15677000 	C:\Windows\system32\PSAPI.DLL
0x00007ffe14a20000 - 0x00007ffe14a78000 	C:\Windows\system32\WS2_32.dll
0x00007ffe04fd0000 - 0x00007ffe04ffa000 	C:\Windows\SYSTEM32\WINMMBASE.dll
0x00007ffe13590000 - 0x00007ffe13599000 	C:\Windows\system32\NSI.dll
0x00007ffe13430000 - 0x00007ffe1347a000 	C:\Windows\SYSTEM32\cfgmgr32.dll
0x00007ffe11ed0000 - 0x00007ffe11ef6000 	C:\Windows\SYSTEM32\DEVOBJ.dll
0x00000000717b0000 - 0x00000000717bf000 	C:\Program Files\Java\jdk1.8.0_101\jre\bin\verify.dll
0x0000000070310000 - 0x0000000070339000 	C:\Program Files\Java\jdk1.8.0_101\jre\bin\java.dll
0x00000000702f0000 - 0x0000000070306000 	C:\Program Files\Java\jdk1.8.0_101\jre\bin\zip.dll

VM Arguments:
jvm_args: -Djava.awt.headless=true -Xmx1024M -Dfile.encoding=windows-1252 -Duser.country=ES -Duser.language=es -Duser.variant 
java_command: com.android.dx.command.Main --dex --force-jumbo --num-threads=4 --multi-dex --output D:\Android\ControlOrden\app\build\intermediates\transforms\dex\debug\folders\1000\10\com.android.support-appcompat-v7-23.4.0_d85e6f86b934f508247b1a740aede57ee79a8e27 D:\Android\ControlOrden\app\build\intermediates\exploded-aar\com.android.support\appcompat-v7\23.4.0\jars\classes.jar
java_class_path (initial): C:\Android\sdk\build-tools\23.0.3\lib\dx.jar
Launcher Type: SUN_STANDARD

Environment Variables:
JAVA_HOME=C:\Program Files\Java\jdk1.8.0_51
PATH=C:\ProgramData\Oracle\Java\javapath;C:\Windows\System32\Wbem;C:\App\isielcsoft\product\11.2.0\dbhome_1\bin;D:\app\client\ellave\product\12.1.0\client_1;D:\app\client\ellave\product\12.1.0\client_1\bin;C:\windows\system32;c:\windows;C:\Program Files (x86)\Microsoft SQL Server\100\Tools\Binn\;C:\Program Files (x86)\Microsoft SQL Server\100\DTS\Binn\;C:\Program Files (x86)\Microsoft SQL Server\100\Tools\Binn\VSShell\Common7\IDE\;C:\Program Files\Microsoft SQL Server\100\Tools\Binn\;C:\Program Files (x86)\Skype\Phone\;C:\Oracle\instantclient_12_1;C:\Program Files (x86)\Windows Kits\8.1\Windows Performance Toolkit\;C:\Program Files\Microsoft SQL Server\110\Tools\Binn\
USERNAME=Jimena Vidal
OS=Windows_NT
PROCESSOR_IDENTIFIER=Intel64 Family 6 Model 58 Stepping 9, GenuineIntel



---------------  S Y S T E M  ---------------

OS: Windows 8.1 , 64 bit Build 9600 (6.3.9600.17056)

CPU:total 4 (4 cores per cpu, 1 threads per core) family 6 model 58 stepping 9, cmov, cx8, fxsr, mmx, sse, sse2, sse3, ssse3, sse4.1, sse4.2, popcnt, avx, aes, clmul, erms, tsc, tscinvbit, tscinv

Memory: 4k page, physical 8254900k(1100232k free), swap 11400628k(547924k free)

vm_info: Java HotSpot(TM) 64-Bit Server VM (25.101-b13) for windows-amd64 JRE (1.8.0_101-b13), built on Jun 22 2016 01:21:29 by "java_re" with MS VC++ 10.0 (VS2010)

time: Thu Sep 22 10:26:46 2016
elapsed time: 0 seconds (0d 0h 0m 0s)

