#
# There is insufficient memory for the Java Runtime Environment to continue.
# Native memory allocation (malloc) failed to allocate 32784 bytes for Chunk::new
# Possible reasons:
#   The system is out of physical RAM or swap space
#   In 32 bit mode, the process size limit was hit
# Possible solutions:
#   Reduce memory load on the system
#   Increase physical memory or swap space
#   Check if swap backing store is full
#   Use 64 bit Java on a 64 bit OS
#   Decrease Java heap size (-Xmx/-Xms)
#   Decrease number of Java threads
#   Decrease Java thread stack sizes (-Xss)
#   Set larger code cache with -XX:ReservedCodeCacheSize=
# This output file may be truncated or incomplete.
#
#  Out of Memory Error (allocation.cpp:390), pid=7340, tid=0x00000000000016bc
#
# JRE version: Java(TM) SE Runtime Environment (8.0_101-b13) (build 1.8.0_101-b13)
# Java VM: Java HotSpot(TM) 64-Bit Server VM (25.101-b13 mixed mode windows-amd64 compressed oops)
# Failed to write core dump. Minidumps are not enabled by default on client versions of Windows
#

---------------  T H R E A D  ---------------

Current thread (0x0000000014fc0000):  JavaThread "C2 CompilerThread1" daemon [_thread_in_native, id=5820, stack(0x0000000016910000,0x0000000016a10000)]

Stack: [0x0000000016910000,0x0000000016a10000]
[error occurred during error reporting (printing stack bounds), id 0xc0000005]

Native frames: (J=compiled Java code, j=interpreted, Vv=VM code, C=native code)


Current CompileTask:
C2:   2266 1294       4       com.android.dx.ssa.SCCP::simulateBranch (666 bytes)


---------------  P R O C E S S  ---------------

Java Threads: ( => current thread )
  0x0000000016d93800 JavaThread "pool-2-thread-4" [_thread_blocked, id=2144, stack(0x0000000017510000,0x0000000017610000)]
  0x0000000016d8d800 JavaThread "pool-2-thread-3" [_thread_in_Java, id=7568, stack(0x0000000017410000,0x0000000017510000)]
  0x0000000016d8c800 JavaThread "pool-2-thread-2" [_thread_blocked, id=5612, stack(0x0000000017310000,0x0000000017410000)]
  0x0000000016d8a000 JavaThread "pool-3-thread-1" [_thread_blocked, id=7656, stack(0x0000000017210000,0x0000000017310000)]
  0x0000000016d89800 JavaThread "pool-2-thread-1" [_thread_blocked, id=1896, stack(0x0000000017110000,0x0000000017210000)]
  0x0000000016b28800 JavaThread "Service Thread" daemon [_thread_blocked, id=1108, stack(0x0000000016f10000,0x0000000017010000)]
  0x0000000014fc5800 JavaThread "C1 CompilerThread2" daemon [_thread_blocked, id=7628, stack(0x0000000016a10000,0x0000000016b10000)]
=>0x0000000014fc0000 JavaThread "C2 CompilerThread1" daemon [_thread_in_native, id=5820, stack(0x0000000016910000,0x0000000016a10000)]
  0x0000000014fbc800 JavaThread "C2 CompilerThread0" daemon [_thread_in_native, id=7204, stack(0x0000000016810000,0x0000000016910000)]
  0x0000000014fbb000 JavaThread "Attach Listener" daemon [_thread_blocked, id=7884, stack(0x0000000016710000,0x0000000016810000)]
  0x0000000014fb9800 JavaThread "Signal Dispatcher" daemon [_thread_blocked, id=7432, stack(0x0000000016610000,0x0000000016710000)]
  0x0000000014faa800 JavaThread "Finalizer" daemon [_thread_blocked, id=6940, stack(0x0000000016210000,0x0000000016310000)]
  0x00000000028bf800 JavaThread "Reference Handler" daemon [_thread_blocked, id=8132, stack(0x0000000016110000,0x0000000016210000)]
  0x0000000000f6d800 JavaThread "main" [_thread_in_Java, id=2672, stack(0x00000000026d0000,0x00000000027d0000)]

Other Threads:
  0x0000000014f88000 VMThread [stack: 0x0000000016010000,0x0000000016110000] [id=4860]
  0x0000000016b2d800 WatcherThread [stack: 0x0000000017010000,0x0000000017110000] [id=4556]

VM state:not at safepoint (normal execution)

VM Mutex/Monitor currently owned by a thread: None

Heap:
 PSYoungGen      total 37888K, used 9254K [0x00000000eab00000, 0x00000000ed500000, 0x0000000100000000)
  eden space 32768K, 12% used [0x00000000eab00000,0x00000000eaf0be40,0x00000000ecb00000)
  from space 5120K, 99% used [0x00000000ecb00000,0x00000000ecffdb50,0x00000000ed000000)
  to   space 5120K, 0% used [0x00000000ed000000,0x00000000ed000000,0x00000000ed500000)
 ParOldGen       total 86016K, used 1354K [0x00000000c0000000, 0x00000000c5400000, 0x00000000eab00000)
  object space 86016K, 1% used [0x00000000c0000000,0x00000000c0152b18,0x00000000c5400000)
 Metaspace       used 6080K, capacity 6936K, committed 7168K, reserved 1056768K
  class space    used 615K, capacity 656K, committed 768K, reserved 1048576K

Card table byte_map: [0x0000000011c90000,0x0000000011ea0000] byte_map_base: 0x0000000011690000

Marking Bits: (ParMarkBitMap*) 0x0000000070b5a6d0
 Begin Bits: [0x0000000012400000, 0x0000000013400000)
 End Bits:   [0x0000000013400000, 0x0000000014400000)

Polling page: 0x0000000000f50000

CodeCache: size=245760Kb used=5331Kb max_used=5331Kb free=240428Kb
 bounds [0x00000000028d0000, 0x0000000002e10000, 0x00000000118d0000]
 total_blobs=1593 nmethods=1325 adapters=181
 compilation: enabled

Compilation events (10 events):
Event: 2.263 Thread 0x0000000014fc5800 nmethod 1322 0x0000000002e059d0 code [0x0000000002e05b80, 0x0000000002e06058]
Event: 2.263 Thread 0x0000000014fc5800 1324       3       com.android.dx.util.LabeledList::rebuildLabelToIndex (46 bytes)
Event: 2.263 Thread 0x0000000014fc5800 nmethod 1324 0x0000000002e06250 code [0x0000000002e06400, 0x0000000002e06a88]
Event: 2.263 Thread 0x0000000014fc5800 1323       1       com.android.dx.rop.cst.CstKnownNull::hashCode (3 bytes)
Event: 2.263 Thread 0x0000000014fc5800 nmethod 1323 0x0000000002e06c90 code [0x0000000002e06de0, 0x0000000002e06ef0]
Event: 2.264 Thread 0x0000000014fc5800 1326       3       com.android.dx.ssa.NormalSsaInsn::isMoveException (20 bytes)
Event: 2.264 Thread 0x0000000014fc5800 nmethod 1326 0x0000000002e06f50 code [0x0000000002e070c0, 0x0000000002e073b0]
Event: 2.264 Thread 0x0000000014fc5800 1327       3       com.android.dx.rop.cst.CstBaseMethodRef::isInstanceInit (8 bytes)
Event: 2.264 Thread 0x0000000014fc5800 nmethod 1327 0x0000000002e07490 code [0x0000000002e07600, 0x0000000002e07a28]
Event: 2.264 Thread 0x0000000014fc5800 1328       3       com.android.dx.rop.code.Rops::pickIf (154 bytes)

GC Heap History (2 events):
Event: 2.181 GC heap before
{Heap before GC invocations=1 (full 0):
 PSYoungGen      total 37888K, used 32768K [0x00000000eab00000, 0x00000000ed500000, 0x0000000100000000)
  eden space 32768K, 100% used [0x00000000eab00000,0x00000000ecb00000,0x00000000ecb00000)
  from space 5120K, 0% used [0x00000000ed000000,0x00000000ed000000,0x00000000ed500000)
  to   space 5120K, 0% used [0x00000000ecb00000,0x00000000ecb00000,0x00000000ed000000)
 ParOldGen       total 86016K, used 0K [0x00000000c0000000, 0x00000000c5400000, 0x00000000eab00000)
  object space 86016K, 0% used [0x00000000c0000000,0x00000000c0000000,0x00000000c5400000)
 Metaspace       used 6057K, capacity 6936K, committed 7168K, reserved 1056768K
  class space    used 615K, capacity 656K, committed 768K, reserved 1048576K
Event: 2.216 GC heap after
Heap after GC invocations=1 (full 0):
 PSYoungGen      total 37888K, used 5110K [0x00000000eab00000, 0x00000000ed500000, 0x0000000100000000)
  eden space 32768K, 0% used [0x00000000eab00000,0x00000000eab00000,0x00000000ecb00000)
  from space 5120K, 99% used [0x00000000ecb00000,0x00000000ecffdb50,0x00000000ed000000)
  to   space 5120K, 0% used [0x00000000ed000000,0x00000000ed000000,0x00000000ed500000)
 ParOldGen       total 86016K, used 1354K [0x00000000c0000000, 0x00000000c5400000, 0x00000000eab00000)
  object space 86016K, 1% used [0x00000000c0000000,0x00000000c0152b18,0x00000000c5400000)
 Metaspace       used 6057K, capacity 6936K, committed 7168K, reserved 1056768K
  class space    used 615K, capacity 656K, committed 768K, reserved 1048576K
}

Deoptimization events (4 events):
Event: 0.983 Thread 0x0000000016d89800 Uncommon trap: reason=unstable_if action=reinterpret pc=0x0000000002ae3e50 method=java.util.HashMap.getNode(ILjava/lang/Object;)Ljava/util/HashMap$Node; @ 129
Event: 1.343 Thread 0x0000000016d8d800 Uncommon trap: reason=unstable_if action=reinterpret pc=0x0000000002b42674 method=java.util.BitSet.ensureCapacity(I)V @ 6
Event: 1.521 Thread 0x0000000016d8d800 Uncommon trap: reason=unstable_if action=reinterpret pc=0x0000000002b48520 method=java.util.HashMap.putVal(ILjava/lang/Object;Ljava/lang/Object;ZZ)Ljava/lang/Object; @ 162
Event: 1.601 Thread 0x0000000016d8d800 Uncommon trap: reason=unstable_if action=reinterpret pc=0x0000000002b0444c method=java.util.HashMap.getNode(ILjava/lang/Object;)Ljava/util/HashMap$Node; @ 84

Internal exceptions (5 events):
Event: 0.094 Thread 0x0000000000f6d800 Exception <a 'java/lang/NoSuchMethodError': Method sun.misc.Unsafe.defineClass(Ljava/lang/String;[BII)Ljava/lang/Class; name or signature does not match> (0x00000000eab07cc0) thrown at [C:\re\workspace\8-2-build-windows-amd64-cygwin\jdk8u101\7261\hotspot\súKù◊·$∏?
Event: 0.094 Thread 0x0000000000f6d800 Exception <a 'java/lang/NoSuchMethodError': Method sun.misc.Unsafe.prefetchRead(Ljava/lang/Object;J)V name or signature does not match> (0x00000000eab07fa8) thrown at [C:\re\workspace\8-2-build-windows-amd64-cygwin\jdk8u101\7261\hotspot\src\share\vm\prims\ÍÊUYç˘?
Event: 1.597 Thread 0x0000000016d8d800 Exception <a 'java/lang/ArrayIndexOutOfBoundsException': 18> (0x00000000ec22a6d0) thrown at [C:\re\workspace\8-2-build-windows-amd64-cygwin\jdk8u101\7261\hotspot\src\share\vm\interpreter\interpreterRuntime.cpp, line 366]
Event: 1.597 Thread 0x0000000016d8d800 Exception <a 'java/lang/ArrayIndexOutOfBoundsException': 145> (0x00000000ec22c250) thrown at [C:\re\workspace\8-2-build-windows-amd64-cygwin\jdk8u101\7261\hotspot\src\share\vm\interpreter\interpreterRuntime.cpp, line 366]
Event: 1.599 Thread 0x0000000016d8d800 Exception <a 'java/lang/ArrayIndexOutOfBoundsException'> (0x00000000ec22d538) thrown at [C:\re\workspace\8-2-build-windows-amd64-cygwin\jdk8u101\7261\hotspot\src\share\vm\runtime\sharedRuntime.cpp, line 605]

Events (10 events):
Event: 1.601 loading class sun/reflect/generics/reflectiveObjects/TypeVariableImpl done
Event: 1.601 Thread 0x0000000016d8d800 Uncommon trap: trap_request=0xffffff65 fr.pc=0x0000000002b0444c
Event: 1.601 Thread 0x0000000016d8d800 DEOPT PACKING pc=0x0000000002b0444c sp=0x000000001750e9a0
Event: 1.601 Thread 0x0000000016d8d800 DEOPT UNPACKING pc=0x000000000291582a sp=0x000000001750e8d0 mode 2
Event: 2.002 Thread 0x0000000000f6d800 DEOPT PACKING pc=0x0000000002b835cf sp=0x00000000027ce810
Event: 2.002 Thread 0x0000000000f6d800 DEOPT UNPACKING pc=0x000000000291787f sp=0x00000000027ce600 mode 0
Event: 2.061 Executing VM operation: ForceSafepoint
Event: 2.166 Executing VM operation: ForceSafepoint done
Event: 2.179 Executing VM operation: ParallelGCFailedAllocation
Event: 2.216 Executing VM operation: ParallelGCFailedAllocation done


Dynamic libraries:
0x00007ff618850000 - 0x00007ff618887000 	C:\Program Files\Java\jdk1.8.0_101\bin\java.exe
0x00007ffe15cb0000 - 0x00007ffe15e5a000 	C:\Windows\SYSTEM32\ntdll.dll
0x00007ffe14b60000 - 0x00007ffe14c9a000 	C:\Windows\system32\KERNEL32.DLL
0x00007ffe130f0000 - 0x00007ffe131ff000 	C:\Windows\system32\KERNELBASE.dll
0x00007ffe117b0000 - 0x00007ffe11838000 	C:\Windows\system32\apphelp.dll
0x00007ffe01990000 - 0x00007ffe019df000 	C:\Windows\AppPatch\AppPatch64\AcGenral.DLL
0x00007ffe15680000 - 0x00007ffe15727000 	C:\Windows\system32\msvcrt.dll
0x00007ffe12ed0000 - 0x00007ffe12efb000 	C:\Windows\SYSTEM32\SspiCli.dll
0x00007ffe15730000 - 0x00007ffe15781000 	C:\Windows\system32\SHLWAPI.dll
0x00007ffe15830000 - 0x00007ffe159a1000 	C:\Windows\system32\USER32.dll
0x00007ffe159b0000 - 0x00007ffe15b28000 	C:\Windows\system32\ole32.dll
0x00007ffe135a0000 - 0x00007ffe149c0000 	C:\Windows\system32\SHELL32.dll
0x00007ffe12690000 - 0x00007ffe126ae000 	C:\Windows\SYSTEM32\USERENV.dll
0x00007ffe151a0000 - 0x00007ffe15245000 	C:\Windows\system32\ADVAPI32.dll
0x00007ffe0b9b0000 - 0x00007ffe0b9cb000 	C:\Windows\SYSTEM32\MPR.dll
0x00007ffe15b70000 - 0x00007ffe15ca7000 	C:\Windows\system32\RPCRT4.dll
0x00007ffe149c0000 - 0x00007ffe14a17000 	C:\Windows\SYSTEM32\sechost.dll
0x00007ffe14ca0000 - 0x00007ffe14e76000 	C:\Windows\SYSTEM32\combase.dll
0x00007ffe153f0000 - 0x00007ffe15534000 	C:\Windows\system32\GDI32.dll
0x00007ffe13020000 - 0x00007ffe13034000 	C:\Windows\SYSTEM32\profapi.dll
0x00007ffe10e70000 - 0x00007ffe10f0f000 	C:\Windows\SYSTEM32\SHCORE.dll
0x00007ffe15b30000 - 0x00007ffe15b64000 	C:\Windows\system32\IMM32.DLL
0x00007ffe14e80000 - 0x00007ffe14fb9000 	C:\Windows\system32\MSCTF.dll
0x00007ffe10670000 - 0x00007ffe108ca000 	C:\Windows\WinSxS\amd64_microsoft.windows.common-controls_6595b64144ccf1df_6.0.9600.17031_none_6242a4b3ecbb55a1\COMCTL32.dll
0x0000000070be0000 - 0x0000000070cb2000 	C:\Program Files\Java\jdk1.8.0_101\jre\bin\msvcr100.dll
0x0000000070340000 - 0x0000000070bda000 	C:\Program Files\Java\jdk1.8.0_101\jre\bin\server\jvm.dll
0x00007ffe0b5b0000 - 0x00007ffe0b5b9000 	C:\Windows\SYSTEM32\WSOCK32.dll
0x00007ffe05000000 - 0x00007ffe0501f000 	C:\Windows\SYSTEM32\WINMM.dll
0x00007ffe0b9f0000 - 0x00007ffe0b9fa000 	C:\Windows\SYSTEM32\VERSION.dll
0x00007ffe15670000 - 0x00007ffe15677000 	C:\Windows\system32\PSAPI.DLL
0x00007ffe14a20000 - 0x00007ffe14a78000 	C:\Windows\system32\WS2_32.dll
0x00007ffe04fd0000 - 0x00007ffe04ffa000 	C:\Windows\SYSTEM32\WINMMBASE.dll
0x00007ffe13590000 - 0x00007ffe13599000 	C:\Windows\system32\NSI.dll
0x00007ffe13430000 - 0x00007ffe1347a000 	C:\Windows\SYSTEM32\cfgmgr32.dll
0x00007ffe11ed0000 - 0x00007ffe11ef6000 	C:\Windows\SYSTEM32\DEVOBJ.dll
0x00000000717b0000 - 0x00000000717bf000 	C:\Program Files\Java\jdk1.8.0_101\jre\bin\verify.dll
0x0000000070310000 - 0x0000000070339000 	C:\Program Files\Java\jdk1.8.0_101\jre\bin\java.dll
0x00000000702f0000 - 0x0000000070306000 	C:\Program Files\Java\jdk1.8.0_101\jre\bin\zip.dll

VM Arguments:
jvm_args: -Djava.awt.headless=true -Xmx1024M -Dfile.encoding=windows-1252 -Duser.country=ES -Duser.language=es -Duser.variant 
java_command: com.android.dx.command.Main --dex --force-jumbo --num-threads=4 --multi-dex --output D:\Android\ControlOrden\app\build\intermediates\transforms\dex\debug\folders\1000\2\ksoap2-android-assembly-3.1.1-jar-with-dependencies_966c0adba1fe8dba9b1fc004eb605ed06fcc62e1 D:\Android\ControlOrden\app\libs\ksoap2-android-assembly-3.1.1-jar-with-dependencies.jar
java_class_path (initial): C:\Android\sdk\build-tools\23.0.3\lib\dx.jar
Launcher Type: SUN_STANDARD

Environment Variables:
JAVA_HOME=C:\Program Files\Java\jdk1.8.0_51
PATH=C:\ProgramData\Oracle\Java\javapath;C:\Windows\System32\Wbem;C:\App\isielcsoft\product\11.2.0\dbhome_1\bin;D:\app\client\ellave\product\12.1.0\client_1;D:\app\client\ellave\product\12.1.0\client_1\bin;C:\windows\system32;c:\windows;C:\Program Files (x86)\Microsoft SQL Server\100\Tools\Binn\;C:\Program Files (x86)\Microsoft SQL Server\100\DTS\Binn\;C:\Program Files (x86)\Microsoft SQL Server\100\Tools\Binn\VSShell\Common7\IDE\;C:\Program Files\Microsoft SQL Server\100\Tools\Binn\;C:\Program Files (x86)\Skype\Phone\;C:\Oracle\instantclient_12_1;C:\Program Files (x86)\Windows Kits\8.1\Windows Performance Toolkit\;C:\Program Files\Microsoft SQL Server\110\Tools\Binn\
USERNAME=Jimena Vidal
OS=Windows_NT
PROCESSOR_IDENTIFIER=Intel64 Family 6 Model 58 Stepping 9, GenuineIntel



---------------  S Y S T E M  ---------------

OS: Windows 8.1 , 64 bit Build 9600 (6.3.9600.17056)

CPU:total 4 (4 cores per cpu, 1 threads per core) family 6 model 58 stepping 9, cmov, cx8, fxsr, mmx, sse, sse2, sse3, ssse3, sse4.1, sse4.2, popcnt, avx, aes, clmul, erms, tsc, tscinvbit, tscinv

Memory: 4k page, physical 8254900k(800312k free), swap 11400628k(5020k free)

vm_info: Java HotSpot(TM) 64-Bit Server VM (25.101-b13) for windows-amd64 JRE (1.8.0_101-b13), built on Jun 22 2016 01:21:29 by "java_re" with MS VC++ 10.0 (VS2010)

time: Thu Sep 22 10:24:49 2016
elapsed time: 2 seconds (0d 0h 0m 2s)

