#
# There is insufficient memory for the Java Runtime Environment to continue.
# Native memory allocation (malloc) failed to allocate 2048 bytes for AllocateHeap
# Possible reasons:
#   The system is out of physical RAM or swap space
#   In 32 bit mode, the process size limit was hit
# Possible solutions:
#   Reduce memory load on the system
#   Increase physical memory or swap space
#   Check if swap backing store is full
#   Use 64 bit Java on a 64 bit OS
#   Decrease Java heap size (-Xmx/-Xms)
#   Decrease number of Java threads
#   Decrease Java thread stack sizes (-Xss)
#   Set larger code cache with -XX:ReservedCodeCacheSize=
# This output file may be truncated or incomplete.
#
#  Out of Memory Error (memory/allocation.inline.hpp:61), pid=144, tid=0x0000000000001f70
#
# JRE version: Java(TM) SE Runtime Environment (8.0_101-b13) (build 1.8.0_101-b13)
# Java VM: Java HotSpot(TM) 64-Bit Server VM (25.101-b13 mixed mode windows-amd64 compressed oops)
# Failed to write core dump. Minidumps are not enabled by default on client versions of Windows
#

---------------  T H R E A D  ---------------

Current thread (0x00000000026ed800):  JavaThread "main" [_thread_in_vm, id=8048, stack(0x0000000002780000,0x0000000002880000)]

Stack: [0x0000000002780000,0x0000000002880000]
[error occurred during error reporting (printing stack bounds), id 0xc0000005]

Native frames: (J=compiled Java code, j=interpreted, Vv=VM code, C=native code)

Java frames: (J=compiled Java code, j=interpreted, Vv=VM code)
j  sun.usagetracker.UsageTrackerClient.registerUsage(J)V+88
j  sun.usagetracker.UsageTrackerClient.setupAndTimestamp(J)V+32
j  sun.usagetracker.UsageTrackerClient.access$000(Lsun/usagetracker/UsageTrackerClient;J)V+2
j  sun.usagetracker.UsageTrackerClient$4.run()Ljava/lang/Void;+24
j  sun.usagetracker.UsageTrackerClient$4.run()Ljava/lang/Object;+1
v  ~StubRoutines::call_stub
j  java.security.AccessController.doPrivileged(Ljava/security/PrivilegedAction;)Ljava/lang/Object;+0
j  sun.usagetracker.UsageTrackerClient.run(Ljava/lang/String;Ljava/lang/String;)V+42
j  sun.misc.PostVMInitHook.trackJavaUsage()V+16
j  sun.misc.PostVMInitHook.run()V+0
v  ~StubRoutines::call_stub

---------------  P R O C E S S  ---------------

Java Threads: ( => current thread )
  0x0000000016aa5800 JavaThread "Service Thread" daemon [_thread_new, id=3900, stack(0x0000000016fa0000,0x00000000170a0000)]
  0x0000000016aa0800 JavaThread "C1 CompilerThread2" daemon [_thread_blocked, id=304, stack(0x0000000016ea0000,0x0000000016fa0000)]
  0x00000000150a6800 JavaThread "C2 CompilerThread1" daemon [_thread_blocked, id=7896, stack(0x00000000169a0000,0x0000000016aa0000)]
  0x0000000015058800 JavaThread "C2 CompilerThread0" daemon [_thread_blocked, id=7052, stack(0x00000000168a0000,0x00000000169a0000)]
  0x0000000015056800 JavaThread "Attach Listener" daemon [_thread_blocked, id=7836, stack(0x00000000167a0000,0x00000000168a0000)]
  0x0000000015055800 JavaThread "Signal Dispatcher" daemon [_thread_blocked, id=3916, stack(0x00000000166a0000,0x00000000167a0000)]
  0x000000001503a800 JavaThread "Finalizer" daemon [_thread_blocked, id=3240, stack(0x00000000162b0000,0x00000000163b0000)]
  0x0000000015019000 JavaThread "Reference Handler" daemon [_thread_blocked, id=2544, stack(0x00000000161b0000,0x00000000162b0000)]
=>0x00000000026ed800 JavaThread "main" [_thread_in_vm, id=8048, stack(0x0000000002780000,0x0000000002880000)]

Other Threads:
  0x0000000015017000 VMThread [stack: 0x00000000160b0000,0x00000000161b0000] [id=7412]

VM state:not at safepoint (normal execution)

VM Mutex/Monitor currently owned by a thread:  ([mutex/lock_event])
[0x00000000026ec860] SystemDictionary_lock - owner thread: 0x00000000026ed800

Heap:
 PSYoungGen      total 37888K, used 1310K [0x00000000eab00000, 0x00000000ed500000, 0x0000000100000000)
  eden space 32768K, 4% used [0x00000000eab00000,0x00000000eac47b08,0x00000000ecb00000)
  from space 5120K, 0% used [0x00000000ed000000,0x00000000ed000000,0x00000000ed500000)
  to   space 5120K, 0% used [0x00000000ecb00000,0x00000000ecb00000,0x00000000ed000000)
 ParOldGen       total 86016K, used 0K [0x00000000c0000000, 0x00000000c5400000, 0x00000000eab00000)
  object space 86016K, 0% used [0x00000000c0000000,0x00000000c0000000,0x00000000c5400000)
 Metaspace       used 2270K, capacity 4480K, committed 4480K, reserved 1056768K
  class space    used 249K, capacity 384K, committed 384K, reserved 1048576K

Card table byte_map: [0x0000000011d40000,0x0000000011f50000] byte_map_base: 0x0000000011740000

Marking Bits: (ParMarkBitMap*) 0x0000000070b5a6d0
 Begin Bits: [0x00000000124b0000, 0x00000000134b0000)
 End Bits:   [0x00000000134b0000, 0x00000000144b0000)

Polling page: 0x0000000002680000

CodeCache: size=245760Kb used=1080Kb max_used=1080Kb free=244679Kb
 bounds [0x0000000002980000, 0x0000000002bf0000, 0x0000000011980000]
 total_blobs=236 nmethods=14 adapters=136
 compilation: enabled

Compilation events (10 events):
Event: 0.485 Thread 0x0000000016aa0800    9       3       java.lang.String::length (6 bytes)
Event: 0.485 Thread 0x0000000016aa0800 nmethod 9 0x0000000002a8c990 code [0x0000000002a8cae0, 0x0000000002a8cc30]
Event: 0.485 Thread 0x0000000016aa0800   10       3       java.lang.Math::min (11 bytes)
Event: 0.485 Thread 0x0000000016aa0800 nmethod 10 0x0000000002a8ccd0 code [0x0000000002a8ce20, 0x0000000002a8cfb0]
Event: 0.485 Thread 0x0000000016aa0800   11       3       java.lang.Character::toUpperCase (6 bytes)
Event: 0.486 Thread 0x0000000016aa0800 nmethod 11 0x0000000002a8d010 code [0x0000000002a8d180, 0x0000000002a8d418]
Event: 0.486 Thread 0x0000000016aa0800   13       3       java.lang.CharacterDataLatin1::toUpperCase (53 bytes)
Event: 0.486 Thread 0x0000000016aa0800 nmethod 13 0x0000000002a8d550 code [0x0000000002a8d6c0, 0x0000000002a8d9b0]
Event: 0.486 Thread 0x0000000016aa0800   12       3       java.lang.Character::toUpperCase (9 bytes)
Event: 0.486 Thread 0x0000000016aa0800 nmethod 12 0x0000000002a8db10 code [0x0000000002a8dc80, 0x0000000002a8deb8]

GC Heap History (0 events):
No events

Deoptimization events (0 events):
No events

Internal exceptions (4 events):
Event: 0.433 Thread 0x00000000026ed800 Exception <a 'java/lang/NoSuchMethodError': Method sun.misc.Unsafe.defineClass(Ljava/lang/String;[BII)Ljava/lang/Class; name or signature does not match> (0x00000000eab07cc0) thrown at [C:\re\workspace\8-2-build-windows-amd64-cygwin\jdk8u101\7261\hotspot\s„Ôâœ­¶Û?
Event: 0.433 Thread 0x00000000026ed800 Exception <a 'java/lang/NoSuchMethodError': Method sun.misc.Unsafe.prefetchRead(Ljava/lang/Object;J)V name or signature does not match> (0x00000000eab07fa8) thrown at [C:\re\workspace\8-2-build-windows-amd64-cygwin\jdk8u101\7261\hotspot\src\share\vm\prims\ ‘ØÑÄß?
Event: 0.486 Thread 0x00000000026ed800 Exception <a 'java/lang/OutOfMemoryError': native memory allocation failed> (0x00000000eab5a308) thrown at [C:\re\workspace\8-2-build-windows-amd64-cygwin\jdk8u101\7261\hotspot\src\share\vm\prims\jni.cpp, line 735]
Event: 0.486 Thread 0x00000000026ed800 Exception <a 'java/lang/NoClassDefFoundError': java/io/IOException> (0x00000000eab5a560) thrown at [C:\re\workspace\8-2-build-windows-amd64-cygwin\jdk8u101\7261\hotspot\src\share\vm\classfile\systemDictionary.cpp, line 208]

Events (10 events):
Event: 0.485 loading class java/util/HashMap$HashIterator done
Event: 0.485 loading class java/util/HashMap$EntryIterator done
Event: 0.485 loading class java/lang/ProcessEnvironment$CheckedEntry
Event: 0.485 loading class java/lang/ProcessEnvironment$CheckedEntry done
Event: 0.485 loading class java/util/TreeMap$Entry
Event: 0.485 loading class java/util/TreeMap$Entry done
Event: 0.486 loading class sun/usagetracker/UsageTrackerClient$3
Event: 0.486 loading class sun/usagetracker/UsageTrackerClient$3 done
Event: 0.486 loading class java/io/IOException
Event: 0.486 loading class java/io/IOException done


Dynamic libraries:
0x00007ff618850000 - 0x00007ff618887000 	C:\Program Files\Java\jdk1.8.0_101\bin\java.exe
0x00007ffe15cb0000 - 0x00007ffe15e5a000 	C:\Windows\SYSTEM32\ntdll.dll
0x00007ffe14b60000 - 0x00007ffe14c9a000 	C:\Windows\system32\KERNEL32.DLL
0x00007ffe130f0000 - 0x00007ffe131ff000 	C:\Windows\system32\KERNELBASE.dll
0x00007ffe117b0000 - 0x00007ffe11838000 	C:\Windows\system32\apphelp.dll
0x00007ffe01990000 - 0x00007ffe019df000 	C:\Windows\AppPatch\AppPatch64\AcGenral.DLL
0x00007ffe15680000 - 0x00007ffe15727000 	C:\Windows\system32\msvcrt.dll
0x00007ffe12ed0000 - 0x00007ffe12efb000 	C:\Windows\SYSTEM32\SspiCli.dll
0x00007ffe15730000 - 0x00007ffe15781000 	C:\Windows\system32\SHLWAPI.dll
0x00007ffe15830000 - 0x00007ffe159a1000 	C:\Windows\system32\USER32.dll
0x00007ffe159b0000 - 0x00007ffe15b28000 	C:\Windows\system32\ole32.dll
0x00007ffe135a0000 - 0x00007ffe149c0000 	C:\Windows\system32\SHELL32.dll
0x00007ffe12690000 - 0x00007ffe126ae000 	C:\Windows\SYSTEM32\USERENV.dll
0x00007ffe151a0000 - 0x00007ffe15245000 	C:\Windows\system32\ADVAPI32.dll
0x00007ffe0b9b0000 - 0x00007ffe0b9cb000 	C:\Windows\SYSTEM32\MPR.dll
0x00007ffe15b70000 - 0x00007ffe15ca7000 	C:\Windows\system32\RPCRT4.dll
0x00007ffe149c0000 - 0x00007ffe14a17000 	C:\Windows\SYSTEM32\sechost.dll
0x00007ffe14ca0000 - 0x00007ffe14e76000 	C:\Windows\SYSTEM32\combase.dll
0x00007ffe153f0000 - 0x00007ffe15534000 	C:\Windows\system32\GDI32.dll
0x00007ffe13020000 - 0x00007ffe13034000 	C:\Windows\SYSTEM32\profapi.dll
0x00007ffe10e70000 - 0x00007ffe10f0f000 	C:\Windows\SYSTEM32\SHCORE.dll
0x00007ffe15b30000 - 0x00007ffe15b64000 	C:\Windows\system32\IMM32.DLL
0x00007ffe14e80000 - 0x00007ffe14fb9000 	C:\Windows\system32\MSCTF.dll
0x00007ffe10670000 - 0x00007ffe108ca000 	C:\Windows\WinSxS\amd64_microsoft.windows.common-controls_6595b64144ccf1df_6.0.9600.17031_none_6242a4b3ecbb55a1\COMCTL32.dll
0x0000000070be0000 - 0x0000000070cb2000 	C:\Program Files\Java\jdk1.8.0_101\jre\bin\msvcr100.dll
0x0000000070340000 - 0x0000000070bda000 	C:\Program Files\Java\jdk1.8.0_101\jre\bin\server\jvm.dll
0x00007ffe0b5b0000 - 0x00007ffe0b5b9000 	C:\Windows\SYSTEM32\WSOCK32.dll
0x00007ffe05000000 - 0x00007ffe0501f000 	C:\Windows\SYSTEM32\WINMM.dll
0x00007ffe0b9f0000 - 0x00007ffe0b9fa000 	C:\Windows\SYSTEM32\VERSION.dll
0x00007ffe15670000 - 0x00007ffe15677000 	C:\Windows\system32\PSAPI.DLL
0x00007ffe14a20000 - 0x00007ffe14a78000 	C:\Windows\system32\WS2_32.dll
0x00007ffe04fd0000 - 0x00007ffe04ffa000 	C:\Windows\SYSTEM32\WINMMBASE.dll
0x00007ffe13590000 - 0x00007ffe13599000 	C:\Windows\system32\NSI.dll
0x00007ffe13430000 - 0x00007ffe1347a000 	C:\Windows\SYSTEM32\cfgmgr32.dll
0x00007ffe11ed0000 - 0x00007ffe11ef6000 	C:\Windows\SYSTEM32\DEVOBJ.dll
0x00000000717b0000 - 0x00000000717bf000 	C:\Program Files\Java\jdk1.8.0_101\jre\bin\verify.dll
0x0000000070310000 - 0x0000000070339000 	C:\Program Files\Java\jdk1.8.0_101\jre\bin\java.dll
0x00000000702f0000 - 0x0000000070306000 	C:\Program Files\Java\jdk1.8.0_101\jre\bin\zip.dll

VM Arguments:
jvm_args: -Djava.awt.headless=true -Xmx1024M -Dfile.encoding=windows-1252 -Duser.country=ES -Duser.language=es -Duser.variant 
java_command: com.android.dx.command.Main --dex --force-jumbo --num-threads=4 --multi-dex --output D:\Android\ControlOrden\app\build\intermediates\transforms\dex\debug\folders\1000\5\slice_9 D:\Android\ControlOrden\app\build\intermediates\transforms\instantRunSlicer\debug\folders\1\5\slice_9
java_class_path (initial): C:\Android\sdk\build-tools\23.0.3\lib\dx.jar
Launcher Type: SUN_STANDARD

Environment Variables:
JAVA_HOME=C:\Program Files\Java\jdk1.8.0_51
PATH=C:\ProgramData\Oracle\Java\javapath;C:\Windows\System32\Wbem;C:\App\isielcsoft\product\11.2.0\dbhome_1\bin;D:\app\client\ellave\product\12.1.0\client_1;D:\app\client\ellave\product\12.1.0\client_1\bin;C:\windows\system32;c:\windows;C:\Program Files (x86)\Microsoft SQL Server\100\Tools\Binn\;C:\Program Files (x86)\Microsoft SQL Server\100\DTS\Binn\;C:\Program Files (x86)\Microsoft SQL Server\100\Tools\Binn\VSShell\Common7\IDE\;C:\Program Files\Microsoft SQL Server\100\Tools\Binn\;C:\Program Files (x86)\Skype\Phone\;C:\Oracle\instantclient_12_1;C:\Program Files (x86)\Windows Kits\8.1\Windows Performance Toolkit\;C:\Program Files\Microsoft SQL Server\110\Tools\Binn\
USERNAME=Jimena Vidal
OS=Windows_NT
PROCESSOR_IDENTIFIER=Intel64 Family 6 Model 58 Stepping 9, GenuineIntel



---------------  S Y S T E M  ---------------

OS: Windows 8.1 , 64 bit Build 9600 (6.3.9600.17056)

CPU:total 4 (4 cores per cpu, 1 threads per core) family 6 model 58 stepping 9, cmov, cx8, fxsr, mmx, sse, sse2, sse3, ssse3, sse4.1, sse4.2, popcnt, avx, aes, clmul, erms, tsc, tscinvbit, tscinv

Memory: 4k page, physical 8254900k(889872k free), swap 11400628k(4760k free)

vm_info: Java HotSpot(TM) 64-Bit Server VM (25.101-b13) for windows-amd64 JRE (1.8.0_101-b13), built on Jun 22 2016 01:21:29 by "java_re" with MS VC++ 10.0 (VS2010)

time: Thu Sep 22 10:24:52 2016
elapsed time: 0 seconds (0d 0h 0m 0s)

