#
# There is insufficient memory for the Java Runtime Environment to continue.
# Native memory allocation (malloc) failed to allocate 524176 bytes for Chunk::new
# Possible reasons:
#   The system is out of physical RAM or swap space
#   In 32 bit mode, the process size limit was hit
# Possible solutions:
#   Reduce memory load on the system
#   Increase physical memory or swap space
#   Check if swap backing store is full
#   Use 64 bit Java on a 64 bit OS
#   Decrease Java heap size (-Xmx/-Xms)
#   Decrease number of Java threads
#   Decrease Java thread stack sizes (-Xss)
#   Set larger code cache with -XX:ReservedCodeCacheSize=
# This output file may be truncated or incomplete.
#
#  Out of Memory Error (allocation.cpp:390), pid=7748, tid=0x00000000000014ac
#
# JRE version: Java(TM) SE Runtime Environment (8.0_101-b13) (build 1.8.0_101-b13)
# Java VM: Java HotSpot(TM) 64-Bit Server VM (25.101-b13 mixed mode windows-amd64 compressed oops)
# Failed to write core dump. Minidumps are not enabled by default on client versions of Windows
#

---------------  T H R E A D  ---------------

Current thread (0x0000000014b36800):  JavaThread "C2 CompilerThread1" daemon [_thread_in_native, id=5292, stack(0x0000000016430000,0x0000000016530000)]

Stack: [0x0000000016430000,0x0000000016530000]
[error occurred during error reporting (printing stack bounds), id 0xc0000005]

Native frames: (J=compiled Java code, j=interpreted, Vv=VM code, C=native code)


Current CompileTask:
C2:   1672 1368   !   4       com.android.dx.cf.code.RopperMachine::run (1550 bytes)


---------------  P R O C E S S  ---------------

Java Threads: ( => current thread )
  0x0000000016890800 JavaThread "pool-2-thread-4" [_thread_blocked, id=2512, stack(0x0000000017030000,0x0000000017130000)]
  0x0000000016794000 JavaThread "pool-2-thread-3" [_thread_blocked, id=5168, stack(0x0000000016f30000,0x0000000017030000)]
  0x000000001678f800 JavaThread "pool-2-thread-2" [_thread_in_Java, id=1976, stack(0x0000000016e30000,0x0000000016f30000)]
  0x000000001675f800 JavaThread "pool-3-thread-1" [_thread_blocked, id=2972, stack(0x0000000016d30000,0x0000000016e30000)]
  0x000000001675e800 JavaThread "pool-2-thread-1" [_thread_in_Java, id=320, stack(0x0000000016c30000,0x0000000016d30000)]
  0x0000000016633800 JavaThread "Service Thread" daemon [_thread_blocked, id=1884, stack(0x0000000016a30000,0x0000000016b30000)]
  0x0000000014b3b000 JavaThread "C1 CompilerThread2" daemon [_thread_blocked, id=8028, stack(0x0000000016530000,0x0000000016630000)]
=>0x0000000014b36800 JavaThread "C2 CompilerThread1" daemon [_thread_in_native, id=5292, stack(0x0000000016430000,0x0000000016530000)]
  0x0000000014ae8800 JavaThread "C2 CompilerThread0" daemon [_thread_in_native, id=3300, stack(0x0000000016330000,0x0000000016430000)]
  0x0000000014ae6800 JavaThread "Attach Listener" daemon [_thread_blocked, id=4572, stack(0x0000000016230000,0x0000000016330000)]
  0x0000000014ae5800 JavaThread "Signal Dispatcher" daemon [_thread_blocked, id=2368, stack(0x0000000016130000,0x0000000016230000)]
  0x0000000014aca800 JavaThread "Finalizer" daemon [_thread_blocked, id=5680, stack(0x0000000015d40000,0x0000000015e40000)]
  0x0000000014aa9000 JavaThread "Reference Handler" daemon [_thread_blocked, id=4952, stack(0x0000000015c40000,0x0000000015d40000)]
  0x000000000230d800 JavaThread "main" [_thread_blocked, id=2476, stack(0x0000000002110000,0x0000000002210000)]

Other Threads:
  0x0000000014aa7000 VMThread [stack: 0x0000000015b40000,0x0000000015c40000] [id=880]
  0x000000001663c000 WatcherThread [stack: 0x0000000016b30000,0x0000000016c30000] [id=5960]

VM state:not at safepoint (normal execution)

VM Mutex/Monitor currently owned by a thread: None

Heap:
 PSYoungGen      total 70656K, used 58242K [0x00000000eab00000, 0x00000000f3500000, 0x0000000100000000)
  eden space 65536K, 81% used [0x00000000eab00000,0x00000000edee3380,0x00000000eeb00000)
  from space 5120K, 99% used [0x00000000eeb00000,0x00000000eeffd808,0x00000000ef000000)
  to   space 5120K, 0% used [0x00000000f3000000,0x00000000f3000000,0x00000000f3500000)
 ParOldGen       total 86016K, used 46262K [0x00000000c0000000, 0x00000000c5400000, 0x00000000eab00000)
  object space 86016K, 53% used [0x00000000c0000000,0x00000000c2d2d890,0x00000000c5400000)
 Metaspace       used 5818K, capacity 6896K, committed 7040K, reserved 1056768K
  class space    used 582K, capacity 616K, committed 640K, reserved 1048576K

Card table byte_map: [0x00000000117d0000,0x00000000119e0000] byte_map_base: 0x00000000111d0000

Marking Bits: (ParMarkBitMap*) 0x0000000070b5a6d0
 Begin Bits: [0x0000000011f40000, 0x0000000012f40000)
 End Bits:   [0x0000000012f40000, 0x0000000013f40000)

Polling page: 0x0000000000930000

CodeCache: size=245760Kb used=5949Kb max_used=5949Kb free=239810Kb
 bounds [0x0000000002410000, 0x00000000029f0000, 0x0000000011410000]
 total_blobs=1624 nmethods=1362 adapters=175
 compilation: enabled

Compilation events (10 events):
Event: 1.647 Thread 0x0000000014ae8800 nmethod 1379 0x00000000029ccf10 code [0x00000000029cd060, 0x00000000029cd2f8]
Event: 1.647 Thread 0x0000000014ae8800 1275       4       com.android.dx.ssa.SsaBasicBlock::newFromRop (183 bytes)
Event: 1.654 Thread 0x0000000014b3b000 1436       2       com.android.dx.ssa.SsaConverter::edgeSplitPredecessors (44 bytes)
Event: 1.654 Thread 0x0000000014b3b000 nmethod 1436 0x00000000029ce410 code [0x00000000029ce5c0, 0x00000000029ce968]
Event: 1.655 Thread 0x0000000014b3b000 1437       2       com.android.dx.ssa.SsaConverter::edgeSplitSuccessors (98 bytes)
Event: 1.656 Thread 0x0000000014b3b000 nmethod 1437 0x00000000029d0f10 code [0x00000000029d1120, 0x00000000029d16e8]
Event: 1.660 Thread 0x0000000014b3b000 1438 %     3       com.android.dx.ssa.LocalVariableExtractor::processBlock @ 119 (383 bytes)
Event: 1.663 Thread 0x0000000014b3b000 nmethod 1438% 0x00000000029d9f10 code [0x00000000029da3c0, 0x00000000029ddb68]
Event: 1.668 Thread 0x0000000014b3b000 1439       3       com.android.dx.ssa.LocalVariableExtractor::processBlock (383 bytes)
Event: 1.670 Thread 0x0000000014b3b000 nmethod 1439 0x00000000029e04d0 code [0x00000000029e09c0, 0x00000000029e4198]

GC Heap History (6 events):
Event: 0.824 GC heap before
{Heap before GC invocations=1 (full 0):
 PSYoungGen      total 37888K, used 32768K [0x00000000eab00000, 0x00000000ed500000, 0x0000000100000000)
  eden space 32768K, 100% used [0x00000000eab00000,0x00000000ecb00000,0x00000000ecb00000)
  from space 5120K, 0% used [0x00000000ed000000,0x00000000ed000000,0x00000000ed500000)
  to   space 5120K, 0% used [0x00000000ecb00000,0x00000000ecb00000,0x00000000ed000000)
 ParOldGen       total 86016K, used 0K [0x00000000c0000000, 0x00000000c5400000, 0x00000000eab00000)
  object space 86016K, 0% used [0x00000000c0000000,0x00000000c0000000,0x00000000c5400000)
 Metaspace       used 5646K, capacity 6768K, committed 7040K, reserved 1056768K
  class space    used 576K, capacity 616K, committed 640K, reserved 1048576K
Event: 0.872 GC heap after
Heap after GC invocations=1 (full 0):
 PSYoungGen      total 37888K, used 5095K [0x00000000eab00000, 0x00000000ef500000, 0x0000000100000000)
  eden space 32768K, 0% used [0x00000000eab00000,0x00000000eab00000,0x00000000ecb00000)
  from space 5120K, 99% used [0x00000000ecb00000,0x00000000ecff9d80,0x00000000ed000000)
  to   space 5120K, 0% used [0x00000000ef000000,0x00000000ef000000,0x00000000ef500000)
 ParOldGen       total 86016K, used 5203K [0x00000000c0000000, 0x00000000c5400000, 0x00000000eab00000)
  object space 86016K, 6% used [0x00000000c0000000,0x00000000c0514e90,0x00000000c5400000)
 Metaspace       used 5646K, capacity 6768K, committed 7040K, reserved 1056768K
  class space    used 576K, capacity 616K, committed 640K, reserved 1048576K
}
Event: 0.951 GC heap before
{Heap before GC invocations=2 (full 0):
 PSYoungGen      total 37888K, used 37863K [0x00000000eab00000, 0x00000000ef500000, 0x0000000100000000)
  eden space 32768K, 100% used [0x00000000eab00000,0x00000000ecb00000,0x00000000ecb00000)
  from space 5120K, 99% used [0x00000000ecb00000,0x00000000ecff9d80,0x00000000ed000000)
  to   space 5120K, 0% used [0x00000000ef000000,0x00000000ef000000,0x00000000ef500000)
 ParOldGen       total 86016K, used 5203K [0x00000000c0000000, 0x00000000c5400000, 0x00000000eab00000)
  object space 86016K, 6% used [0x00000000c0000000,0x00000000c0514e90,0x00000000c5400000)
 Metaspace       used 5653K, capacity 6768K, committed 7040K, reserved 1056768K
  class space    used 577K, capacity 616K, committed 640K, reserved 1048576K
Event: 0.983 GC heap after
Heap after GC invocations=2 (full 0):
 PSYoungGen      total 70656K, used 5117K [0x00000000eab00000, 0x00000000ef500000, 0x0000000100000000)
  eden space 65536K, 0% used [0x00000000eab00000,0x00000000eab00000,0x00000000eeb00000)
  from space 5120K, 99% used [0x00000000ef000000,0x00000000ef4ff7b8,0x00000000ef500000)
  to   space 5120K, 0% used [0x00000000eeb00000,0x00000000eeb00000,0x00000000ef000000)
 ParOldGen       total 86016K, used 25501K [0x00000000c0000000, 0x00000000c5400000, 0x00000000eab00000)
  object space 86016K, 29% used [0x00000000c0000000,0x00000000c18e74d8,0x00000000c5400000)
 Metaspace       used 5653K, capacity 6768K, committed 7040K, reserved 1056768K
  class space    used 577K, capacity 616K, committed 640K, reserved 1048576K
}
Event: 1.321 GC heap before
{Heap before GC invocations=3 (full 0):
 PSYoungGen      total 70656K, used 70653K [0x00000000eab00000, 0x00000000ef500000, 0x0000000100000000)
  eden space 65536K, 100% used [0x00000000eab00000,0x00000000eeb00000,0x00000000eeb00000)
  from space 5120K, 99% used [0x00000000ef000000,0x00000000ef4ff7b8,0x00000000ef500000)
  to   space 5120K, 0% used [0x00000000eeb00000,0x00000000eeb00000,0x00000000ef000000)
 ParOldGen       total 86016K, used 25501K [0x00000000c0000000, 0x00000000c5400000, 0x00000000eab00000)
  object space 86016K, 29% used [0x00000000c0000000,0x00000000c18e74d8,0x00000000c5400000)
 Metaspace       used 5696K, capacity 6832K, committed 7040K, reserved 1056768K
  class space    used 579K, capacity 616K, committed 640K, reserved 1048576K
Event: 1.348 GC heap after
Heap after GC invocations=3 (full 0):
 PSYoungGen      total 70656K, used 5110K [0x00000000eab00000, 0x00000000f3500000, 0x0000000100000000)
  eden space 65536K, 0% used [0x00000000eab00000,0x00000000eab00000,0x00000000eeb00000)
  from space 5120K, 99% used [0x00000000eeb00000,0x00000000eeffd808,0x00000000ef000000)
  to   space 5120K, 0% used [0x00000000f3000000,0x00000000f3000000,0x00000000f3500000)
 ParOldGen       total 86016K, used 46262K [0x00000000c0000000, 0x00000000c5400000, 0x00000000eab00000)
  object space 86016K, 53% used [0x00000000c0000000,0x00000000c2d2d890,0x00000000c5400000)
 Metaspace       used 5696K, capacity 6832K, committed 7040K, reserved 1056768K
  class space    used 579K, capacity 616K, committed 640K, reserved 1048576K
}

Deoptimization events (10 events):
Event: 1.499 Thread 0x000000001678f800 Uncommon trap: reason=unstable_if action=reinterpret pc=0x0000000002699278 method=com.android.dx.cf.code.Ropper.labelToResultIndex(I)I @ 34
Event: 1.499 Thread 0x000000001678f800 Uncommon trap: reason=unstable_if action=reinterpret pc=0x0000000002750374 method=com.android.dx.rop.code.RegisterSpec.equals(ILcom/android/dx/rop/type/TypeBearer;Lcom/android/dx/rop/code/LocalItem;)Z @ 16
Event: 1.499 Thread 0x000000001678f800 Uncommon trap: reason=class_check action=maybe_recompile pc=0x0000000002686fb0 method=com.android.dx.rop.type.Type.equals(Ljava/lang/Object;)Z @ 8
Event: 1.500 Thread 0x000000001678f800 Uncommon trap: reason=unstable_if action=reinterpret pc=0x000000000289a050 method=com.android.dx.ssa.LocalVariableExtractor.processBlock(I)V @ 77
Event: 1.501 Thread 0x000000001678f800 Uncommon trap: reason=class_check action=maybe_recompile pc=0x0000000002686fb0 method=com.android.dx.rop.type.Type.equals(Ljava/lang/Object;)Z @ 8
Event: 1.503 Thread 0x000000001678f800 Uncommon trap: reason=unstable_if action=reinterpret pc=0x0000000002903488 method=com.android.dx.rop.code.InsnList.contentEquals(Lcom/android/dx/rop/code/InsnList;)Z @ 25
Event: 1.503 Thread 0x000000001678f800 Uncommon trap: reason=unstable_if action=reinterpret pc=0x000000000291e890 method=com.android.dx.util.LabeledList.set(ILcom/android/dx/util/LabeledItem;)V @ 16
Event: 1.503 Thread 0x000000001678f800 Uncommon trap: reason=unstable_if action=reinterpret pc=0x00000000028d8598 method=com.android.dx.util.LabeledList.set(ILcom/android/dx/util/LabeledItem;)V @ 16
Event: 1.520 Thread 0x0000000016794000 Uncommon trap: reason=class_check action=maybe_recompile pc=0x0000000002686fb0 method=com.android.dx.rop.type.Type.equals(Ljava/lang/Object;)Z @ 8
Event: 1.589 Thread 0x000000001678f800 Uncommon trap: reason=class_check action=maybe_recompile pc=0x0000000002686fb0 method=com.android.dx.rop.type.Type.equals(Ljava/lang/Object;)Z @ 8

Internal exceptions (3 events):
Event: 0.054 Thread 0x000000000230d800 Exception <a 'java/lang/NoSuchMethodError': Method sun.misc.Unsafe.defineClass(Ljava/lang/String;[BII)Ljava/lang/Class; name or signature does not match> (0x00000000eab07cc0) thrown at [C:\re\workspace\8-2-build-windows-amd64-cygwin\jdk8u101\7261\hotspot\s§Ö·ÊÞ«?
Event: 0.054 Thread 0x000000000230d800 Exception <a 'java/lang/NoSuchMethodError': Method sun.misc.Unsafe.prefetchRead(Ljava/lang/Object;J)V name or signature does not match> (0x00000000eab07fa8) thrown at [C:\re\workspace\8-2-build-windows-amd64-cygwin\jdk8u101\7261\hotspot\src\share\vm\prims\Ž\Øà?
Event: 0.526 Thread 0x000000001675e800 Implicit null exception at 0x00000000026943dc to 0x00000000026959d9

Events (10 events):
Event: 1.597 Thread 0x000000001675e800 DEOPT PACKING pc=0x000000000298b702 sp=0x0000000016d2e510
Event: 1.597 Thread 0x000000001675e800 DEOPT UNPACKING pc=0x000000000245787f sp=0x0000000016d2e278 mode 0
Event: 1.597 Thread 0x000000001675e800 DEOPT PACKING pc=0x000000000298b702 sp=0x0000000016d2e510
Event: 1.597 Thread 0x000000001675e800 DEOPT UNPACKING pc=0x000000000245787f sp=0x0000000016d2e278 mode 0
Event: 1.598 Thread 0x000000001675e800 DEOPT PACKING pc=0x000000000298b702 sp=0x0000000016d2e510
Event: 1.598 Thread 0x000000001675e800 DEOPT UNPACKING pc=0x000000000245787f sp=0x0000000016d2e278 mode 0
Event: 1.613 Thread 0x000000000230d800 DEOPT PACKING pc=0x000000000298b702 sp=0x000000000220de30
Event: 1.613 Thread 0x000000000230d800 DEOPT UNPACKING pc=0x000000000245787f sp=0x000000000220db98 mode 0
Event: 1.670 Thread 0x000000001675e800 DEOPT PACKING pc=0x0000000002960bcd sp=0x0000000016d2e6f0
Event: 1.670 Thread 0x000000001675e800 DEOPT UNPACKING pc=0x000000000245787f sp=0x0000000016d2e4c8 mode 0


Dynamic libraries:
0x00007ff618850000 - 0x00007ff618887000 	C:\Program Files\Java\jdk1.8.0_101\bin\java.exe
0x00007ffe15cb0000 - 0x00007ffe15e5a000 	C:\Windows\SYSTEM32\ntdll.dll
0x00007ffe14b60000 - 0x00007ffe14c9a000 	C:\Windows\system32\KERNEL32.DLL
0x00007ffe130f0000 - 0x00007ffe131ff000 	C:\Windows\system32\KERNELBASE.dll
0x00007ffe117b0000 - 0x00007ffe11838000 	C:\Windows\system32\apphelp.dll
0x00007ffe01990000 - 0x00007ffe019df000 	C:\Windows\AppPatch\AppPatch64\AcGenral.DLL
0x00007ffe15680000 - 0x00007ffe15727000 	C:\Windows\system32\msvcrt.dll
0x00007ffe12ed0000 - 0x00007ffe12efb000 	C:\Windows\SYSTEM32\SspiCli.dll
0x00007ffe15730000 - 0x00007ffe15781000 	C:\Windows\system32\SHLWAPI.dll
0x00007ffe15830000 - 0x00007ffe159a1000 	C:\Windows\system32\USER32.dll
0x00007ffe159b0000 - 0x00007ffe15b28000 	C:\Windows\system32\ole32.dll
0x00007ffe135a0000 - 0x00007ffe149c0000 	C:\Windows\system32\SHELL32.dll
0x00007ffe12690000 - 0x00007ffe126ae000 	C:\Windows\SYSTEM32\USERENV.dll
0x00007ffe151a0000 - 0x00007ffe15245000 	C:\Windows\system32\ADVAPI32.dll
0x00007ffe0b9b0000 - 0x00007ffe0b9cb000 	C:\Windows\SYSTEM32\MPR.dll
0x00007ffe15b70000 - 0x00007ffe15ca7000 	C:\Windows\system32\RPCRT4.dll
0x00007ffe149c0000 - 0x00007ffe14a17000 	C:\Windows\SYSTEM32\sechost.dll
0x00007ffe14ca0000 - 0x00007ffe14e76000 	C:\Windows\SYSTEM32\combase.dll
0x00007ffe153f0000 - 0x00007ffe15534000 	C:\Windows\system32\GDI32.dll
0x00007ffe13020000 - 0x00007ffe13034000 	C:\Windows\SYSTEM32\profapi.dll
0x00007ffe10e70000 - 0x00007ffe10f0f000 	C:\Windows\SYSTEM32\SHCORE.dll
0x00007ffe15b30000 - 0x00007ffe15b64000 	C:\Windows\system32\IMM32.DLL
0x00007ffe14e80000 - 0x00007ffe14fb9000 	C:\Windows\system32\MSCTF.dll
0x00007ffe10670000 - 0x00007ffe108ca000 	C:\Windows\WinSxS\amd64_microsoft.windows.common-controls_6595b64144ccf1df_6.0.9600.17031_none_6242a4b3ecbb55a1\COMCTL32.dll
0x0000000070be0000 - 0x0000000070cb2000 	C:\Program Files\Java\jdk1.8.0_101\jre\bin\msvcr100.dll
0x0000000070340000 - 0x0000000070bda000 	C:\Program Files\Java\jdk1.8.0_101\jre\bin\server\jvm.dll
0x00007ffe0b5b0000 - 0x00007ffe0b5b9000 	C:\Windows\SYSTEM32\WSOCK32.dll
0x00007ffe05000000 - 0x00007ffe0501f000 	C:\Windows\SYSTEM32\WINMM.dll
0x00007ffe0b9f0000 - 0x00007ffe0b9fa000 	C:\Windows\SYSTEM32\VERSION.dll
0x00007ffe15670000 - 0x00007ffe15677000 	C:\Windows\system32\PSAPI.DLL
0x00007ffe14a20000 - 0x00007ffe14a78000 	C:\Windows\system32\WS2_32.dll
0x00007ffe04fd0000 - 0x00007ffe04ffa000 	C:\Windows\SYSTEM32\WINMMBASE.dll
0x00007ffe13590000 - 0x00007ffe13599000 	C:\Windows\system32\NSI.dll
0x00007ffe13430000 - 0x00007ffe1347a000 	C:\Windows\SYSTEM32\cfgmgr32.dll
0x00007ffe11ed0000 - 0x00007ffe11ef6000 	C:\Windows\SYSTEM32\DEVOBJ.dll
0x00000000717b0000 - 0x00000000717bf000 	C:\Program Files\Java\jdk1.8.0_101\jre\bin\verify.dll
0x0000000070310000 - 0x0000000070339000 	C:\Program Files\Java\jdk1.8.0_101\jre\bin\java.dll
0x00000000702f0000 - 0x0000000070306000 	C:\Program Files\Java\jdk1.8.0_101\jre\bin\zip.dll

VM Arguments:
jvm_args: -Djava.awt.headless=true -Xmx1024M -Dfile.encoding=windows-1252 -Duser.country=ES -Duser.language=es -Duser.variant 
java_command: com.android.dx.command.Main --dex --force-jumbo --num-threads=4 --multi-dex --output D:\Android\ControlOrden\app\build\intermediates\transforms\dex\debug\folders\1000\5\slice_8 D:\Android\ControlOrden\app\build\intermediates\transforms\instantRunSlicer\debug\folders\1\5\slice_8
java_class_path (initial): C:\Android\sdk\build-tools\23.0.3\lib\dx.jar
Launcher Type: SUN_STANDARD

Environment Variables:
JAVA_HOME=C:\Program Files\Java\jdk1.8.0_51
PATH=C:\ProgramData\Oracle\Java\javapath;C:\Windows\System32\Wbem;C:\App\isielcsoft\product\11.2.0\dbhome_1\bin;D:\app\client\ellave\product\12.1.0\client_1;D:\app\client\ellave\product\12.1.0\client_1\bin;C:\windows\system32;c:\windows;C:\Program Files (x86)\Microsoft SQL Server\100\Tools\Binn\;C:\Program Files (x86)\Microsoft SQL Server\100\DTS\Binn\;C:\Program Files (x86)\Microsoft SQL Server\100\Tools\Binn\VSShell\Common7\IDE\;C:\Program Files\Microsoft SQL Server\100\Tools\Binn\;C:\Program Files (x86)\Skype\Phone\;C:\Oracle\instantclient_12_1;C:\Program Files (x86)\Windows Kits\8.1\Windows Performance Toolkit\;C:\Program Files\Microsoft SQL Server\110\Tools\Binn\
USERNAME=Jimena Vidal
OS=Windows_NT
PROCESSOR_IDENTIFIER=Intel64 Family 6 Model 58 Stepping 9, GenuineIntel



---------------  S Y S T E M  ---------------

OS: Windows 8.1 , 64 bit Build 9600 (6.3.9600.17056)

CPU:total 4 (4 cores per cpu, 1 threads per core) family 6 model 58 stepping 9, cmov, cx8, fxsr, mmx, sse, sse2, sse3, ssse3, sse4.1, sse4.2, popcnt, avx, aes, clmul, erms, tsc, tscinvbit, tscinv

Memory: 4k page, physical 8254900k(869672k free), swap 11400628k(5140k free)

vm_info: Java HotSpot(TM) 64-Bit Server VM (25.101-b13) for windows-amd64 JRE (1.8.0_101-b13), built on Jun 22 2016 01:21:29 by "java_re" with MS VC++ 10.0 (VS2010)

time: Thu Sep 22 10:24:52 2016
elapsed time: 1 seconds (0d 0h 0m 1s)

