#
# There is insufficient memory for the Java Runtime Environment to continue.
# Native memory allocation (malloc) failed to allocate 199264 bytes for Chunk::new
# Possible reasons:
#   The system is out of physical RAM or swap space
#   In 32 bit mode, the process size limit was hit
# Possible solutions:
#   Reduce memory load on the system
#   Increase physical memory or swap space
#   Check if swap backing store is full
#   Use 64 bit Java on a 64 bit OS
#   Decrease Java heap size (-Xmx/-Xms)
#   Decrease number of Java threads
#   Decrease Java thread stack sizes (-Xss)
#   Set larger code cache with -XX:ReservedCodeCacheSize=
# This output file may be truncated or incomplete.
#
#  Out of Memory Error (allocation.cpp:390), pid=8128, tid=0x00000000000008e4
#
# JRE version: Java(TM) SE Runtime Environment (8.0_101-b13) (build 1.8.0_101-b13)
# Java VM: Java HotSpot(TM) 64-Bit Server VM (25.101-b13 mixed mode windows-amd64 compressed oops)
# Failed to write core dump. Minidumps are not enabled by default on client versions of Windows
#

---------------  T H R E A D  ---------------

Current thread (0x0000000014b8d000):  JavaThread "C2 CompilerThread0" daemon [_thread_in_native, id=2276, stack(0x00000000163d0000,0x00000000164d0000)]

Stack: [0x00000000163d0000,0x00000000164d0000]
[error occurred during error reporting (printing stack bounds), id 0xc0000005]

Native frames: (J=compiled Java code, j=interpreted, Vv=VM code, C=native code)


Current CompileTask:
C2:   2189 1244       4       com.android.dx.ssa.SCCP::simulateBranch (666 bytes)


---------------  P R O C E S S  ---------------

Java Threads: ( => current thread )
  0x0000000016832000 JavaThread "pool-2-thread-4" [_thread_in_Java, id=3884, stack(0x00000000170d0000,0x00000000171d0000)]
  0x0000000016831800 JavaThread "pool-2-thread-3" [_thread_in_Java, id=2056, stack(0x0000000016fd0000,0x00000000170d0000)]
  0x0000000016830000 JavaThread "pool-2-thread-2" [_thread_in_Java, id=208, stack(0x0000000016ed0000,0x0000000016fd0000)]
  0x000000001682b800 JavaThread "pool-3-thread-1" [_thread_blocked, id=7500, stack(0x0000000016dd0000,0x0000000016ed0000)]
  0x00000000168a0800 JavaThread "pool-2-thread-1" [_thread_in_Java, id=5608, stack(0x0000000016cd0000,0x0000000016dd0000)]
  0x00000000165dd000 JavaThread "Service Thread" daemon [_thread_blocked, id=4948, stack(0x0000000016ad0000,0x0000000016bd0000)]
  0x00000000165d8800 JavaThread "C1 CompilerThread2" daemon [_thread_in_native, id=7488, stack(0x00000000169d0000,0x0000000016ad0000)]
  0x0000000014b90000 JavaThread "C2 CompilerThread1" daemon [_thread_in_native, id=5012, stack(0x00000000164d0000,0x00000000165d0000)]
=>0x0000000014b8d000 JavaThread "C2 CompilerThread0" daemon [_thread_in_native, id=2276, stack(0x00000000163d0000,0x00000000164d0000)]
  0x0000000014b8b000 JavaThread "Attach Listener" daemon [_thread_blocked, id=2264, stack(0x00000000162d0000,0x00000000163d0000)]
  0x0000000014b8a000 JavaThread "Signal Dispatcher" daemon [_thread_blocked, id=7384, stack(0x00000000161d0000,0x00000000162d0000)]
  0x0000000014b7a800 JavaThread "Finalizer" daemon [_thread_blocked, id=8136, stack(0x0000000015de0000,0x0000000015ee0000)]
  0x00000000024af800 JavaThread "Reference Handler" daemon [_thread_blocked, id=7868, stack(0x0000000015ce0000,0x0000000015de0000)]
  0x000000000229e000 JavaThread "main" [_thread_in_Java, id=8112, stack(0x00000000022c0000,0x00000000023c0000)]

Other Threads:
  0x0000000014b58000 VMThread [stack: 0x0000000015be0000,0x0000000015ce0000] [id=7004]
  0x00000000165ea000 WatcherThread [stack: 0x0000000016bd0000,0x0000000016cd0000] [id=376]

VM state:not at safepoint (normal execution)

VM Mutex/Monitor currently owned by a thread: None

Heap:
 PSYoungGen      total 37888K, used 32469K [0x00000000eab00000, 0x00000000ef500000, 0x0000000100000000)
  eden space 32768K, 83% used [0x00000000eab00000,0x00000000ec5b9340,0x00000000ecb00000)
  from space 5120K, 99% used [0x00000000ecb00000,0x00000000ecffc458,0x00000000ed000000)
  to   space 5120K, 0% used [0x00000000ef000000,0x00000000ef000000,0x00000000ef500000)
 ParOldGen       total 86016K, used 149K [0x00000000c0000000, 0x00000000c5400000, 0x00000000eab00000)
  object space 86016K, 0% used [0x00000000c0000000,0x00000000c0025588,0x00000000c5400000)
 Metaspace       used 6133K, capacity 7026K, committed 7296K, reserved 1056768K
  class space    used 603K, capacity 618K, committed 640K, reserved 1048576K

Card table byte_map: [0x0000000011880000,0x0000000011a90000] byte_map_base: 0x0000000011280000

Marking Bits: (ParMarkBitMap*) 0x0000000070b5a6d0
 Begin Bits: [0x0000000011ff0000, 0x0000000012ff0000)
 End Bits:   [0x0000000012ff0000, 0x0000000013ff0000)

Polling page: 0x00000000021b0000

CodeCache: size=245760Kb used=5519Kb max_used=5519Kb free=240241Kb
 bounds [0x00000000024c0000, 0x0000000002a30000, 0x00000000114c0000]
 total_blobs=1629 nmethods=1360 adapters=182
 compilation: enabled

Compilation events (10 events):
Event: 2.182 Thread 0x00000000165d8800 nmethod 1376 0x0000000002a1f210 code [0x0000000002a1f360, 0x0000000002a1f490]
Event: 2.182 Thread 0x00000000165d8800 1378       3       com.android.dx.cf.direct.StdAttributeFactory::lineNumberTable (204 bytes)
Event: 2.184 Thread 0x00000000165d8800 nmethod 1378 0x0000000002a1f510 code [0x0000000002a1f9c0, 0x0000000002a226b8]
Event: 2.184 Thread 0x00000000165d8800 1388       1       com.android.dx.ssa.Optimizer::getAdvice (4 bytes)
Event: 2.185 Thread 0x00000000165d8800 nmethod 1388 0x0000000002a24c10 code [0x0000000002a24d60, 0x0000000002a24e50]
Event: 2.185 Thread 0x00000000165d8800 1373       3       com.android.dx.cf.code.ConcreteMethod::<init> (262 bytes)
Event: 2.185 Thread 0x00000000165d8800 nmethod 1373 0x0000000002a24ed0 code [0x0000000002a251c0, 0x0000000002a26698]
Event: 2.185 Thread 0x00000000165d8800 1370       3       java.util.HashMap$HashIterator::<init> (79 bytes)
Event: 2.186 Thread 0x00000000165d8800 nmethod 1370 0x0000000002a27090 code [0x0000000002a27200, 0x0000000002a27590]
Event: 2.186 Thread 0x00000000165d8800 1377       3       com.android.dx.cf.direct.StdAttributeFactory::code (613 bytes)

GC Heap History (2 events):
Event: 1.608 GC heap before
{Heap before GC invocations=1 (full 0):
 PSYoungGen      total 37888K, used 32768K [0x00000000eab00000, 0x00000000ed500000, 0x0000000100000000)
  eden space 32768K, 100% used [0x00000000eab00000,0x00000000ecb00000,0x00000000ecb00000)
  from space 5120K, 0% used [0x00000000ed000000,0x00000000ed000000,0x00000000ed500000)
  to   space 5120K, 0% used [0x00000000ecb00000,0x00000000ecb00000,0x00000000ed000000)
 ParOldGen       total 86016K, used 0K [0x00000000c0000000, 0x00000000c5400000, 0x00000000eab00000)
  object space 86016K, 0% used [0x00000000c0000000,0x00000000c0000000,0x00000000c5400000)
 Metaspace       used 5903K, capacity 6832K, committed 7040K, reserved 1056768K
  class space    used 601K, capacity 616K, committed 640K, reserved 1048576K
Event: 1.821 GC heap after
Heap after GC invocations=1 (full 0):
 PSYoungGen      total 37888K, used 5105K [0x00000000eab00000, 0x00000000ef500000, 0x0000000100000000)
  eden space 32768K, 0% used [0x00000000eab00000,0x00000000eab00000,0x00000000ecb00000)
  from space 5120K, 99% used [0x00000000ecb00000,0x00000000ecffc458,0x00000000ed000000)
  to   space 5120K, 0% used [0x00000000ef000000,0x00000000ef000000,0x00000000ef500000)
 ParOldGen       total 86016K, used 149K [0x00000000c0000000, 0x00000000c5400000, 0x00000000eab00000)
  object space 86016K, 0% used [0x00000000c0000000,0x00000000c0025588,0x00000000c5400000)
 Metaspace       used 5903K, capacity 6832K, committed 7040K, reserved 1056768K
  class space    used 601K, capacity 616K, committed 640K, reserved 1048576K
}

Deoptimization events (10 events):
Event: 1.214 Thread 0x0000000016832000 Uncommon trap: reason=class_check action=maybe_recompile pc=0x00000000026f9b30 method=com.android.dx.ssa.NormalSsaInsn.accept(Lcom/android/dx/ssa/SsaInsn$Visitor;)V @ 9
Event: 1.214 Thread 0x0000000016832000 Uncommon trap: reason=class_check action=maybe_recompile pc=0x00000000026f9b30 method=com.android.dx.ssa.NormalSsaInsn.accept(Lcom/android/dx/ssa/SsaInsn$Visitor;)V @ 9
Event: 1.214 Thread 0x0000000016832000 Uncommon trap: reason=class_check action=maybe_recompile pc=0x00000000026f9b30 method=com.android.dx.ssa.NormalSsaInsn.accept(Lcom/android/dx/ssa/SsaInsn$Visitor;)V @ 9
Event: 1.823 Thread 0x00000000168a0800 Uncommon trap: reason=class_check action=maybe_recompile pc=0x00000000027be8e0 method=com.android.dx.rop.type.Type.equals(Ljava/lang/Object;)Z @ 8
Event: 1.824 Thread 0x00000000168a0800 Uncommon trap: reason=null_check action=make_not_entrant pc=0x00000000027be8f0 method=com.android.dx.rop.type.Type.equals(Ljava/lang/Object;)Z @ 8
Event: 1.825 Thread 0x00000000168a0800 Uncommon trap: reason=unstable_if action=reinterpret pc=0x00000000026f6470 method=java.util.BitSet.nextSetBit(I)I @ 87
Event: 1.827 Thread 0x00000000168a0800 Uncommon trap: reason=unstable_if action=reinterpret pc=0x00000000027435d0 method=com.android.dx.rop.code.RegisterSpec.equals(ILcom/android/dx/rop/type/TypeBearer;Lcom/android/dx/rop/code/LocalItem;)Z @ 16
Event: 1.867 Thread 0x0000000016830000 Uncommon trap: reason=unstable_if action=reinterpret pc=0x00000000028ae778 method=com.android.dx.cf.code.Ropper.labelToResultIndex(I)I @ 34
Event: 2.178 Thread 0x000000000229e000 Uncommon trap: reason=unloaded action=reinterpret pc=0x00000000028f9234 method=com.android.dx.cf.cst.ConstantPoolParser.parse0(ILjava/util/BitSet;)Lcom/android/dx/rop/cst/Constant; @ 198
Event: 2.185 Thread 0x00000000168a0800 Uncommon trap: reason=unstable_if action=reinterpret pc=0x000000000279d1dc method=com.android.dx.rop.cst.Constant.compareTo(Lcom/android/dx/rop/cst/Constant;)I @ 12

Internal exceptions (3 events):
Event: 0.033 Thread 0x000000000229e000 Exception <a 'java/lang/NoSuchMethodError': Method sun.misc.Unsafe.defineClass(Ljava/lang/String;[BII)Ljava/lang/Class; name or signature does not match> (0x00000000eab07cc0) thrown at [C:\re\workspace\8-2-build-windows-amd64-cygwin\jdk8u101\7261\hotspot\skuO"¡?
Event: 0.033 Thread 0x000000000229e000 Exception <a 'java/lang/NoSuchMethodError': Method sun.misc.Unsafe.prefetchRead(Ljava/lang/Object;J)V name or signature does not match> (0x00000000eab07fa8) thrown at [C:\re\workspace\8-2-build-windows-amd64-cygwin\jdk8u101\7261\hotspot\src\share\vm\prims\‡&â.ý?
Event: 1.824 Thread 0x00000000168a0800 Implicit null exception at 0x00000000027be7e2 to 0x00000000027be8e1

Events (10 events):
Event: 1.867 loading class java/util/HashMap$ValueIterator done
Event: 1.867 Thread 0x0000000016830000 Uncommon trap: trap_request=0xffffff65 fr.pc=0x00000000028ae778
Event: 1.867 Thread 0x0000000016830000 DEOPT PACKING pc=0x00000000028ae778 sp=0x0000000016fceca0
Event: 1.867 Thread 0x0000000016830000 DEOPT UNPACKING pc=0x000000000250582a sp=0x0000000016fcec48 mode 2
Event: 2.178 Thread 0x000000000229e000 Uncommon trap: trap_request=0x000000d0 fr.pc=0x00000000028f9234
Event: 2.178 Thread 0x000000000229e000 DEOPT PACKING pc=0x00000000028f9234 sp=0x00000000023be730
Event: 2.178 Thread 0x000000000229e000 DEOPT UNPACKING pc=0x000000000250582a sp=0x00000000023be6f8 mode 2
Event: 2.185 Thread 0x00000000168a0800 Uncommon trap: trap_request=0xffffff65 fr.pc=0x000000000279d1dc
Event: 2.185 Thread 0x00000000168a0800 DEOPT PACKING pc=0x000000000279d1dc sp=0x0000000016dce8d0
Event: 2.185 Thread 0x00000000168a0800 DEOPT UNPACKING pc=0x000000000250582a sp=0x0000000016dce870 mode 2


Dynamic libraries:
0x00007ff618850000 - 0x00007ff618887000 	C:\Program Files\Java\jdk1.8.0_101\bin\java.exe
0x00007ffe15cb0000 - 0x00007ffe15e5a000 	C:\Windows\SYSTEM32\ntdll.dll
0x00007ffe14b60000 - 0x00007ffe14c9a000 	C:\Windows\system32\KERNEL32.DLL
0x00007ffe130f0000 - 0x00007ffe131ff000 	C:\Windows\system32\KERNELBASE.dll
0x00007ffe117b0000 - 0x00007ffe11838000 	C:\Windows\system32\apphelp.dll
0x00007ffe01990000 - 0x00007ffe019df000 	C:\Windows\AppPatch\AppPatch64\AcGenral.DLL
0x00007ffe15680000 - 0x00007ffe15727000 	C:\Windows\system32\msvcrt.dll
0x00007ffe12ed0000 - 0x00007ffe12efb000 	C:\Windows\SYSTEM32\SspiCli.dll
0x00007ffe15730000 - 0x00007ffe15781000 	C:\Windows\system32\SHLWAPI.dll
0x00007ffe15830000 - 0x00007ffe159a1000 	C:\Windows\system32\USER32.dll
0x00007ffe159b0000 - 0x00007ffe15b28000 	C:\Windows\system32\ole32.dll
0x00007ffe135a0000 - 0x00007ffe149c0000 	C:\Windows\system32\SHELL32.dll
0x00007ffe12690000 - 0x00007ffe126ae000 	C:\Windows\SYSTEM32\USERENV.dll
0x00007ffe151a0000 - 0x00007ffe15245000 	C:\Windows\system32\ADVAPI32.dll
0x00007ffe0b9b0000 - 0x00007ffe0b9cb000 	C:\Windows\SYSTEM32\MPR.dll
0x00007ffe15b70000 - 0x00007ffe15ca7000 	C:\Windows\system32\RPCRT4.dll
0x00007ffe149c0000 - 0x00007ffe14a17000 	C:\Windows\SYSTEM32\sechost.dll
0x00007ffe14ca0000 - 0x00007ffe14e76000 	C:\Windows\SYSTEM32\combase.dll
0x00007ffe153f0000 - 0x00007ffe15534000 	C:\Windows\system32\GDI32.dll
0x00007ffe13020000 - 0x00007ffe13034000 	C:\Windows\SYSTEM32\profapi.dll
0x00007ffe10e70000 - 0x00007ffe10f0f000 	C:\Windows\SYSTEM32\SHCORE.dll
0x00007ffe15b30000 - 0x00007ffe15b64000 	C:\Windows\system32\IMM32.DLL
0x00007ffe14e80000 - 0x00007ffe14fb9000 	C:\Windows\system32\MSCTF.dll
0x00007ffe10670000 - 0x00007ffe108ca000 	C:\Windows\WinSxS\amd64_microsoft.windows.common-controls_6595b64144ccf1df_6.0.9600.17031_none_6242a4b3ecbb55a1\COMCTL32.dll
0x0000000070be0000 - 0x0000000070cb2000 	C:\Program Files\Java\jdk1.8.0_101\jre\bin\msvcr100.dll
0x0000000070340000 - 0x0000000070bda000 	C:\Program Files\Java\jdk1.8.0_101\jre\bin\server\jvm.dll
0x00007ffe0b5b0000 - 0x00007ffe0b5b9000 	C:\Windows\SYSTEM32\WSOCK32.dll
0x00007ffe05000000 - 0x00007ffe0501f000 	C:\Windows\SYSTEM32\WINMM.dll
0x00007ffe0b9f0000 - 0x00007ffe0b9fa000 	C:\Windows\SYSTEM32\VERSION.dll
0x00007ffe15670000 - 0x00007ffe15677000 	C:\Windows\system32\PSAPI.DLL
0x00007ffe14a20000 - 0x00007ffe14a78000 	C:\Windows\system32\WS2_32.dll
0x00007ffe04fd0000 - 0x00007ffe04ffa000 	C:\Windows\SYSTEM32\WINMMBASE.dll
0x00007ffe13590000 - 0x00007ffe13599000 	C:\Windows\system32\NSI.dll
0x00007ffe13430000 - 0x00007ffe1347a000 	C:\Windows\SYSTEM32\cfgmgr32.dll
0x00007ffe11ed0000 - 0x00007ffe11ef6000 	C:\Windows\SYSTEM32\DEVOBJ.dll
0x00000000717b0000 - 0x00000000717bf000 	C:\Program Files\Java\jdk1.8.0_101\jre\bin\verify.dll
0x0000000070310000 - 0x0000000070339000 	C:\Program Files\Java\jdk1.8.0_101\jre\bin\java.dll
0x00000000702f0000 - 0x0000000070306000 	C:\Program Files\Java\jdk1.8.0_101\jre\bin\zip.dll

VM Arguments:
jvm_args: -Djava.awt.headless=true -Xmx1024M -Dfile.encoding=windows-1252 -Duser.country=ES -Duser.language=es -Duser.variant 
java_command: com.android.dx.command.Main --dex --force-jumbo --num-threads=4 --multi-dex --output D:\Android\ControlOrden\app\build\intermediates\transforms\dex\debug\folders\1000\10\com.android.support-support-v4-23.4.0_a06072dd36f645242c120fe906444270fdf2bb13 D:\Android\ControlOrden\app\build\intermediates\exploded-aar\com.android.support\support-v4\23.4.0\jars\classes.jar
java_class_path (initial): C:\Android\sdk\build-tools\23.0.3\lib\dx.jar
Launcher Type: SUN_STANDARD

Environment Variables:
JAVA_HOME=C:\Program Files\Java\jdk1.8.0_51
PATH=C:\ProgramData\Oracle\Java\javapath;C:\Windows\System32\Wbem;C:\App\isielcsoft\product\11.2.0\dbhome_1\bin;D:\app\client\ellave\product\12.1.0\client_1;D:\app\client\ellave\product\12.1.0\client_1\bin;C:\windows\system32;c:\windows;C:\Program Files (x86)\Microsoft SQL Server\100\Tools\Binn\;C:\Program Files (x86)\Microsoft SQL Server\100\DTS\Binn\;C:\Program Files (x86)\Microsoft SQL Server\100\Tools\Binn\VSShell\Common7\IDE\;C:\Program Files\Microsoft SQL Server\100\Tools\Binn\;C:\Program Files (x86)\Skype\Phone\;C:\Oracle\instantclient_12_1;C:\Program Files (x86)\Windows Kits\8.1\Windows Performance Toolkit\;C:\Program Files\Microsoft SQL Server\110\Tools\Binn\
USERNAME=Jimena Vidal
OS=Windows_NT
PROCESSOR_IDENTIFIER=Intel64 Family 6 Model 58 Stepping 9, GenuineIntel



---------------  S Y S T E M  ---------------

OS: Windows 8.1 , 64 bit Build 9600 (6.3.9600.17056)

CPU:total 4 (4 cores per cpu, 1 threads per core) family 6 model 58 stepping 9, cmov, cx8, fxsr, mmx, sse, sse2, sse3, ssse3, sse4.1, sse4.2, popcnt, avx, aes, clmul, erms, tsc, tscinvbit, tscinv

Memory: 4k page, physical 8254900k(818232k free), swap 11400628k(5188k free)

vm_info: Java HotSpot(TM) 64-Bit Server VM (25.101-b13) for windows-amd64 JRE (1.8.0_101-b13), built on Jun 22 2016 01:21:29 by "java_re" with MS VC++ 10.0 (VS2010)

time: Thu Sep 22 10:24:48 2016
elapsed time: 2 seconds (0d 0h 0m 2s)

