#
# There is insufficient memory for the Java Runtime Environment to continue.
# Native memory allocation (malloc) failed to allocate 69456 bytes for Chunk::new
# Possible reasons:
#   The system is out of physical RAM or swap space
#   In 32 bit mode, the process size limit was hit
# Possible solutions:
#   Reduce memory load on the system
#   Increase physical memory or swap space
#   Check if swap backing store is full
#   Use 64 bit Java on a 64 bit OS
#   Decrease Java heap size (-Xmx/-Xms)
#   Decrease number of Java threads
#   Decrease Java thread stack sizes (-Xss)
#   Set larger code cache with -XX:ReservedCodeCacheSize=
# This output file may be truncated or incomplete.
#
#  Out of Memory Error (allocation.cpp:390), pid=160, tid=0x000000000000155c
#
# JRE version: Java(TM) SE Runtime Environment (8.0_101-b13) (build 1.8.0_101-b13)
# Java VM: Java HotSpot(TM) 64-Bit Server VM (25.101-b13 mixed mode windows-amd64 compressed oops)
# Failed to write core dump. Minidumps are not enabled by default on client versions of Windows
#

---------------  T H R E A D  ---------------

Current thread (0x000000001545d000):  JavaThread "C2 CompilerThread0" daemon [_thread_in_native, id=5468, stack(0x0000000016cb0000,0x0000000016db0000)]

Stack: [0x0000000016cb0000,0x0000000016db0000]
[error occurred during error reporting (printing stack bounds), id 0xc0000005]

Native frames: (J=compiled Java code, j=interpreted, Vv=VM code, C=native code)


Current CompileTask:
C2:   2268 1201       4       com.android.dx.ssa.SsaMethod$2::addToUses (48 bytes)


---------------  P R O C E S S  ---------------

Java Threads: ( => current thread )
  0x000000001721c000 JavaThread "pool-2-thread-4" [_thread_blocked, id=5124, stack(0x00000000179b0000,0x0000000017ab0000)]
  0x000000001721b000 JavaThread "pool-2-thread-3" [_thread_blocked, id=5660, stack(0x00000000178b0000,0x00000000179b0000)]
  0x000000001721a800 JavaThread "pool-2-thread-2" [_thread_blocked, id=5420, stack(0x00000000177b0000,0x00000000178b0000)]
  0x0000000017217800 JavaThread "pool-3-thread-1" [_thread_blocked, id=3444, stack(0x00000000176b0000,0x00000000177b0000)]
  0x0000000017217000 JavaThread "pool-2-thread-1" [_thread_blocked_trans, id=620, stack(0x00000000175b0000,0x00000000176b0000)]
  0x00000000154bd800 JavaThread "Service Thread" daemon [_thread_blocked, id=8120, stack(0x00000000173b0000,0x00000000174b0000)]
  0x00000000154bb000 JavaThread "C1 CompilerThread2" daemon [_thread_blocked, id=5508, stack(0x0000000016eb0000,0x0000000016fb0000)]
  0x00000000154b6000 JavaThread "C2 CompilerThread1" daemon [_thread_in_native, id=6848, stack(0x0000000016db0000,0x0000000016eb0000)]
=>0x000000001545d000 JavaThread "C2 CompilerThread0" daemon [_thread_in_native, id=5468, stack(0x0000000016cb0000,0x0000000016db0000)]
  0x000000001545b000 JavaThread "Attach Listener" daemon [_thread_blocked, id=3684, stack(0x0000000016bb0000,0x0000000016cb0000)]
  0x000000001545a000 JavaThread "Signal Dispatcher" daemon [_thread_blocked, id=7336, stack(0x0000000016ab0000,0x0000000016bb0000)]
  0x000000001544a800 JavaThread "Finalizer" daemon [_thread_blocked, id=7548, stack(0x00000000166c0000,0x00000000167c0000)]
  0x0000000002cbf800 JavaThread "Reference Handler" daemon [_thread_blocked, id=192, stack(0x00000000165c0000,0x00000000166c0000)]
  0x0000000002d8e000 JavaThread "main" [_thread_blocked, id=5140, stack(0x0000000002ab0000,0x0000000002bb0000)]

Other Threads:
  0x0000000015428000 VMThread [stack: 0x00000000164c0000,0x00000000165c0000] [id=4944]
  0x0000000016fba000 WatcherThread [stack: 0x00000000174b0000,0x00000000175b0000] [id=7348]

VM state:not at safepoint (normal execution)

VM Mutex/Monitor currently owned by a thread: None

Heap:
 PSYoungGen      total 37888K, used 7833K [0x00000000eab00000, 0x00000000ed500000, 0x0000000100000000)
  eden space 32768K, 8% used [0x00000000eab00000,0x00000000eadac9b0,0x00000000ecb00000)
  from space 5120K, 99% used [0x00000000ecb00000,0x00000000ecff9c88,0x00000000ed000000)
  to   space 5120K, 0% used [0x00000000ed000000,0x00000000ed000000,0x00000000ed500000)
 ParOldGen       total 86016K, used 956K [0x00000000c0000000, 0x00000000c5400000, 0x00000000eab00000)
  object space 86016K, 1% used [0x00000000c0000000,0x00000000c00ef100,0x00000000c5400000)
 Metaspace       used 6022K, capacity 6898K, committed 7040K, reserved 1056768K
  class space    used 603K, capacity 618K, committed 640K, reserved 1048576K

Card table byte_map: [0x0000000012150000,0x0000000012360000] byte_map_base: 0x0000000011b50000

Marking Bits: (ParMarkBitMap*) 0x0000000070b5a6d0
 Begin Bits: [0x00000000128c0000, 0x00000000138c0000)
 End Bits:   [0x00000000138c0000, 0x00000000148c0000)

Polling page: 0x0000000001120000

CodeCache: size=245760Kb used=4995Kb max_used=5008Kb free=240764Kb
 bounds [0x0000000002d90000, 0x0000000003280000, 0x0000000011d90000]
 total_blobs=1534 nmethods=1265 adapters=182
 compilation: enabled

Compilation events (10 events):
Event: 2.260 Thread 0x00000000154bb000 1269       3       java.util.ArrayList::add (54 bytes)
Event: 2.261 Thread 0x00000000154bb000 nmethod 1269 0x000000000326fc90 code [0x000000000326fe60, 0x0000000003270638]
Event: 2.261 Thread 0x00000000154bb000 1263       3       com.android.dx.cf.direct.MethodListParser::set (30 bytes)
Event: 2.261 Thread 0x00000000154bb000 nmethod 1263 0x0000000003270a10 code [0x0000000003270c00, 0x0000000003271638]
Event: 2.261 Thread 0x00000000154bb000 1270       3       com.android.dx.ssa.SsaMethod::removeFromUseList (57 bytes)
Event: 2.262 Thread 0x00000000154bb000 nmethod 1270 0x0000000003271e90 code [0x0000000003272060, 0x0000000003272828]
Event: 2.262 Thread 0x00000000154bb000 1264       3       com.android.dx.cf.iface.StdMethod::<init> (40 bytes)
Event: 2.262 Thread 0x00000000154bb000 nmethod 1264 0x0000000003272b90 code [0x0000000003272d60, 0x00000000032737c8]
Event: 2.262 Thread 0x00000000154bb000 1265       3       com.android.dx.cf.iface.StdMember::getDescriptor (8 bytes)
Event: 2.262 Thread 0x00000000154bb000 nmethod 1265 0x0000000003273c50 code [0x0000000003273da0, 0x0000000003273f90]

GC Heap History (2 events):
Event: 2.231 GC heap before
{Heap before GC invocations=1 (full 0):
 PSYoungGen      total 37888K, used 32768K [0x00000000eab00000, 0x00000000ed500000, 0x0000000100000000)
  eden space 32768K, 100% used [0x00000000eab00000,0x00000000ecb00000,0x00000000ecb00000)
  from space 5120K, 0% used [0x00000000ed000000,0x00000000ed000000,0x00000000ed500000)
  to   space 5120K, 0% used [0x00000000ecb00000,0x00000000ecb00000,0x00000000ed000000)
 ParOldGen       total 86016K, used 0K [0x00000000c0000000, 0x00000000c5400000, 0x00000000eab00000)
  object space 86016K, 0% used [0x00000000c0000000,0x00000000c0000000,0x00000000c5400000)
 Metaspace       used 5997K, capacity 6898K, committed 7040K, reserved 1056768K
  class space    used 603K, capacity 618K, committed 640K, reserved 1048576K
Event: 2.243 GC heap after
Heap after GC invocations=1 (full 0):
 PSYoungGen      total 37888K, used 5095K [0x00000000eab00000, 0x00000000ed500000, 0x0000000100000000)
  eden space 32768K, 0% used [0x00000000eab00000,0x00000000eab00000,0x00000000ecb00000)
  from space 5120K, 99% used [0x00000000ecb00000,0x00000000ecff9c88,0x00000000ed000000)
  to   space 5120K, 0% used [0x00000000ed000000,0x00000000ed000000,0x00000000ed500000)
 ParOldGen       total 86016K, used 956K [0x00000000c0000000, 0x00000000c5400000, 0x00000000eab00000)
  object space 86016K, 1% used [0x00000000c0000000,0x00000000c00ef100,0x00000000c5400000)
 Metaspace       used 5997K, capacity 6898K, committed 7040K, reserved 1056768K
  class space    used 603K, capacity 618K, committed 640K, reserved 1048576K
}

Deoptimization events (3 events):
Event: 0.390 Thread 0x0000000002d8e000 Uncommon trap: reason=unstable_if action=reinterpret pc=0x0000000002ee4c94 method=java.lang.String.compareTo(Ljava/lang/String;)I @ 38
Event: 1.101 Thread 0x000000001721a800 Uncommon trap: reason=unstable_if action=reinterpret pc=0x0000000002fbfab0 method=java.util.BitSet.nextSetBit(I)I @ 87
Event: 2.196 Thread 0x000000001721b000 Uncommon trap: reason=unstable_if action=reinterpret pc=0x000000000308cee0 method=com.android.dx.rop.code.RegisterSpec.equals(ILcom/android/dx/rop/type/TypeBearer;Lcom/android/dx/rop/code/LocalItem;)Z @ 42

Internal exceptions (2 events):
Event: 0.032 Thread 0x0000000002d8e000 Exception <a 'java/lang/NoSuchMethodError': Method sun.misc.Unsafe.defineClass(Ljava/lang/String;[BII)Ljava/lang/Class; name or signature does not match> (0x00000000eab07cc0) thrown at [C:\re\workspace\8-2-build-windows-amd64-cygwin\jdk8u101\7261\hotspot\sùËñ-ð© ?
Event: 0.033 Thread 0x0000000002d8e000 Exception <a 'java/lang/NoSuchMethodError': Method sun.misc.Unsafe.prefetchRead(Ljava/lang/Object;J)V name or signature does not match> (0x00000000eab07fa8) thrown at [C:\re\workspace\8-2-build-windows-amd64-cygwin\jdk8u101\7261\hotspot\src\share\vm\prims\

Events (10 events):
Event: 1.499 loading class com/android/dx/cf/code/SwitchList done
Event: 1.625 loading class java/util/DualPivotQuicksort
Event: 1.625 loading class java/util/DualPivotQuicksort done
Event: 2.192 Executing VM operation: ForceSafepoint
Event: 2.193 Executing VM operation: ForceSafepoint done
Event: 2.196 Thread 0x000000001721b000 Uncommon trap: trap_request=0xffffff65 fr.pc=0x000000000308cee0
Event: 2.196 Thread 0x000000001721b000 DEOPT PACKING pc=0x000000000308cee0 sp=0x00000000179ae7c0
Event: 2.196 Thread 0x000000001721b000 DEOPT UNPACKING pc=0x0000000002dd582a sp=0x00000000179ae748 mode 2
Event: 2.213 Executing VM operation: ParallelGCFailedAllocation
Event: 2.243 Executing VM operation: ParallelGCFailedAllocation done


Dynamic libraries:
0x00007ff618850000 - 0x00007ff618887000 	C:\Program Files\Java\jdk1.8.0_101\bin\java.exe
0x00007ffe15cb0000 - 0x00007ffe15e5a000 	C:\Windows\SYSTEM32\ntdll.dll
0x00007ffe14b60000 - 0x00007ffe14c9a000 	C:\Windows\system32\KERNEL32.DLL
0x00007ffe130f0000 - 0x00007ffe131ff000 	C:\Windows\system32\KERNELBASE.dll
0x00007ffe117b0000 - 0x00007ffe11838000 	C:\Windows\system32\apphelp.dll
0x00007ffe01990000 - 0x00007ffe019df000 	C:\Windows\AppPatch\AppPatch64\AcGenral.DLL
0x00007ffe15680000 - 0x00007ffe15727000 	C:\Windows\system32\msvcrt.dll
0x00007ffe12ed0000 - 0x00007ffe12efb000 	C:\Windows\SYSTEM32\SspiCli.dll
0x00007ffe15730000 - 0x00007ffe15781000 	C:\Windows\system32\SHLWAPI.dll
0x00007ffe15830000 - 0x00007ffe159a1000 	C:\Windows\system32\USER32.dll
0x00007ffe159b0000 - 0x00007ffe15b28000 	C:\Windows\system32\ole32.dll
0x00007ffe135a0000 - 0x00007ffe149c0000 	C:\Windows\system32\SHELL32.dll
0x00007ffe12690000 - 0x00007ffe126ae000 	C:\Windows\SYSTEM32\USERENV.dll
0x00007ffe151a0000 - 0x00007ffe15245000 	C:\Windows\system32\ADVAPI32.dll
0x00007ffe0b9b0000 - 0x00007ffe0b9cb000 	C:\Windows\SYSTEM32\MPR.dll
0x00007ffe15b70000 - 0x00007ffe15ca7000 	C:\Windows\system32\RPCRT4.dll
0x00007ffe149c0000 - 0x00007ffe14a17000 	C:\Windows\SYSTEM32\sechost.dll
0x00007ffe14ca0000 - 0x00007ffe14e76000 	C:\Windows\SYSTEM32\combase.dll
0x00007ffe153f0000 - 0x00007ffe15534000 	C:\Windows\system32\GDI32.dll
0x00007ffe13020000 - 0x00007ffe13034000 	C:\Windows\SYSTEM32\profapi.dll
0x00007ffe10e70000 - 0x00007ffe10f0f000 	C:\Windows\SYSTEM32\SHCORE.dll
0x00007ffe15b30000 - 0x00007ffe15b64000 	C:\Windows\system32\IMM32.DLL
0x00007ffe14e80000 - 0x00007ffe14fb9000 	C:\Windows\system32\MSCTF.dll
0x00007ffe10670000 - 0x00007ffe108ca000 	C:\Windows\WinSxS\amd64_microsoft.windows.common-controls_6595b64144ccf1df_6.0.9600.17031_none_6242a4b3ecbb55a1\COMCTL32.dll
0x0000000070be0000 - 0x0000000070cb2000 	C:\Program Files\Java\jdk1.8.0_101\jre\bin\msvcr100.dll
0x0000000070340000 - 0x0000000070bda000 	C:\Program Files\Java\jdk1.8.0_101\jre\bin\server\jvm.dll
0x00007ffe0b5b0000 - 0x00007ffe0b5b9000 	C:\Windows\SYSTEM32\WSOCK32.dll
0x00007ffe05000000 - 0x00007ffe0501f000 	C:\Windows\SYSTEM32\WINMM.dll
0x00007ffe0b9f0000 - 0x00007ffe0b9fa000 	C:\Windows\SYSTEM32\VERSION.dll
0x00007ffe15670000 - 0x00007ffe15677000 	C:\Windows\system32\PSAPI.DLL
0x00007ffe14a20000 - 0x00007ffe14a78000 	C:\Windows\system32\WS2_32.dll
0x00007ffe04fd0000 - 0x00007ffe04ffa000 	C:\Windows\SYSTEM32\WINMMBASE.dll
0x00007ffe13590000 - 0x00007ffe13599000 	C:\Windows\system32\NSI.dll
0x00007ffe13430000 - 0x00007ffe1347a000 	C:\Windows\SYSTEM32\cfgmgr32.dll
0x00007ffe11ed0000 - 0x00007ffe11ef6000 	C:\Windows\SYSTEM32\DEVOBJ.dll
0x00000000717b0000 - 0x00000000717bf000 	C:\Program Files\Java\jdk1.8.0_101\jre\bin\verify.dll
0x0000000070310000 - 0x0000000070339000 	C:\Program Files\Java\jdk1.8.0_101\jre\bin\java.dll
0x00000000702f0000 - 0x0000000070306000 	C:\Program Files\Java\jdk1.8.0_101\jre\bin\zip.dll

VM Arguments:
jvm_args: -Djava.awt.headless=true -Xmx1024M -Dfile.encoding=windows-1252 -Duser.country=ES -Duser.language=es -Duser.variant 
java_command: com.android.dx.command.Main --dex --force-jumbo --num-threads=4 --multi-dex --output D:\Android\ControlOrden\app\build\intermediates\transforms\dex\debug\folders\1000\10\com.android.support-appcompat-v7-23.4.0_d85e6f86b934f508247b1a740aede57ee79a8e27 D:\Android\ControlOrden\app\build\intermediates\exploded-aar\com.android.support\appcompat-v7\23.4.0\jars\classes.jar
java_class_path (initial): C:\Android\sdk\build-tools\23.0.3\lib\dx.jar
Launcher Type: SUN_STANDARD

Environment Variables:
JAVA_HOME=C:\Program Files\Java\jdk1.8.0_51
PATH=C:\ProgramData\Oracle\Java\javapath;C:\Windows\System32\Wbem;C:\App\isielcsoft\product\11.2.0\dbhome_1\bin;D:\app\client\ellave\product\12.1.0\client_1;D:\app\client\ellave\product\12.1.0\client_1\bin;C:\windows\system32;c:\windows;C:\Program Files (x86)\Microsoft SQL Server\100\Tools\Binn\;C:\Program Files (x86)\Microsoft SQL Server\100\DTS\Binn\;C:\Program Files (x86)\Microsoft SQL Server\100\Tools\Binn\VSShell\Common7\IDE\;C:\Program Files\Microsoft SQL Server\100\Tools\Binn\;C:\Program Files (x86)\Skype\Phone\;C:\Oracle\instantclient_12_1;C:\Program Files (x86)\Windows Kits\8.1\Windows Performance Toolkit\;C:\Program Files\Microsoft SQL Server\110\Tools\Binn\
USERNAME=Jimena Vidal
OS=Windows_NT
PROCESSOR_IDENTIFIER=Intel64 Family 6 Model 58 Stepping 9, GenuineIntel



---------------  S Y S T E M  ---------------

OS: Windows 8.1 , 64 bit Build 9600 (6.3.9600.17056)

CPU:total 4 (4 cores per cpu, 1 threads per core) family 6 model 58 stepping 9, cmov, cx8, fxsr, mmx, sse, sse2, sse3, ssse3, sse4.1, sse4.2, popcnt, avx, aes, clmul, erms, tsc, tscinvbit, tscinv

Memory: 4k page, physical 8254900k(801136k free), swap 11400628k(5104k free)

vm_info: Java HotSpot(TM) 64-Bit Server VM (25.101-b13) for windows-amd64 JRE (1.8.0_101-b13), built on Jun 22 2016 01:21:29 by "java_re" with MS VC++ 10.0 (VS2010)

time: Thu Sep 22 10:24:49 2016
elapsed time: 2 seconds (0d 0h 0m 2s)

