#
# There is insufficient memory for the Java Runtime Environment to continue.
# Native memory allocation (malloc) failed to allocate 131088 bytes for Chunk::new
# Possible reasons:
#   The system is out of physical RAM or swap space
#   In 32 bit mode, the process size limit was hit
# Possible solutions:
#   Reduce memory load on the system
#   Increase physical memory or swap space
#   Check if swap backing store is full
#   Use 64 bit Java on a 64 bit OS
#   Decrease Java heap size (-Xmx/-Xms)
#   Decrease number of Java threads
#   Decrease Java thread stack sizes (-Xss)
#   Set larger code cache with -XX:ReservedCodeCacheSize=
# This output file may be truncated or incomplete.
#
#  Out of Memory Error (allocation.cpp:390), pid=5600, tid=0x0000000000001ef4
#
# JRE version: Java(TM) SE Runtime Environment (8.0_101-b13) (build 1.8.0_101-b13)
# Java VM: Java HotSpot(TM) 64-Bit Server VM (25.101-b13 mixed mode windows-amd64 compressed oops)
# Failed to write core dump. Minidumps are not enabled by default on client versions of Windows
#

---------------  T H R E A D  ---------------

Current thread (0x0000000014cd0800):  JavaThread "C2 CompilerThread1" daemon [_thread_in_native, id=7924, stack(0x0000000016610000,0x0000000016710000)]

Stack: [0x0000000016610000,0x0000000016710000]
[error occurred during error reporting (printing stack bounds), id 0xc0000005]

Native frames: (J=compiled Java code, j=interpreted, Vv=VM code, C=native code)


Current CompileTask:
C2:   3221 1214       4       com.android.dx.ssa.SCCP::simulateStmt (481 bytes)


---------------  P R O C E S S  ---------------

Java Threads: ( => current thread )
  0x0000000016e7b000 JavaThread "pool-2-thread-4" [_thread_in_vm, id=4264, stack(0x0000000017a10000,0x0000000017b10000)]
  0x0000000016e7a000 JavaThread "pool-2-thread-3" [_thread_blocked, id=2976, stack(0x0000000017910000,0x0000000017a10000)]
  0x0000000016e79800 JavaThread "pool-2-thread-2" [_thread_blocked, id=4004, stack(0x0000000017810000,0x0000000017910000)]
  0x0000000016e76800 JavaThread "pool-3-thread-1" [_thread_blocked, id=7552, stack(0x0000000017710000,0x0000000017810000)]
  0x0000000016e76000 JavaThread "pool-2-thread-1" [_thread_in_Java, id=5036, stack(0x0000000017610000,0x0000000017710000)]
  0x0000000014d2d800 JavaThread "Service Thread" daemon [_thread_blocked, id=8008, stack(0x0000000016c10000,0x0000000016d10000)]
  0x0000000014d23000 JavaThread "C1 CompilerThread2" daemon [_thread_blocked, id=7936, stack(0x0000000016710000,0x0000000016810000)]
=>0x0000000014cd0800 JavaThread "C2 CompilerThread1" daemon [_thread_in_native, id=7924, stack(0x0000000016610000,0x0000000016710000)]
  0x0000000014ccc800 JavaThread "C2 CompilerThread0" daemon [_thread_in_native, id=7448, stack(0x0000000016510000,0x0000000016610000)]
  0x0000000014cca800 JavaThread "Attach Listener" daemon [_thread_blocked, id=5564, stack(0x0000000016410000,0x0000000016510000)]
  0x0000000014cc9800 JavaThread "Signal Dispatcher" daemon [_thread_blocked, id=7612, stack(0x0000000016310000,0x0000000016410000)]
  0x00000000025fa000 JavaThread "Finalizer" daemon [_thread_blocked, id=3260, stack(0x0000000015f20000,0x0000000016020000)]
  0x00000000025ef800 JavaThread "Reference Handler" daemon [_thread_blocked, id=7972, stack(0x0000000015e20000,0x0000000015f20000)]
  0x00000000022ee000 JavaThread "main" [_thread_blocked, id=4228, stack(0x0000000002400000,0x0000000002500000)]

Other Threads:
  0x0000000014c98000 VMThread [stack: 0x0000000015d20000,0x0000000015e20000] [id=2480]
  0x0000000016822000 WatcherThread [stack: 0x0000000016d10000,0x0000000016e10000] [id=4752]

VM state:not at safepoint (normal execution)

VM Mutex/Monitor currently owned by a thread:  ([mutex/lock_event])
[0x00000000022ecf50] Heap_lock - owner thread: 0x00000000022ee000

Heap:
 PSYoungGen      total 37888K, used 6217K [0x00000000eab00000, 0x00000000ed500000, 0x0000000100000000)
  eden space 32768K, 3% used [0x00000000eab00000,0x00000000eac152d8,0x00000000ecb00000)
  from space 5120K, 99% used [0x00000000ecb00000,0x00000000ecffd188,0x00000000ed000000)
  to   space 5120K, 0% used [0x00000000ed000000,0x00000000ed000000,0x00000000ed500000)
 ParOldGen       total 86016K, used 1070K [0x00000000c0000000, 0x00000000c5400000, 0x00000000eab00000)
  object space 86016K, 1% used [0x00000000c0000000,0x00000000c010ba58,0x00000000c5400000)
 Metaspace       used 6089K, capacity 6962K, committed 7040K, reserved 1056768K
  class space    used 604K, capacity 618K, committed 640K, reserved 1048576K

Card table byte_map: [0x00000000119c0000,0x0000000011bd0000] byte_map_base: 0x00000000113c0000

Marking Bits: (ParMarkBitMap*) 0x0000000070b5a6d0
 Begin Bits: [0x0000000012130000, 0x0000000013130000)
 End Bits:   [0x0000000013130000, 0x0000000014130000)

Polling page: 0x00000000022d0000

CodeCache: size=245760Kb used=5202Kb max_used=5202Kb free=240557Kb
 bounds [0x0000000002600000, 0x0000000002b20000, 0x0000000011600000]
 total_blobs=1550 nmethods=1281 adapters=182
 compilation: enabled

Compilation events (10 events):
Event: 2.940 Thread 0x0000000014d23000 1283       3       java.util.concurrent.locks.AbstractOwnableSynchronizer::setExclusiveOwnerThread (6 bytes)
Event: 2.940 Thread 0x0000000014d23000 nmethod 1283 0x0000000002b161d0 code [0x0000000002b16320, 0x0000000002b16490]
Event: 2.940 Thread 0x0000000014d23000 1286       3       java.util.TreeMap::rotateRight (96 bytes)
Event: 2.940 Thread 0x0000000014d23000 nmethod 1286 0x0000000002b16510 code [0x0000000002b16680, 0x0000000002b169d0]
Event: 2.940 Thread 0x0000000014d23000 1287       3       java.util.TreeMap::rotateLeft (96 bytes)
Event: 2.941 Thread 0x0000000014d23000 nmethod 1287 0x0000000002b16ad0 code [0x0000000002b16c40, 0x0000000002b16f90]
Event: 2.941 Thread 0x0000000014d23000 1288       3       com.android.dx.dex.file.ClassDefItem::addVirtualMethod (9 bytes)
Event: 2.941 Thread 0x0000000014d23000 nmethod 1288 0x0000000002b17090 code [0x0000000002b17240, 0x0000000002b178f8]
Event: 2.941 Thread 0x0000000014d23000 1289       3       com.android.dx.dex.file.ClassDataItem::addVirtualMethod (24 bytes)
Event: 2.941 Thread 0x0000000014d23000 nmethod 1289 0x0000000002b17cd0 code [0x0000000002b17ea0, 0x0000000002b18538]

GC Heap History (2 events):
Event: 3.199 GC heap before
{Heap before GC invocations=1 (full 0):
 PSYoungGen      total 37888K, used 32768K [0x00000000eab00000, 0x00000000ed500000, 0x0000000100000000)
  eden space 32768K, 100% used [0x00000000eab00000,0x00000000ecb00000,0x00000000ecb00000)
  from space 5120K, 0% used [0x00000000ed000000,0x00000000ed000000,0x00000000ed500000)
  to   space 5120K, 0% used [0x00000000ecb00000,0x00000000ecb00000,0x00000000ed000000)
 ParOldGen       total 86016K, used 0K [0x00000000c0000000, 0x00000000c5400000, 0x00000000eab00000)
  object space 86016K, 0% used [0x00000000c0000000,0x00000000c0000000,0x00000000c5400000)
 Metaspace       used 6089K, capacity 6962K, committed 7040K, reserved 1056768K
  class space    used 604K, capacity 618K, committed 640K, reserved 1048576K
Event: 3.218 GC heap after
Heap after GC invocations=1 (full 0):
 PSYoungGen      total 37888K, used 5108K [0x00000000eab00000, 0x00000000ed500000, 0x0000000100000000)
  eden space 32768K, 0% used [0x00000000eab00000,0x00000000eab00000,0x00000000ecb00000)
  from space 5120K, 99% used [0x00000000ecb00000,0x00000000ecffd188,0x00000000ed000000)
  to   space 5120K, 0% used [0x00000000ed000000,0x00000000ed000000,0x00000000ed500000)
 ParOldGen       total 86016K, used 1070K [0x00000000c0000000, 0x00000000c5400000, 0x00000000eab00000)
  object space 86016K, 1% used [0x00000000c0000000,0x00000000c010ba58,0x00000000c5400000)
 Metaspace       used 6089K, capacity 6962K, committed 7040K, reserved 1056768K
  class space    used 604K, capacity 618K, committed 640K, reserved 1048576K
}

Deoptimization events (3 events):
Event: 2.321 Thread 0x0000000016e76000 Uncommon trap: reason=null_check action=make_not_entrant pc=0x000000000293ab50 method=com.android.dx.ssa.SsaRenamer.getLocalForNewReg(I)Lcom/android/dx/rop/code/LocalItem; @ 19
Event: 2.335 Thread 0x0000000016e76000 Uncommon trap: reason=unstable_if action=reinterpret pc=0x000000000297d2ec method=com.android.dx.rop.code.RegisterSpecSet.put(Lcom/android/dx/rop/code/RegisterSpec;)V @ 77
Event: 2.545 Thread 0x0000000016e7b000 Uncommon trap: reason=unstable_if action=reinterpret pc=0x0000000002941d60 method=com.android.dx.rop.code.RegisterSpec.equals(ILcom/android/dx/rop/type/TypeBearer;Lcom/android/dx/rop/code/LocalItem;)Z @ 42

Internal exceptions (3 events):
Event: 0.040 Thread 0x00000000022ee000 Exception <a 'java/lang/NoSuchMethodError': Method sun.misc.Unsafe.defineClass(Ljava/lang/String;[BII)Ljava/lang/Class; name or signature does not match> (0x00000000eab07cc0) thrown at [C:\re\workspace\8-2-build-windows-amd64-cygwin\jdk8u101\7261\hotspot\st~îžTç¤?
Event: 0.041 Thread 0x00000000022ee000 Exception <a 'java/lang/NoSuchMethodError': Method sun.misc.Unsafe.prefetchRead(Ljava/lang/Object;J)V name or signature does not match> (0x00000000eab07fa8) thrown at [C:\re\workspace\8-2-build-windows-amd64-cygwin\jdk8u101\7261\hotspot\src\share\vm\prims\~ž»P‘@
Event: 2.321 Thread 0x0000000016e76000 Implicit null exception at 0x0000000002938b04 to 0x000000000293ab0d

Events (10 events):
Event: 2.335 Thread 0x0000000016e76000 DEOPT UNPACKING pc=0x000000000264582a sp=0x000000001770eae8 mode 2
Event: 2.528 loading class java/util/DualPivotQuicksort
Event: 2.528 loading class java/util/DualPivotQuicksort done
Event: 2.545 Thread 0x0000000016e7b000 Uncommon trap: trap_request=0xffffff65 fr.pc=0x0000000002941d60
Event: 2.545 Thread 0x0000000016e7b000 DEOPT PACKING pc=0x0000000002941d60 sp=0x0000000017b0ea20
Event: 2.545 Thread 0x0000000016e7b000 DEOPT UNPACKING pc=0x000000000264582a sp=0x0000000017b0e9a8 mode 2
Event: 2.722 Executing VM operation: ForceSafepoint
Event: 2.860 Executing VM operation: ForceSafepoint done
Event: 2.942 Executing VM operation: ParallelGCFailedAllocation
Event: 3.218 Executing VM operation: ParallelGCFailedAllocation done


Dynamic libraries:
0x00007ff618850000 - 0x00007ff618887000 	C:\Program Files\Java\jdk1.8.0_101\bin\java.exe
0x00007ffe15cb0000 - 0x00007ffe15e5a000 	C:\Windows\SYSTEM32\ntdll.dll
0x00007ffe14b60000 - 0x00007ffe14c9a000 	C:\Windows\system32\KERNEL32.DLL
0x00007ffe130f0000 - 0x00007ffe131ff000 	C:\Windows\system32\KERNELBASE.dll
0x00007ffe117b0000 - 0x00007ffe11838000 	C:\Windows\system32\apphelp.dll
0x00007ffe01990000 - 0x00007ffe019df000 	C:\Windows\AppPatch\AppPatch64\AcGenral.DLL
0x00007ffe15680000 - 0x00007ffe15727000 	C:\Windows\system32\msvcrt.dll
0x00007ffe12ed0000 - 0x00007ffe12efb000 	C:\Windows\SYSTEM32\SspiCli.dll
0x00007ffe15730000 - 0x00007ffe15781000 	C:\Windows\system32\SHLWAPI.dll
0x00007ffe15830000 - 0x00007ffe159a1000 	C:\Windows\system32\USER32.dll
0x00007ffe159b0000 - 0x00007ffe15b28000 	C:\Windows\system32\ole32.dll
0x00007ffe135a0000 - 0x00007ffe149c0000 	C:\Windows\system32\SHELL32.dll
0x00007ffe12690000 - 0x00007ffe126ae000 	C:\Windows\SYSTEM32\USERENV.dll
0x00007ffe151a0000 - 0x00007ffe15245000 	C:\Windows\system32\ADVAPI32.dll
0x00007ffe0b9b0000 - 0x00007ffe0b9cb000 	C:\Windows\SYSTEM32\MPR.dll
0x00007ffe15b70000 - 0x00007ffe15ca7000 	C:\Windows\system32\RPCRT4.dll
0x00007ffe149c0000 - 0x00007ffe14a17000 	C:\Windows\SYSTEM32\sechost.dll
0x00007ffe14ca0000 - 0x00007ffe14e76000 	C:\Windows\SYSTEM32\combase.dll
0x00007ffe153f0000 - 0x00007ffe15534000 	C:\Windows\system32\GDI32.dll
0x00007ffe13020000 - 0x00007ffe13034000 	C:\Windows\SYSTEM32\profapi.dll
0x00007ffe10e70000 - 0x00007ffe10f0f000 	C:\Windows\SYSTEM32\SHCORE.dll
0x00007ffe15b30000 - 0x00007ffe15b64000 	C:\Windows\system32\IMM32.DLL
0x00007ffe14e80000 - 0x00007ffe14fb9000 	C:\Windows\system32\MSCTF.dll
0x00007ffe10670000 - 0x00007ffe108ca000 	C:\Windows\WinSxS\amd64_microsoft.windows.common-controls_6595b64144ccf1df_6.0.9600.17031_none_6242a4b3ecbb55a1\COMCTL32.dll
0x0000000070be0000 - 0x0000000070cb2000 	C:\Program Files\Java\jdk1.8.0_101\jre\bin\msvcr100.dll
0x0000000070340000 - 0x0000000070bda000 	C:\Program Files\Java\jdk1.8.0_101\jre\bin\server\jvm.dll
0x00007ffe0b5b0000 - 0x00007ffe0b5b9000 	C:\Windows\SYSTEM32\WSOCK32.dll
0x00007ffe05000000 - 0x00007ffe0501f000 	C:\Windows\SYSTEM32\WINMM.dll
0x00007ffe0b9f0000 - 0x00007ffe0b9fa000 	C:\Windows\SYSTEM32\VERSION.dll
0x00007ffe15670000 - 0x00007ffe15677000 	C:\Windows\system32\PSAPI.DLL
0x00007ffe14a20000 - 0x00007ffe14a78000 	C:\Windows\system32\WS2_32.dll
0x00007ffe04fd0000 - 0x00007ffe04ffa000 	C:\Windows\SYSTEM32\WINMMBASE.dll
0x00007ffe13590000 - 0x00007ffe13599000 	C:\Windows\system32\NSI.dll
0x00007ffe13430000 - 0x00007ffe1347a000 	C:\Windows\SYSTEM32\cfgmgr32.dll
0x00007ffe11ed0000 - 0x00007ffe11ef6000 	C:\Windows\SYSTEM32\DEVOBJ.dll
0x00000000717b0000 - 0x00000000717bf000 	C:\Program Files\Java\jdk1.8.0_101\jre\bin\verify.dll
0x0000000070310000 - 0x0000000070339000 	C:\Program Files\Java\jdk1.8.0_101\jre\bin\java.dll
0x00000000702f0000 - 0x0000000070306000 	C:\Program Files\Java\jdk1.8.0_101\jre\bin\zip.dll

VM Arguments:
jvm_args: -Djava.awt.headless=true -Xmx1024M -Dfile.encoding=windows-1252 -Duser.country=ES -Duser.language=es -Duser.variant 
java_command: com.android.dx.command.Main --dex --force-jumbo --num-threads=4 --multi-dex --output D:\Android\ControlOrden\app\build\intermediates\transforms\dex\debug\folders\1000\10\com.android.support-appcompat-v7-23.4.0_d85e6f86b934f508247b1a740aede57ee79a8e27 D:\Android\ControlOrden\app\build\intermediates\exploded-aar\com.android.support\appcompat-v7\23.4.0\jars\classes.jar
java_class_path (initial): C:\Android\sdk\build-tools\23.0.3\lib\dx.jar
Launcher Type: SUN_STANDARD

Environment Variables:
JAVA_HOME=C:\Program Files\Java\jdk1.8.0_51
PATH=C:\ProgramData\Oracle\Java\javapath;C:\Windows\System32\Wbem;C:\App\isielcsoft\product\11.2.0\dbhome_1\bin;D:\app\client\ellave\product\12.1.0\client_1;D:\app\client\ellave\product\12.1.0\client_1\bin;C:\windows\system32;c:\windows;C:\Program Files (x86)\Microsoft SQL Server\100\Tools\Binn\;C:\Program Files (x86)\Microsoft SQL Server\100\DTS\Binn\;C:\Program Files (x86)\Microsoft SQL Server\100\Tools\Binn\VSShell\Common7\IDE\;C:\Program Files\Microsoft SQL Server\100\Tools\Binn\;C:\Program Files (x86)\Skype\Phone\;C:\Oracle\instantclient_12_1;C:\Program Files (x86)\Windows Kits\8.1\Windows Performance Toolkit\;C:\Program Files\Microsoft SQL Server\110\Tools\Binn\
USERNAME=Jimena Vidal
OS=Windows_NT
PROCESSOR_IDENTIFIER=Intel64 Family 6 Model 58 Stepping 9, GenuineIntel



---------------  S Y S T E M  ---------------

OS: Windows 8.1 , 64 bit Build 9600 (6.3.9600.17056)

CPU:total 4 (4 cores per cpu, 1 threads per core) family 6 model 58 stepping 9, cmov, cx8, fxsr, mmx, sse, sse2, sse3, ssse3, sse4.1, sse4.2, popcnt, avx, aes, clmul, erms, tsc, tscinvbit, tscinv

Memory: 4k page, physical 8254900k(912212k free), swap 11400628k(5032k free)

vm_info: Java HotSpot(TM) 64-Bit Server VM (25.101-b13) for windows-amd64 JRE (1.8.0_101-b13), built on Jun 22 2016 01:21:29 by "java_re" with MS VC++ 10.0 (VS2010)

time: Thu Sep 22 10:28:15 2016
elapsed time: 3 seconds (0d 0h 0m 3s)

