JvmtiExport can_access_local_variables 0
JvmtiExport can_hotswap_or_post_breakpoint 0
JvmtiExport can_post_on_exceptions 0
# 325 ciObject found
ciMethod java/lang/Object <init> ()V 4097 1 257928 0 0
ciMethod java/lang/System arraycopy (Ljava/lang/Object;ILjava/lang/Object;II)V 5121 1 640 0 -1
ciMethod java/lang/NullPointerException <init> (Ljava/lang/String;)V 0 0 1 0 -1
ciMethod java/util/ArrayList <init> ()V 153 1 19883 0 -1
ciMethod java/util/ArrayList add (Ljava/lang/Object;)Z 641 1 64116 0 -1
ciMethodData java/lang/Object <init> ()V 2 257946 orig 264 72 34 146 112 0 0 0 0 128 4 51 20 0 0 0 0 32 1 0 0 0 0 0 0 0 0 0 0 0 0 0 0 0 0 0 0 0 0 0 0 0 0 0 0 0 0 0 0 0 0 0 0 0 0 0 0 0 0 0 0 0 0 0 0 0 0 0 0 0 0 0 0 0 0 0 0 0 0 0 0 77 68 79 32 101 120 116 114 97 32 100 97 116 97 32 108 111 99 107 0 0 0 0 0 0 0 0 0 0 0 0 0 0 0 0 0 0 0 0 0 0 0 0 0 0 0 0 0 0 0 0 0 0 0 0 0 0 0 0 0 0 0 0 0 0 0 0 0 0 0 0 0 0 0 0 0 0 0 0 0 0 0 0 0 0 0 0 0 0 0 0 0 0 0 0 0 0 0 0 0 0 0 0 0 1 0 0 0 0 0 0 0 1 0 0 0 0 0 0 0 1 0 0 0 0 0 0 0 0 0 0 0 0 0 0 0 0 2 0 0 209 108 31 0 1 0 0 0 0 0 0 0 0 0 0 0 2 0 0 0 0 0 3 0 1 0 0 0 0 0 0 0 255 255 255 255 0 0 0 0 0 0 0 0 data 0 oops 0
ciMethod com/android/dx/rop/cst/ConstantPool get (I)Lcom/android/dx/rop/cst/Constant; 0 0 1 0 -1
ciMethod com/android/dx/util/ByteArray getByte (I)I 161 1 116 0 0
ciMethod com/android/dx/util/ByteArray getShort (I)I 609 1 498 0 0
ciMethod com/android/dx/util/ByteArray getInt (I)I 1505 1 2726 0 0
ciMethod com/android/dx/util/ByteArray getUnsignedByte (I)I 2697 1 62818 0 224
ciMethod com/android/dx/util/ByteArray getUnsignedShort (I)I 2049 1 19967 0 288
ciMethod com/android/dx/util/ByteArray checkOffsets (II)V 3425 1 5927 0 128
ciMethod com/android/dx/util/ByteArray getByte0 (I)I 2097 1 3342 0 0
ciMethod com/android/dx/util/ByteArray getUnsignedByte0 (I)I 2417 1 118439 0 0
ciMethod com/android/dx/cf/code/BytecodeArray$Visitor visitInvalid (III)V 0 0 1 0 -1
ciMethod com/android/dx/cf/code/BytecodeArray$Visitor visitNoArgs (IIILcom/android/dx/rop/type/Type;)V 0 0 1 0 -1
ciMethod com/android/dx/cf/code/BytecodeArray$Visitor visitLocal (IIIILcom/android/dx/rop/type/Type;I)V 0 0 1 0 -1
ciMethod com/android/dx/cf/code/BytecodeArray$Visitor visitConstant (IIILcom/android/dx/rop/cst/Constant;I)V 0 0 1 0 -1
ciMethod com/android/dx/cf/code/BytecodeArray$Visitor visitBranch (IIII)V 0 0 1 0 -1
ciMethod com/android/dx/cf/code/BytecodeArray$Visitor visitSwitch (IIILcom/android/dx/cf/code/SwitchList;I)V 0 0 1 0 -1
ciMethod com/android/dx/cf/code/BytecodeArray$Visitor visitNewarray (IILcom/android/dx/rop/cst/CstType;Ljava/util/ArrayList;)V 0 0 1 0 -1
ciMethod com/android/dx/cf/code/BytecodeArray$Visitor getPreviousOffset ()I 0 0 1 0 -1
ciMethod com/android/dx/rop/cst/CstInteger make (I)Lcom/android/dx/rop/cst/CstInteger; 137 1 695 0 -1
ciMethod com/android/dx/rop/cst/CstInteger <init> (I)V 249 1 38 0 -1
ciMethod com/android/dx/rop/cst/CstInteger getValue ()I 2737 1 2218 0 -1
ciMethod com/android/dx/rop/cst/CstLiteral32 getIntBits ()I 1585 1 198 0 -1
ciMethod com/android/dx/rop/cst/CstFieldRef getType ()Lcom/android/dx/rop/type/Type; 1097 1 966 0 -1
ciMethod com/android/dx/rop/cst/CstBaseMethodRef getPrototype (Z)Lcom/android/dx/rop/type/Prototype; 3417 1 860 0 -1
ciMethod com/android/dx/rop/cst/CstInterfaceMethodRef toMethodRef ()Lcom/android/dx/rop/cst/CstMethodRef; 217 1 46 0 -1
ciMethod com/android/dx/rop/cst/StdConstantPool get (I)Lcom/android/dx/rop/cst/Constant; 3753 1 8188 0 128
ciMethod com/android/dx/rop/cst/StdConstantPool throwInvalid (I)Lcom/android/dx/rop/cst/Constant; 0 0 1 0 -1
ciMethod com/android/dx/util/MutabilityControl <init> (Z)V 3113 1 22093 0 0
ciMethod com/android/dx/util/MutabilityControl setImmutable ()V 2065 1 41806 0 0
ciMethod com/android/dx/util/MutabilityControl throwIfImmutable ()V 2505 1 90981 0 64
ciMethod com/android/dx/rop/type/Type getBasicFrameType ()I 4097 1 1585 0 -1
ciMethod com/android/dx/rop/type/Type isCategory1 ()Z 97 1 16 0 -1
ciMethod com/android/dx/rop/type/Type isCategory2 ()Z 4097 1 1115 0 -1
ciMethod com/android/dx/rop/type/Type isArrayOrKnownNull ()Z 41 1 6 0 -1
ciMethod com/android/dx/rop/type/Type getComponentType ()Lcom/android/dx/rop/type/Type; 49 1 53 0 -1
ciMethod com/android/dx/rop/type/Prototype internInts (Lcom/android/dx/rop/type/Type;I)Lcom/android/dx/rop/type/Prototype; 0 0 1 0 -1
ciMethod com/android/dx/util/FixedSizeList <init> (I)V 3137 1 7608 0 288
ciMethod com/android/dx/util/FixedSizeList size ()I 2049 1 89996 0 0
ciMethod com/android/dx/util/FixedSizeList get0 (I)Ljava/lang/Object; 2073 1 13036 0 128
ciMethod com/android/dx/util/FixedSizeList set0 (ILjava/lang/Object;)V 3073 1 39027 0 -1
ciMethod com/android/dx/util/FixedSizeList throwIndex (I)Ljava/lang/Object; 0 0 1 0 -1
ciMethodData com/android/dx/util/ByteArray getUnsignedByte0 (I)I 2 118457 orig 264 72 34 146 112 0 0 0 0 232 142 118 20 0 0 0 0 40 1 0 0 0 0 0 0 0 0 0 0 0 0 0 0 0 0 0 0 0 0 0 0 0 0 0 0 0 0 0 0 0 0 0 0 0 0 0 0 0 0 0 0 0 0 0 0 0 0 0 0 0 0 0 0 0 0 0 0 0 0 0 0 77 68 79 32 101 120 116 114 97 32 100 97 116 97 32 108 111 99 107 0 0 0 0 0 0 0 0 0 0 0 0 0 0 0 0 0 0 0 0 0 0 0 0 0 0 0 0 0 0 0 0 0 0 0 0 0 0 0 0 0 0 0 0 0 0 0 0 0 0 0 0 0 0 0 0 0 0 0 0 0 0 0 0 0 0 0 0 0 0 0 0 0 0 0 0 0 0 0 0 0 0 0 0 0 1 0 0 0 0 0 0 0 0 0 0 0 0 0 0 0 1 0 0 0 0 0 0 0 0 0 0 0 0 0 0 0 46 1 0 0 89 108 14 0 1 0 0 0 0 0 0 0 0 0 0 0 2 0 0 0 0 0 3 0 1 0 0 0 0 0 0 0 255 255 255 255 0 0 0 0 0 0 0 0 data 0 oops 0
ciMethodData com/android/dx/util/ByteArray checkOffsets (II)V 2 5927 orig 264 72 34 146 112 0 0 0 0 96 141 118 20 0 0 0 0 40 3 0 0 64 0 0 0 0 0 0 0 0 0 0 0 0 0 0 0 0 0 0 0 0 0 0 0 0 0 0 0 0 0 0 0 0 0 0 0 0 0 0 0 0 0 0 0 0 0 0 0 0 0 0 0 0 0 0 0 0 0 0 0 77 68 79 32 101 120 116 114 97 32 100 97 116 97 32 108 111 99 107 0 0 0 0 0 0 0 0 0 0 0 0 0 0 0 0 0 0 0 0 0 0 0 0 0 0 0 0 0 0 0 0 0 0 0 0 0 0 0 0 0 0 0 0 0 0 0 0 0 0 0 0 0 0 0 0 0 0 0 0 0 0 0 0 0 0 0 0 0 0 0 0 0 0 0 0 0 0 0 0 0 0 0 0 0 25 0 0 0 0 0 0 0 0 0 0 0 0 0 0 0 1 0 0 0 0 0 0 0 0 0 0 0 0 0 0 0 172 1 0 0 217 171 0 0 1 0 0 0 0 0 0 0 0 0 0 0 2 0 0 0 0 0 10 0 2 0 0 0 208 1 0 0 255 255 255 255 7 0 1 0 0 0 0 0 data 58 0x10007 0x0 0x60 0x157b 0x60007 0x0 0x40 0x157b 0xe0007 0x157b 0x190 0x0 0x190002 0x0 0x1e0005 0x0 0x0 0x0 0x0 0x0 0x220005 0x0 0x0 0x0 0x0 0x0 0x270005 0x0 0x0 0x0 0x0 0x0 0x2b0005 0x0 0x0 0x0 0x0 0x0 0x300005 0x0 0x0 0x0 0x0 0x0 0x370005 0x0 0x0 0x0 0x0 0x0 0x3a0005 0x0 0x0 0x0 0x0 0x0 0x3d0002 0x0 oops 0
ciMethodData com/android/dx/util/ByteArray getUnsignedByte (I)I 2 62920 orig 264 72 34 146 112 0 0 0 0 160 138 118 20 0 0 0 0 72 1 0 0 0 0 0 0 0 0 0 0 0 0 0 0 0 0 0 0 0 0 0 0 0 0 0 0 0 0 0 0 0 0 0 0 0 0 0 0 0 0 0 0 0 0 0 0 0 0 0 0 0 0 0 0 0 0 0 0 0 0 0 0 77 68 79 32 101 120 116 114 97 32 100 97 116 97 32 108 111 99 107 0 0 0 0 0 0 0 0 0 0 0 0 0 0 0 0 0 0 0 0 0 0 0 0 0 0 0 0 0 0 0 0 0 0 0 0 0 0 0 0 0 0 0 0 0 0 0 0 0 0 0 0 0 0 0 0 0 0 0 0 0 0 0 0 0 0 0 0 0 0 0 0 0 0 0 0 0 0 0 0 0 0 0 0 0 17 0 0 0 0 0 0 0 0 0 0 0 0 0 0 0 1 0 0 0 0 0 0 0 0 0 0 0 0 0 0 0 81 1 0 0 185 163 7 0 1 0 0 0 0 0 0 0 0 0 0 0 2 0 0 0 0 0 3 0 2 0 0 0 32 0 0 0 255 255 255 255 2 0 5 0 0 0 0 0 data 4 0x50002 0xf477 0xa0002 0xf478 oops 0
ciMethod com/android/dx/cf/code/BytecodeArray parseInstruction (ILcom/android/dx/cf/code/BytecodeArray$Visitor;)I 4097 1 7483 0 -1
ciMethod com/android/dx/cf/code/BytecodeArray parseTableswitch (ILcom/android/dx/cf/code/BytecodeArray$Visitor;)I 17 161 4 0 0
ciMethod com/android/dx/cf/code/BytecodeArray parseLookupswitch (ILcom/android/dx/cf/code/BytecodeArray$Visitor;)I 33 257 6 0 0
ciMethod com/android/dx/cf/code/BytecodeArray parseNewarray (ILcom/android/dx/cf/code/BytecodeArray$Visitor;)I 17 1 4 0 0
ciMethod com/android/dx/cf/code/BytecodeArray parseWide (ILcom/android/dx/cf/code/BytecodeArray$Visitor;)I 0 0 1 0 0
ciMethod com/android/dx/cf/code/ByteCatchList <init> (I)V 25 1 28 0 0
ciMethod com/android/dx/cf/code/ByteCatchList get (I)Lcom/android/dx/cf/code/ByteCatchList$Item; 0 0 317 0 0
ciMethod com/android/dx/cf/code/ByteCatchList set (ILcom/android/dx/cf/code/ByteCatchList$Item;)V 0 0 48 0 0
ciMethod com/android/dx/cf/code/ByteCatchList listFor (I)Lcom/android/dx/cf/code/ByteCatchList; 4097 1 1532 0 0
ciMethod com/android/dx/cf/code/ByteCatchList typeNotFound (Lcom/android/dx/cf/code/ByteCatchList$Item;[Lcom/android/dx/cf/code/ByteCatchList$Item;I)Z 1 1 48 0 0
ciMethod com/android/dx/cf/code/ByteCatchList toTargetList (I)Lcom/android/dx/util/IntList; 4097 1 1532 0 0
ciMethod com/android/dx/cf/code/LocalVariableList pcAndIndexToLocal (II)Lcom/android/dx/cf/code/LocalVariableList$Item; 4097 4233 1900 0 -1
ciMethod com/android/dx/cf/code/LocalVariableList$Item getLocalItem ()Lcom/android/dx/rop/code/LocalItem; 2569 1 608 0 -1
ciMethod com/android/dx/cf/code/LocalVariableList$Item getType ()Lcom/android/dx/rop/type/Type; 4097 1 1363 0 -1
ciMethod com/android/dx/cf/attrib/AttCode getCatches ()Lcom/android/dx/cf/code/ByteCatchList; 2801 1 350 0 0
ciMethodData com/android/dx/util/ByteArray getUnsignedShort (I)I 2 20049 orig 264 72 34 146 112 0 0 0 0 104 139 118 20 0 0 0 0 88 1 0 0 0 0 0 0 0 0 0 0 0 0 0 0 0 0 0 0 0 0 0 0 0 0 0 0 0 0 0 0 0 0 0 0 0 0 0 0 0 0 0 0 0 0 0 0 0 0 0 0 0 0 0 0 0 0 0 0 0 0 0 0 77 68 79 32 101 120 116 114 97 32 100 97 116 97 32 108 111 99 107 0 0 0 0 0 0 0 0 0 0 0 0 0 0 0 0 0 0 0 0 0 0 0 0 0 0 0 0 0 0 0 0 0 0 0 0 0 0 0 0 0 0 0 0 0 0 0 0 0 0 0 0 0 0 0 0 0 0 0 0 0 0 0 0 0 0 0 0 0 0 0 0 0 0 0 0 0 0 0 0 0 0 0 0 0 0 0 0 0 0 0 0 0 0 0 0 0 0 0 0 0 0 0 0 0 0 0 0 0 0 0 0 0 0 0 0 0 0 1 0 0 137 106 2 0 1 0 0 0 0 0 0 0 0 0 0 0 2 0 0 0 0 0 3 0 2 0 0 0 48 0 0 0 255 255 255 255 2 0 5 0 0 0 0 0 data 6 0x50002 0x4d51 0xa0002 0x4d51 0x140002 0x4d51 oops 0
ciMethodData com/android/dx/util/MutabilityControl throwIfImmutable ()V 2 90999 orig 264 72 34 146 112 0 0 0 0 120 112 119 20 0 0 0 0 80 1 0 0 0 0 0 0 0 0 0 0 0 0 0 0 0 0 0 0 0 0 0 0 0 0 0 0 0 0 0 0 0 0 0 0 0 0 0 0 0 0 0 0 0 0 0 0 0 0 0 0 0 0 0 0 0 0 0 0 0 0 0 0 77 68 79 32 101 120 116 114 97 32 100 97 116 97 32 108 111 99 107 0 0 0 0 0 0 0 0 0 0 0 0 0 0 0 0 0 0 0 0 0 0 0 0 0 0 0 0 0 0 0 0 0 0 0 0 0 0 0 0 0 0 0 0 0 0 0 0 0 0 0 0 0 0 0 0 0 0 0 0 0 0 0 0 0 0 0 0 0 0 0 0 0 0 0 0 0 0 0 0 0 0 0 0 0 25 0 0 0 0 0 0 0 0 0 0 0 0 0 0 0 1 0 0 0 0 0 0 0 0 0 0 0 0 0 0 0 57 1 0 0 241 17 11 0 1 0 0 0 0 0 0 0 0 0 0 0 2 0 0 0 0 0 5 0 2 0 0 0 48 0 0 0 255 255 255 255 7 0 4 0 0 0 0 0 data 6 0x40007 0x1624c 0x30 0x0 0xd0002 0x0 oops 0
ciMethodData com/android/dx/util/FixedSizeList size ()I 2 90012 orig 264 72 34 146 112 0 0 0 0 8 34 120 20 0 0 0 0 32 1 0 0 0 0 0 0 0 0 0 0 0 0 0 0 0 0 0 0 0 0 0 0 0 0 0 0 0 0 0 0 0 0 0 0 0 0 0 0 0 0 0 0 0 0 0 0 0 0 0 0 0 0 0 0 0 0 0 0 0 0 0 0 77 68 79 32 101 120 116 114 97 32 100 97 116 97 32 108 111 99 107 0 0 0 0 0 0 0 0 0 0 0 0 0 0 0 0 0 0 0 0 0 0 0 0 0 0 0 0 0 0 0 0 0 0 0 0 0 0 0 0 0 0 0 0 0 0 0 0 0 0 0 0 0 0 0 0 0 0 0 0 0 0 0 0 0 0 0 0 0 0 0 0 0 0 0 0 0 0 0 0 0 0 0 0 0 1 0 0 0 0 0 0 0 0 0 0 0 0 0 0 0 1 0 0 0 0 0 0 0 0 0 0 0 0 0 0 0 0 1 0 0 225 244 10 0 1 0 0 0 0 0 0 0 0 0 0 0 2 0 0 0 0 0 3 0 1 0 0 0 0 0 0 0 255 255 255 255 0 0 0 0 0 0 0 0 data 0 oops 0
ciMethodData com/android/dx/util/FixedSizeList set0 (ILjava/lang/Object;)V 2 43306 orig 264 72 34 146 112 0 0 0 0 88 38 120 20 0 0 0 0 224 1 0 0 0 0 0 0 0 0 0 0 0 0 0 0 0 0 0 0 0 0 0 0 0 0 0 0 0 0 0 0 0 0 0 0 0 0 0 0 0 0 0 0 0 0 0 0 0 0 0 0 0 0 0 0 0 0 0 0 0 0 0 0 77 68 79 32 101 120 116 114 97 32 100 97 116 97 32 108 111 99 107 0 0 0 0 0 0 0 0 0 0 0 0 0 0 0 0 0 0 0 0 0 0 0 0 0 0 0 0 0 0 0 0 0 0 0 0 0 0 0 0 0 0 0 0 0 0 0 0 0 0 0 0 0 0 0 0 0 0 0 0 0 0 0 0 0 0 0 0 0 0 0 0 0 0 0 0 0 0 0 0 0 0 0 0 0 17 0 0 0 0 0 0 0 0 0 0 0 0 0 0 0 0 0 0 0 0 0 0 0 0 0 0 0 0 0 0 0 128 1 0 0 81 61 5 0 1 0 0 0 0 0 0 0 0 0 0 0 2 0 0 0 0 0 11 0 2 0 0 0 136 0 0 0 255 255 255 255 5 0 1 0 0 0 0 0 data 17 0x10005 0x99a6 0x16b22c70 0xc9c 0x16b22d20 0x16c 0xa0104 0x0 0x177764d0 0xc9e 0x16b22dd0 0x16d 0xb0003 0xa7af 0x28 0x110002 0x0 oops 4 2 com/android/dx/rop/type/StdTypeList 4 com/android/dx/cf/iface/StdMethodList 8 com/android/dx/rop/type/Type 10 com/android/dx/cf/iface/StdMethod
ciMethodData com/android/dx/util/ByteArray getInt (I)I 2 3368 orig 264 72 34 146 112 0 0 0 0 184 136 118 20 0 0 0 0 120 1 0 0 0 0 0 0 0 0 0 0 0 0 0 0 0 0 0 0 0 0 0 0 0 0 0 0 0 0 0 0 0 0 0 0 0 0 0 0 0 0 0 0 0 0 0 0 0 0 0 0 0 0 0 0 0 0 0 0 0 0 0 0 77 68 79 32 101 120 116 114 97 32 100 97 116 97 32 108 111 99 107 0 0 0 0 0 0 0 0 0 0 0 0 0 0 0 0 0 0 0 0 0 0 0 0 0 0 0 0 0 0 0 0 0 0 0 0 0 0 0 0 0 0 0 0 0 0 0 0 0 0 0 0 0 0 0 0 0 0 0 0 0 0 0 0 0 0 0 0 0 0 0 0 0 0 0 0 0 0 0 0 0 0 0 0 0 17 0 0 0 0 0 0 0 0 0 0 0 0 0 0 0 1 0 0 0 0 0 0 0 0 0 0 0 0 0 0 0 188 0 0 0 97 99 0 0 1 0 0 0 0 0 0 0 0 0 0 0 2 0 0 0 0 0 3 0 2 0 0 0 80 0 0 0 255 255 255 255 2 0 5 0 0 0 0 0 data 10 0x50002 0xc6c 0xa0002 0xc6c 0x140002 0xc6c 0x1f0002 0xc6c 0x2a0002 0xc6c oops 0
ciMethodData com/android/dx/rop/cst/CstInteger make (I)Lcom/android/dx/rop/cst/CstInteger; 1 761 orig 264 72 34 146 112 0 0 0 0 160 237 118 20 0 0 0 0 248 1 0 0 80 0 0 0 0 0 0 0 0 0 0 0 0 0 0 0 0 0 0 0 0 0 0 0 0 0 0 0 0 0 0 0 0 0 0 0 0 0 0 0 0 0 0 0 0 0 0 0 0 0 0 0 0 0 0 0 0 0 0 0 77 68 79 32 101 120 116 114 97 32 100 97 116 97 32 108 111 99 107 0 0 0 0 0 0 0 0 0 0 0 0 0 0 0 0 0 0 0 0 0 0 0 0 0 0 0 0 0 0 0 0 0 0 0 0 0 0 0 0 0 0 0 0 0 0 0 0 0 0 0 0 0 0 0 0 0 0 0 0 0 0 0 0 0 0 0 0 0 0 0 0 0 0 0 0 0 0 0 0 0 0 0 0 0 25 0 0 0 0 0 0 0 0 0 0 0 0 0 0 0 0 0 0 0 0 0 0 0 0 0 0 0 0 0 0 0 17 0 0 0 65 23 0 0 1 0 0 0 0 0 0 0 0 0 0 0 2 0 0 0 0 0 8 0 2 0 0 0 176 0 0 0 255 255 255 255 7 0 17 0 0 0 0 0 data 22 0x110007 0x17 0x70 0x2d1 0x150005 0x175 0x178ebe80 0x15c 0x0 0x0 0x190007 0x5 0x20 0x2cc 0x230002 0x1c 0x2c0004 0x0 0x178ebe80 0x1c 0x0 0x0 oops 2 6 com/android/dx/rop/cst/CstInteger 18 com/android/dx/rop/cst/CstInteger
ciMethodData com/android/dx/rop/cst/StdConstantPool get (I)Lcom/android/dx/rop/cst/Constant; 2 8190 orig 264 72 34 146 112 0 0 0 0 112 103 119 20 0 0 0 0 144 1 0 0 32 0 0 0 0 0 0 0 0 0 0 0 0 0 0 0 0 0 0 0 0 0 0 0 0 0 0 0 0 0 0 0 0 0 0 0 0 0 0 0 0 0 0 0 0 0 0 0 0 0 0 0 0 0 0 0 0 0 0 0 77 68 79 32 101 120 116 114 97 32 100 97 116 97 32 108 111 99 107 0 0 0 0 0 0 0 0 0 0 0 0 0 0 0 0 0 0 0 0 0 0 0 0 0 0 0 0 0 0 0 0 0 0 0 0 0 0 0 0 0 0 0 0 0 0 0 0 0 0 0 0 0 0 0 0 0 0 0 0 0 0 0 0 0 0 0 0 0 0 0 0 0 0 0 0 0 0 0 0 0 0 0 0 0 0 0 0 0 0 0 0 0 0 0 0 0 0 0 0 0 0 0 0 0 0 0 0 0 0 0 0 0 0 0 0 0 213 1 0 0 73 241 0 0 1 0 0 0 0 0 0 0 0 0 0 0 2 0 0 0 0 0 7 0 2 0 0 0 64 0 0 0 255 255 255 255 7 0 8 0 0 0 0 0 data 8 0x80007 0x1e29 0x30 0x0 0xc0002 0x0 0x140002 0x0 oops 0
ciMethodData com/android/dx/util/MutabilityControl setImmutable ()V 2 41973 orig 264 72 34 146 112 0 0 0 0 104 110 119 20 0 0 0 0 32 1 0 0 0 0 0 0 0 0 0 0 0 0 0 0 0 0 0 0 0 0 0 0 0 0 0 0 0 0 0 0 0 0 0 0 0 0 0 0 0 0 0 0 0 0 0 0 0 0 0 0 0 0 0 0 0 0 0 0 0 0 0 0 77 68 79 32 101 120 116 114 97 32 100 97 116 97 32 108 111 99 107 0 0 0 0 0 0 0 0 0 0 0 0 0 0 0 0 0 0 0 0 0 0 0 0 0 0 0 0 0 0 0 0 0 0 0 0 0 0 0 0 0 0 0 0 0 0 0 0 0 0 0 0 0 0 0 0 0 0 0 0 0 0 0 0 0 0 0 0 0 0 0 0 0 0 0 0 0 0 0 0 0 0 0 0 0 0 0 0 0 0 0 0 0 0 0 0 0 0 0 0 0 0 0 0 0 0 0 0 0 0 0 0 0 0 0 0 0 2 1 0 0 153 23 5 0 1 0 0 0 0 0 0 0 0 0 0 0 2 0 0 0 0 0 3 0 1 0 0 0 0 0 0 0 255 255 255 255 0 0 0 0 0 0 0 0 data 0 oops 0
ciMethodData com/android/dx/util/ByteArray getByte0 (I)I 2 3342 orig 264 72 34 146 112 0 0 0 0 48 142 118 20 0 0 0 0 40 1 0 0 0 0 0 0 0 0 0 0 0 0 0 0 0 0 0 0 0 0 0 0 0 0 0 0 0 0 0 0 0 0 0 0 0 0 0 0 0 0 0 0 0 0 0 0 0 0 0 0 0 0 0 0 0 0 0 0 0 0 0 0 77 68 79 32 101 120 116 114 97 32 100 97 116 97 32 108 111 99 107 0 0 0 0 0 0 0 0 0 0 0 0 0 0 0 0 0 0 0 0 0 0 0 0 0 0 0 0 0 0 0 0 0 0 0 0 0 0 0 0 0 0 0 0 0 0 0 0 0 0 0 0 0 0 0 0 0 0 0 0 0 0 0 0 0 0 0 0 0 0 0 0 0 0 0 0 0 0 0 0 0 0 0 0 0 1 0 0 0 0 0 0 0 0 0 0 0 0 0 0 0 1 0 0 0 0 0 0 0 0 0 0 0 0 0 0 0 6 1 0 0 65 96 0 0 1 0 0 0 0 0 0 0 0 0 0 0 2 0 0 0 0 0 3 0 1 0 0 0 0 0 0 0 255 255 255 255 0 0 0 0 0 0 0 0 data 0 oops 0
ciMethodData com/android/dx/util/MutabilityControl <init> (Z)V 2 22097 orig 264 72 34 146 112 0 0 0 0 192 109 119 20 0 0 0 0 56 1 0 0 0 0 0 0 0 0 0 0 0 0 0 0 0 0 0 0 0 0 0 0 0 0 0 0 0 0 0 0 0 0 0 0 0 0 0 0 0 0 0 0 0 0 0 0 0 0 0 0 0 0 0 0 0 0 0 0 0 0 0 0 77 68 79 32 101 120 116 114 97 32 100 97 116 97 32 108 111 99 107 0 0 0 0 0 0 0 0 0 0 0 0 0 0 0 0 0 0 0 0 0 0 0 0 0 0 0 0 0 0 0 0 0 0 0 0 0 0 0 0 0 0 0 0 0 0 0 0 0 0 0 0 0 0 0 0 0 0 0 0 0 0 0 0 0 0 0 0 0 0 0 0 0 0 0 0 0 0 0 0 0 0 0 0 0 0 0 0 0 0 0 0 0 0 0 0 0 0 0 0 0 0 0 0 0 0 0 0 0 0 0 0 0 0 0 0 0 133 1 0 0 97 166 2 0 1 0 0 0 0 0 0 0 0 0 0 0 2 0 0 0 0 0 3 0 2 0 0 0 16 0 0 0 255 255 255 255 2 0 1 0 0 0 0 0 data 2 0x10002 0x54cd oops 0
ciMethodData com/android/dx/util/FixedSizeList <init> (I)V 2 7608 orig 264 72 34 146 112 0 0 0 0 248 27 120 20 0 0 0 0 152 1 0 0 56 0 0 0 0 0 0 0 0 0 0 0 0 0 0 0 0 0 0 0 0 0 0 0 0 0 0 0 0 0 0 0 0 0 0 0 0 0 0 0 0 0 0 0 0 0 0 0 0 0 0 0 0 0 0 0 0 0 0 0 77 68 79 32 101 120 116 114 97 32 100 97 116 97 32 108 111 99 107 0 0 0 0 0 0 0 0 0 0 0 0 0 0 0 0 0 0 0 0 0 0 0 0 0 0 0 0 0 0 0 0 0 0 0 0 0 0 0 0 0 0 0 0 0 0 0 0 0 0 0 0 0 0 0 0 0 0 0 0 0 0 0 0 0 0 0 0 0 0 0 0 0 0 0 0 0 0 0 0 0 0 0 0 0 0 0 0 0 0 0 0 0 0 0 0 0 0 0 0 0 0 0 0 0 0 0 0 0 0 0 0 0 0 0 0 0 136 1 0 0 129 225 0 0 1 0 0 0 0 0 0 0 0 0 0 0 2 0 0 0 0 0 10 0 2 0 0 0 112 0 0 0 255 255 255 255 7 0 2 0 0 0 0 0 data 14 0x20007 0xa63 0x38 0x11ce 0x60003 0x11ce 0x18 0xa0002 0x1c30 0x150003 0x1c2f 0x28 0x1f0002 0x0 oops 0
ciMethod com/android/dx/cf/code/ConcreteMethod getCatches ()Lcom/android/dx/cf/code/ByteCatchList; 4097 1 4077 0 0
ciMethodData com/android/dx/util/FixedSizeList get0 (I)Ljava/lang/Object; 2 13036 orig 264 72 34 146 112 0 0 0 0 160 36 120 20 0 0 0 0 48 2 0 0 192 0 0 0 0 0 0 0 0 0 0 0 0 0 0 0 0 0 0 0 0 0 0 0 0 0 0 0 0 0 0 0 0 0 0 0 0 0 0 0 0 0 0 0 0 0 0 0 0 0 0 0 0 0 0 0 0 0 0 0 77 68 79 32 101 120 116 114 97 32 100 97 116 97 32 108 111 99 107 0 0 0 0 0 0 0 0 0 0 0 0 0 0 0 0 0 0 0 0 0 0 0 0 0 0 0 0 0 0 0 0 0 0 0 0 0 0 0 0 0 0 0 0 0 0 0 0 0 0 0 0 0 0 0 0 0 0 0 0 0 0 0 0 0 0 0 0 0 0 0 0 0 0 0 0 0 0 0 0 0 0 0 0 0 25 0 0 0 0 0 0 0 0 0 0 0 0 0 0 0 1 0 0 0 0 0 0 0 0 0 0 0 0 0 0 0 3 1 0 0 73 143 1 0 1 0 0 0 0 0 0 0 0 0 0 0 2 0 0 0 0 0 9 0 2 0 0 0 224 0 0 0 255 255 255 255 7 0 8 0 0 0 0 0 data 28 0x80007 0x31e9 0xd0 0x0 0x130002 0x0 0x180005 0x0 0x0 0x0 0x0 0x0 0x1c0005 0x0 0x0 0x0 0x0 0x0 0x1f0005 0x0 0x0 0x0 0x0 0x0 0x220002 0x0 0x2b0002 0x0 oops 0
ciMethod com/android/dx/cf/code/Machine clearArgs ()V 0 0 1 0 -1
ciMethod com/android/dx/cf/code/Machine popArgs (Lcom/android/dx/cf/code/Frame;I)V 0 0 1 0 -1
ciMethod com/android/dx/cf/code/Machine popArgs (Lcom/android/dx/cf/code/Frame;Lcom/android/dx/rop/type/Prototype;)V 0 0 1 0 -1
ciMethod com/android/dx/cf/code/Machine popArgs (Lcom/android/dx/cf/code/Frame;Lcom/android/dx/rop/type/Type;)V 0 0 1 0 -1
ciMethod com/android/dx/cf/code/Machine popArgs (Lcom/android/dx/cf/code/Frame;Lcom/android/dx/rop/type/Type;Lcom/android/dx/rop/type/Type;)V 0 0 1 0 -1
ciMethod com/android/dx/cf/code/Machine popArgs (Lcom/android/dx/cf/code/Frame;Lcom/android/dx/rop/type/Type;Lcom/android/dx/rop/type/Type;Lcom/android/dx/rop/type/Type;)V 0 0 1 0 -1
ciMethod com/android/dx/cf/code/Machine localArg (Lcom/android/dx/cf/code/Frame;I)V 0 0 1 0 -1
ciMethod com/android/dx/cf/code/Machine localInfo (Z)V 0 0 1 0 -1
ciMethod com/android/dx/cf/code/Machine auxType (Lcom/android/dx/rop/type/Type;)V 0 0 1 0 -1
ciMethod com/android/dx/cf/code/Machine auxIntArg (I)V 0 0 1 0 -1
ciMethod com/android/dx/cf/code/Machine auxCstArg (Lcom/android/dx/rop/cst/Constant;)V 0 0 1 0 -1
ciMethod com/android/dx/cf/code/Machine auxTargetArg (I)V 0 0 1 0 -1
ciMethod com/android/dx/cf/code/Machine localTarget (ILcom/android/dx/rop/type/Type;Lcom/android/dx/rop/code/LocalItem;)V 0 0 1 0 -1
ciMethod com/android/dx/cf/code/Machine run (Lcom/android/dx/cf/code/Frame;II)V 0 0 1 0 -1
ciMethod com/android/dx/cf/code/BasicBlocker visitNoArgs (IIILcom/android/dx/rop/type/Type;)V 2049 1 484 0 0
ciMethod com/android/dx/cf/code/BasicBlocker visitLocal (IIIILcom/android/dx/rop/type/Type;I)V 4097 1 1386 0 0
ciMethod com/android/dx/cf/code/BasicBlocker visitConstant (IIILcom/android/dx/rop/cst/Constant;I)V 4097 1 1706 0 0
ciMethod com/android/dx/cf/code/BasicBlocker visitBranch (IIII)V 2049 1 248 0 0
ciMethod com/android/dx/cf/code/BasicBlocker addWorkIfNecessary (IZ)V 4097 1 5387 0 0
ciMethod com/android/dx/cf/code/BasicBlocker visitCommon (IIZ)V 4097 1 3798 0 0
ciMethod com/android/dx/cf/code/BasicBlocker visitThrowing (IIZ)V 4097 1 1523 0 0
ciMethod com/android/dx/util/Bits get ([II)Z 4097 1 14947 0 128
ciMethod com/android/dx/util/Bits set ([II)V 4097 1 18471 0 128
ciMethod com/android/dx/util/IntList makeImmutable (I)Lcom/android/dx/util/IntList; 4097 1 3140 0 0
ciMethod com/android/dx/util/IntList makeImmutable (II)Lcom/android/dx/util/IntList; 1465 1 177 0 -1
ciMethod com/android/dx/util/IntList <init> (I)V 2081 1 5432 0 288
ciMethod com/android/dx/util/IntList add (I)V 2081 1 10599 0 672
ciMethod com/android/dx/util/IntList growIfNeeded ()V 2081 1 8069 0 448
ciMethod com/android/dx/cf/code/ByteOps opInfo (I)I 4097 1 7492 0 0
ciMethod com/android/dx/cf/code/ByteCatchList$Item getHandlerPc ()I 1057 1 56 0 0
ciMethod com/android/dx/cf/code/ByteCatchList$Item getExceptionClass ()Lcom/android/dx/rop/cst/CstType; 2881 1 183 0 -1
ciMethod com/android/dx/cf/code/ByteCatchList$Item covers (I)Z 0 0 165 0 0
ciMethod com/android/dx/cf/code/BaseMachine throwLocalMismatch (Lcom/android/dx/rop/type/TypeBearer;Lcom/android/dx/rop/type/TypeBearer;)V 0 0 1 0 -1
ciMethod com/android/dx/cf/code/Simulator access$100 ()Lcom/android/dx/cf/code/SimException; 0 0 1 0 -1
ciMethod com/android/dx/cf/code/Simulator access$200 (Lcom/android/dx/rop/type/Type;Lcom/android/dx/rop/type/Type;)Lcom/android/dx/rop/type/Type; 121 1 25 0 -1
ciMethod com/android/dx/cf/code/Simulator access$300 (Lcom/android/dx/cf/code/Simulator;)Lcom/android/dx/cf/code/LocalVariableList; 1945 1 243 0 -1
ciMethod com/android/dx/cf/code/Simulator$SimVisitor visitInvalid (III)V 0 0 1 0 -1
ciMethod com/android/dx/cf/code/Simulator$SimVisitor visitNoArgs (IIILcom/android/dx/rop/type/Type;)V 2049 1 483 0 0
ciMethod com/android/dx/cf/code/Simulator$SimVisitor checkReturnType (Lcom/android/dx/rop/type/Type;)V 1345 1 288 0 -1
ciMethod com/android/dx/cf/code/Simulator$SimVisitor visitLocal (IIIILcom/android/dx/rop/type/Type;I)V 4097 1 1386 0 0
ciMethod com/android/dx/cf/code/Simulator$SimVisitor visitConstant (IIILcom/android/dx/rop/cst/Constant;I)V 4097 1 1706 0 0
ciMethod com/android/dx/cf/code/Simulator$SimVisitor visitBranch (IIII)V 2049 1 248 0 -1
ciMethod com/android/dx/cf/code/Frame getStack ()Lcom/android/dx/cf/code/ExecutionStack; 4233 1 529 0 -1
ciMethod com/android/dx/cf/code/ExecutionStack peekLocal (I)Z 97 1 12 0 -1
ciMethod com/android/dx/cf/code/ExecutionStack peekType (I)Lcom/android/dx/rop/type/Type; 1065 1 282 0 -1
ciMethodData com/android/dx/util/IntList add (I)V 2 10599 orig 264 72 34 146 112 0 0 0 0 72 67 127 20 0 0 0 0 8 2 0 0 0 0 0 0 0 0 0 0 0 0 0 0 0 0 0 0 0 0 0 0 0 0 0 0 0 0 0 0 0 0 0 0 0 0 0 0 0 0 0 0 0 0 0 0 0 0 0 0 0 0 0 0 0 0 0 0 0 0 0 0 77 68 79 32 101 120 116 114 97 32 100 97 116 97 32 108 111 99 107 0 0 0 0 0 0 0 0 0 0 0 0 0 0 0 0 0 0 0 0 0 0 0 0 0 0 0 0 0 0 0 0 0 0 0 0 0 0 0 0 0 0 0 0 0 0 0 0 0 0 0 0 0 0 0 0 0 0 0 0 0 0 0 0 0 0 0 0 0 0 0 0 0 0 0 0 0 0 0 0 0 0 0 0 0 0 0 0 0 0 0 0 0 0 0 0 0 0 0 0 0 0 0 0 0 0 0 0 0 0 0 0 0 0 0 0 0 4 1 0 0 25 67 1 0 1 0 0 0 0 0 0 0 0 0 0 0 2 0 0 0 0 0 14 0 2 0 0 0 184 0 0 0 255 255 255 255 5 0 1 0 0 0 0 0 data 23 0x10005 0x0 0x177657f0 0x2862 0x0 0x0 0x50002 0x2864 0x1d0007 0xeb5 0x78 0x19b1 0x250007 0xe6b 0x58 0xb47 0x350007 0x43 0x38 0xb04 0x390003 0xb04 0x18 oops 1 2 com/android/dx/util/IntList
ciMethodData com/android/dx/util/IntList growIfNeeded ()V 2 8069 orig 264 72 34 146 112 0 0 0 0 152 70 127 20 0 0 0 0 120 1 0 0 0 0 0 0 0 0 0 0 0 0 0 0 0 0 0 0 0 0 0 0 0 0 0 0 0 0 0 0 0 0 0 0 0 0 0 0 0 0 0 0 0 0 0 0 0 0 0 0 0 0 0 0 0 0 0 0 0 0 0 0 77 68 79 32 101 120 116 114 97 32 100 97 116 97 32 108 111 99 107 0 0 0 0 0 0 0 0 0 0 0 0 0 0 0 0 0 0 0 0 0 0 0 0 0 0 0 0 0 0 0 0 0 0 0 0 0 0 0 0 0 0 0 0 0 0 0 0 0 0 0 0 0 0 0 0 0 0 0 0 0 0 0 0 0 0 0 0 0 0 0 0 0 0 0 0 0 0 0 0 0 0 0 0 0 0 0 0 0 0 0 0 0 0 0 0 0 0 0 0 0 0 0 0 0 0 0 0 0 0 0 0 0 0 0 0 0 4 1 0 0 9 244 0 0 1 0 0 0 0 0 0 0 0 0 0 0 2 0 0 0 0 0 6 0 2 0 0 0 48 0 0 0 255 255 255 255 7 0 9 0 0 0 0 0 data 6 0x90007 0x1da4 0x30 0xdd 0x250002 0xdd oops 0
ciMethodData com/android/dx/util/IntList <init> (I)V 2 5432 orig 264 72 34 146 112 0 0 0 0 32 60 127 20 0 0 0 0 96 1 0 0 0 0 0 0 0 0 0 0 0 0 0 0 0 0 0 0 0 0 0 0 0 0 0 0 0 0 0 0 0 0 0 0 0 0 0 0 0 0 0 0 0 0 0 0 0 0 0 0 0 0 0 0 0 0 0 0 0 0 0 0 77 68 79 32 101 120 116 114 97 32 100 97 116 97 32 108 111 99 107 0 0 0 0 0 0 0 0 0 0 0 0 0 0 0 0 0 0 0 0 0 0 0 0 0 0 0 0 0 0 0 0 0 0 0 0 0 0 0 0 0 0 0 0 0 0 0 0 0 0 0 0 0 0 0 0 0 0 0 0 0 0 0 0 0 0 0 0 0 0 0 0 0 0 0 0 0 0 0 0 0 0 0 0 0 0 0 0 0 0 0 0 0 0 0 0 0 0 0 0 0 0 0 0 0 0 0 0 0 0 0 0 0 0 0 0 0 4 1 0 0 161 161 0 0 1 0 0 0 0 0 0 0 0 0 0 0 2 0 0 0 0 0 7 0 2 0 0 0 56 0 0 0 255 255 255 255 2 0 2 0 0 0 0 0 data 7 0x20002 0x1434 0xc0003 0x1434 0x28 0x160002 0x0 oops 0
ciMethod com/android/dx/cf/code/SwitchList <init> (I)V 225 1 10 0 -1
ciMethod com/android/dx/cf/code/SwitchList setImmutable ()V 225 1 10 0 -1
ciMethod com/android/dx/cf/code/SwitchList setDefaultTarget (I)V 225 1 10 0 -1
ciMethod com/android/dx/cf/code/SwitchList add (II)V 1089 1 58 0 -1
ciMethod com/android/dx/cf/code/SwitchList removeSuperfluousDefaults ()V 225 1089 10 0 -1
ciMethodData com/android/dx/util/Bits set ([II)V 2 18471 orig 264 72 34 146 112 0 0 0 0 120 40 127 20 0 0 0 0 40 1 0 0 0 0 0 0 0 0 0 0 0 0 0 0 0 0 0 0 0 0 0 0 0 0 0 0 0 0 0 0 0 0 0 0 0 0 0 0 0 0 0 0 0 0 0 0 0 0 0 0 0 0 0 0 0 0 0 0 0 0 0 0 77 68 79 32 101 120 116 114 97 32 100 97 116 97 32 108 111 99 107 0 0 0 0 0 0 0 0 0 0 0 0 0 0 0 0 0 0 0 0 0 0 0 0 0 0 0 0 0 0 0 0 0 0 0 0 0 0 0 0 0 0 0 0 0 0 0 0 0 0 0 0 0 0 0 0 0 0 0 0 0 0 0 0 0 0 0 0 0 0 0 0 0 0 0 0 0 0 0 0 0 0 0 0 0 0 0 0 0 0 0 0 0 0 0 0 0 0 0 0 0 0 0 0 0 0 0 0 0 0 0 0 0 0 0 0 0 0 2 0 0 57 49 2 0 1 0 0 0 0 0 0 0 0 0 0 0 2 0 0 0 0 0 3 0 1 0 0 0 0 0 0 0 255 255 255 255 0 0 0 0 0 0 0 0 data 0 oops 0
ciMethodData com/android/dx/util/Bits get ([II)Z 2 14947 orig 264 72 34 146 112 0 0 0 0 120 38 127 20 0 0 0 0 96 1 0 0 0 0 0 0 0 0 0 0 0 0 0 0 0 0 0 0 0 0 0 0 0 0 0 0 0 0 0 0 0 0 0 0 0 0 0 0 0 0 0 0 0 0 0 0 0 0 0 0 0 0 0 0 0 0 0 0 0 0 0 0 77 68 79 32 101 120 116 114 97 32 100 97 116 97 32 108 111 99 107 0 0 0 0 0 0 0 0 0 0 0 0 0 0 0 0 0 0 0 0 0 0 0 0 0 0 0 0 0 0 0 0 0 0 0 0 0 0 0 0 0 0 0 0 0 0 0 0 0 0 0 0 0 0 0 0 0 0 0 0 0 0 0 0 0 0 0 0 0 0 0 0 0 0 0 0 0 0 0 0 0 0 0 0 0 0 0 0 0 0 0 0 0 0 0 0 0 0 0 0 0 0 0 0 0 0 0 0 0 0 0 0 0 0 0 0 0 0 2 0 0 25 195 1 0 1 0 0 0 0 0 0 0 0 0 0 0 2 0 0 0 0 0 6 0 2 0 0 0 56 0 0 0 255 255 255 255 7 0 16 0 0 0 0 0 data 7 0x100007 0x24f8 0x38 0x136e 0x140003 0x136e 0x18 oops 0
ciMethodData com/android/dx/cf/code/ByteOps opInfo (I)I 2 7602 orig 264 72 34 146 112 0 0 0 0 48 114 127 20 0 0 0 0 32 1 0 0 0 0 0 0 0 0 0 0 0 0 0 0 0 0 0 0 0 0 0 0 0 0 0 0 0 0 0 0 0 0 0 0 0 0 0 0 0 0 0 0 0 0 0 0 0 0 0 0 0 0 0 0 0 0 0 0 0 0 0 0 77 68 79 32 101 120 116 114 97 32 100 97 116 97 32 108 111 99 107 0 0 0 0 0 0 0 0 0 0 0 0 0 0 0 0 0 0 0 0 0 0 0 0 0 0 0 0 0 0 0 0 0 0 0 0 0 0 0 0 0 0 0 0 0 0 0 0 0 0 0 0 0 0 0 0 0 0 0 0 0 0 0 0 0 0 0 0 0 0 0 0 0 0 0 0 0 0 0 0 0 0 0 0 0 0 0 0 0 0 0 0 0 0 0 0 0 0 0 0 0 0 0 0 0 0 0 0 0 0 0 0 0 0 0 0 0 0 2 0 0 145 221 0 0 1 0 0 0 0 0 0 0 0 0 0 0 2 0 0 0 0 0 3 0 1 0 0 0 0 0 0 0 255 255 255 255 0 0 0 0 0 0 0 0 data 0 oops 0
ciMethodData com/android/dx/cf/code/BytecodeArray parseInstruction (ILcom/android/dx/cf/code/BytecodeArray$Visitor;)I 2 7490 orig 264 72 34 146 112 0 0 0 0 80 230 120 20 0 0 0 0 0 40 0 0 224 35 0 0 0 0 0 0 0 0 0 0 0 0 0 0 0 0 0 0 0 0 0 0 0 0 0 0 0 0 0 0 0 0 0 0 0 0 0 0 0 0 0 0 0 0 0 0 0 0 0 0 0 0 0 0 0 0 0 0 77 68 79 32 101 120 116 114 97 32 100 97 116 97 32 108 111 99 107 0 0 0 0 0 0 0 0 0 0 0 0 0 0 0 0 0 0 0 0 0 0 0 0 0 0 0 0 0 0 0 0 0 0 0 0 0 0 0 0 0 0 0 0 0 0 0 0 0 0 0 0 0 0 0 0 0 0 0 0 0 0 0 0 0 0 0 0 0 0 0 0 0 0 0 0 0 0 0 0 0 0 0 0 0 0 0 0 0 0 0 0 0 0 0 0 0 0 0 0 0 0 0 0 0 0 0 0 0 0 0 0 0 0 0 0 0 0 2 0 0 1 218 0 0 1 0 0 0 0 0 0 0 0 0 0 0 2 0 0 0 0 0 239 0 2 0 0 0 40 38 0 0 255 255 255 255 7 0 1 0 0 0 0 0 data 1221 0x10007 0x1b40 0x20 0x0 0xd0005 0x313 0x178ebb10 0x182d 0x0 0x0 0x120002 0x1b40 0x1f0008 0x196 0x0 0x23c8 0x0 0xcc0 0x6 0xcf0 0x2 0xd20 0x10 0xd50 0x10 0xd80 0x0 0xdb0 0x0 0xde0 0x0 0xe10 0x0 0xe40 0x0 0xe70 0x0 0xea0 0x8 0xed0 0x4 0xf00 0x0 0xf30 0x0 0xf60 0x0 0xf90 0xc 0xfc0 0x0 0x1030 0x8 0x10a0 0x0 0x11f8 0x0 0x1350 0x16 0x13e0 0x0 0x1440 0x0 0x14a0 0x0 0x1500 0x0 0x1560 0x0 0x15c0 0x0 0x15c0 0x8 0x15c0 0x6 0x15c0 0x0 0x15f0 0x0 0x15f0 0x0 0x15f0 0x0 0x15f0 0x0 0x1620 0x4 0x1620 0x0 0x1620 0x0 0x1620 0x0 0x1650 0x0 0x1650 0x0 0x1650 0x0 0x1650 0x9d 0x1680 0x40 0x1680 0x18 0x1680 0xc 0x1680 0x0 0x16b0 0x0 0x16e0 0x0 0x1710 0x0 0x1740 0x2 0x1770 0x0 0x17a0 0x0 0x17d0 0x0 0x1800 0x6 0x1830 0x0 0x1890 0x0 0x18f0 0x0 0x1950 0x0 0x19b0 0x0 0x1a10 0x0 0x1a10 0x2 0x1a10 0x2 0x1a10 0x0 0x1a40 0x0 0x1a40 0x0 0x1a40 0x0 0x1a40 0x0 0x1a70 0x0 0x1a70 0x0 0x1a70 0x0 0x1a70 0x0 0x1aa0 0x0 0x1aa0 0x0 0x1aa0 0x0 0x1aa0 0x0 0x1ad0 0x2 0x1ad0 0x2 0x1ad0 0x2 0x1ad0 0x2 0x1b00 0x0 0x1b30 0x0 0x1b60 0x0 0x1b90 0x0 0x1bc0 0x0 0x1bf0 0x0 0x1c20 0x0 0x1c50 0x2 0x1c80 0x0 0x1c80 0x4 0x1c80 0x0 0x1c80 0x0 0x1c80 0x0 0x1c80 0x0 0x1c80 0x0 0x1c80 0x0 0x1c80 0x0 0x1cb0 0x0 0x1ce0 0x0 0x1d10 0x0 0x1d40 0x0 0x1cb0 0x0 0x1ce0 0x0 0x1d10 0x0 0x1d40 0x0 0x1cb0 0x0 0x1ce0 0x6 0x1d10 0x0 0x1d40 0x0 0x1cb0 0x0 0x1ce0 0x0 0x1d10 0x0 0x1d40 0x0 0x1cb0 0x0 0x1ce0 0x0 0x1d10 0x0 0x1d40 0x0 0x1cb0 0x0 0x1ce0 0x2 0x1d10 0x0 0x1d40 0x0 0x1cb0 0x0 0x1ce0 0x0 0x1cb0 0x0 0x1ce0 0x0 0x1cb0 0x0 0x1ce0 0x0 0x1cb0 0x0 0x1ce0 0x0 0x1cb0 0x0 0x1ce0 0x0 0x1cb0 0x0 0x1ce0 0x2 0x1d70 0x0 0x1e00 0x6 0x1e30 0x0 0x1e60 0x0 0x1e90 0x0 0x1e30 0x0 0x1e60 0x0 0x1e90 0x0 0x1e00 0x0 0x1e60 0x0 0x1e90 0x0 0x1e00 0x0 0x1e30 0x0 0x1e90 0x0 0x1e90 0x0 0x1e90 0x0 0x1e90 0x0 0x1e90 0x0 0x1e90 0x0 0x1e90 0x0 0x1e90 0xe 0x1ec0 0x4 0x1ec0 0x0 0x1ec0 0x0 0x1ec0 0x0 0x1ec0 0x0 0x1ec0 0x0 0x1ec0 0x2 0x1ec0 0xa 0x1ec0 0x2 0x1ec0 0x0 0x1ec0 0x2 0x1ec0 0x0 0x1ec0 0x0 0x1ec0 0x18 0x1ec0 0x0 0x1ec0 0x0 0x1f20 0x0 0x1f80 0x0 0x1f90 0x6 0x1fa0 0x0 0x1fd0 0x2 0x2000 0x0 0x2030 0x10 0x2060 0x2b 0x2090 0xa 0x20c0 0x0 0x20c0 0x44 0x20c0 0x2a 0x20c0 0x40 0x20c0 0x19 0x20c0 0x12 0x20c0 0x4 0x2150 0x0 0x2240 0x4 0x20c0 0x2 0x2250 0x0 0x20c0 0x6 0x1e90 0x0 0x2090 0x4 0x20c0 0x2 0x20c0 0x0 0x2090 0x0 0x2090 0x0 0x2260 0x0 0x2270 0x0 0x1ec0 0x2 0x1ec0 0x0 0x2330 0x0 0x2330 0x35b0005 0x0 0x0 0x0 0x0 0x0 0x36b0005 0x0 0x178ebbc0 0x24 0x178ebc70 0x24 0x37b0005 0x0 0x178ebbc0 0x8 0x178ebc70 0x8 0x38b0005 0x0 0x178ebbc0 0x33 0x178ebc70 0x33 0x39b0005 0x0 0x178ebbc0 0x28 0x178ebc70 0x28 0x3ab0005 0x0 0x178ebbc0 0x3 0x178ebc70 0x3 0x3bb0005 0x0 0x178ebbc0 0x2 0x178ebc70 0x2 0x3cb0005 0x0 0x178ebbc0 0x2 0x178ebc70 0x2 0x3db0005 0x0 0x178ebbc0 0x2 0x178ebc70 0x2 0x3eb0005 0x0 0x0 0x0 0x0 0x0 0x3fb0005 0x0 0x0 0x0 0x0 0x0 0x40b0005 0x0 0x178ebbc0 0x6 0x178ebc70 0x6 0x41b0005 0x0 0x178ebbc0 0x3 0x178ebc70 0x3 0x42b0005 0x0 0x178ebbc0 0x2 0x178ebc70 0x2 0x43b0005 0x0 0x0 0x0 0x0 0x0 0x44b0005 0x0 0x0 0x0 0x0 0x0 0x4590005 0xc 0x178ebb10 0x30 0x0 0x0 0x4650002 0x3c 0x46a0005 0x0 0x178ebbc0 0x1e 0x178ebc70 0x1e 0x4780005 0x0 0x178ebb10 0x4 0x0 0x0 0x4840002 0x4 0x4890005 0x0 0x178ebbc0 0x2 0x178ebc70 0x2 0x4970005 0x8 0x178ebb10 0xda 0x0 0x0 0x4a20005 0x0 0x178ebd20 0xe2 0x0 0x0 0x4ab0004 0xffffffffffffff2e 0x178ebdd0 0x4 0x178ebe80 0x10 0x4ae0007 0xd2 0x98 0x10 0x4b30004 0x0 0x178ebe80 0x10 0x0 0x0 0x4b60005 0x4 0x178ebe80 0xc 0x0 0x0 0x4b90003 0x10 0x18 0x4c80005 0x0 0x178ebbc0 0x71 0x178ebc70 0x71 0x4d60005 0x0 0x178ebb10 0x2 0x0 0x0 0x4e10005 0x0 0x178ebd20 0x2 0x0 0x0 0x4ea0004 0xfffffffffffffffe 0x0 0x0 0x0 0x0 0x4ed0007 0x2 0x98 0x0 0x4f20004 0x0 0x0 0x0 0x0 0x0 0x4f50005 0x0 0x0 0x0 0x0 0x0 0x4f80003 0x0 0x18 0x5070005 0x0 0x178ebbc0 0x1 0x178ebc70 0x1 0x5150005 0x0 0x0 0x0 0x0 0x0 0x5200005 0x0 0x0 0x0 0x0 0x0 0x52f0005 0x0 0x0 0x0 0x0 0x0 0x53d0005 0x16 0x178ebb10 0x46 0x0 0x0 0x54d0005 0x0 0x178ebbc0 0x2e 0x178ebc70 0x2e 0x55b0005 0x0 0x0 0x0 0x0 0x0 0x56b0005 0x0 0x0 0x0 0x0 0x0 0x5790005 0x0 0x0 0x0 0x0 0x0 0x5890005 0x0 0x0 0x0 0x0 0x0 0x5970005 0x0 0x0 0x0 0x0 0x0 0x5a70005 0x0 0x0 0x0 0x0 0x0 0x5b50005 0x0 0x178ebb10 0x6e 0x0 0x0 0x5c50005 0x0 0x178ebbc0 0x37 0x178ebc70 0x37 0x5dd0005 0x0 0x178ebbc0 0x52 0x178ebc70 0x52 0x5f50005 0x0 0x0 0x0 0x0 0x0 0x60d0005 0x0 0x178ebbc0 0x8 0x178ebc70 0x8 0x6250005 0x0 0x0 0x0 0x0 0x0 0x63d0005 0x0 0x178ebc70 0x3d1 0x178ebbc0 0x3d1 0x64c0005 0x0 0x178ebbc0 0xa 0x178ebc70 0xa 0x65b0005 0x0 0x0 0x0 0x0 0x0 0x66a0005 0x0 0x0 0x0 0x0 0x0 0x6790005 0x0 0x0 0x0 0x0 0x0 0x6880005 0x0 0x178ebbc0 0x3 0x178ebc70 0x3 0x6970005 0x0 0x0 0x0 0x0 0x0 0x6a60005 0x0 0x0 0x0 0x0 0x0 0x6b50005 0x0 0x0 0x0 0x0 0x0 0x6c30005 0x6 0x178ebb10 0x14 0x0 0x0 0x6d30005 0x0 0x178ebbc0 0xd 0x178ebc70 0xd 0x6e10005 0x0 0x0 0x0 0x0 0x0 0x6f10005 0x0 0x0 0x0 0x0 0x0 0x6ff0005 0x0 0x0 0x0 0x0 0x0 0x70f0005 0x0 0x0 0x0 0x0 0x0 0x71d0005 0x0 0x0 0x0 0x0 0x0 0x72d0005 0x0 0x0 0x0 0x0 0x0 0x73b0005 0x0 0x178ebb10 0x26 0x0 0x0 0x74b0005 0x0 0x178ebbc0 0x13 0x178ebc70 0x13 0x7630005 0x0 0x178ebbc0 0x7 0x178ebc70 0x7 0x77b0005 0x0 0x0 0x0 0x0 0x0 0x7930005 0x0 0x178ebbc0 0x3 0x178ebc70 0x3 0x7ab0005 0x0 0x0 0x0 0x0 0x0 0x7c30005 0x0 0x178ebbc0 0x2f 0x178ebc70 0x2f 0x7d20005 0x0 0x178ebbc0 0xa 0x178ebc70 0xa 0x7e10005 0x0 0x0 0x0 0x0 0x0 0x7f00005 0x0 0x0 0x0 0x0 0x0 0x7ff0005 0x0 0x0 0x0 0x0 0x0 0x80e0005 0x0 0x178ebbc0 0x2 0x178ebc70 0x2 0x81d0005 0x0 0x0 0x0 0x0 0x0 0x82c0005 0x0 0x0 0x0 0x0 0x0 0x83b0005 0x0 0x0 0x0 0x0 0x0 0x8490005 0x0 0x178ebbc0 0x72 0x178ebc70 0x72 0x8570005 0x7 0x178ebbc0 0x7 0x178ebf30 0x2 0x8670005 0x0 0x0 0x0 0x0 0x0 0x8770005 0x0 0x178ebbc0 0x7 0x178ebc70 0x7 0x8870005 0x0 0x0 0x0 0x0 0x0 0x8950005 0x2 0x178ebb10 0x30 0x0 0x0 0x8a10005 0x2 0x178ebb10 0x30 0x0 0x0 0x8b10005 0x0 0x178ebbc0 0x19 0x178ebc70 0x19 0x8bf0005 0x0 0x0 0x0 0x0 0x0 0x8cd0005 0x0 0x178ebbc0 0x3 0x178ebc70 0x3 0x8db0005 0x0 0x0 0x0 0x0 0x0 0x8e90005 0x7 0x178ebbc0 0x7 0x178ebf30 0x2 0x8f80005 0x3c 0x178ebb10 0x192 0x0 0x0 0x9040005 0x0 0x178ebbc0 0xe7 0x178ebc70 0xe7 0x9120005 0x0 0x0 0x0 0x0 0x0 0x9210005 0x0 0x0 0x0 0x0 0x0 0x92b0002 0x2 0x9320002 0x2 0x93f0005 0x0 0x178ebbc0 0x2a 0x178ebc70 0x29 0x94f0005 0x0 0x0 0x0 0x0 0x0 0x95f0005 0x0 0x178ebbc0 0x1 0x178ebc70 0x1 0x96f0005 0x0 0x0 0x0 0x0 0x0 0x97f0005 0x0 0x178ebbc0 0x5c 0x178ebc70 0x5c 0x98d0005 0x0 0x178ebc70 0x76 0x178ebbc0 0x75 0x99b0005 0xed 0x178ebb10 0x8bb 0x0 0x0 0x9a60005 0x0 0x178ebd20 0x9a8 0x0 0x0 0x9b40005 0x0 0x178ebc70 0x4d4 0x178ebbc0 0x4d4 0x9c20005 0x4 0x178ebb10 0x1e 0x0 0x0 0x9ce0005 0x4 0x178ebb10 0x1e 0x0 0x0 0x9da0005 0x4 0x178ebb10 0x1e 0x0 0x0 0x9e50005 0x0 0x178ebd20 0x22 0x0 0x0 0x9fa0005 0x0 0x178ebbc0 0x11 0x178ebc70 0x11 0xa070002 0x0 0xa0e0002 0x4 0xa150002 0x0 0xa200005 0x0 0x0 0x0 0x0 0x0 0xa2c0005 0x0 0x0 0x0 0x0 0x0 0xa370005 0x0 0x0 0x0 0x0 0x0 0xa460005 0x0 0x0 0x0 0x0 0x0 0xa550005 0x0 0x0 0x0 0x0 0x0 0xa5f0007 0x0 0x38 0x0 0xa650003 0x0 0x18 0xa740005 0x0 0x0 0x0 0x0 0x0 0xa7f0005 0x0 0x0 0x0 0x0 0x0 0xa8c0002 0x0 0xa910005 0x0 0x0 0x0 0x0 0x0 0xa950002 0x0 0xa980005 0x0 0x0 0x0 0x0 0x0 0xa9b0005 0x0 0x0 0x0 0x0 0x0 0xa9e0005 0x0 0x0 0x0 0x0 0x0 0xaa90002 0x0 0xab40002 0x0 0xab90005 0x0 0x0 0x0 0x0 0x0 0xabd0002 0x0 0xac00005 0x0 0x0 0x0 0x0 0x0 0xac30005 0x0 0x0 0x0 0x0 0x0 0xac60005 0x0 0x0 0x0 0x0 0x0 oops 108 6 com/android/dx/util/ByteArray 428 com/android/dx/cf/code/BasicBlocker 430 com/android/dx/cf/code/Simulator$SimVisitor 434 com/android/dx/cf/code/BasicBlocker 436 com/android/dx/cf/code/Simulator$SimVisitor 440 com/android/dx/cf/code/BasicBlocker 442 com/android/dx/cf/code/Simulator$SimVisitor 446 com/android/dx/cf/code/BasicBlocker 448 com/android/dx/cf/code/Simulator$SimVisitor 452 com/android/dx/cf/code/BasicBlocker 454 com/android/dx/cf/code/Simulator$SimVisitor 458 com/android/dx/cf/code/BasicBlocker 460 com/android/dx/cf/code/Simulator$SimVisitor 464 com/android/dx/cf/code/BasicBlocker 466 com/android/dx/cf/code/Simulator$SimVisitor 470 com/android/dx/cf/code/BasicBlocker 472 com/android/dx/cf/code/Simulator$SimVisitor 488 com/android/dx/cf/code/BasicBlocker 490 com/android/dx/cf/code/Simulator$SimVisitor 494 com/android/dx/cf/code/BasicBlocker 496 com/android/dx/cf/code/Simulator$SimVisitor 500 com/android/dx/cf/code/BasicBlocker 502 com/android/dx/cf/code/Simulator$SimVisitor 518 com/android/dx/util/ByteArray 526 com/android/dx/cf/code/BasicBlocker 528 com/android/dx/cf/code/Simulator$SimVisitor 532 com/android/dx/util/ByteArray 540 com/android/dx/cf/code/BasicBlocker 542 com/android/dx/cf/code/Simulator$SimVisitor 546 com/android/dx/util/ByteArray 552 com/android/dx/rop/cst/StdConstantPool 558 com/android/dx/rop/cst/CstFloat 560 com/android/dx/rop/cst/CstInteger 568 com/android/dx/rop/cst/CstInteger 574 com/android/dx/rop/cst/CstInteger 583 com/android/dx/cf/code/BasicBlocker 585 com/android/dx/cf/code/Simulator$SimVisitor 589 com/android/dx/util/ByteArray 595 com/android/dx/rop/cst/StdConstantPool 626 com/android/dx/cf/code/BasicBlocker 628 com/android/dx/cf/code/Simulator$SimVisitor 650 com/android/dx/util/ByteArray 656 com/android/dx/cf/code/BasicBlocker 658 com/android/dx/cf/code/Simulator$SimVisitor 698 com/android/dx/util/ByteArray 704 com/android/dx/cf/code/BasicBlocker 706 com/android/dx/cf/code/Simulator$SimVisitor 710 com/android/dx/cf/code/BasicBlocker 712 com/android/dx/cf/code/Simulator$SimVisitor 722 com/android/dx/cf/code/BasicBlocker 724 com/android/dx/cf/code/Simulator$SimVisitor 734 com/android/dx/cf/code/Simulator$SimVisitor 736 com/android/dx/cf/code/BasicBlocker 740 com/android/dx/cf/code/BasicBlocker 742 com/android/dx/cf/code/Simulator$SimVisitor 764 com/android/dx/cf/code/BasicBlocker 766 com/android/dx/cf/code/Simulator$SimVisitor 788 com/android/dx/util/ByteArray 794 com/android/dx/cf/code/BasicBlocker 796 com/android/dx/cf/code/Simulator$SimVisitor 836 com/android/dx/util/ByteArray 842 com/android/dx/cf/code/BasicBlocker 844 com/android/dx/cf/code/Simulator$SimVisitor 848 com/android/dx/cf/code/BasicBlocker 850 com/android/dx/cf/code/Simulator$SimVisitor 860 com/android/dx/cf/code/BasicBlocker 862 com/android/dx/cf/code/Simulator$SimVisitor 872 com/android/dx/cf/code/BasicBlocker 874 com/android/dx/cf/code/Simulator$SimVisitor 878 com/android/dx/cf/code/BasicBlocker 880 com/android/dx/cf/code/Simulator$SimVisitor 902 com/android/dx/cf/code/BasicBlocker 904 com/android/dx/cf/code/Simulator$SimVisitor 926 com/android/dx/cf/code/BasicBlocker 928 com/android/dx/cf/code/Simulator$SimVisitor 932 com/android/dx/cf/code/BasicBlocker 934 com/android/dx/cf/code/BytecodeArray$ConstantParserVisitor 944 com/android/dx/cf/code/BasicBlocker 946 com/android/dx/cf/code/Simulator$SimVisitor 956 com/android/dx/util/ByteArray 962 com/android/dx/util/ByteArray 968 com/android/dx/cf/code/BasicBlocker 970 com/android/dx/cf/code/Simulator$SimVisitor 980 com/android/dx/cf/code/BasicBlocker 982 com/android/dx/cf/code/Simulator$SimVisitor 992 com/android/dx/cf/code/BasicBlocker 994 com/android/dx/cf/code/BytecodeArray$ConstantParserVisitor 998 com/android/dx/util/ByteArray 1004 com/android/dx/cf/code/BasicBlocker 1006 com/android/dx/cf/code/Simulator$SimVisitor 1026 com/android/dx/cf/code/BasicBlocker 1028 com/android/dx/cf/code/Simulator$SimVisitor 1038 com/android/dx/cf/code/BasicBlocker 1040 com/android/dx/cf/code/Simulator$SimVisitor 1050 com/android/dx/cf/code/BasicBlocker 1052 com/android/dx/cf/code/Simulator$SimVisitor 1056 com/android/dx/cf/code/Simulator$SimVisitor 1058 com/android/dx/cf/code/BasicBlocker 1062 com/android/dx/util/ByteArray 1068 com/android/dx/rop/cst/StdConstantPool 1074 com/android/dx/cf/code/Simulator$SimVisitor 1076 com/android/dx/cf/code/BasicBlocker 1080 com/android/dx/util/ByteArray 1086 com/android/dx/util/ByteArray 1092 com/android/dx/util/ByteArray 1098 com/android/dx/rop/cst/StdConstantPool 1104 com/android/dx/cf/code/BasicBlocker 1106 com/android/dx/cf/code/Simulator$SimVisitor
ciMethod com/android/dx/cf/code/BytecodeArray$ConstantParserVisitor <init> (Lcom/android/dx/cf/code/BytecodeArray;)V 49 1 4 0 -1
ciMethodData com/android/dx/rop/cst/CstInteger getValue ()I 2 2423 orig 264 72 34 146 112 0 0 0 0 200 241 118 20 0 0 0 0 120 1 0 0 0 0 0 0 0 0 0 0 0 0 0 0 0 0 0 0 0 0 0 0 0 0 0 0 0 0 0 0 0 0 0 0 0 0 0 0 0 0 0 0 0 0 0 0 0 0 0 0 0 0 0 0 0 0 0 0 0 0 0 0 77 68 79 32 101 120 116 114 97 32 100 97 116 97 32 108 111 99 107 0 0 0 0 0 0 0 0 0 0 0 0 0 0 0 0 0 0 0 0 0 0 0 0 0 0 0 0 0 0 0 0 0 0 0 0 0 0 0 0 0 0 0 0 0 0 0 0 0 0 0 0 0 0 0 0 0 0 0 0 0 0 0 0 0 0 0 0 0 0 0 0 0 0 0 0 0 0 0 0 0 0 0 0 0 0 0 0 0 0 0 0 0 0 0 0 0 0 0 0 0 0 0 0 0 0 0 0 0 0 0 0 0 0 0 0 0 86 1 0 0 9 65 0 0 1 0 0 0 0 0 0 0 0 0 0 0 2 0 0 0 0 0 3 0 2 0 0 0 48 0 0 0 255 255 255 255 5 0 1 0 0 0 0 0 data 6 0x10005 0x1b1 0x178ebe80 0x670 0x0 0x0 oops 1 2 com/android/dx/rop/cst/CstInteger
ciMethodData com/android/dx/cf/code/ConcreteMethod getCatches ()Lcom/android/dx/cf/code/ByteCatchList; 2 4127 orig 264 72 34 146 112 0 0 0 0 104 130 125 20 0 0 0 0 120 1 0 0 0 0 0 0 0 0 0 0 0 0 0 0 0 0 0 0 0 0 0 0 0 0 0 0 0 0 0 0 0 0 0 0 0 0 0 0 0 0 0 0 0 0 0 0 0 0 0 0 0 0 0 0 0 0 0 0 0 0 0 0 77 68 79 32 101 120 116 114 97 32 100 97 116 97 32 108 111 99 107 0 0 0 0 0 0 0 0 0 0 0 0 0 0 0 0 0 0 0 0 0 0 0 0 0 0 0 0 0 0 0 0 0 0 0 0 0 0 0 0 0 0 0 0 0 0 0 0 0 0 0 0 0 0 0 0 0 0 0 0 0 0 0 0 0 0 0 0 0 0 0 0 0 0 0 0 0 0 0 0 0 0 0 0 0 0 0 0 0 0 0 0 0 0 0 0 0 0 0 0 0 0 0 0 0 0 0 0 0 0 0 0 0 0 0 0 0 0 2 0 0 249 112 0 0 1 0 0 0 0 0 0 0 0 0 0 0 2 0 0 0 0 0 3 0 2 0 0 0 48 0 0 0 255 255 255 255 5 0 4 0 0 0 0 0 data 6 0x40005 0x63 0x174d8660 0xdbc 0x0 0x0 oops 1 2 com/android/dx/cf/attrib/AttCode
ciMethodData com/android/dx/cf/code/BasicBlocker addWorkIfNecessary (IZ)V 2 5394 orig 264 72 34 146 112 0 0 0 0 168 18 127 20 0 0 0 0 200 1 0 0 48 0 0 0 0 0 0 0 0 0 0 0 0 0 0 0 0 0 0 0 0 0 0 0 0 0 0 0 0 0 0 0 0 0 0 0 0 0 0 0 0 0 0 0 0 0 0 0 0 0 0 0 0 0 0 0 0 0 0 0 77 68 79 32 101 120 116 114 97 32 100 97 116 97 32 108 111 99 107 0 0 0 0 0 0 0 0 0 0 0 0 0 0 0 0 0 0 0 0 0 0 0 0 0 0 0 0 0 0 0 0 0 0 0 0 0 0 0 0 0 0 0 0 0 0 0 0 0 0 0 0 0 0 0 0 0 0 0 0 0 0 0 0 0 0 0 0 0 0 0 0 0 0 0 0 0 0 0 0 0 0 0 0 0 0 0 0 0 0 0 0 0 0 0 0 0 0 0 0 0 0 0 0 0 0 0 0 0 0 0 0 0 0 0 0 0 0 2 0 0 145 152 0 0 1 0 0 0 0 0 0 0 0 0 0 0 2 0 0 0 0 0 13 0 2 0 0 0 112 0 0 0 255 255 255 255 2 0 5 0 0 0 0 0 data 14 0x50002 0x1312 0x80007 0xe 0x30 0x1304 0x100002 0x1304 0x140007 0xc1d 0x30 0x6f6 0x1c0002 0x6f6 oops 0
ciMethodData com/android/dx/cf/code/BasicBlocker visitCommon (IIZ)V 2 3804 orig 264 72 34 146 112 0 0 0 0 168 19 127 20 0 0 0 0 200 1 0 0 64 0 0 0 0 0 0 0 0 0 0 0 0 0 0 0 0 0 0 0 0 0 0 0 0 0 0 0 0 0 0 0 0 0 0 0 0 0 0 0 0 0 0 0 0 0 0 0 0 0 0 0 0 0 0 0 0 0 0 0 77 68 79 32 101 120 116 114 97 32 100 97 116 97 32 108 111 99 107 0 0 0 0 0 0 0 0 0 0 0 0 0 0 0 0 0 0 0 0 0 0 0 0 0 0 0 0 0 0 0 0 0 0 0 0 0 0 0 0 0 0 0 0 0 0 0 0 0 0 0 0 0 0 0 0 0 0 0 0 0 0 0 0 0 0 0 0 0 0 0 0 0 0 0 0 0 0 0 0 0 0 0 0 0 0 0 0 0 0 0 0 0 0 0 0 0 0 0 0 0 0 0 0 0 0 0 0 0 0 0 0 0 0 0 0 0 0 2 0 0 225 102 0 0 1 0 0 0 0 0 0 0 0 0 0 0 2 0 0 0 0 0 15 0 2 0 0 0 104 0 0 0 255 255 255 255 2 0 5 0 0 0 0 0 data 13 0x50002 0xcdc 0x90007 0x122 0x48 0xbba 0x110002 0xbba 0x140003 0xbbb 0x28 0x1e0002 0x122 oops 0
ciMethodData com/android/dx/util/ByteArray getByte (I)I 1 120 orig 264 72 34 146 112 0 0 0 0 24 135 118 20 0 0 0 0 72 1 0 0 0 0 0 0 0 0 0 0 0 0 0 0 0 0 0 0 0 0 0 0 0 0 0 0 0 0 0 0 0 0 0 0 0 0 0 0 0 0 0 0 0 0 0 0 0 0 0 0 0 0 0 0 0 0 0 0 0 0 0 0 77 68 79 32 101 120 116 114 97 32 100 97 116 97 32 108 111 99 107 0 0 0 0 0 0 0 0 0 0 0 0 0 0 0 0 0 0 0 0 0 0 0 0 0 0 0 0 0 0 0 0 0 0 0 0 0 0 0 0 0 0 0 0 0 0 0 0 0 0 0 0 0 0 0 0 0 0 0 0 0 0 0 0 0 0 0 0 0 0 0 0 0 0 0 0 0 0 0 0 0 0 0 0 0 0 0 0 0 0 0 0 0 0 0 0 0 0 0 0 0 0 0 0 0 0 0 0 0 0 0 0 0 0 0 0 0 20 0 0 0 33 3 0 0 1 0 0 0 0 0 0 0 0 0 0 0 2 0 0 0 0 0 0 0 0 0 0 0 32 0 0 0 255 255 255 255 2 0 5 0 0 0 0 0 data 4 0x50002 0x64 0xa0002 0x64 oops 0
ciMethodData com/android/dx/util/ByteArray getShort (I)I 1 500 orig 264 72 34 146 112 0 0 0 0 224 135 118 20 0 0 0 0 88 1 0 0 0 0 0 0 0 0 0 0 0 0 0 0 0 0 0 0 0 0 0 0 0 0 0 0 0 0 0 0 0 0 0 0 0 0 0 0 0 0 0 0 0 0 0 0 0 0 0 0 0 0 0 0 0 0 0 0 0 0 0 0 77 68 79 32 101 120 116 114 97 32 100 97 116 97 32 108 111 99 107 0 0 0 0 0 0 0 0 0 0 0 0 0 0 0 0 0 0 0 0 0 0 0 0 0 0 0 0 0 0 0 0 0 0 0 0 0 0 0 0 0 0 0 0 0 0 0 0 0 0 0 0 0 0 0 0 0 0 0 0 0 0 0 0 0 0 0 0 0 0 0 0 0 0 0 0 0 0 0 0 0 0 0 0 0 0 0 0 0 0 0 0 0 0 0 0 0 0 0 0 0 0 0 0 0 0 0 0 0 0 0 0 0 0 0 0 0 76 0 0 0 65 13 0 0 1 0 0 0 0 0 0 0 0 0 0 0 2 0 0 0 0 0 0 0 0 0 0 0 48 0 0 0 255 255 255 255 2 0 5 0 0 0 0 0 data 6 0x50002 0x1a8 0xa0002 0x1a8 0x140002 0x1a8 oops 0
ciMethodData com/android/dx/cf/code/BytecodeArray parseTableswitch (ILcom/android/dx/cf/code/BytecodeArray$Visitor;)I 1 40 orig 264 72 34 146 112 0 0 0 0 16 233 120 20 0 0 0 0 232 3 0 0 40 1 0 0 0 0 0 0 0 0 0 0 0 0 0 0 0 0 0 0 0 0 0 0 0 0 0 0 0 0 0 0 0 0 0 0 0 0 0 0 0 0 0 0 0 0 0 0 0 0 0 0 0 0 0 0 0 0 0 0 77 68 79 32 101 120 116 114 97 32 100 97 116 97 32 108 111 99 107 0 0 0 0 0 0 0 0 0 0 0 0 0 0 0 0 0 0 0 0 0 0 0 0 0 0 0 0 0 0 0 0 0 0 0 0 0 0 0 0 0 0 0 0 0 0 0 0 0 0 0 0 0 0 0 0 0 0 0 0 0 0 0 0 0 0 0 0 0 0 0 0 0 0 0 0 0 0 0 0 0 0 0 0 0 0 0 0 0 0 0 0 0 0 0 0 0 0 0 0 0 0 0 0 0 0 0 0 0 0 0 0 0 0 0 0 0 20 0 0 0 17 0 0 0 161 0 0 0 0 0 0 0 0 0 0 0 2 0 0 0 0 0 0 0 0 0 0 0 144 2 0 0 255 255 255 255 7 0 18 0 0 0 0 0 data 82 0x120007 0x2 0x68 0x4 0x200005 0x4 0x0 0x0 0x0 0x0 0x290003 0x4 0xffffffffffffffb0 0x320005 0x2 0x0 0x0 0x0 0x0 0x3f0005 0x2 0x0 0x0 0x0 0x0 0x4c0005 0x2 0x0 0x0 0x0 0x0 0x610007 0x2 0x30 0x0 0x6a0002 0x0 0x740002 0x2 0x800007 0x2 0x98 0x10 0x890005 0x10 0x0 0x0 0x0 0x0 0x9b0005 0x10 0x0 0x0 0x0 0x0 0xa10003 0x10 0xffffffffffffff80 0xa80005 0x2 0x0 0x0 0x0 0x0 0xad0005 0x2 0x0 0x0 0x0 0x0 0xb20005 0x2 0x0 0x0 0x0 0x0 0xc50005 0x0 0x178ebbc0 0x1 0x178ebc70 0x1 oops 2 78 com/android/dx/cf/code/BasicBlocker 80 com/android/dx/cf/code/Simulator$SimVisitor
ciMethodData com/android/dx/cf/code/BytecodeArray parseLookupswitch (ILcom/android/dx/cf/code/BytecodeArray$Visitor;)I 1 42 orig 264 72 34 146 112 0 0 0 0 56 235 120 20 0 0 0 0 184 3 0 0 200 0 0 0 0 0 0 0 0 0 0 0 0 0 0 0 0 0 0 0 0 0 0 0 0 0 0 0 0 0 0 0 0 0 0 0 0 0 0 0 0 0 0 0 0 0 0 0 0 0 0 0 0 0 0 0 0 0 0 0 77 68 79 32 101 120 116 114 97 32 100 97 116 97 32 108 111 99 107 0 0 0 0 0 0 0 0 0 0 0 0 0 0 0 0 0 0 0 0 0 0 0 0 0 0 0 0 0 0 0 0 0 0 0 0 0 0 0 0 0 0 0 0 0 0 0 0 0 0 0 0 0 0 0 0 0 0 0 0 0 0 0 0 0 0 0 0 0 0 0 0 0 0 0 0 0 0 0 0 0 0 0 0 0 0 0 0 0 0 0 0 0 0 0 0 0 0 0 0 0 0 0 0 0 0 0 0 0 0 0 0 0 0 0 0 0 32 0 0 0 17 0 0 0 81 0 0 0 0 0 0 0 0 0 0 0 2 0 0 0 0 0 0 0 0 0 0 0 96 2 0 0 255 255 255 255 7 0 18 0 0 0 0 0 data 76 0x120007 0x2 0x68 0x6 0x200005 0x6 0x0 0x0 0x0 0x0 0x290003 0x6 0xffffffffffffffb0 0x320005 0x2 0x0 0x0 0x0 0x0 0x3f0005 0x2 0x0 0x0 0x0 0x0 0x4d0002 0x2 0x590007 0x2 0xc8 0x4 0x610005 0x4 0x0 0x0 0x0 0x0 0x6e0005 0x4 0x0 0x0 0x0 0x0 0x7d0005 0x4 0x0 0x0 0x0 0x0 0x830003 0x4 0xffffffffffffff50 0x8a0005 0x2 0x0 0x0 0x0 0x0 0x8f0005 0x2 0x0 0x0 0x0 0x0 0x940005 0x2 0x0 0x0 0x0 0x0 0xa70005 0x0 0x178ebbc0 0x1 0x178ebc70 0x1 oops 2 72 com/android/dx/cf/code/BasicBlocker 74 com/android/dx/cf/code/Simulator$SimVisitor
ciMethodData com/android/dx/cf/code/BytecodeArray parseNewarray (ILcom/android/dx/cf/code/BytecodeArray$Visitor;)I 1 4 orig 264 72 34 146 112 0 0 0 0 160 239 120 20 0 0 0 0 72 10 0 0 144 8 0 0 0 0 0 0 0 0 0 0 0 0 0 0 0 0 0 0 0 0 0 0 0 0 0 0 0 0 0 0 0 0 0 0 0 0 0 0 0 0 0 0 0 0 0 0 0 0 0 0 0 0 0 0 0 0 0 0 77 68 79 32 101 120 116 114 97 32 100 97 116 97 32 108 111 99 107 0 0 0 0 0 0 0 0 0 0 0 0 0 0 0 0 0 0 0 0 0 0 0 0 0 0 0 0 0 0 0 0 0 0 0 0 0 0 0 0 0 0 0 0 0 0 0 0 0 0 0 0 0 0 0 0 0 0 0 0 0 0 0 0 0 0 0 0 0 0 0 0 0 0 0 0 0 0 0 0 0 0 0 0 0 0 0 0 0 0 0 0 0 0 0 0 0 0 0 0 0 0 0 0 0 0 0 0 0 0 0 0 0 0 0 0 0 2 0 0 0 17 0 0 0 1 0 0 0 0 0 0 0 0 0 0 0 2 0 0 0 0 0 0 0 0 0 0 0 240 8 0 0 255 255 255 255 5 0 7 0 0 0 0 0 data 286 0x70005 0x2 0x0 0x0 0x0 0x0 0xc0008 0x12 0x0 0x160 0x0 0xa0 0x0 0xb8 0x0 0xe8 0x0 0xd0 0x0 0x100 0x0 0x118 0x2 0x130 0x0 0x148 0x410003 0x0 0x180 0x490003 0x0 0x168 0x510003 0x0 0x150 0x590003 0x0 0x138 0x610003 0x0 0x120 0x690003 0x0 0x108 0x710003 0x2 0xf0 0x790003 0x0 0xd8 0x840002 0x0 0x890005 0x0 0x0 0x0 0x0 0x0 0x8d0002 0x0 0x900005 0x0 0x0 0x0 0x0 0x0 0x930005 0x0 0x0 0x0 0x0 0x0 0x960002 0x0 0x9b0005 0x0 0x178ebbc0 0x1 0x178ebc70 0x1 0xa70002 0x2 0xb10007 0x0 0xc0 0x2 0xb90005 0x2 0x0 0x0 0x0 0x0 0xc20104 0x0 0x0 0x0 0x0 0x0 0xc50007 0x2 0x40 0x0 0xd10007 0x0 0x20 0x0 0xeb0002 0x2 0xf20007 0x2 0x4f0 0x0 0x1010005 0x0 0x0 0x0 0x0 0x0 0x10a0007 0x0 0x38 0x0 0x10d0003 0x0 0x480 0x1150005 0x0 0x0 0x0 0x0 0x0 0x11e0007 0x0 0x438 0x0 0x1260004 0x0 0x0 0x0 0x0 0x0 0x1290007 0x0 0x3e8 0x0 0x1330007 0x0 0x38 0x0 0x1360003 0x0 0x3a8 0x1480005 0x0 0x0 0x0 0x0 0x0 0x1510007 0x0 0x360 0x0 0x1590004 0x0 0x0 0x0 0x0 0x0 0x15c0007 0x0 0x38 0x0 0x15f0003 0x0 0x2f0 0x1730005 0x0 0x0 0x0 0x0 0x0 0x1800005 0x0 0x0 0x0 0x0 0x0 0x1860008 0x12 0x0 0x228 0x0 0xa0 0x0 0xd8 0x0 0x148 0x0 0x110 0x0 0xa0 0x0 0x180 0x0 0x1b8 0x0 0x1f0 0x1b80007 0x0 0x188 0x0 0x1be0003 0x0 0x168 0x1c50007 0x0 0x150 0x0 0x1cb0003 0x0 0x130 0x1d20007 0x0 0x118 0x0 0x1d80003 0x0 0xf8 0x1df0007 0x0 0xe0 0x0 0x1e50003 0x0 0xc0 0x1ec0007 0x0 0xa8 0x0 0x1f20003 0x0 0x88 0x1f90007 0x0 0x70 0x0 0x1ff0003 0x0 0x50 0x2060007 0x0 0x38 0x0 0x20c0003 0x0 0x18 0x2140007 0x0 0x38 0x0 0x2170003 0x0 0x30 0x2210003 0x0 0xfffffffffffffb48 0x2270007 0x2 0x40 0x0 0x22e0007 0x0 0x50 0x0 0x2370005 0x0 0x178ebbc0 0x1 0x178ebc70 0x1 0x2480005 0x0 0x0 0x0 0x0 0x0 oops 4 76 com/android/dx/cf/code/BasicBlocker 78 com/android/dx/cf/code/Simulator$SimVisitor 276 com/android/dx/cf/code/BasicBlocker 278 com/android/dx/cf/code/Simulator$SimVisitor
ciMethodData com/android/dx/cf/code/BytecodeArray parseWide (ILcom/android/dx/cf/code/BytecodeArray$Visitor;)I 1 0 orig 264 72 34 146 112 0 0 0 0 104 242 120 20 0 0 0 0 56 5 0 0 128 3 0 0 0 0 0 0 0 0 0 0 0 0 0 0 0 0 0 0 0 0 0 0 0 0 0 0 0 0 0 0 0 0 0 0 0 0 0 0 0 0 0 0 0 0 0 0 0 0 0 0 0 0 0 0 0 0 0 0 77 68 79 32 101 120 116 114 97 32 100 97 116 97 32 108 111 99 107 0 0 0 0 0 0 0 0 0 0 0 0 0 0 0 0 0 0 0 0 0 0 0 0 0 0 0 0 0 0 0 0 0 0 0 0 0 0 0 0 0 0 0 0 0 0 0 0 0 0 0 0 0 0 0 0 0 0 0 0 0 0 0 0 0 0 0 0 0 0 0 0 0 0 0 0 0 0 0 0 0 0 0 0 0 0 0 0 0 0 0 0 0 0 0 0 0 0 0 0 0 0 0 0 0 0 0 0 0 0 0 0 0 0 0 0 0 0 0 0 0 1 0 0 0 1 0 0 0 0 0 0 0 0 0 0 0 2 0 0 0 0 0 0 0 0 0 0 0 224 3 0 0 255 255 255 255 5 0 7 0 0 0 0 0 data 124 0x70005 0x0 0x0 0x0 0x0 0x0 0x120005 0x0 0x0 0x0 0x0 0x0 0x180008 0x1a 0x0 0x350 0x0 0xe0 0x0 0x110 0x0 0x140 0x0 0x170 0x0 0x1a0 0x0 0x1d0 0x0 0x200 0x0 0x230 0x0 0x260 0x0 0x290 0x0 0x2f0 0x0 0x2c0 0x8f0005 0x0 0x0 0x0 0x0 0x0 0xa10005 0x0 0x0 0x0 0x0 0x0 0xb30005 0x0 0x0 0x0 0x0 0x0 0xc50005 0x0 0x0 0x0 0x0 0x0 0xd70005 0x0 0x0 0x0 0x0 0x0 0xe90005 0x0 0x0 0x0 0x0 0x0 0xfb0005 0x0 0x0 0x0 0x0 0x0 0x10d0005 0x0 0x0 0x0 0x0 0x0 0x11f0005 0x0 0x0 0x0 0x0 0x0 0x1310005 0x0 0x0 0x0 0x0 0x0 0x1420005 0x0 0x0 0x0 0x0 0x0 0x1500005 0x0 0x0 0x0 0x0 0x0 0x1610005 0x0 0x0 0x0 0x0 0x0 0x16f0005 0x0 0x0 0x0 0x0 0x0 oops 0
ciMethodData com/android/dx/util/IntList makeImmutable (I)Lcom/android/dx/util/IntList; 2 3196 orig 264 72 34 146 112 0 0 0 0 184 57 127 20 0 0 0 0 184 1 0 0 0 0 0 0 0 0 0 0 0 0 0 0 0 0 0 0 0 0 0 0 0 0 0 0 0 0 0 0 0 0 0 0 0 0 0 0 0 0 0 0 0 0 0 0 0 0 0 0 0 0 0 0 0 0 0 0 0 0 0 0 77 68 79 32 101 120 116 114 97 32 100 97 116 97 32 108 111 99 107 0 0 0 0 0 0 0 0 0 0 0 0 0 0 0 0 0 0 0 0 0 0 0 0 0 0 0 0 0 0 0 0 0 0 0 0 0 0 0 0 0 0 0 0 0 0 0 0 0 0 0 0 0 0 0 0 0 0 0 0 0 0 0 0 0 0 0 0 0 0 0 0 0 0 0 0 0 0 0 0 0 0 0 0 0 0 0 0 0 0 0 0 0 0 0 0 0 0 0 0 0 0 0 0 0 0 0 0 0 0 0 0 0 0 0 0 0 0 2 0 0 225 83 0 0 1 0 0 0 0 0 0 0 0 0 0 0 2 0 0 0 0 0 3 0 2 0 0 0 112 0 0 0 255 255 255 255 2 0 5 0 0 0 0 0 data 14 0x50002 0xa7c 0xb0005 0xaf 0x177657f0 0x9cd 0x0 0x0 0xf0005 0x0 0x177657f0 0xa7c 0x0 0x0 oops 2 4 com/android/dx/util/IntList 10 com/android/dx/util/IntList
ciMethodData com/android/dx/cf/code/BasicBlocker visitConstant (IIILcom/android/dx/rop/cst/Constant;I)V 2 1706 orig 264 72 34 146 112 0 0 0 0 192 9 127 20 0 0 0 0 128 2 0 0 224 0 0 0 0 0 0 0 0 0 0 0 0 0 0 0 0 0 0 0 0 0 0 0 0 0 0 0 0 0 0 0 0 0 0 0 0 0 0 0 0 0 0 0 0 0 0 0 0 0 0 0 0 0 0 0 0 0 0 0 77 68 79 32 101 120 116 114 97 32 100 97 116 97 32 108 111 99 107 0 0 0 0 0 0 0 0 0 0 0 0 0 0 0 0 0 0 0 0 0 0 0 0 0 0 0 0 0 0 0 0 0 0 0 0 0 0 0 0 0 0 0 0 0 0 0 0 0 0 0 0 0 0 0 0 0 0 0 0 0 0 0 0 0 0 0 0 0 0 0 0 0 0 0 0 0 0 0 0 0 0 0 0 0 0 0 0 0 0 0 0 0 0 0 0 0 0 0 0 0 0 0 0 0 0 0 0 0 0 0 0 0 0 0 0 0 0 2 0 0 81 37 0 0 1 0 0 0 0 0 0 0 0 0 0 0 2 0 0 0 0 0 14 0 2 0 0 0 16 1 0 0 255 255 255 255 2 0 4 0 0 0 0 0 data 34 0x40002 0x4aa 0x90004 0xfffffffffffffef1 0x1739c890 0x207 0x174d5920 0x27 0xc0007 0x39b 0xc0 0x10f 0x110004 0xffffffffffffff33 0x174d5920 0x27 0x178ebe80 0xe 0x140007 0x42 0x70 0xcd 0x190004 0xffffffffffffff8e 0x174d5920 0x5b 0x178ebe80 0xe 0x1c0007 0x72 0x30 0x5b 0x230002 0x438 oops 6 4 com/android/dx/rop/cst/CstFieldRef 6 com/android/dx/rop/cst/CstString 14 com/android/dx/rop/cst/CstString 16 com/android/dx/rop/cst/CstInteger 24 com/android/dx/rop/cst/CstString 26 com/android/dx/rop/cst/CstInteger
ciMethodData com/android/dx/cf/code/Simulator$SimVisitor visitConstant (IIILcom/android/dx/rop/cst/Constant;I)V 2 1820 orig 264 72 34 146 112 0 0 0 0 88 136 128 20 0 0 0 0 104 7 0 0 56 5 0 0 0 0 0 0 0 0 0 0 0 0 0 0 0 0 0 0 0 0 0 0 0 0 0 0 0 0 0 0 0 0 0 0 0 0 0 0 0 0 0 0 0 0 0 0 0 0 0 0 0 0 0 0 0 0 0 0 77 68 79 32 101 120 116 114 97 32 100 97 116 97 32 108 111 99 107 0 0 0 0 0 0 0 0 0 0 0 0 0 0 0 0 0 0 0 0 0 0 0 0 0 0 0 0 0 0 0 0 0 0 0 0 0 0 0 0 0 0 0 0 0 0 0 0 0 0 0 0 0 0 0 0 0 0 0 0 0 0 0 0 0 0 0 0 0 0 0 0 0 0 0 0 0 0 0 0 0 0 0 0 0 0 0 0 0 0 0 0 0 0 0 0 0 0 0 0 0 0 0 0 0 0 0 0 0 0 0 0 0 0 0 0 0 0 2 0 0 225 40 0 0 1 0 0 0 0 0 0 0 0 0 0 0 2 0 0 0 0 0 23 0 2 0 0 0 248 5 0 0 255 255 255 255 8 0 1 0 0 0 0 0 data 191 0x10008 0x28 0x2c 0x538 0x0 0x198 0x35 0x240 0x8 0x288 0x4e 0x390 0x8 0x390 0xd 0x438 0x2 0x330 0x0 0x538 0x5 0x538 0x0 0x538 0x0 0x150 0x0 0x538 0x0 0x538 0x0 0x240 0x0 0x240 0x0 0x538 0x0 0x538 0x0 0x538 0x0 0x4e0 0x670005 0x0 0x1765cbf0 0x3 0x0 0x0 0x6c0003 0x3 0x3e8 0x710004 0x0 0x1739c890 0x4 0x0 0x0 0x740005 0x0 0x1739c890 0x4 0x0 0x0 0x830005 0x0 0x1765cbf0 0x4 0x0 0x0 0x880003 0x4 0x340 0x960005 0x0 0x1765cbf0 0x179 0x0 0x0 0x9b0003 0x179 0x2f8 0xa00004 0x0 0x1739c890 0xa9 0x0 0x0 0xa30005 0x8 0x1739c890 0xa1 0x0 0x0 0xb50005 0x0 0x1765cbf0 0xa9 0x0 0x0 0xba0003 0xa9 0x250 0xbf0004 0x0 0x174d3e80 0xc 0x0 0x0 0xc20005 0x2 0x174d3e80 0xa 0x0 0x0 0xc90004 0x0 0x174d37b0 0x191 0x0 0x0 0xcd0005 0x58 0x174d37b0 0x139 0x0 0x0 0xdc0005 0x0 0x1765cbf0 0x191 0x0 0x0 0xe10003 0x191 0x148 0xe60004 0x0 0x174d37b0 0x29 0x0 0x0 0xea0005 0xd 0x174d37b0 0x1c 0x0 0x0 0xf90005 0x0 0x1765cbf0 0x29 0x0 0x0 0xfe0003 0x29 0xa0 0x1060002 0x0 0x1150005 0x0 0x0 0x0 0x0 0x0 0x11a0003 0x0 0x48 0x1210005 0x0 0x1765cbf0 0x139 0x0 0x0 0x12c0005 0x0 0x1765cbf0 0x51c 0x0 0x0 0x1370005 0x0 0x1765cbf0 0x51c 0x0 0x0 0x1460005 0x0 0x1765cbf0 0x51c 0x0 0x0 oops 20 44 com/android/dx/cf/code/RopperMachine 53 com/android/dx/rop/cst/CstFieldRef 59 com/android/dx/rop/cst/CstFieldRef 65 com/android/dx/cf/code/RopperMachine 74 com/android/dx/cf/code/RopperMachine 83 com/android/dx/rop/cst/CstFieldRef 89 com/android/dx/rop/cst/CstFieldRef 95 com/android/dx/cf/code/RopperMachine 104 com/android/dx/rop/cst/CstInterfaceMethodRef 110 com/android/dx/rop/cst/CstInterfaceMethodRef 116 com/android/dx/rop/cst/CstMethodRef 122 com/android/dx/rop/cst/CstMethodRef 128 com/android/dx/cf/code/RopperMachine 137 com/android/dx/rop/cst/CstMethodRef 143 com/android/dx/rop/cst/CstMethodRef 149 com/android/dx/cf/code/RopperMachine 169 com/android/dx/cf/code/RopperMachine 175 com/android/dx/cf/code/RopperMachine 181 com/android/dx/cf/code/RopperMachine 187 com/android/dx/cf/code/RopperMachine
ciMethodData com/android/dx/cf/code/BasicBlocker visitThrowing (IIZ)V 2 1538 orig 264 72 34 146 112 0 0 0 0 216 20 127 20 0 0 0 0 184 2 0 0 248 0 0 0 0 0 0 0 0 0 0 0 0 0 0 0 0 0 0 0 0 0 0 0 0 0 0 0 0 0 0 0 0 0 0 0 0 0 0 0 0 0 0 0 0 0 0 0 0 0 0 0 0 0 0 0 0 0 0 0 77 68 79 32 101 120 116 114 97 32 100 97 116 97 32 108 111 99 107 0 0 0 0 0 0 0 0 0 0 0 0 0 0 0 0 0 0 0 0 0 0 0 0 0 0 0 0 0 0 0 0 0 0 0 0 0 0 0 0 0 0 0 0 0 0 0 0 0 0 0 0 0 0 0 0 0 0 0 0 0 0 0 0 0 0 0 0 0 0 0 0 0 0 0 0 0 0 0 0 0 0 0 0 0 0 0 0 0 0 0 0 0 0 0 0 0 0 0 0 0 0 0 0 0 0 0 0 0 0 0 0 0 0 0 0 0 0 2 0 0 17 32 0 0 1 0 0 0 0 0 0 0 0 0 0 0 2 0 0 0 0 0 18 0 2 0 0 0 88 1 0 0 255 255 255 255 7 0 6 0 0 0 0 0 data 43 0x60007 0x10 0x30 0x3f2 0xd0002 0x3f2 0x140005 0x156 0x173966d0 0x2ac 0x0 0x0 0x180005 0x156 0x17396960 0x2ac 0x0 0x0 0x240004 0x0 0x17396960 0x402 0x0 0x0 0x2d0007 0x10 0x38 0x3f2 0x320003 0x3f2 0x18 0x360005 0x156 0x17396960 0x2ac 0x0 0x0 0x390004 0x0 0x177657f0 0x402 0x0 0x0 oops 5 8 com/android/dx/cf/code/ConcreteMethod 14 com/android/dx/cf/code/ByteCatchList 20 com/android/dx/cf/code/ByteCatchList 33 com/android/dx/cf/code/ByteCatchList 39 com/android/dx/util/IntList
ciMethodData com/android/dx/cf/code/ByteCatchList listFor (I)Lcom/android/dx/cf/code/ByteCatchList; 2 1540 orig 264 72 34 146 112 0 0 0 0 144 36 121 20 0 0 0 0 96 3 0 0 104 1 0 0 0 0 0 0 0 0 0 0 0 0 0 0 0 0 0 0 0 0 0 0 0 0 0 0 0 0 0 0 0 0 0 0 0 0 0 0 0 0 0 0 0 0 0 0 0 0 0 0 0 0 0 0 0 0 0 0 77 68 79 32 101 120 116 114 97 32 100 97 116 97 32 108 111 99 107 0 0 0 0 0 0 0 0 0 0 0 0 0 0 0 0 0 0 0 0 0 0 0 0 0 0 0 0 0 0 0 0 0 0 0 0 0 0 0 0 0 0 0 0 0 0 0 0 0 0 0 0 0 0 0 0 0 0 0 0 0 0 0 0 0 0 0 0 0 0 0 0 0 0 0 0 0 0 0 0 0 0 0 0 0 0 0 0 0 0 0 0 0 0 0 0 0 0 0 0 0 0 0 0 0 0 0 0 0 0 0 0 0 0 0 0 0 0 2 0 0 33 32 0 0 169 6 0 0 0 0 0 0 0 0 0 0 2 0 0 0 2 0 35 0 2 0 0 0 16 2 0 0 255 255 255 255 5 0 1 0 0 0 0 0 data 66 0x10005 0x155 0x17396960 0x2af 0x0 0x0 0x130007 0x404 0x118 0xa5 0x190005 0x0 0x17396960 0xa5 0x0 0x0 0x210005 0x0 0x174dae10 0xa5 0x0 0x0 0x240007 0x75 0x80 0x30 0x2c0002 0x30 0x2f0007 0x0 0x50 0x30 0x370004 0x0 0x174dae10 0x30 0x0 0x0 0x3e0003 0xa5 0xffffffffffffff00 0x430007 0x16 0x20 0x3ee 0x500002 0x16 0x5c0007 0x16 0x68 0x30 0x670005 0x0 0x17396960 0x30 0x0 0x0 0x6d0003 0x30 0xffffffffffffffb0 0x720005 0x0 0x17396960 0x16 0x0 0x0 oops 6 2 com/android/dx/cf/code/ByteCatchList 12 com/android/dx/cf/code/ByteCatchList 18 com/android/dx/cf/code/ByteCatchList$Item 34 com/android/dx/cf/code/ByteCatchList$Item 53 com/android/dx/cf/code/ByteCatchList 62 com/android/dx/cf/code/ByteCatchList
ciMethodData com/android/dx/cf/code/ByteCatchList toTargetList (I)Lcom/android/dx/util/IntList; 2 1546 orig 264 72 34 146 112 0 0 0 0 80 39 121 20 0 0 0 0 200 3 0 0 24 2 0 0 0 0 0 0 0 0 0 0 0 0 0 0 0 0 0 0 0 0 0 0 0 0 0 0 0 0 0 0 0 0 0 0 0 0 0 0 0 0 0 0 0 0 0 0 0 0 0 0 0 0 0 0 0 0 0 0 77 68 79 32 101 120 116 114 97 32 100 97 116 97 32 108 111 99 107 0 0 0 0 0 0 0 0 0 0 0 0 0 0 0 0 0 0 0 0 0 0 0 0 0 0 0 0 0 0 0 0 0 0 0 0 0 0 0 0 0 0 0 0 0 0 0 0 0 0 0 0 0 0 0 0 0 0 0 0 0 0 0 0 0 0 0 0 0 0 0 0 0 0 0 0 0 0 0 0 0 0 0 0 0 0 0 0 0 0 0 0 0 0 0 0 0 0 0 0 0 0 0 0 0 0 0 0 0 0 0 0 0 0 0 0 0 0 2 0 0 81 32 0 0 129 1 0 0 0 0 0 0 0 0 0 0 2 0 0 0 1 0 21 0 2 0 0 0 120 2 0 0 255 255 255 255 7 0 2 0 0 0 0 0 data 79 0x20007 0x40a 0x30 0x0 0xb0002 0x0 0x100007 0x10 0x38 0x3fa 0x140003 0x3fa 0x18 0x1a0005 0x155 0x17396960 0x2b5 0x0 0x0 0x1f0007 0x16 0x50 0x3f4 0x230007 0x10 0x30 0x3e4 0x270002 0x3e4 0x350007 0x0 0x38 0x16 0x390003 0x16 0x18 0x3e0002 0x16 0x490007 0x16 0xc8 0x30 0x510005 0x0 0x17396960 0x30 0x0 0x0 0x540005 0x0 0x174dae10 0x30 0x0 0x0 0x570005 0x0 0x177657f0 0x30 0x0 0x0 0x5d0003 0x30 0xffffffffffffff50 0x610007 0x0 0x50 0x16 0x670005 0x0 0x177657f0 0x16 0x0 0x0 0x6c0005 0x0 0x177657f0 0x16 0x0 0x0 oops 6 15 com/android/dx/cf/code/ByteCatchList 44 com/android/dx/cf/code/ByteCatchList 50 com/android/dx/cf/code/ByteCatchList$Item 56 com/android/dx/util/IntList 69 com/android/dx/util/IntList 75 com/android/dx/util/IntList
ciMethodData com/android/dx/cf/code/BasicBlocker visitLocal (IIIILcom/android/dx/rop/type/Type;I)V 1 1387 orig 264 72 34 146 112 0 0 0 0 160 8 127 20 0 0 0 0 0 2 0 0 96 0 0 0 0 0 0 0 0 0 0 0 0 0 0 0 0 0 0 0 0 0 0 0 0 0 0 0 0 0 0 0 0 0 0 0 0 0 0 0 0 0 0 0 0 0 0 0 0 0 0 0 0 0 0 0 0 0 0 0 77 68 79 32 101 120 116 114 97 32 100 97 116 97 32 108 111 99 107 0 0 0 0 0 0 0 0 0 0 0 0 0 0 0 0 0 0 0 0 0 0 0 0 0 0 0 0 0 0 0 0 0 0 0 0 0 0 0 0 0 0 0 0 0 0 0 0 0 0 0 0 0 0 0 0 0 0 0 0 0 0 0 0 0 0 0 0 0 0 0 0 0 0 0 0 0 0 0 0 0 0 0 0 0 0 0 0 0 0 0 0 0 0 0 0 0 0 0 0 0 0 0 0 0 0 0 0 0 0 0 0 0 0 0 0 0 0 2 0 0 89 27 0 0 1 0 0 0 0 0 0 0 0 0 0 0 2 0 0 0 0 0 11 0 2 0 0 0 136 0 0 0 255 255 255 255 7 0 4 0 0 0 0 0 data 17 0x40007 0x36b 0x78 0x0 0xb0002 0x0 0x160004 0x0 0x0 0x0 0x0 0x0 0x170003 0x0 0x28 0x1e0002 0x36b oops 0
ciMethodData com/android/dx/cf/code/Simulator$SimVisitor visitLocal (IIIILcom/android/dx/rop/type/Type;I)V 1 1449 orig 264 72 34 146 112 0 0 0 0 136 133 128 20 0 0 0 0 0 7 0 0 40 5 0 0 0 0 0 0 0 0 0 0 0 0 0 0 0 0 0 0 0 0 0 0 0 0 0 0 0 0 0 0 0 0 0 0 0 0 0 0 0 0 0 0 0 0 0 0 0 0 0 0 0 0 0 0 0 0 0 0 77 68 79 32 101 120 116 114 97 32 100 97 116 97 32 108 111 99 107 0 0 0 0 0 0 0 0 0 0 0 0 0 0 0 0 0 0 0 0 0 0 0 0 0 0 0 0 0 0 0 0 0 0 0 0 0 0 0 0 0 0 0 0 0 0 0 0 0 0 0 0 0 0 0 0 0 0 0 0 0 0 0 0 0 0 0 0 0 0 0 0 0 0 0 0 0 0 0 0 0 0 0 0 0 0 0 0 0 0 0 0 0 0 0 0 0 0 0 0 0 0 0 0 0 0 0 0 0 0 0 0 0 0 0 0 0 0 2 0 0 73 29 0 0 1 0 0 0 0 0 0 0 0 0 0 0 2 0 0 0 0 0 41 0 2 0 0 0 136 5 0 0 255 255 255 255 7 0 3 0 0 0 0 0 data 177 0x30007 0x369 0x38 0x40 0x90003 0x40 0x18 0x130002 0x3a9 0x1a0005 0x53 0x174c2290 0x356 0x0 0x0 0x210007 0xd 0xe0 0x39c 0x260005 0x0 0x174c24e0 0x39c 0x0 0x0 0x2d0005 0x52 0x177764d0 0x34a 0x0 0x0 0x320005 0x52 0x177764d0 0x34a 0x0 0x0 0x350007 0x39c 0x30 0x0 0x3c0002 0x0 0x450008 0xa 0x0 0x3d0 0x49 0x60 0xa 0x140 0x0 0x250 0x0 0x60 0x7a0005 0x0 0x1765cbf0 0x351 0x0 0x0 0x850007 0xd 0x38 0x344 0x890003 0x344 0x18 0x8d0005 0x0 0x1765cbf0 0x351 0x0 0x0 0x980005 0x0 0x1765cbf0 0x351 0x0 0x0 0x9d0003 0x351 0x2d8 0xa20007 0x40 0x38 0x0 0xa60003 0x0 0x48 0xab0005 0x0 0x174c24e0 0x40 0x0 0x0 0xba0005 0x0 0x1765cbf0 0x40 0x0 0x0 0xc50005 0x0 0x1765cbf0 0x40 0x0 0x0 0xd40005 0x0 0x1765cbf0 0x40 0x0 0x0 0xd90003 0x40 0x1c8 0xde0007 0x18 0x38 0x0 0xe20003 0x0 0x48 0xe70005 0x0 0x174c24e0 0x18 0x0 0x0 0xf60005 0x0 0x1765cbf0 0x18 0x0 0x0 0x1050005 0x0 0x1765cbf0 0x18 0x0 0x0 0x1100005 0x0 0x1765cbf0 0x18 0x0 0x0 0x11b0005 0x0 0x1765cbf0 0x18 0x0 0x0 0x1260002 0x18 0x1290005 0x0 0x1765cbf0 0x18 0x0 0x0 0x12e0003 0x18 0x48 0x1350005 0x0 0x0 0x0 0x0 0x0 0x1430005 0x0 0x1765cbf0 0x3a9 0x0 0x0 oops 18 11 com/android/dx/cf/code/LocalVariableList 21 com/android/dx/cf/code/LocalVariableList$Item 27 com/android/dx/rop/type/Type 33 com/android/dx/rop/type/Type 57 com/android/dx/cf/code/RopperMachine 70 com/android/dx/cf/code/RopperMachine 76 com/android/dx/cf/code/RopperMachine 92 com/android/dx/cf/code/LocalVariableList$Item 98 com/android/dx/cf/code/RopperMachine 104 com/android/dx/cf/code/RopperMachine 110 com/android/dx/cf/code/RopperMachine 126 com/android/dx/cf/code/LocalVariableList$Item 132 com/android/dx/cf/code/RopperMachine 138 com/android/dx/cf/code/RopperMachine 144 com/android/dx/cf/code/RopperMachine 150 com/android/dx/cf/code/RopperMachine 158 com/android/dx/cf/code/RopperMachine 173 com/android/dx/cf/code/RopperMachine
ciMethodData com/android/dx/cf/code/ByteCatchList get (I)Lcom/android/dx/cf/code/ByteCatchList$Item; 1 317 orig 264 72 34 146 112 0 0 0 0 40 33 121 20 0 0 0 0 176 1 0 0 0 0 0 0 0 0 0 0 0 0 0 0 0 0 0 0 0 0 0 0 0 0 0 0 0 0 0 0 0 0 0 0 0 0 0 0 0 0 0 0 0 0 0 0 0 0 0 0 0 0 0 0 0 0 0 0 0 0 0 0 77 68 79 32 101 120 116 114 97 32 100 97 116 97 32 108 111 99 107 0 0 0 0 0 0 0 0 0 0 0 0 0 0 0 0 0 0 0 0 0 0 0 0 0 0 0 0 0 0 0 0 0 0 0 0 0 0 0 0 0 0 0 0 0 0 0 0 0 0 0 0 0 0 0 0 0 0 0 0 0 0 0 0 0 0 0 0 0 0 0 0 0 0 0 0 0 0 0 0 0 0 0 0 0 0 0 0 0 0 0 0 0 0 0 0 0 0 0 0 0 0 0 0 0 0 0 0 0 0 0 0 0 0 0 0 0 0 0 0 0 233 9 0 0 1 0 0 0 0 0 0 0 0 0 0 0 2 0 0 0 0 0 0 0 0 0 0 0 96 0 0 0 255 255 255 255 5 0 2 0 0 0 0 0 data 12 0x20005 0x8 0x17396960 0x135 0x0 0x0 0x50004 0x0 0x174dae10 0x13d 0x0 0x0 oops 2 2 com/android/dx/cf/code/ByteCatchList 8 com/android/dx/cf/code/ByteCatchList$Item
ciMethodData com/android/dx/cf/code/BasicBlocker visitNoArgs (IIILcom/android/dx/rop/type/Type;)V 1 484 orig 264 72 34 146 112 0 0 0 0 120 7 127 20 0 0 0 0 88 4 0 0 152 2 0 0 0 0 0 0 0 0 0 0 0 0 0 0 0 0 0 0 0 0 0 0 0 0 0 0 0 0 0 0 0 0 0 0 0 0 0 0 0 0 0 0 0 0 0 0 0 0 0 0 0 0 0 0 0 0 0 0 77 68 79 32 101 120 116 114 97 32 100 97 116 97 32 108 111 99 107 0 0 0 0 0 0 0 0 0 0 0 0 0 0 0 0 0 0 0 0 0 0 0 0 0 0 0 0 0 0 0 0 0 0 0 0 0 0 0 0 0 0 0 0 0 0 0 0 0 0 0 0 0 0 0 0 0 0 0 0 0 0 0 0 0 0 0 0 0 0 0 0 0 0 0 0 0 0 0 0 0 0 0 0 0 0 0 0 0 0 0 0 0 0 0 0 0 0 0 0 0 0 0 0 0 0 0 0 0 0 0 0 0 0 0 0 0 0 1 0 0 33 7 0 0 1 0 0 0 0 0 0 0 0 0 0 0 2 0 0 0 0 0 31 0 2 0 0 0 240 2 0 0 255 255 255 255 8 0 1 0 0 0 0 0 data 94 0x10008 0x32 0x0 0x2e0 0x0 0x230 0x0 0x230 0x0 0x230 0x0 0x230 0x0 0x230 0x0 0x230 0x0 0x230 0x0 0x230 0x0 0x230 0x0 0x230 0x0 0x230 0x0 0x230 0x0 0x230 0x0 0x230 0x0 0x230 0x0 0x230 0x0 0x268 0x0 0x268 0x0 0x1a0 0x0 0x1a0 0x0 0x230 0x0 0x1f8 0x0 0x230 0x0 0x230 0xd00002 0x79 0xdb0004 0x0 0x177657f0 0x79 0x0 0x0 0xdc0003 0x79 0x110 0xe30002 0xe 0xea0002 0xe 0xed0003 0xe 0xd8 0xf40002 0xb 0xfb0002 0xb 0xfe0003 0xb 0xa0 0x1050002 0x0 0x10d0007 0x0 0x40 0x0 0x1150007 0x0 0x58 0x0 0x11c0002 0x0 0x11f0003 0x0 0x28 0x1260002 0x52 oops 1 56 com/android/dx/util/IntList
ciMethodData com/android/dx/cf/code/ByteCatchList <init> (I)V 1 28 orig 264 72 34 146 112 0 0 0 0 96 31 121 20 0 0 0 0 56 1 0 0 0 0 0 0 0 0 0 0 0 0 0 0 0 0 0 0 0 0 0 0 0 0 0 0 0 0 0 0 0 0 0 0 0 0 0 0 0 0 0 0 0 0 0 0 0 0 0 0 0 0 0 0 0 0 0 0 0 0 0 0 77 68 79 32 101 120 116 114 97 32 100 97 116 97 32 108 111 99 107 0 0 0 0 0 0 0 0 0 0 0 0 0 0 0 0 0 0 0 0 0 0 0 0 0 0 0 0 0 0 0 0 0 0 0 0 0 0 0 0 0 0 0 0 0 0 0 0 0 0 0 0 0 0 0 0 0 0 0 0 0 0 0 0 0 0 0 0 0 0 0 0 0 0 0 0 0 0 0 0 0 0 0 0 0 0 0 0 0 0 0 0 0 0 0 0 0 0 0 0 0 0 0 0 0 0 0 0 0 0 0 0 0 0 0 0 0 3 0 0 0 201 0 0 0 1 0 0 0 0 0 0 0 0 0 0 0 2 0 0 0 0 0 0 0 0 0 0 0 16 0 0 0 255 255 255 255 2 0 2 0 0 0 0 0 data 2 0x20002 0x19 oops 0
ciMethodData com/android/dx/cf/code/Simulator$SimVisitor visitNoArgs (IIILcom/android/dx/rop/type/Type;)V 1 524 orig 264 72 34 146 112 0 0 0 0 24 129 128 20 0 0 0 0 144 42 0 0 120 40 0 0 0 0 0 0 0 0 0 0 0 0 0 0 0 0 0 0 0 0 0 0 0 0 0 0 0 0 0 0 0 0 0 0 0 0 0 0 0 0 0 0 0 0 0 0 0 0 0 0 0 0 0 0 0 0 0 0 77 68 79 32 101 120 116 114 97 32 100 97 116 97 32 108 111 99 107 0 0 0 0 0 0 0 0 0 0 0 0 0 0 0 0 0 0 0 0 0 0 0 0 0 0 0 0 0 0 0 0 0 0 0 0 0 0 0 0 0 0 0 0 0 0 0 0 0 0 0 0 0 0 0 0 0 0 0 0 0 0 0 0 0 0 0 0 0 0 0 0 0 0 0 0 0 0 0 0 0 0 0 0 0 0 0 0 0 0 0 0 0 0 0 0 0 0 0 0 0 0 0 0 0 0 0 0 0 0 0 0 0 0 0 0 0 0 1 0 0 97 8 0 0 1 0 0 0 0 0 0 0 0 0 0 0 2 0 0 0 0 0 116 0 2 0 0 0 8 41 0 0 255 255 255 255 8 0 1 0 0 0 0 0 data 1313 0x10008 0x18a 0x0 0x2878 0x0 0xc60 0x0 0x2878 0x0 0x2878 0x0 0x2878 0x0 0x2878 0x0 0x2878 0x0 0x2878 0x0 0x2878 0x0 0x2878 0x0 0x2878 0x0 0x2878 0x0 0x2878 0x0 0x2878 0x0 0x2878 0x0 0x2878 0x0 0x2878 0x0 0x2878 0x0 0x2878 0x0 0x2878 0x0 0x2878 0x0 0x2878 0x0 0x2878 0x0 0x2878 0x0 0x2878 0x0 0x2878 0x0 0x2878 0x0 0x2878 0x0 0x2878 0x0 0x2878 0x0 0x2878 0x0 0x2878 0x0 0x2878 0x0 0x2878 0x0 0x2878 0x0 0x2878 0x0 0x2878 0x0 0x2878 0x0 0x2878 0x0 0x2878 0x0 0x2878 0x0 0x2878 0x0 0x2878 0x0 0x2878 0x0 0x2878 0x0 0x2878 0x0 0x2878 0x0 0x1268 0x0 0x2878 0x0 0x2878 0x0 0x2878 0x0 0x2878 0x0 0x2878 0x0 0x2878 0x0 0x2878 0x0 0x2878 0x0 0x2878 0x0 0x2878 0x0 0x2878 0x0 0x2878 0x0 0x2878 0x0 0x2878 0x0 0x2878 0x0 0x2878 0x0 0x2878 0x0 0x2878 0x0 0x2878 0x0 0x2878 0x0 0x2878 0x0 0x2878 0x0 0x2878 0x0 0x2878 0x0 0x2878 0x0 0x2878 0x0 0x2878 0x0 0x2878 0x0 0x2878 0x0 0x2878 0x0 0x2878 0x0 0x2878 0x0 0x14b8 0x0 0x2878 0x0 0x2878 0x0 0x2878 0x0 0x2878 0x0 0x2878 0x0 0x2878 0x0 0x2878 0x0 0xf40 0x0 0x1658 0x0 0x1890 0x0 0x19c8 0x0 0x1b80 0x0 0x1658 0x0 0x1e40 0x0 0x2180 0x0 0x26c0 0x0 0x1350 0x0 0x2878 0x0 0x2878 0x0 0x2878 0x0 0x1350 0x0 0x2878 0x0 0x2878 0x0 0x2878 0x0 0x1350 0x0 0x2878 0x0 0x2878 0x0 0x2878 0x0 0x1350 0x0 0x2878 0x0 0x2878 0x0 0x2878 0x0 0x1350 0x0 0x2878 0x0 0x2878 0x0 0x2878 0x0 0xca8 0x0 0x2878 0x0 0x2878 0x0 0x2878 0x0 0x1398 0x0 0x2878 0x0 0x1398 0x0 0x2878 0x0 0x1398 0x0 0x2878 0x0 0x1350 0x0 0x2878 0x0 0x1350 0x0 0x2878 0x0 0x1350 0x0 0x2878 0x0 0x2878 0x0 0xcf0 0x0 0xcf0 0x0 0xcf0 0x0 0xd38 0x0 0xd38 0x0 0xd38 0x0 0xd80 0x0 0xd80 0x0 0xd80 0x0 0xdc8 0x0 0xdc8 0x0 0xdc8 0x0 0xcf0 0x0 0xcf0 0x0 0xcf0 0x0 0x13e0 0x0 0x1428 0x0 0x1428 0x0 0x1470 0x0 0x1470 0x0 0x2878 0x0 0x2878 0x0 0x2878 0x0 0x2878 0x0 0x2878 0x0 0x2878 0x0 0x2878 0x0 0x2878 0x0 0x2878 0x0 0x2878 0x0 0x2878 0x0 0x2878 0x0 0x2878 0x0 0x2878 0x0 0x2878 0x0 0x2878 0x0 0x2878 0x0 0x2878 0x0 0x2878 0x0 0xe68 0x0 0x2878 0x0 0x2878 0x0 0x2878 0x0 0x2878 0x0 0xe10 0x0 0x2878 0x0 0x2878 0x0 0x2878 0x0 0x2878 0x0 0x2878 0x0 0x2878 0x0 0x2878 0x0 0x2878 0x0 0x2878 0x0 0x2878 0x0 0x2878 0x0 0x2878 0x0 0x1048 0x0 0x1220 0x0 0x2878 0x0 0x2878 0x0 0x1220 0x0 0x1220 0x3240005 0x0 0x0 0x0 0x0 0x0 0x3290003 0x0 0x1c18 0x3360005 0x0 0x0 0x0 0x0 0x0 0x33b0003 0x0 0x1bd0 0x3490005 0x0 0x0 0x0 0x0 0x0 0x34e0003 0x0 0x1b88 0x35c0005 0x0 0x0 0x0 0x0 0x0 0x3610003 0x0 0x1b40 0x36f0005 0x0 0x0 0x0 0x0 0x0 0x3740003 0x0 0x1af8 0x3820005 0x0 0x0 0x0 0x0 0x0 0x3870003 0x0 0x1ab0 0x38e0005 0x0 0x1765cbf0 0x38 0x0 0x0 0x3970002 0x38 0x39a0003 0x38 0x1a58 0x3a60007 0x23 0x80 0x3c 0x3ad0005 0x0 0x17768440 0x3c 0x0 0x0 0x3b10005 0x0 0x175d0dd0 0x3c 0x0 0x0 0x3c00005 0x0 0x1765cbf0 0x5f 0x0 0x0 0x3c80002 0x5f 0x3cb0003 0x5f 0x1980 0x3d20005 0x0 0x17768440 0x1e 0x0 0x0 0x3d60005 0x0 0x175d0dd0 0x1e 0x0 0x0 0x3dd0005 0x0 0x177764d0 0x1e 0x0 0x0 0x3e00007 0x1e 0x30 0x0 0x3e30002 0x0 0x3f00005 0x0 0x1765cbf0 0x1e 0x0 0x0 0x3f50003 0x1e 0x1878 0x3fc0005 0x0 0x17768440 0x1 0x0 0x0 0x4000005 0x0 0x175d0dd0 0x1 0x0 0x0 0x4070005 0x0 0x177764d0 0x1 0x0 0x0 0x40a0007 0x1 0x100 0x0 0x4150002 0x0 0x41a0005 0x0 0x0 0x0 0x0 0x0 0x41f0005 0x0 0x0 0x0 0x0 0x0 0x4220005 0x0 0x0 0x0 0x0 0x0 0x4250005 0x0 0x0 0x0 0x0 0x0 0x4280002 0x0 0x4370005 0x0 0x1765cbf0 0x1 0x0 0x0 0x43c0003 0x1 0x16a0 0x44a0005 0x0 0x1765cbf0 0x10 0x0 0x0 0x44f0003 0x10 0x1658 0x4560005 0x0 0x17768440 0xa 0x0 0x0 0x45a0005 0x0 0x175d0dd0 0xa 0x0 0x0 0x4630002 0xa 0x46a0005 0x0 0x177764d0 0xa 0x0 0x0 0x47c0005 0x0 0x1765cbf0 0xa 0x0 0x0 0x4810003 0xa 0x1570 0x4900005 0x0 0x1765cbf0 0x4 0x0 0x0 0x4950003 0x4 0x1528 0x4a50005 0x0 0x0 0x0 0x0 0x0 0x4aa0003 0x0 0x14e0 0x4bb0005 0x0 0x0 0x0 0x0 0x0 0x4c00003 0x0 0x1498 0x4d10005 0x0 0x0 0x0 0x0 0x0 0x4d60003 0x0 0x1450 0x4e70005 0x0 0x0 0x0 0x0 0x0 0x4ec0003 0x0 0x1408 0x4f30005 0x0 0x0 0x0 0x0 0x0 0x4fa0005 0x0 0x0 0x0 0x0 0x0 0x4fd0007 0x0 0x38 0x0 0x5010003 0x0 0x18 0x50b0005 0x0 0x0 0x0 0x0 0x0 0x5140005 0x0 0x0 0x0 0x0 0x0 0x51d0002 0x0 0x5240007 0x0 0x50 0x0 0x5290005 0x0 0x0 0x0 0x0 0x0 0x53d0005 0x0 0x0 0x0 0x0 0x0 0x5420003 0x0 0x1268 0x5490005 0x0 0x0 0x0 0x0 0x0 0x5510005 0x0 0x0 0x0 0x0 0x0 0x5540005 0x0 0x0 0x0 0x0 0x0 0x5570007 0x0 0x68 0x0 0x5630005 0x0 0x0 0x0 0x0 0x0 0x56c0003 0x0 0xf0 0x5720005 0x0 0x0 0x0 0x0 0x0 0x5750005 0x0 0x0 0x0 0x0 0x0 0x5780007 0x0 0x68 0x0 0x5840005 0x0 0x0 0x0 0x0 0x0 0x58e0003 0x0 0x28 0x5910002 0x0 0x5980007 0x0 0x1080 0x0 0x5a10005 0x0 0x0 0x0 0x0 0x0 0x5a60003 0x0 0x1030 0x5ad0005 0x0 0x17768440 0x36 0x0 0x0 0x5b10005 0x0 0x175d0dd0 0x36 0x0 0x0 0x5b80005 0x0 0x177764d0 0x36 0x0 0x0 0x5bb0007 0x36 0x30 0x0 0x5be0002 0x0 0x5cb0005 0x0 0x1765cbf0 0x36 0x0 0x0 0x5d60005 0x0 0x1765cbf0 0x36 0x0 0x0 0x5db0003 0x36 0xef8 0x5e20005 0x0 0x17768440 0x2 0x0 0x0 0x5ea0005 0x0 0x175d0dd0 0x2 0x0 0x0 0x5ed0005 0x0 0x177764d0 0x2 0x0 0x0 0x5f00007 0x0 0xa0 0x2 0x5f60005 0x0 0x175d0dd0 0x2 0x0 0x0 0x5f90005 0x0 0x177764d0 0x2 0x0 0x0 0x5fc0007 0x2 0x30 0x0 0x5ff0002 0x0 0x60c0005 0x0 0x1765cbf0 0x2 0x0 0x0 0x6180005 0x0 0x1765cbf0 0x2 0x0 0x0 0x61d0003 0x2 0xd40 0x6240005 0x0 0x0 0x0 0x0 0x0 0x62c0005 0x0 0x0 0x0 0x0 0x0 0x62f0005 0x0 0x0 0x0 0x0 0x0 0x6320007 0x0 0x30 0x0 0x6350002 0x0 0x63c0005 0x0 0x0 0x0 0x0 0x0 0x63f0005 0x0 0x0 0x0 0x0 0x0 0x6420007 0x0 0x98 0x0 0x64e0005 0x0 0x0 0x0 0x0 0x0 0x65a0005 0x0 0x0 0x0 0x0 0x0 0x65f0003 0x0 0xb88 0x6650005 0x0 0x0 0x0 0x0 0x0 0x6680005 0x0 0x0 0x0 0x0 0x0 0x66b0007 0x0 0x98 0x0 0x6770005 0x0 0x0 0x0 0x0 0x0 0x6830005 0x0 0x0 0x0 0x0 0x0 0x6880003 0x0 0xa90 0x68b0002 0x0 0x6930005 0x0 0x0 0x0 0x0 0x0 0x69b0005 0x0 0x0 0x0 0x0 0x0 0x69e0005 0x0 0x0 0x0 0x0 0x0 0x6a10007 0x0 0x128 0x0 0x6a70005 0x0 0x0 0x0 0x0 0x0 0x6aa0005 0x0 0x0 0x0 0x0 0x0 0x6ad0007 0x0 0x30 0x0 0x6b00002 0x0 0x6bd0005 0x0 0x0 0x0 0x0 0x0 0x6c90005 0x0 0x0 0x0 0x0 0x0 0x6ce0003 0x0 0x8c8 0x6d40005 0x0 0x0 0x0 0x0 0x0 0x6d70005 0x0 0x0 0x0 0x0 0x0 0x6da0007 0x0 0xa0 0x0 0x6e00005 0x0 0x0 0x0 0x0 0x0 0x6e30005 0x0 0x0 0x0 0x0 0x0 0x6e60007 0x0 0x30 0x0 0x6e90002 0x0 0x6f60005 0x0 0x0 0x0 0x0 0x0 0x7010005 0x0 0x0 0x0 0x0 0x0 0x7060003 0x0 0x740 0x70d0005 0x0 0x0 0x0 0x0 0x0 0x7150005 0x0 0x0 0x0 0x0 0x0 0x7180005 0x0 0x0 0x0 0x0 0x0 0x71b0007 0x0 0x220 0x0 0x7210005 0x0 0x0 0x0 0x0 0x0 0x7240005 0x0 0x0 0x0 0x0 0x0 0x7270007 0x0 0x98 0x0 0x7330005 0x0 0x0 0x0 0x0 0x0 0x73f0005 0x0 0x0 0x0 0x0 0x0 0x7440003 0x0 0x598 0x74a0005 0x0 0x0 0x0 0x0 0x0 0x74d0005 0x0 0x0 0x0 0x0 0x0 0x7500007 0x0 0x98 0x0 0x75c0005 0x0 0x0 0x0 0x0 0x0 0x7680005 0x0 0x0 0x0 0x0 0x0 0x76d0003 0x0 0x4a0 0x7700002 0x0 0x7770005 0x0 0x0 0x0 0x0 0x0 0x77a0005 0x0 0x0 0x0 0x0 0x0 0x77d0007 0x0 0x220 0x0 0x7830005 0x0 0x0 0x0 0x0 0x0 0x7860005 0x0 0x0 0x0 0x0 0x0 0x7890007 0x0 0x98 0x0 0x7950005 0x0 0x0 0x0 0x0 0x0 0x7a00005 0x0 0x0 0x0 0x0 0x0 0x7a50003 0x0 0x318 0x7ab0005 0x0 0x0 0x0 0x0 0x0 0x7ae0005 0x0 0x0 0x0 0x0 0x0 0x7b10007 0x0 0x98 0x0 0x7bd0005 0x0 0x0 0x0 0x0 0x0 0x7c80005 0x0 0x0 0x0 0x0 0x0 0x7cd0003 0x0 0x220 0x7d00002 0x0 0x7d40002 0x0 0x7dc0005 0x0 0x0 0x0 0x0 0x0 0x7e40005 0x0 0x0 0x0 0x0 0x0 0x7e70005 0x0 0x0 0x0 0x0 0x0 0x7ea0007 0x0 0xa0 0x0 0x7f00005 0x0 0x0 0x0 0x0 0x0 0x7f30005 0x0 0x0 0x0 0x0 0x0 0x7f60007 0x0 0x30 0x0 0x7f90002 0x0 0x8060005 0x0 0x0 0x0 0x0 0x0 0x8110005 0x0 0x0 0x0 0x0 0x0 0x8160003 0x0 0x48 0x81d0005 0x0 0x0 0x0 0x0 0x0 0x8270005 0x0 0x1765cbf0 0x10c 0x0 0x0 0x8360005 0x0 0x1765cbf0 0x10c 0x0 0x0 oops 32 452 com/android/dx/cf/code/RopperMachine 467 com/android/dx/cf/code/Frame 473 com/android/dx/cf/code/ExecutionStack 479 com/android/dx/cf/code/RopperMachine 490 com/android/dx/cf/code/Frame 496 com/android/dx/cf/code/ExecutionStack 502 com/android/dx/rop/type/Type 514 com/android/dx/cf/code/RopperMachine 523 com/android/dx/cf/code/Frame 529 com/android/dx/cf/code/ExecutionStack 535 com/android/dx/rop/type/Type 573 com/android/dx/cf/code/RopperMachine 582 com/android/dx/cf/code/RopperMachine 591 com/android/dx/cf/code/Frame 597 com/android/dx/cf/code/ExecutionStack 605 com/android/dx/rop/type/Type 611 com/android/dx/cf/code/RopperMachine 620 com/android/dx/cf/code/RopperMachine 788 com/android/dx/cf/code/Frame 794 com/android/dx/cf/code/ExecutionStack 800 com/android/dx/rop/type/Type 812 com/android/dx/cf/code/RopperMachine 818 com/android/dx/cf/code/RopperMachine 827 com/android/dx/cf/code/Frame 833 com/android/dx/cf/code/ExecutionStack 839 com/android/dx/rop/type/Type 849 com/android/dx/cf/code/ExecutionStack 855 com/android/dx/rop/type/Type 867 com/android/dx/cf/code/RopperMachine 873 com/android/dx/cf/code/RopperMachine 1303 com/android/dx/cf/code/RopperMachine 1309 com/android/dx/cf/code/RopperMachine
ciMethodData com/android/dx/cf/code/ByteCatchList$Item covers (I)Z 1 217 orig 264 72 34 146 112 0 0 0 0 248 129 127 20 0 0 0 0 128 1 0 0 0 0 0 0 0 0 0 0 0 0 0 0 0 0 0 0 0 0 0 0 0 0 0 0 0 0 0 0 0 0 0 0 0 0 0 0 0 0 0 0 0 0 0 0 0 0 0 0 0 0 0 0 0 0 0 0 0 0 0 0 77 68 79 32 101 120 116 114 97 32 100 97 116 97 32 108 111 99 107 0 0 0 0 0 0 0 0 0 0 0 0 0 0 0 0 0 0 0 0 0 0 0 0 0 0 0 0 0 0 0 0 0 0 0 0 0 0 0 0 0 0 0 0 0 0 0 0 0 0 0 0 0 0 0 0 0 0 0 0 0 0 0 0 0 0 0 0 0 0 0 0 0 0 0 0 0 0 0 0 0 0 0 0 0 0 0 0 0 0 0 0 0 0 0 0 0 0 0 0 0 0 0 0 0 0 0 0 0 0 0 0 0 0 0 0 0 0 0 0 0 201 6 0 0 1 0 0 0 0 0 0 0 0 0 0 0 2 0 0 0 0 0 0 0 0 0 0 0 88 0 0 0 255 255 255 255 7 0 5 0 0 0 0 0 data 11 0x50007 0x1f 0x58 0xba 0xd0007 0x83 0x38 0x37 0x110003 0x37 0x18 oops 0
ciMethodData com/android/dx/cf/code/ByteCatchList typeNotFound (Lcom/android/dx/cf/code/ByteCatchList$Item;[Lcom/android/dx/cf/code/ByteCatchList$Item;I)Z 1 55 orig 264 72 34 146 112 0 0 0 0 208 37 121 20 0 0 0 0 48 2 0 0 0 0 0 0 0 0 0 0 0 0 0 0 0 0 0 0 0 0 0 0 0 0 0 0 0 0 0 0 0 0 0 0 0 0 0 0 0 0 0 0 0 0 0 0 0 0 0 0 0 0 0 0 0 0 0 0 0 0 0 0 77 68 79 32 101 120 116 114 97 32 100 97 116 97 32 108 111 99 107 0 0 0 0 0 0 0 0 0 0 0 0 0 0 0 0 0 0 0 0 0 0 0 0 0 0 0 0 0 0 0 0 0 0 0 0 0 0 0 0 0 0 0 0 0 0 0 0 0 0 0 0 0 0 0 0 0 0 0 0 0 0 0 0 0 0 0 0 0 0 0 0 0 0 0 0 0 0 0 0 0 0 0 0 0 0 0 0 0 0 0 0 0 0 0 0 0 0 0 0 0 0 0 0 0 0 0 0 0 0 0 0 0 0 0 0 0 0 0 0 0 185 1 0 0 49 1 0 0 0 0 0 0 0 0 0 0 2 0 0 0 0 0 0 0 0 0 0 0 216 0 0 0 255 255 255 255 5 0 1 0 0 0 0 0 data 27 0x10005 0x0 0x174dae10 0x37 0x0 0x0 0xb0007 0x37 0xa8 0x27 0x120005 0x0 0x174dae10 0x27 0x0 0x0 0x1a0007 0x0 0x40 0x27 0x220007 0x27 0x20 0x0 0x2a0003 0x27 0xffffffffffffff70 oops 2 2 com/android/dx/cf/code/ByteCatchList$Item 12 com/android/dx/cf/code/ByteCatchList$Item
ciMethodData com/android/dx/cf/code/ByteCatchList set (ILcom/android/dx/cf/code/ByteCatchList$Item;)V 1 55 orig 264 72 34 146 112 0 0 0 0 248 33 121 20 0 0 0 0 184 1 0 0 32 0 0 0 0 0 0 0 0 0 0 0 0 0 0 0 0 0 0 0 0 0 0 0 0 0 0 0 0 0 0 0 0 0 0 0 0 0 0 0 0 0 0 0 0 0 0 0 0 0 0 0 0 0 0 0 0 0 0 0 77 68 79 32 101 120 116 114 97 32 100 97 116 97 32 108 111 99 107 0 0 0 0 0 0 0 0 0 0 0 0 0 0 0 0 0 0 0 0 0 0 0 0 0 0 0 0 0 0 0 0 0 0 0 0 0 0 0 0 0 0 0 0 0 0 0 0 0 0 0 0 0 0 0 0 0 0 0 0 0 0 0 0 0 0 0 0 0 0 0 0 0 0 0 0 0 0 0 0 0 0 0 0 0 0 0 0 0 0 0 0 0 0 0 0 0 0 0 0 0 0 0 0 0 0 0 0 0 0 0 0 0 0 0 0 0 0 0 0 0 185 1 0 0 1 0 0 0 0 0 0 0 0 0 0 0 2 0 0 0 0 0 0 0 0 0 0 0 96 0 0 0 255 255 255 255 7 0 1 0 0 0 0 0 data 12 0x10007 0x37 0x30 0x0 0xa0002 0x0 0x110005 0x0 0x17396960 0x37 0x0 0x0 oops 1 8 com/android/dx/cf/code/ByteCatchList
ciMethodData com/android/dx/cf/code/BasicBlocker visitBranch (IIII)V 1 265 orig 264 72 34 146 112 0 0 0 0 32 11 127 20 0 0 0 0 168 2 0 0 24 1 0 0 0 0 0 0 0 0 0 0 0 0 0 0 0 0 0 0 0 0 0 0 0 0 0 0 0 0 0 0 0 0 0 0 0 0 0 0 0 0 0 0 0 0 0 0 0 0 0 0 0 0 0 0 0 0 0 0 77 68 79 32 101 120 116 114 97 32 100 97 116 97 32 108 111 99 107 0 0 0 0 0 0 0 0 0 0 0 0 0 0 0 0 0 0 0 0 0 0 0 0 0 0 0 0 0 0 0 0 0 0 0 0 0 0 0 0 0 0 0 0 0 0 0 0 0 0 0 0 0 0 0 0 0 0 0 0 0 0 0 0 0 0 0 0 0 0 0 0 0 0 0 0 0 0 0 0 0 0 0 0 0 0 0 0 0 0 0 0 0 0 0 0 0 0 0 0 0 0 0 0 0 0 0 0 0 0 0 0 0 0 0 0 0 0 1 0 0 73 0 0 0 1 0 0 0 0 0 0 0 0 0 0 0 2 0 0 0 0 0 43 0 2 0 0 0 64 1 0 0 255 255 255 255 8 0 1 0 0 0 0 0 data 40 0x10008 0x6 0x0 0xb8 0x0 0x40 0x0 0xa8 0x200002 0x4 0x2a0002 0x4 0x2d0004 0x0 0x177657f0 0x4 0x0 0x0 0x2e0003 0x4 0xa0 0x340002 0x0 0x400002 0x5 0x470002 0x5 0x530002 0x5 0x560004 0x0 0x177657f0 0x5 0x0 0x0 0x570003 0x5 0x18 0x5e0002 0x9 oops 2 14 com/android/dx/util/IntList 31 com/android/dx/util/IntList
ciMethodData com/android/dx/cf/code/Simulator$SimVisitor visitBranch (IIII)V 1 265 orig 264 72 34 146 112 0 0 0 0 168 138 128 20 0 0 0 0 144 6 0 0 152 4 0 0 0 0 0 0 0 0 0 0 0 0 0 0 0 0 0 0 0 0 0 0 0 0 0 0 0 0 0 0 0 0 0 0 0 0 0 0 0 0 0 0 0 0 0 0 0 0 0 0 0 0 0 0 0 0 0 0 77 68 79 32 101 120 116 114 97 32 100 97 116 97 32 108 111 99 107 0 0 0 0 0 0 0 0 0 0 0 0 0 0 0 0 0 0 0 0 0 0 0 0 0 0 0 0 0 0 0 0 0 0 0 0 0 0 0 0 0 0 0 0 0 0 0 0 0 0 0 0 0 0 0 0 0 0 0 0 0 0 0 0 0 0 0 0 0 0 0 0 0 0 0 0 0 0 0 0 0 0 0 0 0 0 0 0 0 0 0 0 0 0 0 0 0 0 0 0 0 0 0 0 0 0 0 0 0 0 0 0 0 0 0 0 0 0 1 0 0 73 0 0 0 1 0 0 0 0 0 0 0 0 0 0 0 2 0 0 0 0 0 16 0 2 0 0 0 40 5 0 0 255 255 255 255 8 0 1 0 0 0 0 0 data 165 0x10008 0x64 0x0 0x498 0x0 0x330 0x0 0x330 0x0 0x330 0x0 0x330 0x0 0x330 0x0 0x330 0x0 0x3c0 0x0 0x3c0 0x0 0x3c0 0x0 0x3c0 0x0 0x3c0 0x0 0x3c0 0x0 0x408 0x0 0x408 0x0 0x450 0x0 0x450 0x0 0x498 0x0 0x498 0x0 0x498 0x0 0x498 0x0 0x498 0x0 0x498 0x0 0x498 0x0 0x498 0x0 0x498 0x0 0x498 0x0 0x498 0x0 0x498 0x0 0x498 0x0 0x498 0x0 0x498 0x0 0x498 0x0 0x498 0x0 0x498 0x0 0x498 0x0 0x498 0x0 0x498 0x0 0x498 0x0 0x498 0x0 0x498 0x0 0x498 0x0 0x498 0x0 0x498 0x0 0x498 0x0 0x498 0x0 0x378 0x0 0x378 0x0 0x450 0x0 0x450 0xdf0005 0x0 0x1765cbf0 0x3 0x0 0x0 0xe40003 0x3 0x168 0xf20005 0x0 0x1765cbf0 0x1 0x0 0x0 0xf70003 0x1 0x120 0x1080005 0x0 0x1765cbf0 0x1 0x0 0x0 0x10d0003 0x1 0xd8 0x11e0005 0x0 0x0 0x0 0x0 0x0 0x1230003 0x0 0x90 0x12a0005 0x0 0x1765cbf0 0x4 0x0 0x0 0x12f0003 0x4 0x48 0x1360005 0x0 0x0 0x0 0x0 0x0 0x1400005 0x0 0x1765cbf0 0x9 0x0 0x0 0x14f0005 0x0 0x1765cbf0 0x9 0x0 0x0 oops 6 104 com/android/dx/cf/code/RopperMachine 113 com/android/dx/cf/code/RopperMachine 122 com/android/dx/cf/code/RopperMachine 140 com/android/dx/cf/code/RopperMachine 155 com/android/dx/cf/code/RopperMachine 161 com/android/dx/cf/code/RopperMachine
instanceKlass com/android/dx/cf/code/Ropper$ExceptionHandlerSetup
instanceKlass com/android/dx/dex/file/FieldAnnotationStruct
instanceKlass java/util/ArrayList$1
instanceKlass com/android/dx/dex/file/MethodAnnotationStruct
instanceKlass com/android/dx/dex/file/ParameterAnnotationStruct
instanceKlass java/util/DualPivotQuicksort
instanceKlass com/android/dx/ssa/back/FirstFitLocalCombiningAllocator$Multiset
instanceKlass com/android/dx/ssa/PhiInsn$Operand
instanceKlass com/android/dx/dex/code/DalvCode
instanceKlass com/android/dx/dex/code/StdCatchBuilder
instanceKlass com/android/dx/dex/code/RopToDop
instanceKlass com/android/dx/dex/code/OutputFinisher
instanceKlass com/android/dx/dex/code/OutputCollector
instanceKlass com/android/dx/rop/code/Insn$BaseVisitor
instanceKlass com/android/dx/io/Opcodes
instanceKlass com/android/dx/dex/code/InsnFormat
instanceKlass com/android/dx/dex/code/Dop
instanceKlass com/android/dx/dex/code/Dops
instanceKlass com/android/dx/dex/code/BlockAddresses
instanceKlass com/android/dx/dex/code/CatchBuilder
instanceKlass com/android/dx/dex/code/DalvInsn
instanceKlass com/android/dx/dex/code/RopTranslator$TranslationVisitor
instanceKlass com/android/dx/dex/code/RopTranslator
instanceKlass com/android/dx/rop/code/LocalVariableExtractor
instanceKlass com/android/dx/ssa/back/IdenticalBlockCombiner
instanceKlass com/android/dx/ssa/back/SsaToRop$1
instanceKlass com/android/dx/ssa/back/SsaToRop$PhiVisitor
instanceKlass com/android/dx/ssa/back/FirstFitLocalCombiningAllocator$1
instanceKlass com/android/dx/ssa/back/LivenessAnalyzer$1
instanceKlass com/android/dx/ssa/back/InterferenceGraph
instanceKlass com/android/dx/ssa/back/LivenessAnalyzer
instanceKlass com/android/dx/ssa/back/RegisterAllocator
instanceKlass com/android/dx/ssa/back/SsaToRop
instanceKlass com/android/dx/ssa/PhiTypeResolver
instanceKlass com/android/dx/ssa/ConstCollector$1
instanceKlass com/android/dx/ssa/ConstCollector
instanceKlass com/android/dx/ssa/SsaMethod$1
instanceKlass com/android/dx/ssa/LiteralOpUpgrader$1
instanceKlass com/android/dx/ssa/LiteralOpUpgrader
instanceKlass com/android/dx/ssa/DeadCodeRemover$NoSideEffectVisitor
instanceKlass com/android/dx/ssa/DeadCodeRemover
instanceKlass com/android/dx/ssa/SsaMethod$2
instanceKlass com/android/dx/ssa/SCCP
instanceKlass com/android/dx/ssa/MoveParamCombiner$1
instanceKlass com/android/dx/ssa/MoveParamCombiner
instanceKlass com/android/dx/ssa/SsaRenamer$BlockRenamer$1
instanceKlass com/android/dx/ssa/PhiInsn$Visitor
instanceKlass com/android/dx/ssa/RegisterMapper
instanceKlass com/android/dx/ssa/SsaRenamer$BlockRenamer
instanceKlass com/android/dx/ssa/SsaRenamer$1
instanceKlass com/android/dx/ssa/SsaRenamer
instanceKlass com/android/dx/util/BitIntSet$1
instanceKlass com/android/dx/util/IntIterator
instanceKlass com/android/dx/util/BitIntSet
instanceKlass com/android/dx/util/IntSet
instanceKlass com/android/dx/ssa/SetFactory
instanceKlass com/android/dx/ssa/Dominators$DfsWalker
instanceKlass com/android/dx/ssa/Dominators$DFSInfo
instanceKlass com/android/dx/ssa/SsaBasicBlock$Visitor
instanceKlass com/android/dx/ssa/Dominators
instanceKlass com/android/dx/ssa/DomFront$DomInfo
instanceKlass com/android/dx/ssa/DomFront
instanceKlass com/android/dx/ssa/LocalVariableExtractor
instanceKlass com/android/dx/ssa/SsaBasicBlock$LabelComparator
instanceKlass com/android/dx/ssa/SsaBasicBlock
instanceKlass com/android/dx/rop/code/BasicBlockList$RegCountVisitor
instanceKlass com/android/dx/ssa/SsaInsn$Visitor
instanceKlass com/android/dx/ssa/SsaInsn
instanceKlass com/android/dx/ssa/SsaMethod
instanceKlass com/android/dx/ssa/SsaConverter
instanceKlass java/lang/Class$4
instanceKlass com/android/dx/ssa/Optimizer
instanceKlass com/android/dx/rop/code/RopMethod
instanceKlass com/android/dx/rop/code/Insn$Visitor
instanceKlass com/android/dx/cf/code/Merger
instanceKlass com/android/dx/rop/code/BasicBlock
instanceKlass com/android/dx/rop/code/Exceptions
instanceKlass com/android/dx/rop/code/Rop
instanceKlass com/android/dx/rop/code/Rops
instanceKlass com/android/dx/rop/code/RegisterSpec$ForComparison
instanceKlass com/android/dx/rop/code/RegisterSpec
instanceKlass com/android/dx/rop/code/LocalItem
instanceKlass com/android/dx/rop/code/SourcePosition
instanceKlass com/android/dx/cf/code/Ropper$LabelAllocator
instanceKlass com/android/dx/cf/code/Ropper$CatchInfo
instanceKlass com/android/dx/cf/code/Ropper$Subroutine
instanceKlass com/android/dx/cf/code/Frame
instanceKlass com/android/dx/cf/code/Simulator$SimVisitor
instanceKlass com/android/dx/cf/code/Simulator
instanceKlass com/android/dx/cf/code/BaseMachine
instanceKlass com/android/dx/cf/code/ByteBlock
instanceKlass com/android/dx/util/LabeledItem
instanceKlass com/android/dx/cf/code/ByteCatchList$Item
instanceKlass com/android/dx/cf/code/ByteOps
instanceKlass com/android/dx/util/Bits
instanceKlass com/android/dx/cf/code/BasicBlocker
instanceKlass com/android/dx/rop/code/Insn
instanceKlass com/android/dx/rop/code/BasicBlock$Visitor
instanceKlass com/android/dx/cf/code/Machine
instanceKlass com/android/dx/cf/code/Ropper
instanceKlass com/android/dx/rop/code/DexTranslationAdvice
instanceKlass com/android/dx/dex/file/ValueEncoder
instanceKlass com/android/dx/dex/file/AnnotationItem$TypeIdSorter
instanceKlass java/util/Collections$UnmodifiableCollection$1
instanceKlass com/android/dx/cf/code/ConcreteMethod
instanceKlass com/android/dx/dex/file/EncodedMember
instanceKlass java/util/TreeMap$PrivateEntryIterator
instanceKlass sun/nio/ch/Interruptible
instanceKlass com/android/dx/rop/annotation/NameValuePair
instanceKlass com/android/dx/dex/file/AnnotationUtils
instanceKlass java/util/concurrent/locks/LockSupport
instanceKlass com/android/dx/dex/cf/AttributeTranslator
instanceKlass com/android/dx/dex/cf/OptimizerOptions
instanceKlass com/android/dx/rop/code/TranslationAdvice
instanceKlass com/android/dx/dex/code/DalvCode$AssignIndicesCallback
instanceKlass com/android/dx/dex/cf/CfTranslator
instanceKlass com/android/dx/cf/direct/AnnotationParser
instanceKlass com/android/dx/cf/direct/DirectClassFile$DcfTypeList
instanceKlass com/android/dx/cf/attrib/InnerClassList$Item
instanceKlass com/android/dx/command/dexer/Main$ClassDefItemConsumer
instanceKlass java/util/concurrent/FutureTask$WaitNode
instanceKlass java/util/concurrent/FutureTask
instanceKlass java/util/concurrent/RunnableFuture
instanceKlass java/util/concurrent/Future
instanceKlass com/android/dx/command/dexer/Main$ClassTranslatorTask
instanceKlass com/android/dx/util/Hex
instanceKlass com/android/dx/rop/code/AccessFlags
instanceKlass com/android/dx/cf/code/LocalVariableList$Item
instanceKlass com/android/dx/cf/code/LineNumberList$Item
instanceKlass com/android/dx/cf/code/BytecodeArray$BaseVisitor
instanceKlass com/android/dx/cf/code/BytecodeArray
instanceKlass com/android/dx/cf/iface/Method
instanceKlass com/android/dx/cf/iface/StdMember
instanceKlass com/android/dx/cf/attrib/BaseAttribute
instanceKlass com/android/dx/cf/direct/AttributeListParser
instanceKlass com/android/dx/cf/iface/Field
instanceKlass com/android/dx/cf/iface/Member
instanceKlass com/android/dx/cf/direct/MemberListParser
instanceKlass com/android/dx/rop/type/Prototype
instanceKlass com/android/dx/rop/type/Type
instanceKlass com/android/dx/util/MutabilityControl
instanceKlass com/android/dx/cf/cst/ConstantPoolParser
instanceKlass com/android/dx/cf/code/BytecodeArray$Visitor
instanceKlass com/android/dx/cf/iface/Attribute
instanceKlass com/android/dx/util/ByteArray
instanceKlass com/android/dx/rop/type/TypeList
instanceKlass com/android/dx/cf/iface/MethodList
instanceKlass com/android/dx/cf/iface/FieldList
instanceKlass com/android/dx/cf/iface/AttributeList
instanceKlass com/android/dx/rop/cst/ConstantPool
instanceKlass com/android/dx/cf/direct/DirectClassFile
instanceKlass com/android/dx/cf/iface/ClassFile
instanceKlass com/android/dx/cf/iface/HasAttribute
instanceKlass com/android/dx/command/dexer/Main$ClassParserTask
instanceKlass com/android/dx/command/dexer/Main$DirectClassFileConsumer
instanceKlass sun/util/calendar/CalendarUtils
instanceKlass sun/util/calendar/CalendarDate
instanceKlass java/util/TimeZone$1
instanceKlass java/util/zip/CRC32
instanceKlass java/util/zip/Checksum
instanceKlass sun/util/calendar/ZoneInfoFile$ZoneOffsetTransitionRule
instanceKlass java/io/DataInput
instanceKlass sun/util/calendar/ZoneInfoFile$1
instanceKlass sun/util/calendar/ZoneInfoFile
instanceKlass java/util/TimeZone
instanceKlass sun/util/calendar/CalendarSystem
instanceKlass java/util/Date
instanceKlass java/util/zip/ZipUtils
instanceKlass java/util/ArrayList$Itr
instanceKlass java/util/regex/Matcher
instanceKlass java/util/regex/MatchResult
instanceKlass java/util/regex/Pattern$Node
instanceKlass java/util/regex/Pattern
instanceKlass java/util/TimSort
instanceKlass com/android/dx/cf/direct/ClassPathOpener$3
instanceKlass java/util/zip/ZipFile$ZipEntryIterator
instanceKlass com/android/dx/command/dexer/Main$FileBytesConsumer
instanceKlass com/android/dx/cf/direct/ClassPathOpener$1
instanceKlass com/android/dx/cf/direct/ClassPathOpener
instanceKlass java/util/concurrent/ThreadPoolExecutor$CallerRunsPolicy
instanceKlass java/util/ComparableTimSort
instanceKlass sun/security/action/GetBooleanAction
instanceKlass java/util/Arrays$LegacyMergeSort
instanceKlass com/android/dx/dex/file/MixedItemSection$1
instanceKlass com/android/dx/dex/file/Item
instanceKlass com/android/dx/util/AnnotatedOutput
instanceKlass com/android/dx/util/Output
instanceKlass com/android/dex/util/ByteOutput
instanceKlass com/android/dx/rop/type/TypeBearer
instanceKlass com/android/dx/rop/cst/Constant
instanceKlass com/android/dx/util/ToHuman
instanceKlass com/android/dx/dex/file/Section
instanceKlass com/android/dx/dex/file/DexFile
instanceKlass java/util/concurrent/Executors$DefaultThreadFactory
instanceKlass java/util/concurrent/ThreadFactory
instanceKlass java/util/concurrent/LinkedBlockingQueue$Node
instanceKlass java/util/concurrent/locks/AbstractQueuedSynchronizer$ConditionObject
instanceKlass java/util/concurrent/locks/Condition
instanceKlass java/util/concurrent/locks/AbstractQueuedSynchronizer$Node
instanceKlass java/util/concurrent/locks/AbstractOwnableSynchronizer
instanceKlass java/util/concurrent/ThreadPoolExecutor$AbortPolicy
instanceKlass java/util/concurrent/AbstractExecutorService
instanceKlass java/util/concurrent/Executors
instanceKlass com/android/dx/dex/DexOptions
instanceKlass com/android/dx/command/DxConsole
instanceKlass com/android/dx/dex/cf/CfOptions
instanceKlass com/android/dx/command/dexer/Main$Arguments$ArgumentsParser
instanceKlass com/android/dx/command/dexer/Main$Arguments
instanceKlass com/android/dx/cf/direct/ClassPathOpener$FileNameFilter
instanceKlass java/util/concurrent/ExecutorService
instanceKlass java/util/concurrent/Executor
instanceKlass java/util/concurrent/BlockingQueue
instanceKlass java/util/concurrent/RejectedExecutionHandler
instanceKlass java/util/concurrent/Callable
instanceKlass com/android/dx/cf/direct/ClassPathOpener$Consumer
instanceKlass com/android/dx/cf/direct/AttributeFactory
instanceKlass com/android/dx/command/dexer/Main
instanceKlass java/lang/Void
instanceKlass java/lang/Class$MethodArray
instanceKlass sun/launcher/LauncherHelper$FXHelper
instanceKlass com/android/dx/command/Main
instanceKlass java/io/FilePermission$1
instanceKlass sun/net/www/MessageHeader
instanceKlass java/net/URLConnection
instanceKlass java/security/PermissionCollection
instanceKlass sun/nio/ByteBuffered
instanceKlass sun/security/util/ManifestEntryVerifier
instanceKlass sun/security/util/SignatureFileVerifier
instanceKlass java/lang/Package
instanceKlass java/util/jar/JarVerifier$3
instanceKlass java/security/CodeSigner
instanceKlass java/util/jar/JarVerifier
instanceKlass sun/misc/ASCIICaseInsensitiveComparator
instanceKlass java/util/jar/Attributes$Name
instanceKlass java/util/jar/Attributes
instanceKlass sun/misc/Resource
instanceKlass sun/misc/IOUtils
instanceKlass java/util/zip/ZStreamRef
instanceKlass java/util/zip/Inflater
instanceKlass java/util/zip/ZipEntry
instanceKlass sun/misc/ExtensionDependency
instanceKlass sun/misc/JarIndex
instanceKlass sun/nio/ch/DirectBuffer
instanceKlass sun/misc/PerfCounter$CoreCounters
instanceKlass sun/misc/Perf
instanceKlass sun/misc/Perf$GetPerfAction
instanceKlass sun/misc/PerfCounter
instanceKlass java/util/zip/ZipCoder
instanceKlass java/util/Deque
instanceKlass java/util/Queue
instanceKlass java/nio/charset/StandardCharsets
instanceKlass java/util/jar/JavaUtilJarAccessImpl
instanceKlass sun/misc/JavaUtilJarAccess
instanceKlass sun/misc/FileURLMapper
instanceKlass sun/misc/URLClassPath$JarLoader$1
instanceKlass sun/nio/cs/ThreadLocalCoders$Cache
instanceKlass sun/nio/cs/ThreadLocalCoders
instanceKlass java/util/zip/ZipFile$1
instanceKlass sun/misc/JavaUtilZipFileAccess
instanceKlass java/util/zip/ZipFile
instanceKlass java/util/zip/ZipConstants
instanceKlass sun/misc/URLClassPath$Loader
instanceKlass sun/misc/URLClassPath$3
instanceKlass sun/net/util/URLUtil
instanceKlass java/net/URLClassLoader$1
instanceKlass java/lang/StringCoding$StringDecoder
instanceKlass java/io/FileOutputStream$1
instanceKlass java/lang/StringCoding$StringEncoder
instanceKlass java/lang/ThreadLocal$ThreadLocalMap
instanceKlass java/lang/StringCoding
instanceKlass sun/usagetracker/UsageTrackerClient$3
instanceKlass java/util/TreeMap$Entry
instanceKlass java/lang/ProcessEnvironment$CheckedEntry
instanceKlass java/util/HashMap$HashIterator
instanceKlass java/lang/ProcessEnvironment$CheckedEntrySet$1
instanceKlass java/util/NavigableMap
instanceKlass java/util/SortedMap
instanceKlass java/util/Collections$UnmodifiableMap
instanceKlass java/lang/ProcessEnvironment$EntryComparator
instanceKlass java/lang/ProcessEnvironment$NameComparator
instanceKlass sun/usagetracker/UsageTrackerClient$2
instanceKlass sun/usagetracker/UsageTrackerClient$4
instanceKlass sun/usagetracker/UsageTrackerClient$1
instanceKlass java/util/concurrent/atomic/AtomicBoolean
instanceKlass sun/usagetracker/UsageTrackerClient
instanceKlass sun/misc/PostVMInitHook
instanceKlass java/lang/invoke/MethodHandleStatics$1
instanceKlass java/lang/invoke/MethodHandleStatics
instanceKlass java/lang/invoke/MemberName$Factory
instanceKlass java/lang/ClassValue$Version
instanceKlass java/lang/ClassValue$Identity
instanceKlass java/lang/ClassValue
instanceKlass java/lang/invoke/MethodHandleImpl$3
instanceKlass java/lang/invoke/MethodHandleImpl$2
instanceKlass java/util/function/Function
instanceKlass java/lang/invoke/MethodHandleImpl$1
instanceKlass java/lang/invoke/MethodHandleImpl
instanceKlass java/lang/SystemClassLoaderAction
instanceKlass sun/misc/Launcher$AppClassLoader$1
instanceKlass sun/misc/URLClassPath
instanceKlass java/security/Principal
instanceKlass java/security/ProtectionDomain$Key
instanceKlass java/security/ProtectionDomain$2
instanceKlass sun/misc/JavaSecurityProtectionDomainAccess
instanceKlass java/security/ProtectionDomain$JavaSecurityAccessImpl
instanceKlass sun/misc/JavaSecurityAccess
instanceKlass java/net/URLStreamHandler
instanceKlass java/net/Parts
instanceKlass java/util/BitSet
instanceKlass sun/net/www/ParseUtil
instanceKlass java/io/FileInputStream$1
instanceKlass java/lang/CharacterData
instanceKlass sun/util/locale/LocaleUtils
instanceKlass java/util/Locale$LocaleKey
instanceKlass sun/util/locale/BaseLocale$Key
instanceKlass sun/util/locale/BaseLocale
instanceKlass java/util/concurrent/ConcurrentHashMap$CollectionView
instanceKlass java/util/concurrent/ConcurrentHashMap$CounterCell
instanceKlass java/util/concurrent/ConcurrentHashMap$Node
instanceKlass java/util/concurrent/locks/ReentrantLock
instanceKlass java/util/concurrent/locks/Lock
instanceKlass java/util/concurrent/ConcurrentMap
instanceKlass sun/util/locale/LocaleObjectCache
instanceKlass java/util/Locale
instanceKlass java/lang/reflect/Array
instanceKlass java/nio/charset/CoderResult$Cache
instanceKlass java/nio/charset/CoderResult
instanceKlass java/nio/charset/CharsetDecoder
instanceKlass sun/nio/cs/ArrayDecoder
instanceKlass java/io/Reader
instanceKlass java/lang/Readable
instanceKlass sun/misc/MetaIndex
instanceKlass sun/misc/Launcher$ExtClassLoader$1
instanceKlass java/util/StringTokenizer
instanceKlass java/net/URLClassLoader$7
instanceKlass sun/misc/JavaNetAccess
instanceKlass java/lang/ClassLoader$ParallelLoaders
instanceKlass sun/security/util/Debug
instanceKlass sun/misc/Launcher$Factory
instanceKlass java/net/URLStreamHandlerFactory
instanceKlass java/lang/Compiler$1
instanceKlass java/lang/Compiler
instanceKlass java/lang/System$2
instanceKlass sun/misc/JavaLangAccess
instanceKlass sun/io/Win32ErrorMode
instanceKlass sun/misc/OSEnvironment
instanceKlass java/lang/Integer$IntegerCache
instanceKlass sun/misc/NativeSignalHandler
instanceKlass sun/misc/Signal
instanceKlass java/lang/Terminator$1
instanceKlass sun/misc/SignalHandler
instanceKlass java/lang/Terminator
instanceKlass java/lang/ClassLoader$NativeLibrary
instanceKlass java/io/ExpiringCache$Entry
instanceKlass java/lang/ClassLoader$3
instanceKlass java/nio/file/Path
instanceKlass java/nio/file/Watchable
instanceKlass java/lang/Enum
instanceKlass java/io/ExpiringCache
instanceKlass java/io/FileSystem
